|      Date Time      |       DI 1       |       DI 2       |   DI 3   |       DO 1       |       DO 2       |
| 2023-06-16 10:15:12 | 0000000000000000 | 0000000000000000 | 00000000 | 0000000000000000 | 0000000000000000 |
| 2023-06-16 10:15:44 | 1111000000000001 | 0000001111100000 | 00000000 | 1010011000000011 | 0000000110101100 |
| 2023-06-16 10:15:45 | 1111100000000001 | 0000001111100000 | 10100000 | 1010011000000011 | 0000000110101100 |
| 2023-06-16 10:15:51 | 1111100000000001 | 0000001111100000 | 00000000 | 1010011000000011 | 0000000110101100 |
| 2023-06-16 10:15:53 | 1111100000000001 | 0000001111100000 | 10100000 | 1010011000000011 | 0000000110101100 |
| 2023-06-16 10:16:11 | 1111100000000001 | 0000001111100000 | 00000000 | 1010011000000011 | 0000000110101100 |
| 2023-06-16 10:16:21 | 1111100000000001 | 0000001111100000 | 10100000 | 1010011000000011 | 0000000110101100 |
| 2023-06-16 10:16:48 | 1111100000000001 | 0000001111100000 | 00000000 | 1010011000000011 | 0000000110101100 |
| 2023-06-16 10:16:53 | 1111100000000001 | 0000001011100000 | 00000000 | 1010011000000111 | 0000000110101100 |
| 2023-06-16 10:16:56 | 1111100000000001 | 0000000011100000 | 00000000 | 0010011000000111 | 0000000110101100 |
| 2023-06-16 10:17:01 | 1111100000000011 | 0000000011100000 | 00000000 | 0010011000000111 | 0100000110101100 |
| 2023-06-16 10:17:16 | 1111100000000001 | 0000000011100000 | 00000000 | 0010011000000111 | 0000000110101100 |
| 2023-06-16 10:17:46 | 1111100000000011 | 0000000111100000 | 00000000 | 0010011000000111 | 0100000110101100 |
| 2023-06-16 10:18:01 | 1111100000000001 | 0000000011100000 | 10100000 | 0010011000000111 | 0000000110101100 |
| 2023-06-16 10:18:16 | 1111100000000011 | 0000000011100000 | 00100000 | 0010011000000111 | 0100000110101100 |
| 2023-06-16 10:18:31 | 1111100000000001 | 0000000011100000 | 00000000 | 0010011000000111 | 0000000110101100 |
| 2023-06-16 10:20:25 | 0000000000000000 | 0000000000000000 | 00000000 | 0000000000000000 | 0000000000000000 |
| 2023-06-16 10:20:56 | 1111100000000001 | 0000000011100000 | 00000000 | 0010011000000111 | 0000000110101100 |
| 2023-06-16 10:21:17 | 0000000000000000 | 0000000000000000 | 00000000 | 0000000000000000 | 0000000000000000 |
| 2023-06-16 10:21:46 | 1111100000000001 | 0000000011100000 | 00000000 | 0010011000000111 | 0000000110101100 |
| 2023-06-16 10:22:29 | 1111100000000011 | 0000000011100000 | 10100000 | 0010011000000111 | 0100000110101100 |
| 2023-06-16 10:22:43 | 1111100000000001 | 0000000011100000 | 00000000 | 0010011000000111 | 0000000110101100 |
| 2023-06-16 10:50:38 | 0000000000000000 | 0000000000000000 | 00000000 | 0000000000000000 | 0000000000000000 |
| 2023-06-16 10:51:12 | 1111100000000001 | 0000000011100000 | 00000000 | 0010011000000111 | 0000000110101100 |
| 2023-06-16 10:54:13 | 0000000000000000 | 0000000000000000 | 00000000 | 0000000000000000 | 0000000000000000 |
| 2023-06-16 10:55:16 | 1111100000000001 | 0000000011100000 | 00000000 | 0010011000000111 | 0000000110101100 |
| 2023-06-16 10:56:26 | 0000000000000000 | 0000000000000000 | 00000000 | 0000000000000000 | 0000000000000000 |
| 2023-06-16 10:57:51 | 0000000000000000 | 0000000000000000 | 00000000 | 0000000000000000 | 0000000000000000 |
| 2023-06-16 10:59:46 | 0000000000000000 | 0000000000000000 | 00000000 | 0000000000000000 | 0000000000000000 |
| 2023-06-16 11:01:00 | 1111100000000001 | 0000000011100000 | 00000000 | 0010011000000111 | 0000000110101100 |
| 2023-06-16 11:01:40 | 0000000000000000 | 0000000000000000 | 00000000 | 0000000000000000 | 0000000000000000 |
| 2023-06-16 11:04:03 | 0000000000000000 | 0000000000000000 | 00000000 | 0000000000000000 | 0000000000000000 |
| 2023-06-16 11:04:04 | 1111100000000001 | 0000000011100000 | 00000000 | 0010011000000111 | 0000000110101100 |
| 2023-06-16 11:04:06 | 1111100000000011 | 0000000011100000 | 00000000 | 0010011000000111 | 0100000110101100 |
| 2023-06-16 11:04:09 | 1111100000000001 | 0000000011100000 | 00000000 | 0010011000000111 | 0000000110101100 |
| 2023-06-16 11:04:23 | 1111100000000011 | 0000000011100000 | 00000000 | 0010011000000111 | 0100000110101100 |
| 2023-06-16 11:04:26 | 1111100000000001 | 0000000011100000 | 00000000 | 0010011000000111 | 0000000110101100 |
| 2023-06-16 11:04:33 | 1111100000000001 | 0000000011100000 | 10100000 | 0010011000000111 | 0000000110101100 |
| 2023-06-16 11:04:36 | 1111100000000001 | 0000000011100000 | 00000000 | 0010011000000111 | 0000000110101100 |
| 2023-06-16 11:05:18 | 1111100000000001 | 0000000011100000 | 10100000 | 0010011000000111 | 0000000110101100 |
| 2023-06-16 11:05:22 | 1111100000000001 | 0000000011100000 | 00000000 | 0010011000000111 | 0000000110101100 |
| 2023-06-16 11:05:36 | 1111100000000001 | 0000000011100000 | 10100000 | 0010011000000111 | 0000000110101100 |
| 2023-06-16 11:05:45 | 1111100000000001 | 0000001111100000 | 10100000 | 1011011000000011 | 0000000110101100 |
| 2023-06-16 11:05:46 | 1111100000000001 | 0000001111100000 | 00000000 | 1010011000000011 | 0000000110101100 |
| 2023-06-16 11:05:51 | 1111100000000001 | 0000001111100000 | 10100000 | 1010011000000011 | 0000000110101100 |
| 2023-06-16 11:05:53 | 1111100000000001 | 0000001111100000 | 00000000 | 1010011000000011 | 0000000110101100 |
| 2023-06-16 11:05:59 | 0000000000000000 | 0000000000000000 | 00000000 | 0000000000000000 | 0000000000000000 |
| 2023-06-16 11:06:01 | 1111100000000001 | 0000001111100000 | 00000000 | 1010011000000011 | 0000000110101100 |
| 2023-06-16 11:06:03 | 1111100000000001 | 0000000011100000 | 00000000 | 0010011000000111 | 0000000110101100 |
| 2023-06-16 11:06:31 | 1111100000000011 | 0000000011100000 | 00000000 | 0010011000000111 | 0100000110101100 |
| 2023-06-16 11:06:34 | 1111100000000001 | 0000000011100000 | 00000000 | 0010011000000111 | 0000000110101100 |
| 2023-06-16 11:06:41 | 1111100000000011 | 0000000011100000 | 00000000 | 0010011000000111 | 0100000110101100 |
| 2023-06-16 11:06:44 | 1111100000000001 | 0000000011100000 | 00000000 | 0010011000000111 | 0000000110101100 |
| 2023-06-16 11:06:51 | 1111100000000011 | 0000000111100000 | 00000000 | 0010011000000111 | 0100000110101100 |
| 2023-06-16 11:06:54 | 1111100000000001 | 0000000011100000 | 00000000 | 0010011000000111 | 0000000110101100 |
| 2023-06-16 11:07:01 | 1111100000000011 | 0000000011100000 | 00000000 | 0010011000000111 | 0100000110101100 |
| 2023-06-16 11:07:05 | 1111100000000001 | 0000000011100000 | 00000000 | 0010011000000111 | 0000000110101100 |
| 2023-06-16 11:07:11 | 1111100000000011 | 0000000011100000 | 00000000 | 0010011000000111 | 0100000110101100 |
| 2023-06-16 11:07:14 | 1111100000000001 | 0000000011100000 | 00000000 | 0010011000000111 | 0000000110101100 |
| 2023-06-16 11:07:52 | 1111100000000001 | 0000000011100000 | 00000000 | 0010011000000011 | 0000000110101100 |
| 2023-06-16 11:07:53 | 1111100000000001 | 0000000011100000 | 00000000 | 0010011000000111 | 0000000110101100 |
| 2023-06-16 11:08:08 | 1111100000000011 | 0000000011100000 | 00000000 | 0010011000000111 | 0100000110101100 |
| 2023-06-16 11:08:11 | 1111100000000001 | 0000000011100000 | 00000000 | 0010011000000111 | 0000000110101100 |
| 2023-06-16 11:08:47 | 1111100000000011 | 0000000011100000 | 00000000 | 0010011000000111 | 0100000110101100 |
| 2023-06-16 11:08:51 | 1111100000000001 | 0000000011100000 | 00000000 | 0010011000000111 | 0000000110101100 |
| 2023-06-16 11:09:06 | 1111100000000001 | 0000000011100000 | 00000000 | 0010011000000011 | 0000000110101100 |
| 2023-06-16 11:09:08 | 1111100000000001 | 0000000011100000 | 00000000 | 0010011000000111 | 0000000110101100 |
| 2023-06-16 11:09:13 | 1111100000000011 | 0000000011100000 | 00000000 | 0010011000000111 | 0100000110101100 |
| 2023-06-16 11:09:16 | 1111100000000001 | 0000000011100000 | 00000000 | 0010011000000111 | 0000000110101100 |
| 2023-06-16 11:09:23 | 1111100000000001 | 0000000011100000 | 10000000 | 0010011000000111 | 0000000110101100 |
| 2023-06-16 11:09:28 | 1111100000000001 | 0000000011100000 | 00000000 | 0010011000000111 | 0000000110101100 |
| 2023-06-16 11:09:58 | 1111100000001001 | 0000000011100000 | 00000000 | 0010011000000011 | 0000000110101100 |
| 2023-06-16 11:09:58 | 1111100000000001 | 0000000011100000 | 00000000 | 0010011000000111 | 0000000110101100 |
| 2023-06-16 11:10:01 | 1111100000000001 | 0000000011100000 | 10100000 | 0010011000000111 | 0000000110101100 |
| 2023-06-16 11:10:10 | 1111100000000001 | 0000000011100000 | 00000000 | 0010011000000111 | 0000000110101100 |
| 2023-06-16 11:10:28 | 1111100000000011 | 0000000011100000 | 00000000 | 0010011000000111 | 0100000110101100 |
| 2023-06-16 11:10:37 | 1111100000000001 | 0000000011100000 | 00000000 | 0010011000000111 | 0000000110101100 |
| 2023-06-16 11:11:13 | 1111100000000001 | 0000000011100000 | 10100000 | 0010011000000111 | 0000000110101100 |
| 2023-06-16 11:11:23 | 1111100000000001 | 0000000011100000 | 00000000 | 0010011000000111 | 0000000110101100 |
| 2023-06-16 11:11:42 | 1111100000000011 | 0000000011100000 | 00000000 | 0010011000000111 | 0100000110101100 |
| 2023-06-16 11:11:51 | 1111100000000001 | 0000000011100000 | 00000000 | 0010011000000111 | 0000000110101100 |
| 2023-06-16 11:11:59 | 1111100000000001 | 0000000011100000 | 00000000 | 0010011000000011 | 0000000110101100 |
| 2023-06-16 11:11:59 | 1111100000000011 | 0000000011100000 | 00000000 | 0010011000000111 | 0100000110101100 |
| 2023-06-16 11:12:09 | 1111100000000001 | 0000000011100000 | 00000000 | 0010011000000111 | 0000000110101100 |
| 2023-06-16 11:12:30 | 1111100000000001 | 0000001111100000 | 00000000 | 1011011000000011 | 0000000110101100 |
| 2023-06-16 11:12:30 | 1111100000000001 | 0000001111100000 | 00000000 | 1010011000000011 | 0000000110101100 |
| 2023-06-16 11:12:46 | 1111100000000001 | 0000001111100000 | 00100000 | 1010011000000011 | 0000000110101100 |
| 2023-06-16 11:12:48 | 1111100000000001 | 0000001111100000 | 00000000 | 1010011000000011 | 0000000110101100 |
| 2023-06-16 11:12:56 | 1111100000000001 | 0000001111100000 | 10100000 | 1010011000000011 | 0000000110101100 |
| 2023-06-16 11:12:58 | 1111100000000001 | 0000001111100000 | 00000000 | 1010011000000011 | 0000000110101100 |
| 2023-06-16 11:13:03 | 1111100000000001 | 0000001111100000 | 00000000 | 1011011000000011 | 0000000110101100 |
| 2023-06-16 11:13:06 | 1111100000000001 | 0000000011100000 | 00000000 | 0010011000000111 | 0000000110101100 |
| 2023-06-16 11:13:33 | 1111100000000001 | 0000000011100000 | 10100000 | 0010011000000111 | 0000000110101100 |
| 2023-06-16 11:13:39 | 0000000000000000 | 0000000000000000 | 00000000 | 0000000000000000 | 0000000000000000 |
| 2023-06-16 11:13:40 | 1111100000000001 | 0000000011100000 | 00000000 | 0010011000000111 | 0000000110101100 |
| 2023-06-16 11:19:16 | 0000000000000000 | 0000000000000000 | 00000000 | 0000000000000000 | 0000000000000000 |
| 2023-06-16 11:19:17 | 1111100000000001 | 0000000011100000 | 00000000 | 0010011000000111 | 0000000110101100 |
| 2023-06-16 11:19:58 | 0000000000000000 | 0000000000000000 | 00000000 | 0000000000000000 | 0000000000000000 |
| 2023-06-16 11:19:59 | 1111100000000001 | 0000000011100000 | 00000000 | 0010011000000111 | 0000000110101100 |
| 2023-06-16 11:22:27 | 0000000000000000 | 0000000000000000 | 00000000 | 0000000000000000 | 0000000000000000 |
| 2023-06-16 11:23:07 | 0000000000000000 | 0000000000000000 | 00000000 | 0000000000000000 | 0000000000000000 |
| 2023-06-16 11:24:52 | 1111100000000001 | 0000000011100000 | 10100000 | 0010011000000111 | 0000000110101100 |
| 2023-06-16 11:25:11 | 1111100000000011 | 0000000011100000 | 00000000 | 0010011000000111 | 0100000110101100 |
| 2023-06-16 11:25:19 | 1111100000000001 | 0000000011100000 | 00000000 | 0010011000000111 | 0000000110101100 |
| 2023-06-16 11:31:41 | 0000000000000000 | 0000000000000000 | 00000000 | 0000000000000000 | 0000000000000000 |
| 2023-06-16 11:32:53 | 0000000000000000 | 0000000000000000 | 00000000 | 0000000000000000 | 0000000000000000 |
| 2023-06-16 11:32:54 | 1111100000000001 | 0000001111100000 | 00000000 | 1010011000000011 | 0000000110101100 |
| 2023-06-16 11:34:21 | 0000000000000000 | 0000000000000000 | 00000000 | 0000000000000000 | 0000000000000000 |
| 2023-06-16 11:34:22 | 1111100000000001 | 0000000011100000 | 00000000 | 0010011000000111 | 0000000110101100 |
| 2023-06-16 11:37:52 | 0000000000000000 | 0000000000000000 | 00000000 | 0000000000000000 | 0000000000000000 |
| 2023-06-16 11:37:54 | 1111100000000001 | 0000000011100000 | 00000000 | 0010011000000111 | 0000000110101100 |
| 2023-06-16 11:38:13 | 1111100000000001 | 0000000011100000 | 10100000 | 0010011000000111 | 0000000110101100 |
| 2023-06-16 11:38:17 | 1111100000000001 | 0000000011100000 | 00000000 | 0010011000000111 | 0000000110101100 |
| 2023-06-16 11:38:31 | 1111100000000011 | 0000000011100000 | 00000000 | 0010011000000111 | 0100000110101100 |
| 2023-06-16 11:38:34 | 1111100000000001 | 0000000011100000 | 00000000 | 0010011000000111 | 0000000110101100 |
| 2023-06-16 11:38:58 | 1111100000000011 | 0000000011100000 | 00000000 | 0010011000000111 | 0100000110101100 |
| 2023-06-16 11:39:02 | 1111100000000001 | 0000000011100000 | 00000000 | 0010011000000111 | 0000000110101100 |
| 2023-06-16 11:40:30 | 1111100000000001 | 0000000011100000 | 00000000 | 0010011000000011 | 0000000110101100 |
| 2023-06-16 11:40:30 | 1111100000000001 | 0000001111100000 | 00000000 | 1010011000000011 | 0000000110101100 |
| 2023-06-16 11:40:33 | 1111100000000001 | 0000001111100000 | 10100000 | 1010011000000011 | 0000000110101100 |
| 2023-06-16 11:40:38 | 1111100000000001 | 0000001111100000 | 00000000 | 1010011000000011 | 0000000110101100 |
| 2023-06-16 11:41:06 | 1111100000000001 | 0000001111100000 | 10100000 | 1010011000000011 | 0000000110101100 |
| 2023-06-16 11:41:08 | 1111100000000001 | 0000001111100000 | 00000000 | 1010011000000011 | 0000000110101100 |
| 2023-06-16 11:41:16 | 1111100000000001 | 0000001111100000 | 10100000 | 1010011000000011 | 0000000110101100 |
| 2023-06-16 11:41:21 | 0000000000000000 | 0000000000000000 | 00000000 | 0000000000000000 | 0000000000000000 |
| 2023-06-16 11:41:23 | 1111100000000001 | 0000001111100000 | 10100000 | 1010011000000011 | 0000000110101100 |
| 2023-06-16 11:41:26 | 1111100000000001 | 0000001111100000 | 00000000 | 1010011000000011 | 0000000110101100 |
| 2023-06-16 11:41:29 | 0000000000000000 | 0000000000000000 | 00000000 | 0000000000000000 | 0000000000000000 |
| 2023-06-16 11:41:30 | 1111100000000001 | 0000001111100000 | 00000000 | 1010011000000011 | 0000000110101100 |
| 2023-06-16 11:41:51 | 1111100000000001 | 0000001111100000 | 10100000 | 1010011000000011 | 0000000110101100 |
| 2023-06-16 11:41:53 | 1111100000000001 | 0000000011100000 | 00000000 | 0010011000000111 | 0000000110101100 |
| 2023-06-16 11:51:26 | 0000000000000000 | 0000000000000000 | 00000000 | 0000000000000000 | 0000000000000000 |
| 2023-06-16 11:51:28 | 1111100000000001 | 0000001111100000 | 00000000 | 1010011000000011 | 0000000110101100 |
| 2023-06-16 11:51:31 | 1111100000000001 | 0000001111100000 | 10100000 | 1010011000000011 | 0000000110101100 |
| 2023-06-16 11:51:38 | 1111100000000001 | 0000001111100000 | 00000000 | 1011011000000011 | 0000000110101100 |
| 2023-06-16 11:51:38 | 1111100000000001 | 0000000011100000 | 00000000 | 0010011000000111 | 0000000110101100 |
| 2023-06-16 11:53:28 | 0000000000000000 | 0000000000000000 | 00000000 | 0000000000000000 | 0000000000000000 |
| 2023-06-16 11:53:30 | 1111100000000001 | 0000000011100000 | 00000000 | 0010011000000111 | 0000000110101100 |
| 2023-06-16 11:53:43 | 1111100000001001 | 0000000011100000 | 00000000 | 0010011000000011 | 0000000110101100 |
| 2023-06-16 11:53:45 | 1111100000000001 | 0000000011100000 | 00000000 | 0010011000000111 | 0000000110101100 |
| 2023-06-16 11:53:50 | 1111100000000011 | 0000000011100000 | 00000000 | 0010011000000111 | 0100000110101100 |
| 2023-06-16 11:53:53 | 1111100000000001 | 0000000011100000 | 00000000 | 0010011000000111 | 0000000110101100 |
| 2023-06-16 11:56:29 | 0000000000000000 | 0000000000000000 | 00000000 | 0000000000000000 | 0000000000000000 |
| 2023-06-16 11:56:31 | 1111100000000011 | 0000000011100000 | 00000000 | 0010011000000111 | 0100000110101100 |
| 2023-06-16 11:56:32 | 1111100000000001 | 0000000011100000 | 00000000 | 0010011000000111 | 0000000110101100 |
| 2023-06-16 11:56:59 | 0000000000000000 | 0000000000000000 | 00000000 | 0000000000000000 | 0000000000000000 |
| 2023-06-16 11:57:01 | 1111100000000001 | 0000000011100000 | 00000000 | 0010011000000111 | 0000000110101100 |
| 2023-06-16 11:57:28 | 1111100000000001 | 0000000011100000 | 10100000 | 0010011000000111 | 0000000110101100 |
| 2023-06-16 11:57:30 | 1111100000000001 | 0000000011100000 | 00000000 | 0010011000000111 | 0000000110101100 |
| 2023-06-16 11:57:45 | 1111100000000001 | 0000000011100000 | 10100000 | 0010011000000111 | 0000000110101100 |
| 2023-06-16 11:57:48 | 1111100000000011 | 0000000011100000 | 00000000 | 0010011000000111 | 0100000110101100 |
| 2023-06-16 11:57:56 | 1111100000000001 | 0000001111100000 | 10100000 | 1011011000000011 | 0000000110101100 |
| 2023-06-16 11:57:58 | 1111100000000001 | 0000001111100000 | 10100000 | 1010011000000011 | 0000000110101100 |
| 2023-06-16 11:58:00 | 1111100000000001 | 0000001111100000 | 00000000 | 1010011000000011 | 0000000110101100 |
| 2023-06-16 11:58:03 | 1111100000000001 | 0000001111100000 | 10100000 | 1010011000000011 | 0000000110101100 |
| 2023-06-16 13:08:11 | 0000000000000000 | 0000000000000000 | 00000000 | 0000000000000000 | 0000000000000000 |
| 2023-06-16 13:14:40 | 0000000000000000 | 0000000000000000 | 00000000 | 0000000000000000 | 0000000000000000 |
| 2023-06-16 13:15:40 | 0000000000000000 | 0000000000000000 | 00000000 | 0000000000000000 | 0000000000000000 |
| 2023-06-16 13:28:29 | 0000000000000000 | 0000000000000000 | 00000000 | 0000000000000000 | 0000000000000000 |
| 2023-06-16 13:29:26 | 0000000000000000 | 0000000000000000 | 00000000 | 0000000000000000 | 0000000000000000 |
| 2023-06-16 14:47:46 | 0000000000000000 | 0000000000000000 | 00000000 | 0000000000000000 | 0000000000000000 |
| 2023-06-16 14:48:00 | 1111100000000001 | 0000001111100000 | 00000000 | 1010011000000011 | 0000000110101100 |
| 2023-06-16 14:48:04 | 1111100000000001 | 0000001111100000 | 10100000 | 1010011000000011 | 0000000110101100 |
| 2023-06-16 15:02:01 | 0000000000000000 | 0000000000000000 | 00000000 | 0000000000000000 | 0000000000000000 |
| 2023-06-16 15:02:16 | 1111100000000001 | 0000001111100000 | 00000000 | 1010011000000011 | 0000000110101100 |
| 2023-06-16 15:02:26 | 1111100000000001 | 0000001111100000 | 10100000 | 1010011000000011 | 0000000110101100 |
| 2023-06-16 15:02:31 | 1111100000000001 | 0000001111100000 | 00000000 | 1010011000000011 | 0000000110101100 |
| 2023-06-16 15:04:38 | 0000000000000000 | 0000000000000000 | 00000000 | 0000000000000000 | 0000000000000000 |
| 2023-06-16 15:04:53 | 1111100000000001 | 0000001111100000 | 00000000 | 1010011000000011 | 0000000110101100 |
| 2023-06-16 15:04:54 | 1111100000000001 | 0000001111100000 | 10100000 | 1010011000000011 | 0000000110101100 |
| 2023-06-16 15:04:56 | 1111100000000001 | 0000001111100000 | 00000000 | 1010011000000011 | 0000000110101100 |
| 2023-06-16 15:04:59 | 1111100000000001 | 0000001111100000 | 10100000 | 1010011000000011 | 0000000110101100 |
| 2023-06-16 15:05:06 | 1111100000000001 | 0000001111100000 | 00000000 | 1010011000000011 | 0000000110101100 |
| 2023-06-16 15:09:18 | 0000000000000000 | 0000000000000000 | 00000000 | 0000000000000000 | 0000000000000000 |
| 2023-06-16 15:09:33 | 1111100000000001 | 0000001111100000 | 00000000 | 1010011000000011 | 0000000110101100 |
| 2023-06-16 15:10:04 | 1111100000000001 | 0000001111100000 | 10100000 | 1010011000000011 | 0000000110101100 |
| 2023-06-16 15:10:06 | 1111100000000001 | 0000001111100000 | 00000000 | 1010011000000011 | 0000000110101100 |
| 2023-06-16 15:10:11 | 1111100000000001 | 0000001111100000 | 10100000 | 1010011000000011 | 0000000110101100 |
| 2023-06-16 15:10:14 | 1111100000000001 | 0000001111100000 | 00000000 | 1010011000000011 | 0000000110101100 |
| 2023-06-16 15:10:21 | 1111100000000001 | 0000001111100000 | 10100000 | 1010011000000011 | 0000000110101100 |
| 2023-06-16 15:10:24 | 1111100000000001 | 0000001111100000 | 00000000 | 1010011000000011 | 0000000110101100 |
| 2023-06-16 15:10:34 | 1111100000000001 | 0000001111100000 | 10100000 | 1010011000000011 | 0000000110101100 |
| 2023-06-16 15:10:46 | 1111100000000001 | 0000001111100000 | 00100000 | 1010011000000011 | 0000000110101100 |
| 2023-06-16 15:10:49 | 1111100000000001 | 0000001111100000 | 10100000 | 1010011000000011 | 0000000110101100 |
| 2023-06-16 15:10:51 | 1111100000000001 | 0000001111100000 | 00000000 | 1010011000000011 | 0000000110101100 |
| 2023-06-16 15:10:56 | 1111100000000001 | 0000001111100000 | 10100000 | 1010011000000011 | 0000000110101100 |
| 2023-06-16 15:10:59 | 1111100000000001 | 0000001111100000 | 00000000 | 1010011000000011 | 0000000110101100 |
| 2023-06-16 15:11:06 | 1111100000000001 | 0000001111100000 | 10000000 | 1010011000000011 | 0000000110101100 |
| 2023-06-16 15:11:09 | 1111100000000001 | 0000001111100000 | 00000000 | 1010011000000011 | 0000000110101100 |
| 2023-06-16 15:11:21 | 1111100000000001 | 0000001111100000 | 10100000 | 1010011000000011 | 0000000110101100 |
| 2023-06-16 15:11:29 | 1111100000000001 | 0000001111100000 | 00000000 | 1010011000000011 | 0000000110101100 |
| 2023-06-16 15:11:34 | 1111100000000001 | 0000001111100000 | 10100000 | 1010011000000011 | 0000000110101100 |
| 2023-06-16 15:11:36 | 1111100000000001 | 0000001111100000 | 00000000 | 1010011000000011 | 0000000110101100 |
| 2023-06-16 15:11:44 | 1111100000000001 | 0000001111100000 | 10100000 | 1010011000000011 | 0000000110101100 |
| 2023-06-16 15:11:46 | 1111100000000001 | 0000001111100000 | 00000000 | 1010011000000011 | 0000000110101100 |
| 2023-06-16 15:12:23 | 0000000000000000 | 0000000000000000 | 00000000 | 0000000000000000 | 0000000000000000 |
| 2023-06-16 15:12:38 | 1111100000000001 | 0000001111100000 | 00000000 | 1010011000000011 | 0000000110101100 |
| 2023-06-16 15:12:41 | 1111100000000001 | 0000001111100000 | 10100000 | 1010011000000011 | 0000000110101100 |
| 2023-06-16 15:12:44 | 1111100000000001 | 0000001111100000 | 00000000 | 1010011000000011 | 0000000110101100 |
| 2023-06-16 15:12:54 | 1111100000000001 | 0000001111100000 | 10100000 | 1010011000000011 | 0000000110101100 |
| 2023-06-16 15:12:59 | 1111100000000001 | 0000001111100000 | 00000000 | 1010011000000011 | 0000000110101100 |
| 2023-06-16 15:13:01 | 1111100000000001 | 0000001111100000 | 10100000 | 1010011000000011 | 0000000110101100 |
| 2023-06-16 15:13:04 | 1111100000000001 | 0000001111100000 | 00000000 | 1010011000000011 | 0000000110101100 |
| 2023-06-16 15:13:06 | 1111100000000001 | 0000001111100000 | 10100000 | 1010011000000011 | 0000000110101100 |
| 2023-06-16 15:13:19 | 1111100000000001 | 0000001111100000 | 00000000 | 1010011000000011 | 0000000110101100 |
| 2023-06-16 15:13:43 | 0000000000000000 | 0000000000000000 | 00000000 | 0000000000000000 | 0000000000000000 |
| 2023-06-16 15:13:58 | 1111100000000001 | 0000001111100000 | 10100000 | 1010011000000011 | 0000000110101100 |
| 2023-06-16 15:13:59 | 1111100000000001 | 0000001111100000 | 00000000 | 1010011000000011 | 0000000110101100 |
| 2023-06-16 15:14:06 | 1111100000000001 | 0000001111100000 | 10100000 | 1010011000000011 | 0000000110101100 |
| 2023-06-16 15:14:09 | 1111100000000001 | 0000001111100000 | 00000000 | 1010011000000011 | 0000000110101100 |
| 2023-06-16 15:14:19 | 1111100000000001 | 0000001111100000 | 10100000 | 1010011000000011 | 0000000110101100 |
| 2023-06-16 15:14:26 | 1111100000000001 | 0000001111100000 | 00000000 | 1010011000000011 | 0000000110101100 |
| 2023-06-16 15:14:29 | 1111100000000001 | 0000001111100000 | 10100000 | 1010011000000011 | 0000000110101100 |
| 2023-06-16 15:14:31 | 1111100000000001 | 0000001111100000 | 00000000 | 1010011000000011 | 0000000110101100 |
| 2023-06-16 15:14:41 | 1111100000000001 | 0000001111100000 | 10100000 | 1010011000000011 | 0000000110101100 |
| 2023-06-16 15:14:46 | 1111100000000001 | 0000001111100000 | 00000000 | 1010011000000011 | 0000000110101100 |
| 2023-06-16 15:15:09 | 0000000000000000 | 0000000000000000 | 00000000 | 0000000000000000 | 0000000000000000 |
| 2023-06-16 15:15:23 | 0000000000000000 | 0000000000000000 | 00000000 | 0000000000000000 | 0000000000000000 |
| 2023-06-16 15:15:24 | 1111100000000001 | 0000001111100000 | 10100000 | 1010011000000011 | 0000000110101100 |
| 2023-06-16 15:15:25 | 1111100000000001 | 0000001111100000 | 00000000 | 1010011000000011 | 0000000110101100 |
| 2023-06-16 15:15:26 | 1111100000000001 | 0000001111100000 | 10100000 | 1010011000000011 | 0000000110101100 |
| 2023-06-16 15:15:29 | 1111100000000001 | 0000001111100000 | 00000000 | 1010011000000011 | 0000000110101100 |
| 2023-06-16 15:15:34 | 1111100000000001 | 0000001111100000 | 10100000 | 1010011000000011 | 0000000110101100 |
| 2023-06-16 15:15:41 | 1111100000000001 | 0000001111100000 | 00000000 | 1010011000000011 | 0000000110101100 |
| 2023-06-16 15:15:51 | 1111100000000001 | 0000001111100000 | 10100000 | 1010011000000011 | 0000000110101100 |
| 2023-06-16 15:15:54 | 1111100000000001 | 0000001111100000 | 00000000 | 1010011000000011 | 0000000110101100 |
| 2023-06-16 15:16:27 | 0000000000000000 | 0000000000000000 | 00000000 | 0000000000000000 | 0000000000000000 |
| 2023-06-16 15:16:29 | 1111100000000001 | 0000001111100000 | 00000000 | 1010011000000011 | 0000000110101100 |
| 2023-06-16 15:16:31 | 1111100000000001 | 0000001111100000 | 10100000 | 1010011000000011 | 0000000110101100 |
| 2023-06-16 15:16:34 | 1111100000000001 | 0000001111100000 | 00000000 | 1010011000000011 | 0000000110101100 |
| 2023-06-16 15:16:46 | 0000000000000000 | 0000000000000000 | 00000000 | 0000000000000000 | 0000000000000000 |
| 2023-06-16 15:16:47 | 1111100000000001 | 0000001111100000 | 10100000 | 1010011000000011 | 0000000110101100 |
| 2023-06-16 15:16:49 | 1111100000000001 | 0000001111100000 | 00000000 | 1010011000000011 | 0000000110101100 |
| 2023-06-16 15:16:51 | 1111100000000001 | 0000001111100000 | 10100000 | 1010011000000011 | 0000000110101100 |
| 2023-06-16 15:16:54 | 1111100000000001 | 0000001111100000 | 00000000 | 1010011000000011 | 0000000110101100 |
| 2023-06-16 15:16:56 | 1111100000000001 | 0000001111100000 | 10100000 | 1010011000000011 | 0000000110101100 |
| 2023-06-16 15:17:36 | 0000000000000000 | 0000000000000000 | 00000000 | 0000000000000000 | 0000000000000000 |
| 2023-06-16 15:17:37 | 1111100000000001 | 0000001111100000 | 00000000 | 1010011000000011 | 0000000110101100 |
| 2023-06-16 15:17:39 | 1111100000000001 | 0000001111100000 | 10100000 | 1010011000000011 | 0000000110101100 |
| 2023-06-16 15:17:41 | 1111100000000001 | 0000001111100000 | 00000000 | 1010011000000011 | 0000000110101100 |
| 2023-06-16 15:17:44 | 1111100000000001 | 0000001111100000 | 10100000 | 1010011000000011 | 0000000110101100 |
| 2023-06-16 15:17:46 | 1111100000000001 | 0000001111100000 | 00000000 | 1010011000000011 | 0000000110101100 |
| 2023-06-16 15:17:49 | 1111100000000001 | 0000001111100000 | 10100000 | 1010011000000011 | 0000000110101100 |
| 2023-06-16 15:17:51 | 1111100000000001 | 0000001111100000 | 00000000 | 1010011000000011 | 0000000110101100 |
| 2023-06-16 15:18:01 | 1111100000000001 | 0000001111100000 | 10100000 | 1010011000000011 | 0000000110101100 |
| 2023-06-16 15:18:11 | 1111100000000001 | 0000001111100000 | 00000000 | 1010011000000011 | 0000000110101100 |
| 2023-06-16 15:18:31 | 1111100000000001 | 0000001111100000 | 10100000 | 1010011000000011 | 0000000110101100 |
| 2023-06-16 15:18:34 | 1111100000000001 | 0000001111100000 | 00000000 | 1010011000000011 | 0000000110101100 |
| 2023-06-16 15:18:44 | 1111100000000001 | 0000001111100000 | 10100000 | 1010011000000011 | 0000000110101100 |
| 2023-06-16 15:18:49 | 1111100000000001 | 0000001111100000 | 00000000 | 1010011000000011 | 0000000110101100 |
| 2023-06-16 15:18:54 | 1111100000000001 | 0000001111100000 | 10000000 | 1010011000000011 | 0000000110101100 |
| 2023-06-16 15:18:56 | 1111100000000001 | 0000001111100000 | 00000000 | 1010011000000011 | 0000000110101100 |
| 2023-06-16 15:18:59 | 1111100000000001 | 0000001111100000 | 10100000 | 1010011000000011 | 0000000110101100 |
| 2023-06-16 15:19:04 | 1111100000000001 | 0000001111100000 | 00000000 | 1010011000000011 | 0000000110101100 |
| 2023-06-16 15:19:16 | 1111100000000001 | 0000001111100000 | 10100000 | 1010011000000011 | 0000000110101100 |
| 2023-06-16 15:19:19 | 1111100000000001 | 0000001111100000 | 00000000 | 1010011000000011 | 0000000110101100 |
| 2023-06-16 15:19:21 | 1111100000000001 | 0000001111100000 | 10100000 | 1010011000000011 | 0000000110101100 |
| 2023-06-16 15:19:26 | 1111100000000001 | 0000001111100000 | 00000000 | 1010011000000011 | 0000000110101100 |
| 2023-06-16 15:20:26 | 1111100000000001 | 0000001111100000 | 10100000 | 1010011000000011 | 0000000110101100 |
| 2023-06-16 15:20:31 | 1111100000000001 | 0000001111100000 | 00000000 | 1010011000000011 | 0000000110101100 |
| 2023-06-16 15:20:36 | 1111100000000001 | 0000001111100000 | 10100000 | 1010011000000011 | 0000000110101100 |
| 2023-06-16 15:20:39 | 1111100000000001 | 0000001111100000 | 00000000 | 1010011000000011 | 0000000110101100 |
| 2023-06-16 15:20:41 | 1111100000000001 | 0000001111100000 | 10100000 | 1010011000000011 | 0000000110101100 |
| 2023-06-16 15:20:51 | 1111100000000001 | 0000001111100000 | 00000000 | 1010011000000011 | 0000000110101100 |
| 2023-06-16 15:21:01 | 1111100000000001 | 0000001111100000 | 10100000 | 1010011000000011 | 0000000110101100 |
| 2023-06-16 15:21:04 | 1111100000000001 | 0000001111100000 | 00000000 | 1010011000000011 | 0000000110101100 |
| 2023-06-16 15:21:09 | 1111100000000001 | 0000001111100000 | 10100000 | 1010011000000011 | 0000000110101100 |
| 2023-06-16 15:21:11 | 1111100000000001 | 0000001111100000 | 00000000 | 1010011000000011 | 0000000110101100 |
| 2023-06-16 15:21:19 | 1111100000000001 | 0000001111100000 | 10100000 | 1010011000000011 | 0000000110101100 |
| 2023-06-16 15:21:21 | 1111100000000001 | 0000001111100000 | 00000000 | 1010011000000011 | 0000000110101100 |
| 2023-06-16 15:21:46 | 1111100000000001 | 0000001111100000 | 10100000 | 1010011000000011 | 0000000110101100 |
| 2023-06-16 15:21:51 | 1111100000000001 | 0000001111100000 | 00000000 | 1010011000000011 | 0000000110101100 |
| 2023-06-16 15:21:54 | 1111100000000001 | 0000001111100000 | 10100000 | 1010011000000011 | 0000000110101100 |
| 2023-06-16 15:21:59 | 1111100000000001 | 0000001111100000 | 00000000 | 1010011000000011 | 0000000110101100 |
| 2023-06-16 15:22:04 | 1111100000000001 | 0000001111100000 | 10100000 | 1010011000000011 | 0000000110101100 |
| 2023-06-16 15:22:11 | 1111100000000001 | 0000001111100000 | 00000000 | 1010011000000011 | 0000000110101100 |
| 2023-06-16 15:22:16 | 1111100000000001 | 0000001111100000 | 10100000 | 1010011000000011 | 0000000110101100 |
| 2023-06-16 15:22:24 | 1111100000000001 | 0000001111100000 | 00000000 | 1010011000000011 | 0000000110101100 |
| 2023-06-16 15:23:41 | 0000000000000000 | 0000000000000000 | 00000000 | 0000000000000000 | 0000000000000000 |
| 2023-06-16 15:23:42 | 1111100000000001 | 0000001111100000 | 00000000 | 1010011000000011 | 0000000110101100 |
| 2023-06-16 15:23:46 | 1111100000000001 | 0000001111100000 | 10100000 | 1010011000000011 | 0000000110101100 |
| 2023-06-16 15:23:49 | 1111100000000001 | 0000001111100000 | 00000000 | 1010011000000011 | 0000000110101100 |
| 2023-06-16 15:23:56 | 1111100000000001 | 0000001111100000 | 10100000 | 1010011000000011 | 0000000110101100 |
| 2023-06-16 15:24:01 | 1111100000000001 | 0000001111100000 | 00000000 | 1010011000000011 | 0000000110101100 |
| 2023-06-16 15:24:04 | 1111100000000001 | 0000001111100000 | 10100000 | 1010011000000011 | 0000000110101100 |
| 2023-06-16 15:24:09 | 1111100000000001 | 0000001111100000 | 00000000 | 1010011000000011 | 0000000110101100 |
| 2023-06-16 15:24:51 | 0000000000000000 | 0000000000000000 | 00000000 | 0000000000000000 | 0000000000000000 |
| 2023-06-16 15:24:52 | 1111100000000001 | 0000001111100000 | 00000000 | 1010011000000011 | 0000000110101100 |
| 2023-06-16 15:24:59 | 1111100000000001 | 0000001111100000 | 10100000 | 1010011000000011 | 0000000110101100 |
| 2023-06-16 15:25:04 | 1111100000000001 | 0000001111100000 | 00000000 | 1010011000000011 | 0000000110101100 |
| 2023-06-16 15:25:05 | 0000000000000000 | 0000000000000000 | 00000000 | 0000000000000000 | 0000000000000000 |
| 2023-06-16 15:25:06 | 1111100000000001 | 0000001111100000 | 00000000 | 1010011000000011 | 0000000110101100 |
| 2023-06-16 15:25:28 | 0000000000000000 | 0000000000000000 | 00000000 | 0000000000000000 | 0000000000000000 |
| 2023-06-16 15:25:29 | 1111100000000001 | 0000001111100000 | 00000000 | 1010011000000011 | 0000000110101100 |
| 2023-06-16 15:25:30 | 1111100000000001 | 0000001111100000 | 10100000 | 1010011000000011 | 0000000110101100 |
| 2023-06-16 15:25:31 | 1111100000000001 | 0000001111100000 | 00000000 | 1010011000000011 | 0000000110101100 |
| 2023-06-16 15:26:13 | 0000000000000000 | 0000000000000000 | 00000000 | 0000000000000000 | 0000000000000000 |
| 2023-06-16 15:26:14 | 1111100000000001 | 0000001111100000 | 00000000 | 1010011000000011 | 0000000110101100 |
| 2023-06-16 15:26:31 | 0000000000000000 | 0000000000000000 | 00000000 | 0000000000000000 | 0000000000000000 |
| 2023-06-16 15:26:32 | 1111100000000001 | 0000001111100000 | 00000000 | 1010011000000011 | 0000000110101100 |
| 2023-06-16 15:26:39 | 1111100000000001 | 0000001111100000 | 10100000 | 1010011000000011 | 0000000110101100 |
| 2023-06-16 15:26:44 | 0000000000000000 | 0000000000000000 | 00000000 | 0000000000000000 | 0000000000000000 |
| 2023-06-16 15:26:45 | 1111100000000001 | 0000001111100000 | 00000000 | 1010011000000011 | 0000000110101100 |
| 2023-06-16 15:27:06 | 1111100000000001 | 0000001111100000 | 10100000 | 1010011000000011 | 0000000110101100 |
| 2023-06-16 15:27:11 | 1111100000000001 | 0000001111100000 | 00000000 | 1010011000000011 | 0000000110101100 |
| 2023-06-16 15:27:14 | 1111100000000001 | 0000001111100000 | 10100000 | 1010011000000011 | 0000000110101100 |
| 2023-06-16 15:27:19 | 1111100000000001 | 0000001111100000 | 00000000 | 1010011000000011 | 0000000110101100 |
| 2023-06-16 15:27:54 | 1111100000000001 | 0000001111100000 | 10100000 | 1010011000000011 | 0000000110101100 |
| 2023-06-16 15:27:56 | 1111100000000001 | 0000001111100000 | 00000000 | 1010011000000011 | 0000000110101100 |
| 2023-06-16 15:28:09 | 1111100000000001 | 0000001111100000 | 10100000 | 1010011000000011 | 0000000110101100 |
| 2023-06-16 15:28:11 | 1111100000000001 | 0000001111100000 | 00000000 | 1010011000000011 | 0000000110101100 |
| 2023-06-16 15:28:26 | 1111100000000001 | 0000001111100000 | 10100000 | 1010011000000011 | 0000000110101100 |
| 2023-06-16 15:28:29 | 1111100000000001 | 0000001111100000 | 00000000 | 1010011000000011 | 0000000110101100 |
| 2023-06-16 15:28:34 | 1111100000000001 | 0000001111100000 | 10100000 | 1010011000000011 | 0000000110101100 |
| 2023-06-16 15:28:36 | 1111100000000001 | 0000001111100000 | 00000000 | 1010011000000011 | 0000000110101100 |
| 2023-06-16 15:28:39 | 1111100000000001 | 0000001111100000 | 10100000 | 1010011000000011 | 0000000110101100 |
| 2023-06-16 15:28:41 | 1111100000000001 | 0000001111100000 | 00000000 | 1010011000000011 | 0000000110101100 |
| 2023-06-16 15:28:49 | 1111100000000001 | 0000001111100000 | 10100000 | 1010011000000011 | 0000000110101100 |
| 2023-06-16 15:39:53 | 0000000000000000 | 0000000000000000 | 00000000 | 0000000000000000 | 0000000000000000 |
| 2023-06-16 15:39:55 | 1111100000000001 | 0000001101100000 | 10100000 | 0010010000000011 | 0000000110101100 |
| 2023-06-16 15:39:59 | 1111100000000001 | 0000001101100000 | 00000000 | 0010010000000011 | 0000000110101100 |
| 2023-06-16 15:41:51 | 1111100000000001 | 0000001101100000 | 00000000 | 0010011000010011 | 0000000110101100 |
| 2023-06-16 15:41:54 | 1111100001000001 | 0000001111000000 | 00000000 | 0010011000001011 | 0000000110101100 |
| 2023-06-16 15:41:59 | 1111100001000001 | 0000001111100000 | 00000000 | 1010011000001011 | 0000000110101100 |
| 2023-06-16 15:42:01 | 1111100001000001 | 0000001111100000 | 00000000 | 1010011000000011 | 0000000110101100 |
| 2023-06-16 15:42:06 | 1111100001000001 | 0000001111100000 | 00000000 | 1010011000001011 | 0000000110101100 |
| 2023-06-16 15:42:09 | 1111100000000001 | 0000001111100000 | 00000000 | 1010011000000011 | 0000000110101100 |
| 2023-06-16 15:46:14 | 1111100000000001 | 0000001111100000 | 10100000 | 1010011000000011 | 0000000110101100 |
| 2023-06-16 15:46:16 | 1111100000000001 | 0000001111100000 | 00000000 | 1010011000000011 | 0000000110101100 |
| 2023-06-16 15:56:41 | 0000000000000000 | 0000000000000000 | 00000000 | 0000000000000000 | 0000000000000000 |
| 2023-06-16 15:56:43 | 1111100000000001 | 0000001111100000 | 00000000 | 1010011000000011 | 0000000110101100 |
| 2023-06-16 15:58:27 | 1111100000000001 | 0000001111100000 | 10100000 | 1010011000000011 | 0000000110101100 |
| 2023-06-16 15:58:30 | 1111100000000001 | 0000001111100000 | 00000000 | 1010011000000011 | 0000000110101100 |
| 2023-06-16 16:05:27 | 1111100010000001 | 0000001111100000 | 00000000 | 1010011100000011 | 0000000110101100 |
| 2023-06-16 16:05:29 | 1111100000000001 | 0000001111100000 | 00000000 | 1010011000000011 | 0000000110101100 |
| 2023-06-16 16:05:32 | 1111100000000001 | 0000001111100000 | 00000000 | 1010011000001011 | 0000000110101100 |
| 2023-06-16 16:05:34 | 1111100000000001 | 0000001111100000 | 00000000 | 1010011000000011 | 0000000110101100 |
| 2023-06-16 16:05:53 | 1111100000000001 | 0000000011100000 | 00000000 | 0010011000000111 | 0000000110101100 |
| 2023-06-16 16:05:57 | 1111100100000001 | 0000000011100000 | 00000000 | 0010001000000111 | 0000000110101100 |
| 2023-06-16 16:05:59 | 1111100000000001 | 0000000111000000 | 00000000 | 0010001000000111 | 0000000110101100 |
| 2023-06-16 16:06:07 | 1111101000000001 | 0000000011100000 | 00000000 | 0010011000000111 | 0000100110101100 |
| 2023-06-16 16:06:09 | 1111100000000011 | 0000000011100000 | 00000000 | 0010011000000111 | 0100000110101100 |
| 2023-06-16 16:06:12 | 1111000000000001 | 0000000011100000 | 00000000 | 0010011000000111 | 0000000110101100 |
| 2023-06-16 16:06:14 | 1111000000000001 | 0000000111000000 | 00000000 | 0011011000000011 | 0000000110101100 |
| 2023-06-16 16:06:17 | 1111010001000001 | 0000000111000000 | 00000000 | 0010011000000011 | 0000000110101100 |
| 2023-06-16 16:06:22 | 1111010001000001 | 0000000111100000 | 00000000 | 0010011000000011 | 0000000110101100 |
| 2023-06-16 16:06:24 | 1111100000000001 | 0000000011100000 | 00000000 | 0010011000000011 | 0000000110101100 |
| 2023-06-16 16:06:27 | 1111100000000001 | 0000001011100000 | 00000000 | 1010011000000011 | 0000000110101100 |
| 2023-06-16 16:06:29 | 1111100000000001 | 0000001111100000 | 00000000 | 1010011000000011 | 0000000110101100 |
| 2023-06-16 16:06:34 | 1111101000000001 | 0000001111100000 | 00000000 | 1011011000000011 | 0000000110101100 |
| 2023-06-16 16:06:37 | 1111100000000001 | 0000000011100000 | 00000000 | 0010011000000111 | 0000000110101100 |
| 2023-06-16 16:06:54 | 1111100000000001 | 0000000111000000 | 00000000 | 0010001000000111 | 0000000110101100 |
| 2023-06-16 16:07:02 | 1111010000000001 | 0000000001100000 | 00000000 | 0011000000000011 | 0000000110101100 |
| 2023-06-16 16:07:04 | 1111010000000001 | 0000000101100000 | 00000000 | 0011000000000011 | 0000000110101100 |
| 2023-06-16 16:07:07 | 1111010000000001 | 0000000101100000 | 00000000 | 0010000000000011 | 0000000110101100 |
| 2023-06-16 16:07:44 | 1111100000000001 | 0000000101100000 | 00000000 | 0010000000000011 | 0000000110101100 |
| 2023-06-16 16:07:47 | 1111100001000001 | 0000000101100000 | 00000000 | 0010000000000011 | 0000000110101100 |
| 2023-06-16 16:07:54 | 1111100000000001 | 0000000101100000 | 00000000 | 0010000000000011 | 0000000110101100 |
| 2023-06-16 16:07:57 | 1111100000000001 | 0000000111000000 | 00000000 | 0010011000000011 | 0000000110101100 |
| 2023-06-16 16:07:59 | 1111100001000001 | 0000000111000000 | 00000000 | 0010011000001011 | 0000000110101100 |
| 2023-06-16 16:08:02 | 1111100001000001 | 0000000111000000 | 00000000 | 0010011000000011 | 0000000110101100 |
| 2023-06-16 16:08:04 | 1111100000000001 | 0000000111100000 | 00000000 | 0010011000000011 | 0000000110101100 |
| 2023-06-16 16:08:07 | 1111100000000001 | 0000000011100000 | 00000000 | 0010011000000011 | 0000000110101100 |
| 2023-06-16 16:08:12 | 1111100000000001 | 0000001111100000 | 00000000 | 1010011000000011 | 0000000110101100 |
| 2023-06-16 16:08:19 | 1111101000000001 | 0000001111100000 | 00000000 | 1010011000000011 | 0000000110101100 |
| 2023-06-16 16:08:22 | 1111100000000001 | 0000000011100000 | 00000000 | 0010011000000111 | 0000000110101100 |
| 2023-06-16 16:09:09 | 1111100000000001 | 0000000111000000 | 00000000 | 0010001000000111 | 0000000110101100 |
| 2023-06-16 16:09:47 | 1111100000000001 | 0000000111000000 | 00000000 | 0010011000000111 | 0000000110101100 |
| 2023-06-16 16:09:49 | 1111100000000001 | 0000000011100000 | 00000000 | 0010011000000111 | 0000000110101100 |
| 2023-06-16 16:10:20 | 1111100000000001 | 0000000011100000 | 00000000 | 0010001000000111 | 0000000110101100 |
| 2023-06-16 16:10:20 | 1111100000000001 | 0000000011100000 | 00000000 | 0010011000000111 | 0000000110101100 |
| 2023-06-16 16:10:48 | 1111100000001001 | 0000000011100000 | 00000000 | 0010011000000111 | 0000000110101100 |
| 2023-06-16 16:10:48 | 1111100000000001 | 0000000011100000 | 00000000 | 0010011000000111 | 0000000110101100 |
| 2023-06-16 16:10:52 | 1111100000000011 | 0000000011100000 | 00000000 | 0010011000000111 | 0100000110101100 |
| 2023-06-16 16:11:04 | 1111100000000001 | 0000000011100000 | 00000000 | 0010011000000111 | 0000000110101100 |
| 2023-06-16 16:11:32 | 1111100000000001 | 0000000011100000 | 00000000 | 0010011000000011 | 0000000110101100 |
| 2023-06-16 16:11:39 | 1111100000000001 | 0000000011100000 | 00000000 | 0010011000000111 | 0000000110101100 |
| 2023-06-16 16:11:39 | 1111100000000011 | 0000000011100000 | 00000000 | 0010011000000111 | 0100000110101100 |
| 2023-06-16 16:11:44 | 1111100000000001 | 0000000011100000 | 00000000 | 0010011000000111 | 0000000110101100 |
| 2023-06-16 16:12:56 | 1111100000000001 | 0000000011100000 | 00000000 | 0010001000000111 | 0000000110101100 |
| 2023-06-16 16:12:57 | 1111100000000001 | 0000000011100000 | 00000000 | 0010011000000111 | 0000000110101100 |
| 2023-06-16 16:13:07 | 1111100000000011 | 0000000011100000 | 00000000 | 0010011000000111 | 0100000110101100 |
| 2023-06-16 16:13:10 | 1111100000000001 | 0000000011100000 | 00000000 | 0010011000000111 | 0000000110101100 |
| 2023-06-16 16:13:27 | 1111100000000001 | 0000000011100000 | 00000000 | 0010011000000011 | 0000000110101100 |
| 2023-06-16 16:13:29 | 1111100000000001 | 0000000011100000 | 00000000 | 0010011000000111 | 0000000110101100 |
| 2023-06-16 16:13:34 | 1111100000000011 | 0000000011100000 | 00000000 | 0010011000000111 | 0100000110101100 |
| 2023-06-16 16:13:40 | 1111100000000001 | 0000000011100000 | 00000000 | 0010011000000111 | 0000000110101100 |
| 2023-06-16 16:14:05 | 1111100000001001 | 0000000111100000 | 00000000 | 0010011000000011 | 0000000110101100 |
| 2023-06-16 16:14:07 | 1111100000000001 | 0000000011100000 | 00000000 | 0010011000000111 | 0000000110101100 |
| 2023-06-16 16:14:17 | 1111100000000001 | 0000000011100000 | 00000000 | 0010011000000011 | 0000000110101100 |
| 2023-06-16 16:14:17 | 1111100000000001 | 0000000011100000 | 00000000 | 0010011000000111 | 0000000110101100 |
| 2023-06-16 16:14:25 | 1111100000001001 | 0000000011100000 | 00000000 | 0010011000000011 | 0000000110101100 |
| 2023-06-16 16:14:27 | 1111100000000001 | 0000000011100000 | 00000000 | 0010011000000111 | 0000000110101100 |
| 2023-06-16 16:14:42 | 1111100000000011 | 0000000011100000 | 00000000 | 0010011000000111 | 0100000110101100 |
| 2023-06-16 16:14:45 | 1111100000000001 | 0000000011100000 | 00000000 | 0010011000000111 | 0000000110101100 |
| 2023-06-16 16:14:52 | 1111100000000011 | 0000000011100000 | 00000000 | 0010011000000111 | 0100000110101100 |
| 2023-06-16 16:14:58 | 1111100000000001 | 0000000011100000 | 00000000 | 0010011000000111 | 0000000110101100 |
| 2023-06-16 16:15:19 | 1111100000000011 | 0000000011100000 | 00000000 | 0010011000000111 | 0100000110101100 |
| 2023-06-16 16:15:30 | 1111100000000001 | 0000001111100000 | 00000000 | 1011011000000011 | 0000000110101100 |
| 2023-06-16 16:15:32 | 1111100000000001 | 0000001111100000 | 00000000 | 1010011000000011 | 0000000110101100 |
| 2023-06-16 16:16:50 | 1111101000000001 | 0000001111100000 | 00000000 | 1010011000000011 | 0000100110101100 |
| 2023-06-16 16:16:52 | 1111100000000001 | 0000000011100000 | 00000000 | 0010011000000111 | 0000000110101100 |
| 2023-06-16 16:16:55 | 1111010000000001 | 0000000101100000 | 00000000 | 0011010000000001 | 0000000110101100 |
| 2023-06-16 16:16:57 | 1111010000000001 | 0000000101100000 | 00000000 | 0010010000000011 | 0000000110101100 |
| 2023-06-16 16:17:00 | 1111100001000001 | 0000000111000000 | 00000000 | 0010011000000011 | 0000000110101100 |
| 2023-06-16 16:17:07 | 1111100001000001 | 0000000011100000 | 00000000 | 0010011000000011 | 0000000110101100 |
| 2023-06-16 16:17:10 | 1111100001000001 | 0000001011100000 | 00000000 | 1010011000000011 | 0000000110101100 |
| 2023-06-16 16:17:12 | 1111100000000001 | 0000001111100000 | 00000000 | 1010011000000011 | 0000000110101100 |
| 2023-06-16 16:17:15 | 1111100000000001 | 0000000011100000 | 00000000 | 0010011000000111 | 0000000110101100 |
| 2023-06-16 16:17:20 | 1111000000000001 | 0000000011100000 | 00000000 | 0011011000000001 | 0000000110101100 |
| 2023-06-16 16:17:22 | 1111000000000001 | 0000000111000000 | 00000000 | 0010011000000011 | 0000000110101100 |
| 2023-06-16 16:17:25 | 1111010000000001 | 0000000111000000 | 00000000 | 0010010000000011 | 0000000110101100 |
| 2023-06-16 16:17:37 | 1111100000000001 | 0000000111000000 | 00000000 | 0010010000000011 | 0000000110101100 |
| 2023-06-16 16:17:45 | 1111010000000001 | 0000000111000000 | 00000000 | 0010010000000011 | 0000000110101100 |
| 2023-06-16 16:17:50 | 1111100000000001 | 0000000111000000 | 00000000 | 0010011000010011 | 0000000110101100 |
| 2023-06-16 16:17:52 | 1111100001000001 | 0000000111000000 | 00000000 | 0010011000001011 | 0000000110101100 |
| 2023-06-16 16:17:55 | 1111100001000001 | 0000000111000000 | 00000000 | 0010011000000011 | 0000000110101100 |
| 2023-06-16 16:17:57 | 1111100001000001 | 0000000111100000 | 00000000 | 0010011000000011 | 0000000110101100 |
| 2023-06-16 16:18:00 | 1111100000000001 | 0000000111100000 | 00000000 | 0010011000000011 | 0000000110101100 |
| 2023-06-16 16:18:02 | 1111100000000001 | 0000000011100000 | 00000000 | 0010011000000011 | 0000000110101100 |
| 2023-06-16 16:18:07 | 1111100000000001 | 0000001111100000 | 00000000 | 1010011000000011 | 0000000110101100 |
| 2023-06-16 16:18:23 | 1111100000000001 | 0000001111100000 | 00100000 | 1010011000000011 | 0000000110101100 |
| 2023-06-16 16:18:25 | 1111100000000001 | 0000001111100000 | 00000000 | 1010011000000011 | 0000000110101100 |
| 2023-06-16 16:26:05 | 1111100000000001 | 0000001111100000 | 10100000 | 1010011000000011 | 0000000110101100 |
| 2023-06-16 16:26:08 | 1111100000000001 | 0000001111100000 | 00000000 | 1010011000000011 | 0000000110101100 |
| 2023-06-16 16:26:30 | 1111100000000001 | 0000001111100000 | 10100000 | 1010011000000011 | 0000000110101100 |
| 2023-06-16 16:26:43 | 1111100000000001 | 0000001111100000 | 00000000 | 1010011000000011 | 0000000110101100 |
| 2023-06-16 16:26:50 | 1111100000000001 | 0000001111100000 | 10100000 | 1010011000000011 | 0000000110101100 |
| 2023-06-16 16:26:55 | 1111100000000001 | 0000001111100000 | 00000000 | 1010011000000011 | 0000000110101100 |
| 2023-06-16 16:27:00 | 1111100000000001 | 0000001111100000 | 10100000 | 1010011000000011 | 0000000110101100 |
| 2023-06-16 16:27:03 | 1111100000000001 | 0000001111100000 | 00000000 | 1010011000000011 | 0000000110101100 |
| 2023-06-16 16:27:13 | 1111100000000001 | 0000001111100000 | 10100000 | 1010011000000011 | 0000000110101100 |
| 2023-06-16 16:27:25 | 1111100000000001 | 0000001111100000 | 00000000 | 1010011000000011 | 0000000110101100 |
| 2023-06-16 16:27:28 | 1111100000000001 | 0000001111100000 | 10100000 | 1010011000000011 | 0000000110101100 |
| 2023-06-16 16:27:30 | 1111100000000001 | 0000001111100000 | 00000000 | 1010011000000011 | 0000000110101100 |
| 2023-06-16 16:27:43 | 1111100000000001 | 0000001111100000 | 10100000 | 1010011000000011 | 0000000110101100 |
| 2023-06-16 16:27:51 | 1111100000000001 | 0000001111100000 | 00000000 | 1010011000000011 | 0000000110101100 |
| 2023-06-16 16:27:58 | 1111100000000001 | 0000001111100000 | 10100000 | 1010011000000011 | 0000000110101100 |
| 2023-06-16 16:28:10 | 1111100000000001 | 0000001111100000 | 00000000 | 1010011000000011 | 0000000110101100 |
| 2023-06-16 16:28:31 | 1111100000000001 | 0000001111100000 | 10100000 | 1010011000000011 | 0000000110101100 |
| 2023-06-16 16:28:35 | 1111100000000001 | 0000001111100000 | 00000000 | 1010011000000011 | 0000000110101100 |
| 2023-06-16 16:28:38 | 1111100000000001 | 0000001111100000 | 10100000 | 1010011000000011 | 0000000110101100 |
| 2023-06-16 16:28:46 | 1111100000000001 | 0000001111100000 | 00000000 | 1010011000000011 | 0000000110101100 |
| 2023-06-16 16:28:48 | 1111100000000001 | 0000001111100000 | 10100000 | 1010011000000011 | 0000000110101100 |
| 2023-06-16 16:28:50 | 1111100000000001 | 0000001111100000 | 00000000 | 1010011000000011 | 0000000110101100 |
| 2023-06-16 16:29:08 | 1111100000000001 | 0000001111100000 | 10100000 | 1010011000000011 | 0000000110101100 |
| 2023-06-16 16:29:10 | 1111100000000001 | 0000001111100000 | 00000000 | 1010011000000011 | 0000000110101100 |
| 2023-06-16 16:29:13 | 1111100000000001 | 0000001111100000 | 10100000 | 1010011000000011 | 0000000110101100 |
| 2023-06-16 16:29:20 | 1111100000000001 | 0000001111100000 | 00000000 | 1010011000000011 | 0000000110101100 |
| 2023-06-16 16:29:23 | 1111100000000001 | 0000001111100000 | 10100000 | 1010011000000011 | 0000000110101100 |
| 2023-06-16 16:29:30 | 1111100000000001 | 0000001111100000 | 00000000 | 1010011000000011 | 0000000110101100 |
| 2023-06-16 16:29:53 | 1111100000000001 | 0000001111100000 | 10100000 | 1010011000000011 | 0000000110101100 |
| 2023-06-16 16:29:58 | 1111100000000001 | 0000001111100000 | 00000000 | 1010011000000011 | 0000000110101100 |
| 2023-06-16 16:30:06 | 1111100000000001 | 0000001111100000 | 10100000 | 1010011000000011 | 0000000110101100 |
| 2023-06-16 16:30:08 | 1111100000000001 | 0000001111100000 | 00000000 | 1010011000000011 | 0000000110101100 |
| 2023-06-16 16:30:13 | 1111100000000001 | 0000001111100000 | 10100000 | 1010011000000011 | 0000000110101100 |
| 2023-06-16 16:30:20 | 1111100000000001 | 0000001111100000 | 00000000 | 1010011000000011 | 0000000110101100 |
| 2023-06-16 16:30:45 | 1111100000000001 | 0000001111100000 | 00100000 | 1010011000000011 | 0000000110101100 |
| 2023-06-16 16:30:48 | 1111100000000001 | 0000001111100000 | 00000000 | 1010011000000011 | 0000000110101100 |
| 2023-06-16 16:30:53 | 1111100000000001 | 0000001111100000 | 10100000 | 1010011000000011 | 0000000110101100 |
| 2023-06-16 16:30:55 | 1111100000000001 | 0000001111100000 | 00000000 | 1010011000000011 | 0000000110101100 |
| 2023-06-16 16:32:23 | 1111100000000001 | 0000001111100000 | 10100000 | 1010011000000011 | 0000000110101100 |
| 2023-06-16 16:32:25 | 1111100000000001 | 0000001111100000 | 00000000 | 1010011000000011 | 0000000110101100 |
| 2023-06-16 16:32:33 | 1111100000000001 | 0000001111100000 | 10100000 | 1010011000000011 | 0000000110101100 |
| 2023-06-16 16:32:35 | 1111100000000001 | 0000001111100000 | 00000000 | 1010011000000011 | 0000000110101100 |
| 2023-06-16 16:32:43 | 1111100000000001 | 0000001111100000 | 10100000 | 1010011000000011 | 0000000110101100 |
| 2023-06-16 16:32:45 | 1111100000000001 | 0000001111100000 | 00000000 | 1010011000000011 | 0000000110101100 |
| 2023-06-16 16:32:51 | 1111100000000001 | 0000001111100000 | 10100000 | 1010011000000011 | 0000000110101100 |
| 2023-06-16 16:32:53 | 1111100000000001 | 0000001111100000 | 00000000 | 1010011000000011 | 0000000110101100 |
| 2023-06-16 16:33:00 | 1111100000000001 | 0000001111100000 | 10100000 | 1010011000000011 | 0000000110101100 |
| 2023-06-16 16:33:06 | 1111100000000001 | 0000001111100000 | 00000000 | 1010011000000011 | 0000000110101100 |
| 2023-06-16 16:33:08 | 1111100000000001 | 0000001111100000 | 10100000 | 1010011000000011 | 0000000110101100 |
| 2023-06-16 16:33:15 | 1111100000000001 | 0000001111100000 | 00000000 | 1010011000000011 | 0000000110101100 |
| 2023-06-16 16:33:21 | 1111100000000001 | 0000001111100000 | 10100000 | 1010011000000011 | 0000000110101100 |
| 2023-06-16 16:33:23 | 1111100000000001 | 0000001111100000 | 00000000 | 1010011000000011 | 0000000110101100 |
| 2023-06-16 16:33:30 | 1111100000000001 | 0000001111100000 | 10100000 | 1010011000000011 | 0000000110101100 |
| 2023-06-16 16:33:38 | 1111100000000001 | 0000001111100000 | 00000000 | 1010011000000011 | 0000000110101100 |
| 2023-06-16 16:33:40 | 1111100000000001 | 0000001111100000 | 10100000 | 1010011000000011 | 0000000110101100 |
| 2023-06-16 16:33:43 | 1111100000000001 | 0000001111100000 | 00000000 | 1010011000000011 | 0000000110101100 |
| 2023-06-16 16:33:45 | 1111100000000001 | 0000001111100000 | 10100000 | 1010011000000011 | 0000000110101100 |
| 2023-06-16 16:33:53 | 1111100000000001 | 0000001111100000 | 00000000 | 1010011000000011 | 0000000110101100 |
| 2023-06-16 16:34:00 | 1111100000000001 | 0000001111100000 | 10100000 | 1010011000000011 | 0000000110101100 |
| 2023-06-16 16:34:20 | 1111100000000001 | 0000001111100000 | 00000000 | 1010011000000011 | 0000000110101100 |
| 2023-06-16 16:34:28 | 1111100000000001 | 0000001111100000 | 10100000 | 1010011000000011 | 0000000110101100 |
| 2023-06-16 16:34:48 | 1111100000000001 | 0000001111100000 | 00000000 | 1010011000000011 | 0000000110101100 |
| 2023-06-16 16:35:05 | 1111100000000001 | 0000001111100000 | 10100000 | 1010011000000011 | 0000000110101100 |
| 2023-06-16 16:35:15 | 1111100000000001 | 0000001111100000 | 00000000 | 1010011000000011 | 0000000110101100 |
| 2023-06-16 16:35:18 | 1111100000000001 | 0000001111100000 | 00100000 | 1010011000000011 | 0000000110101100 |
| 2023-06-16 16:35:20 | 1111100000000001 | 0000001111100000 | 10100000 | 1010011000000011 | 0000000110101100 |
| 2023-06-16 16:35:23 | 1111100000000001 | 0000001111100000 | 00000000 | 1010011000000011 | 0000000110101100 |
| 2023-06-16 16:35:28 | 1111100000000001 | 0000001111100000 | 10100000 | 1010011000000011 | 0000000110101100 |
| 2023-06-16 16:35:30 | 1111100000000001 | 0000001111100000 | 00000000 | 1010011000000011 | 0000000110101100 |
| 2023-06-16 16:35:33 | 1111100000000001 | 0000001111100000 | 10100000 | 1010011000000011 | 0000000110101100 |
| 2023-06-16 16:35:35 | 1111100000000001 | 0000001111100000 | 00000000 | 1010011000000011 | 0000000110101100 |
| 2023-06-16 16:35:40 | 1111100000000001 | 0000001111100000 | 10100000 | 1010011000000011 | 0000000110101100 |
| 2023-06-16 16:36:08 | 1111100000000001 | 0000001111100000 | 00000000 | 1010011000000011 | 0000000110101100 |
| 2023-06-16 16:36:10 | 1111100000000001 | 0000001111100000 | 10100000 | 1010011000000011 | 0000000110101100 |
| 2023-06-16 16:36:18 | 1111100000000001 | 0000001111100000 | 00000000 | 1010011000000011 | 0000000110101100 |
| 2023-06-16 16:36:20 | 1111100000000001 | 0000001111100000 | 10100000 | 1010011000000011 | 0000000110101100 |
| 2023-06-16 16:36:25 | 1111100000000001 | 0000001111100000 | 00000000 | 1010011000000011 | 0000000110101100 |
| 2023-06-16 16:36:30 | 1111100000000001 | 0000001111100000 | 10100000 | 1010011000000011 | 0000000110101100 |
| 2023-06-16 16:36:36 | 1111100000000001 | 0000001111100000 | 00000000 | 1010011000000011 | 0000000110101100 |
| 2023-06-16 16:36:40 | 1111100000000001 | 0000001111100000 | 10100000 | 1010011000000011 | 0000000110101100 |
| 2023-06-16 16:36:43 | 1111100000000001 | 0000001111100000 | 00000000 | 1010011000000011 | 0000000110101100 |
| 2023-06-16 16:36:45 | 1111100000000001 | 0000001111100000 | 00100000 | 1010011000000011 | 0000000110101100 |
| 2023-06-16 16:36:48 | 1111100000000001 | 0000001111100000 | 10100000 | 1010011000000011 | 0000000110101100 |
| 2023-06-16 16:36:55 | 1111100000000001 | 0000001111100000 | 00000000 | 1010011000000011 | 0000000110101100 |
| 2023-06-16 16:37:00 | 1111100000000001 | 0000001111100000 | 10100000 | 1010011000000011 | 0000000110101100 |
| 2023-06-16 16:37:15 | 1111100000000001 | 0000001111100000 | 00000000 | 1010011000000011 | 0000000110101100 |
| 2023-06-16 16:37:28 | 1111100000000001 | 0000001111100000 | 10100000 | 1010011000000011 | 0000000110101100 |
| 2023-06-16 16:37:38 | 1111100000000001 | 0000001111100000 | 00000000 | 1010011000000011 | 0000000110101100 |
| 2023-06-16 16:37:55 | 1111100000000001 | 0000001111100000 | 10100000 | 1010011000000011 | 0000000110101100 |
| 2023-06-16 16:38:08 | 1111100000000001 | 0000001111100000 | 00000000 | 1010011000000011 | 0000000110101100 |
| 2023-06-16 16:38:15 | 1111100000000001 | 0000001111100000 | 00100000 | 1010011000000011 | 0000000110101100 |
| 2023-06-16 16:38:18 | 1111100000000001 | 0000001111100000 | 10100000 | 1010011000000011 | 0000000110101100 |
| 2023-06-16 16:38:28 | 1111100000000001 | 0000001111100000 | 00000000 | 1010011000000011 | 0000000110101100 |
| 2023-06-16 16:38:33 | 1111100000000001 | 0000001111100000 | 10100000 | 1010011000000011 | 0000000110101100 |
| 2023-06-16 16:38:35 | 1111100000000001 | 0000001111100000 | 00000000 | 1010011000000011 | 0000000110101100 |
| 2023-06-16 16:38:38 | 1111100000000001 | 0000001111100000 | 10100000 | 1010011000000011 | 0000000110101100 |
| 2023-06-16 16:38:40 | 1111100000000001 | 0000001111100000 | 00000000 | 1010011000000011 | 0000000110101100 |
| 2023-06-16 16:38:43 | 1111100000000001 | 0000001111100000 | 10100000 | 1010011000000011 | 0000000110101100 |
| 2023-06-16 16:38:45 | 1111100000000001 | 0000001111100000 | 00000000 | 1010011000000011 | 0000000110101100 |
| 2023-06-16 16:38:53 | 1111100000000001 | 0000001111100000 | 10100000 | 1010011000000011 | 0000000110101100 |
| 2023-06-16 16:38:55 | 1111100000000001 | 0000001111100000 | 00000000 | 1010011000000011 | 0000000110101100 |
| 2023-06-16 16:38:58 | 1111100000000001 | 0000001111100000 | 10100000 | 1010011000000011 | 0000000110101100 |
| 2023-06-16 16:39:00 | 1111100000000001 | 0000001111100000 | 00000000 | 1010011000000011 | 0000000110101100 |
| 2023-06-16 16:39:05 | 1111100000000001 | 0000001111100000 | 10100000 | 1010011000000011 | 0000000110101100 |
| 2023-06-16 16:39:10 | 1111100000000001 | 0000001111100000 | 00000000 | 1010011000000011 | 0000000110101100 |
| 2023-06-16 16:39:15 | 1111100000000001 | 0000001111100000 | 10100000 | 1010011000000011 | 0000000110101100 |
| 2023-06-16 16:39:23 | 1111100000000001 | 0000001111100000 | 00000000 | 1010011000000011 | 0000000110101100 |
| 2023-06-16 16:39:25 | 1111100000000001 | 0000001111100000 | 10100000 | 1010011000000011 | 0000000110101100 |
| 2023-06-16 16:39:28 | 1111100000000001 | 0000001111100000 | 00000000 | 1010011000000011 | 0000000110101100 |
| 2023-06-16 16:39:38 | 1111100000000001 | 0000001111100000 | 10100000 | 1010011000000011 | 0000000110101100 |
| 2023-06-16 16:39:48 | 1111100000000001 | 0000001111100000 | 00000000 | 1010011000000011 | 0000000110101100 |
| 2023-06-16 16:40:05 | 1111100000000001 | 0000001111100000 | 10100000 | 1010011000000011 | 0000000110101100 |
| 2023-06-16 16:40:08 | 1111100000000001 | 0000001111100000 | 00100000 | 1010011000000011 | 0000000110101100 |
| 2023-06-16 16:40:10 | 1111100000000001 | 0000001111100000 | 00000000 | 1010011000000011 | 0000000110101100 |
| 2023-06-16 16:40:13 | 1111100000000001 | 0000001111100000 | 10100000 | 1010011000000011 | 0000000110101100 |
| 2023-06-16 16:40:15 | 1111100000000001 | 0000001111100000 | 00000000 | 1010011000000011 | 0000000110101100 |
| 2023-06-16 16:40:18 | 1111100000000001 | 0000001111100000 | 10100000 | 1010011000000011 | 0000000110101100 |
| 2023-06-16 16:40:23 | 1111100000000001 | 0000001111100000 | 00000000 | 1010011000000011 | 0000000110101100 |
| 2023-06-16 16:40:28 | 1111100000000001 | 0000001111100000 | 10100000 | 1010011000000011 | 0000000110101100 |
| 2023-06-16 16:40:40 | 1111100000000001 | 0000001111100000 | 00000000 | 1010011000000011 | 0000000110101100 |
| 2023-06-16 16:40:48 | 1111100000000001 | 0000001111100000 | 10100000 | 1010011000000011 | 0000000110101100 |
| 2023-06-16 16:41:03 | 1111100000000001 | 0000001111100000 | 00000000 | 1010011000000011 | 0000000110101100 |
| 2023-06-16 16:41:08 | 1111100000000001 | 0000001111100000 | 10100000 | 1010011000000011 | 0000000110101100 |
| 2023-06-16 16:41:23 | 1111100000000001 | 0000001111100000 | 00000000 | 1010011000000011 | 0000000110101100 |
| 2023-06-16 16:41:30 | 1111100000000001 | 0000001111100000 | 00100000 | 1010011000000011 | 0000000110101100 |
| 2023-06-16 16:41:33 | 1111100000000001 | 0000001111100000 | 10100000 | 1010011000000011 | 0000000110101100 |
| 2023-06-16 16:41:40 | 1111100000000001 | 0000001111100000 | 00000000 | 1010011000000011 | 0000000110101100 |
| 2023-06-16 16:41:43 | 1111100000000001 | 0000001111100000 | 10100000 | 1010011000000011 | 0000000110101100 |
| 2023-06-16 16:41:58 | 1111100000000001 | 0000001111100000 | 00000000 | 1010011000000011 | 0000000110101100 |
| 2023-06-16 16:42:00 | 1111100000000001 | 0000001111100000 | 10100000 | 1010011000000011 | 0000000110101100 |
| 2023-06-16 16:42:23 | 1111100000000001 | 0000001111100000 | 00000000 | 1010011000000011 | 0000000110101100 |
| 2023-06-16 16:42:25 | 1111100000000001 | 0000001111100000 | 10100000 | 1010011000000011 | 0000000110101100 |
| 2023-06-16 16:42:40 | 1111100000000001 | 0000001111100000 | 00000000 | 1010011000000011 | 0000000110101100 |
| 2023-06-16 16:42:48 | 1111100000000001 | 0000001111100000 | 10100000 | 1010011000000011 | 0000000110101100 |
| 2023-06-16 16:42:50 | 1111100000000001 | 0000001111100000 | 00000000 | 1010011000000011 | 0000000110101100 |
| 2023-06-16 16:42:53 | 1111100000000001 | 0000001111100000 | 10100000 | 1010011000000011 | 0000000110101100 |
| 2023-06-16 16:43:03 | 1111100000000001 | 0000001111100000 | 00000000 | 1010011000000011 | 0000000110101100 |
| 2023-06-16 16:43:05 | 1111100000000001 | 0000001111100000 | 10100000 | 1010011000000011 | 0000000110101100 |
| 2023-06-16 16:43:10 | 1111100000000001 | 0000001111100000 | 00000000 | 1010011000000011 | 0000000110101100 |
| 2023-06-16 16:43:15 | 1111100000000001 | 0000001111100000 | 10100000 | 1010011000000011 | 0000000110101100 |
| 2023-06-16 16:43:38 | 1111100000000001 | 0000001111100000 | 00000000 | 1010011000000011 | 0000000110101100 |
| 2023-06-16 16:43:40 | 1111100000000001 | 0000001111100000 | 10100000 | 1010011000000011 | 0000000110101100 |
| 2023-06-16 16:43:43 | 1111100000000001 | 0000001111100000 | 00000000 | 1010011000000011 | 0000000110101100 |
| 2023-06-16 16:43:55 | 1111100000000001 | 0000001111100000 | 10100000 | 1010011000000011 | 0000000110101100 |
| 2023-06-16 16:44:00 | 1111100000000001 | 0000001111100000 | 00000000 | 1010011000000011 | 0000000110101100 |
| 2023-06-16 16:44:08 | 1111100000000001 | 0000001111100000 | 10100000 | 1010011000000011 | 0000000110101100 |
| 2023-06-16 16:44:13 | 1111100000000001 | 0000001111100000 | 00000000 | 1010011000000011 | 0000000110101100 |
| 2023-06-16 16:44:15 | 1111100000000001 | 0000001111100000 | 00100000 | 1010011000000011 | 0000000110101100 |
| 2023-06-16 16:44:18 | 1111100000000001 | 0000001111100000 | 10100000 | 1010011000000011 | 0000000110101100 |
| 2023-06-16 16:44:28 | 1111100000000001 | 0000001111100000 | 00000000 | 1010011000000011 | 0000000110101100 |
| 2023-06-16 16:44:30 | 1111100000000001 | 0000001111100000 | 10100000 | 1010011000000011 | 0000000110101100 |
| 2023-06-16 16:44:43 | 1111100000000001 | 0000001111100000 | 00000000 | 1010011000000011 | 0000000110101100 |
| 2023-06-16 16:44:45 | 1111100000000001 | 0000001111100000 | 10100000 | 1010011000000011 | 0000000110101100 |
| 2023-06-16 16:44:55 | 1111100000000001 | 0000001111100000 | 00000000 | 1010011000000011 | 0000000110101100 |
| 2023-06-16 16:44:58 | 1111100000000001 | 0000001111100000 | 10100000 | 1010011000000011 | 0000000110101100 |
| 2023-06-16 16:45:00 | 1111100000000001 | 0000001111100000 | 00000000 | 1010011000000011 | 0000000110101100 |
| 2023-06-16 16:45:15 | 1111100000000001 | 0000001111100000 | 10100000 | 1010011000000011 | 0000000110101100 |
| 2023-06-16 16:45:18 | 1111100000000001 | 0000001111100000 | 00000000 | 1010011000000011 | 0000000110101100 |
| 2023-06-16 16:45:20 | 1111100000000001 | 0000001111100000 | 10100000 | 1010011000000011 | 0000000110101100 |
| 2023-06-16 16:45:23 | 1111100000000001 | 0000001111100000 | 00000000 | 1010011000000011 | 0000000110101100 |
| 2023-06-16 16:45:25 | 1111100000000001 | 0000001111100000 | 10100000 | 1010011000000011 | 0000000110101100 |
| 2023-06-16 16:45:33 | 1111100000000001 | 0000001111100000 | 00000000 | 1010011000000011 | 0000000110101100 |
| 2023-06-16 16:45:38 | 1111100000000001 | 0000001111100000 | 10100000 | 1010011000000011 | 0000000110101100 |
| 2023-06-16 16:45:40 | 1111100000000001 | 0000001111100000 | 00000000 | 1010011000000011 | 0000000110101100 |
| 2023-06-16 16:45:45 | 1111100000000001 | 0000001111100000 | 10100000 | 1010011000000011 | 0000000110101100 |
| 2023-06-16 16:45:50 | 1111100000000001 | 0000001111100000 | 00000000 | 1010011000000011 | 0000000110101100 |
| 2023-06-16 16:46:15 | 1111100000000001 | 0000001111100000 | 10100000 | 1010011000000011 | 0000000110101100 |
| 2023-06-16 16:46:20 | 1111100000000001 | 0000001111100000 | 00000000 | 1010011000000011 | 0000000110101100 |
| 2023-06-16 16:46:28 | 1111100000000001 | 0000001111100000 | 10100000 | 1010011000000011 | 0000000110101100 |
| 2023-06-16 16:46:33 | 1111100000000001 | 0000001111100000 | 00000000 | 1010011000000011 | 0000000110101100 |
| 2023-06-16 16:46:40 | 1111100000000001 | 0000001111100000 | 10100000 | 1010011000000011 | 0000000110101100 |
| 2023-06-16 16:46:43 | 1111100000000001 | 0000001111100000 | 00000000 | 1010011000000011 | 0000000110101100 |
| 2023-06-16 16:46:53 | 1111100000000001 | 0000001111100000 | 10100000 | 1010011000000011 | 0000000110101100 |
| 2023-06-16 16:46:55 | 1111100000000001 | 0000001111100000 | 00000000 | 1010011000000011 | 0000000110101100 |
| 2023-06-16 16:46:58 | 1111100000000001 | 0000001111100000 | 10100000 | 1010011000000011 | 0000000110101100 |
| 2023-06-16 16:47:05 | 1111100000000001 | 0000001111100000 | 00000000 | 1010011000000011 | 0000000110101100 |
| 2023-06-16 16:47:08 | 1111100000000001 | 0000001111100000 | 10100000 | 1010011000000011 | 0000000110101100 |
| 2023-06-16 16:47:13 | 1111100000000001 | 0000001111100000 | 00000000 | 1010011000000011 | 0000000110101100 |
| 2023-06-16 16:47:18 | 1111100000000001 | 0000001111100000 | 10100000 | 1010011000000011 | 0000000110101100 |
| 2023-06-16 16:47:20 | 1111100000000001 | 0000001111100000 | 00100000 | 1010011000000011 | 0000000110101100 |
| 2023-06-16 16:47:23 | 1111100000000001 | 0000001111100000 | 00000000 | 1010011000000011 | 0000000110101100 |
| 2023-06-16 16:47:28 | 1111100000000001 | 0000001111100000 | 10100000 | 1010011000000011 | 0000000110101100 |
| 2023-06-16 16:47:30 | 1111100000000001 | 0000001111100000 | 00000000 | 1010011000000011 | 0000000110101100 |
| 2023-06-16 16:47:48 | 1111100000000001 | 0000001111100000 | 10100000 | 1010011000000011 | 0000000110101100 |
| 2023-06-16 16:47:50 | 1111100000000001 | 0000001111100000 | 00000000 | 1010011000000011 | 0000000110101100 |
| 2023-06-16 16:47:53 | 1111100000000001 | 0000001111100000 | 10100000 | 1010011000000011 | 0000000110101100 |
| 2023-06-16 16:48:05 | 1111100000000001 | 0000001111100000 | 00000000 | 1010011000000011 | 0000000110101100 |
| 2023-06-16 16:48:08 | 1111100000000001 | 0000001111100000 | 10100000 | 1010011000000011 | 0000000110101100 |
| 2023-06-16 16:48:10 | 1111100000000001 | 0000001111100000 | 00000000 | 1010011000000011 | 0000000110101100 |
| 2023-06-16 16:48:23 | 1111100000000001 | 0000001111100000 | 10100000 | 1010011000000011 | 0000000110101100 |
| 2023-06-16 16:48:25 | 1111100000000001 | 0000001111100000 | 00000000 | 1010011000000011 | 0000000110101100 |
| 2023-06-16 16:48:30 | 1111100000000001 | 0000001111100000 | 10100000 | 1010011000000011 | 0000000110101100 |
| 2023-06-16 16:48:33 | 1111100000000001 | 0000001111100000 | 00000000 | 1010011000000011 | 0000000110101100 |
| 2023-06-16 16:48:40 | 1111100000000001 | 0000001111100000 | 10100000 | 1010011000000011 | 0000000110101100 |
| 2023-06-16 16:48:45 | 1111100000000001 | 0000001111100000 | 00000000 | 1010011000000011 | 0000000110101100 |
| 2023-06-16 16:49:05 | 1111100000000001 | 0000001111100000 | 10100000 | 1010011000000011 | 0000000110101100 |
| 2023-06-16 16:49:08 | 1111100000000001 | 0000001111100000 | 00000000 | 1010011000000011 | 0000000110101100 |
| 2023-06-16 16:49:15 | 1111100000000001 | 0000001111100000 | 10100000 | 1010011000000011 | 0000000110101100 |
| 2023-06-16 16:49:18 | 1111100000000001 | 0000001111100000 | 00000000 | 1010011000000011 | 0000000110101100 |
| 2023-06-16 16:49:25 | 1111100000000001 | 0000001111100000 | 10100000 | 1010011000000011 | 0000000110101100 |
| 2023-06-16 16:49:30 | 1111100000000001 | 0000001111100000 | 00000000 | 1010011000000011 | 0000000110101100 |
| 2023-06-16 16:50:25 | 1111100000000001 | 0000001111100000 | 00100000 | 1010011000000011 | 0000000110101100 |
| 2023-06-16 16:50:28 | 1111100000000001 | 0000001111100000 | 00000000 | 1010011000000011 | 0000000110101100 |
| 2023-06-16 16:50:43 | 1111100000000001 | 0000001111100000 | 10100000 | 1010011000000011 | 0000000110101100 |
| 2023-06-16 16:50:45 | 1111100000000001 | 0000001111100000 | 00000000 | 1010011000000011 | 0000000110101100 |
| 2023-06-16 17:11:19 | 0000000000000000 | 0000000000000000 | 00000000 | 0000000000000000 | 0000000000000000 |
| 2023-06-16 17:11:41 | 0000000000000000 | 0000000000000000 | 00000000 | 0000000000000000 | 0000000000000000 |
| 2023-06-16 17:11:42 | 1111100000000001 | 0000001111100000 | 00000000 | 1010011000000011 | 0000000110101100 |
| 2023-06-16 17:11:43 | 1111100000000001 | 0000001111100000 | 10100000 | 1010011000000011 | 0000000110101100 |
| 2023-06-16 17:11:50 | 1111100000000001 | 0000001111100000 | 00000000 | 1010011000000011 | 0000000110101100 |
| 2023-06-16 17:11:55 | 1111100000000001 | 0000001111100000 | 10100000 | 1010011000000011 | 0000000110101100 |
| 2023-06-16 17:11:58 | 1111100000000001 | 0000001111100000 | 00000000 | 1010011000000011 | 0000000110101100 |
| 2023-06-16 17:12:13 | 0000000000000000 | 0000000000000000 | 00000000 | 0000000000000000 | 0000000000000000 |
| 2023-06-16 17:13:02 | 0000000000000000 | 0000000000000000 | 00000000 | 0000000000000000 | 0000000000000000 |
| 2023-06-16 17:13:39 | 0000000000000000 | 0000000000000000 | 00000000 | 0000000000000000 | 0000000000000000 |
| 2023-06-16 17:14:56 | 0000000000000000 | 0000000000000000 | 00000000 | 0000000000000000 | 0000000000000000 |
| 2023-06-16 17:15:49 | 0000000000000000 | 0000000000000000 | 00000000 | 0000000000000000 | 0000000000000000 |
| 2023-06-16 17:16:00 | 0000000000000000 | 0000000000000000 | 00000000 | 0000000000000000 | 0000000000000000 |
| 2023-06-16 17:16:02 | 1111100000000001 | 0000001111100000 | 00000000 | 1010011000000011 | 0000000110101100 |
| 2023-06-16 17:16:05 | 1111100000000001 | 0000001111100000 | 10100000 | 1010011000000011 | 0000000110101100 |
| 2023-06-16 17:16:08 | 1111100000000001 | 0000001111100000 | 00000000 | 1010011000000011 | 0000000110101100 |
| 2023-06-16 17:16:23 | 1111100000000001 | 0000001111100000 | 10100000 | 1010011000000011 | 0000000110101100 |
| 2023-06-16 17:16:25 | 1111100000000001 | 0000001111100000 | 00000000 | 1010011000000011 | 0000000110101100 |
| 2023-06-16 17:17:29 | 0000000000000000 | 0000000000000000 | 00000000 | 0000000000000000 | 0000000000000000 |
| 2023-06-16 17:17:31 | 1111100000000001 | 0000001111100000 | 00000000 | 1010011000000011 | 0000000110101100 |
| 2023-06-16 17:17:33 | 1111100000000001 | 0000001111100000 | 10100000 | 1010011000000011 | 0000000110101100 |
| 2023-06-16 17:17:50 | 1111100000000001 | 0000001111100000 | 00000000 | 1010011000000011 | 0000000110101100 |
| 2023-06-16 17:17:55 | 1111100000000001 | 0000001111100000 | 10100000 | 1010011000000011 | 0000000110101100 |
| 2023-06-16 17:17:58 | 1111100000000001 | 0000001111100000 | 00000000 | 1010011000000011 | 0000000110101100 |
| 2023-06-16 17:18:15 | 1111100000000001 | 0000001111100000 | 10100000 | 1010011000000011 | 0000000110101100 |
| 2023-06-16 17:18:22 | 0000000000000000 | 0000000000000000 | 00000000 | 0000000000000000 | 0000000000000000 |
| 2023-06-16 17:18:23 | 1111100000000001 | 0000001111100000 | 10100000 | 1010011000000011 | 0000000110101100 |
| 2023-06-16 17:18:24 | 1111100000000001 | 0000001111100000 | 00000000 | 1010011000000011 | 0000000110101100 |
| 2023-06-16 17:18:25 | 1111100000000001 | 0000001111100000 | 10100000 | 1010011000000011 | 0000000110101100 |
| 2023-06-16 17:20:18 | 0000000000000000 | 0000000000000000 | 00000000 | 0000000000000000 | 0000000000000000 |
| 2023-06-16 17:20:20 | 1111100000000001 | 0000001111100000 | 00000000 | 1010011000000011 | 0000000110101100 |
| 2023-06-16 17:20:25 | 1111100000000001 | 0000001111100000 | 10100000 | 1010011000000011 | 0000000110101100 |
| 2023-06-16 17:20:28 | 1111100000000001 | 0000001111100000 | 00000000 | 1010011000000011 | 0000000110101100 |
| 2023-06-16 17:20:38 | 1111100000000001 | 0000001111100000 | 10100000 | 1010011000000011 | 0000000110101100 |
| 2023-06-16 17:20:40 | 1111100000000001 | 0000001111100000 | 00000000 | 1010011000000011 | 0000000110101100 |
| 2023-06-16 17:20:48 | 1111100000000001 | 0000001111100000 | 10100000 | 1010011000000011 | 0000000110101100 |
| 2023-06-16 17:20:53 | 1111100000000001 | 0000001111100000 | 00000000 | 1010011000000011 | 0000000110101100 |
| 2023-06-16 17:21:40 | 1111100000000001 | 0000001101100000 | 00000000 | 0010011000000011 | 0000000110101100 |
| 2023-06-16 17:21:45 | 1111100000000001 | 0000001101100000 | 00100000 | 0010011000000011 | 0000000110101100 |
| 2023-06-16 17:21:48 | 1111100000000001 | 0000001101100000 | 00000000 | 0010011000000011 | 0000000110101100 |
| 2023-06-16 17:23:35 | 1111100000000001 | 0000001101100000 | 00100000 | 0010011000000011 | 0000000110101100 |
| 2023-06-16 17:23:38 | 1111100000000001 | 0000001101100000 | 00000000 | 0010011000000011 | 0000000110101100 |
| 2023-06-16 17:24:30 | 1111100000000001 | 0000001101100000 | 10100000 | 0010011000000011 | 0000000110101100 |
| 2023-06-16 17:24:38 | 1111100000000001 | 0000001101100000 | 00000000 | 0010011000000011 | 0000000110101100 |
| 2023-06-16 17:24:40 | 1111100000000001 | 0000001101100000 | 10100000 | 0010011000000011 | 0000000110101100 |
| 2023-06-16 17:24:45 | 1111100000000001 | 0000001101100000 | 00000000 | 0010011000000011 | 0000000110101100 |
| 2023-06-16 17:24:58 | 1111100000000001 | 0000001101100000 | 10100000 | 0010011000000011 | 0000000110101100 |
| 2023-06-16 17:25:00 | 1111100000000001 | 0000001101100000 | 00000000 | 0010011000000011 | 0000000110101100 |
| 2023-06-16 17:25:30 | 1111100000100001 | 0000001111000000 | 00000000 | 0010011000010011 | 0000000110101100 |
| 2023-06-16 17:25:33 | 1111100010000001 | 0000001111000000 | 00000000 | 0010011100000011 | 0000000110101100 |
| 2023-06-16 17:25:35 | 1111100001000001 | 0000001111000000 | 00000000 | 0010011000001011 | 0000000110101100 |
| 2023-06-16 17:25:38 | 1111100000000001 | 0000001111000000 | 00000000 | 0010011000001011 | 0000000110101100 |
| 2023-06-16 17:25:40 | 1111000000000001 | 0000001111000000 | 00000000 | 0010011000000011 | 0000000110101100 |
| 2023-06-16 17:25:43 | 1111000000000001 | 0000001111100000 | 00000000 | 1010011000000011 | 0000000110101100 |
| 2023-06-16 17:36:13 | 0000000000000000 | 0000000000000000 | 00000000 | 0000000000000000 | 0000000000000000 |
| 2023-06-16 17:37:06 | 0000000000000000 | 0000000000000000 | 00000000 | 0000000000000000 | 0000000000000000 |
| 2023-06-16 17:56:41 | 0000000000000000 | 0000000000000000 | 00000000 | 0000000000000000 | 0000000000000000 |
| 2023-06-16 18:00:54 | 0000000000000000 | 0000000000000000 | 00000000 | 0000000000000000 | 0000000000000000 |
| 2023-06-16 18:03:00 | 0000000000000000 | 0000000000000000 | 00000000 | 0000000000000000 | 0000000000000000 |
| 2023-06-16 18:08:47 | 0000000000000000 | 0000000000000000 | 00000000 | 0000000000000000 | 0000000000000000 |
| 2023-06-16 18:18:10 | 0000000000000000 | 0000000000000000 | 00000000 | 0000000000000000 | 0000000000000000 |
| 2023-06-16 18:18:54 | 0000000000000000 | 0000000000000000 | 00000000 | 0000000000000000 | 0000000000000000 |
| 2023-06-16 18:26:47 | 0000000000000000 | 0000000000000000 | 00000000 | 0000000000000000 | 0000000000000000 |
