|      Date Time      |       DI 1       |       DI 2       |   DI 3   |       DO 1       |       DO 2       |
| 2023-06-22 09:35:34 | 1111000000000001 | 0000001101100000 | 10100000 | 0000010000000011 | 0000000110100000 |
| 2023-06-22 09:35:39 | 1111000000000001 | 0000001101100000 | 00000000 | 0000010000000011 | 0000000110100000 |
| 2023-06-22 09:35:41 | 1111000000000001 | 0000001101100000 | 10100000 | 0000010000000011 | 0000000110100000 |
| 2023-06-22 09:35:44 | 1111000000000001 | 0000001101100000 | 00000000 | 0000010000000011 | 0000000110100000 |
| 2023-06-22 09:35:49 | 1111000000000001 | 0000001101100000 | 10100000 | 0000010000000011 | 0000000110100000 |
| 2023-06-22 09:35:59 | 1111000000000001 | 0000001101100000 | 00000000 | 0000010000000011 | 0000000110100000 |
| 2023-06-22 09:36:04 | 1111000000000001 | 0000001101100000 | 10100000 | 0000010000000011 | 0000000110100000 |
| 2023-06-22 09:36:09 | 1111000000000001 | 0000001101100000 | 00000000 | 0000010000000011 | 0000000110100000 |
| 2023-06-22 09:36:29 | 1111000000000001 | 0000001101100000 | 10100000 | 0000010000000011 | 0000000110100000 |
| 2023-06-22 09:36:31 | 1111000000000001 | 0000001101100000 | 00000000 | 0000010000000011 | 0000000110100000 |
| 2023-06-22 09:36:36 | 1111000000000001 | 0000001101100000 | 10100000 | 0000010000000011 | 0000000110100000 |
| 2023-06-22 09:36:41 | 1111000000000001 | 0000001101100000 | 00000000 | 0000010000000011 | 0000000110100000 |
| 2023-06-22 09:36:44 | 0000000000000000 | 0000001100100000 | 00000000 | 0000010000000011 | 0000000110000000 |
| 2023-06-22 09:36:49 | 0000000000000000 | 0000001100100000 | 10100000 | 0000010000000011 | 0000000110000000 |
| 2023-06-22 09:36:51 | 0000000000000000 | 0000001100100000 | 00000000 | 0000010000000011 | 0000000110000000 |
| 2023-06-22 09:37:09 | 1111000000000001 | 0000001101100000 | 00000000 | 0000010000000011 | 0000000110100000 |
| 2023-06-22 09:37:24 | 1111010000000001 | 0000001101100000 | 10100000 | 0000010000000011 | 0000000110100000 |
| 2023-06-22 09:37:26 | 1111100000000001 | 0000001101100000 | 10000000 | 0000010000000011 | 0000000110100000 |
| 2023-06-22 09:37:29 | 1111100000000001 | 0000001101100000 | 00000000 | 0000011000010011 | 0000000110100000 |
| 2023-06-22 09:37:31 | 1111100000000001 | 0000001111000000 | 00000000 | 0000011000000011 | 0000000110100000 |
| 2023-06-22 09:37:34 | 1111010000000001 | 0000001111000000 | 00000000 | 0000010000000011 | 0000000110100000 |
| 2023-06-22 09:37:41 | 1111100000000001 | 0000001111000000 | 00000000 | 0000010000000011 | 0000000110100000 |
| 2023-06-22 09:37:44 | 1111010000000001 | 0000001111000000 | 00000000 | 0000010000000011 | 0000000110100000 |
| 2023-06-22 09:37:46 | 1111100000000001 | 0000001111000000 | 00000000 | 0000010000000011 | 0000000110100000 |
| 2023-06-22 09:37:51 | 0000000000000000 | 0000001100100000 | 00000000 | 0000010000000011 | 0000000110000000 |
| 2023-06-22 09:37:56 | 1111000000000001 | 0000001101100000 | 00000000 | 0000010000000011 | 0000000110100000 |
| 2023-06-22 09:38:01 | 1111000000000001 | 0000001101100000 | 10100000 | 0000010000000011 | 0000000110100000 |
| 2023-06-22 09:38:04 | 1111000000000001 | 0000001101100000 | 00000000 | 0000010000000011 | 0000000110100000 |
| 2023-06-22 09:38:09 | 1111000000000001 | 0000001101100000 | 10100000 | 0000010000000011 | 0000000110100000 |
| 2023-06-22 09:38:11 | 1111000000000001 | 0000001101100000 | 00000000 | 0000010000000011 | 0000000110100000 |
| 2023-06-22 09:38:16 | 1111000000000001 | 0000001101100000 | 10100000 | 0000010000000011 | 0000000110100000 |
| 2023-06-22 09:38:21 | 1111000000000001 | 0000001101100000 | 00000000 | 0000010000000011 | 0000000110100000 |
| 2023-06-22 09:38:24 | 1111000000000001 | 0000001101100000 | 10100000 | 0000010000000011 | 0000000110100000 |
| 2023-06-22 09:38:29 | 1111000000000001 | 0000001101100000 | 00000000 | 0000010000000011 | 0000000110100000 |
| 2023-06-22 09:38:31 | 1111000000000001 | 0000001101100000 | 10100000 | 0000010000000011 | 0000000110100000 |
| 2023-06-22 09:38:36 | 1111000000000001 | 0000001101100000 | 00000000 | 0000010000000011 | 0000000110100000 |
| 2023-06-22 09:38:39 | 1111000000000001 | 0000001101100000 | 10100000 | 0000010000000011 | 0000000110100000 |
| 2023-06-22 09:38:41 | 1111000000000001 | 0000001101100000 | 00000000 | 0000010000000011 | 0000000110100000 |
| 2023-06-22 09:38:46 | 1111000000000001 | 0000001101100000 | 10100000 | 0000010000000011 | 0000000110100000 |
| 2023-06-22 09:38:51 | 1111000000000001 | 0000001101100000 | 00000000 | 0000010000000011 | 0000000110100000 |
| 2023-06-22 09:38:54 | 1111000000000001 | 0000001101100000 | 00100000 | 0000010000000011 | 0000000110100000 |
| 2023-06-22 09:38:56 | 1111000000000001 | 0000001101100000 | 00000000 | 0000010000000011 | 0000000110100000 |
| 2023-06-22 09:38:59 | 1111000000000001 | 0000001101100000 | 10100000 | 0000010000000011 | 0000000110100000 |
| 2023-06-22 09:39:06 | 1111000000000001 | 0000001101100000 | 00000000 | 0000010000000011 | 0000000110100000 |
| 2023-06-22 09:39:11 | 1111000000000001 | 0000001101100000 | 10000000 | 0000010000000011 | 0000000110100000 |
| 2023-06-22 09:39:14 | 1111000000000001 | 0000001101100000 | 00000000 | 0000010000000011 | 0000000110100000 |
| 2023-06-22 09:39:16 | 0000000000000000 | 0000001100100000 | 00000000 | 0000010000000011 | 0000000110100000 |
| 2023-06-22 09:39:19 | 0000000000000000 | 0000001100100000 | 00000000 | 0000010000000011 | 0000000110000000 |
| 2023-06-22 09:39:34 | 1111000000000001 | 0000001101100000 | 00000000 | 0000010000000011 | 0000000110100000 |
| 2023-06-22 09:39:36 | 1111000000000001 | 0000001101100000 | 10100000 | 0000010000000011 | 0000000110100000 |
| 2023-06-22 09:39:39 | 1111000000000001 | 0000001101100000 | 00000000 | 0000010000000011 | 0000000110100000 |
| 2023-06-22 09:39:41 | 1111000000000001 | 0000001101100000 | 10100000 | 0000010000000011 | 0000000110100000 |
| 2023-06-22 09:39:44 | 1111000000000001 | 0000001101100000 | 00000000 | 0000010000000011 | 0000000110100000 |
| 2023-06-22 09:39:51 | 1111000000000001 | 0000001101100000 | 10100000 | 0000010000000011 | 0000000110100000 |
| 2023-06-22 09:39:59 | 1111000000000001 | 0000001101100000 | 00000000 | 0000010000000011 | 0000000110100000 |
| 2023-06-22 09:40:34 | 1111000000000001 | 0000001101100000 | 10100000 | 0000010000000011 | 0000000110100000 |
| 2023-06-22 09:40:36 | 1111000000000001 | 0000001101100000 | 00000000 | 0000010000000011 | 0000000110100000 |
| 2023-06-22 09:40:39 | 1111000000100001 | 0000001101100000 | 00000000 | 0000011000010011 | 0000000110100000 |
| 2023-06-22 09:40:44 | 1111000000000001 | 0000001111000000 | 00000000 | 0000011000000011 | 0000000110100000 |
| 2023-06-22 09:40:46 | 1111000000000001 | 0000001111000000 | 10100000 | 0000011000000011 | 0000000110100000 |
| 2023-06-22 09:40:49 | 1111000000000001 | 0000001111000000 | 00000000 | 0000011000000011 | 0000000110100000 |
| 2023-06-22 09:40:56 | 1111000000000001 | 0000001111000000 | 10100000 | 0000011000000011 | 0000000110100000 |
| 2023-06-22 09:41:01 | 1111000000000001 | 0000001111000000 | 00000000 | 0000011000000011 | 0000000110100000 |
| 2023-06-22 09:41:04 | 1111000000000001 | 0000001111000000 | 10100000 | 0000011000000011 | 0000000110100000 |
| 2023-06-22 09:41:06 | 1111000000000001 | 0000001111000000 | 00000000 | 0000011000000011 | 0000000110100000 |
| 2023-06-22 09:41:09 | 1111000000000001 | 0000001111000000 | 00100000 | 0000011000000011 | 0000000110100000 |
| 2023-06-22 09:41:11 | 1111000000000001 | 0000001111000000 | 10100000 | 0000011000000011 | 0000000110100000 |
| 2023-06-22 09:41:16 | 1111000000000001 | 0000001111000000 | 00000000 | 0000011000000011 | 0000000110100000 |
| 2023-06-22 09:41:44 | 1111000000000001 | 0000001111000000 | 10100000 | 0000011000000011 | 0000000110100000 |
| 2023-06-22 09:41:46 | 1111000000000001 | 0000001111000000 | 00000000 | 0000011000000011 | 0000000110100000 |
| 2023-06-22 09:41:49 | 0000000000000000 | 0000001100100000 | 00000000 | 0000011000000011 | 0000000110000000 |
| 2023-06-22 09:41:51 | 0000000000000000 | 0000001100100000 | 10100000 | 0000011000000011 | 0000000110000000 |
| 2023-06-22 09:41:54 | 1111000000000001 | 0000001101100000 | 00000000 | 0000011000000011 | 0000000110000000 |
| 2023-06-22 09:41:56 | 1111000000000001 | 0000001101100000 | 00000000 | 0000011000000011 | 0000000110100000 |
| 2023-06-22 09:41:59 | 1111000000100001 | 0000001101100000 | 00000000 | 0000011000000011 | 0000000110100000 |
| 2023-06-22 09:42:01 | 1111000000000001 | 0000001111000000 | 00000000 | 0000011000000011 | 0000000110100000 |
| 2023-06-22 09:42:04 | 1111000000000001 | 0000001111000000 | 10100000 | 0000011000000011 | 0000000110100000 |
| 2023-06-22 09:42:09 | 1111000000000001 | 0000001111000000 | 00000000 | 0000011000000011 | 0000000110100000 |
| 2023-06-22 09:42:14 | 1111000000000001 | 0000001111000000 | 10100000 | 0000011000000011 | 0000000110100000 |
| 2023-06-22 09:42:16 | 1111000000000001 | 0000001111000000 | 00100000 | 0000011000000011 | 0000000110100000 |
| 2023-06-22 10:01:38 | 1111000000000001 | 0000001111000000 | 00000000 | 0000011000000011 | 0000000110100000 |
| 2023-06-22 10:02:04 | 1111000000000001 | 0000001111000000 | 00000000 | 0000011000000011 | 0000000110100000 |
| 2023-06-22 10:04:03 | 1111000000000001 | 0000001111000000 | 00000000 | 0000011000000011 | 0000000110100000 |
| 2023-06-22 10:04:46 | 1111000000000001 | 0000001111000000 | 00000000 | 0000011000000011 | 0000000110100000 |
| 2023-06-22 10:12:28 | 1111100000000001 | 0000001111100000 | 00000000 | 1010011000000011 | 0000000110101000 |
| 2023-06-22 10:12:31 | 1111100000000001 | 0000001111100000 | 10100000 | 1010011000000011 | 0000000110101000 |
| 2023-06-22 10:12:33 | 1111100000001001 | 0000001111100000 | 00000000 | 1010011000000111 | 0000100110101100 |
| 2023-06-22 10:12:36 | 1111100000000001 | 0000000011100000 | 10100000 | 0010011000000111 | 0000000110101100 |
| 2023-06-22 10:12:38 | 1111100000000001 | 0000000011100000 | 00000000 | 0010011000000111 | 0000000110101100 |
| 2023-06-22 10:12:41 | 1111010000000001 | 0000000001100000 | 00000000 | 0011010000000011 | 0000000110101100 |
| 2023-06-22 10:12:43 | 1111010000000001 | 0000000101100000 | 10100000 | 0010010000000011 | 0000000110101100 |
| 2023-06-22 10:12:46 | 1111010000000001 | 0000000101100000 | 00000000 | 0010010000000011 | 0000000110101100 |
| 2023-06-22 10:12:58 | 1111010000000001 | 0000000101100000 | 10100000 | 0010010000000011 | 0000000110101100 |
| 2023-06-22 10:13:01 | 1111010000000001 | 0000000101100000 | 00000000 | 0010010000000011 | 0000000110101100 |
| 2023-06-22 10:13:03 | 1111010000000001 | 0000000101100000 | 10000000 | 0010010000000011 | 0000000110101100 |
| 2023-06-22 10:13:06 | 1111010000000001 | 0000000101100000 | 00000000 | 0010010000000011 | 0000000110101100 |
| 2023-06-22 10:13:08 | 1111010000000001 | 0000000101100000 | 10100000 | 0010010000000011 | 0000000110101100 |
| 2023-06-22 10:13:11 | 1111010000000001 | 0000000101100000 | 00000000 | 0010010000000011 | 0000000110101100 |
| 2023-06-22 10:13:26 | 1111010000000001 | 0000000101100000 | 10100000 | 0010010000000011 | 0000000110101100 |
| 2023-06-22 10:13:28 | 1111010000000001 | 0000000101100000 | 00100000 | 0010010000000011 | 0000000110101100 |
| 2023-06-22 10:13:31 | 1111010000000001 | 0000000101100000 | 00000000 | 0010010000000011 | 0000000110101100 |
| 2023-06-22 10:13:33 | 1111000000000001 | 0000000101100000 | 00000000 | 0010010000000011 | 0000000110101100 |
| 2023-06-22 10:13:36 | 1111000000100001 | 0000000111000000 | 10100000 | 0010011000010011 | 0000000110101100 |
| 2023-06-22 10:13:38 | 1111000000000001 | 0000000111000000 | 00000000 | 0010011000000011 | 0000000110101100 |
| 2023-06-22 10:13:41 | 1111000010000001 | 0000000111000000 | 10100000 | 0010011100000011 | 0000000110101100 |
| 2023-06-22 10:13:43 | 1111000001000001 | 0000000111000000 | 00000000 | 0010011000000011 | 0000000110101100 |
| 2023-06-22 10:13:46 | 1111000000000001 | 0000000111000000 | 00000000 | 0010011000000011 | 0000000110101100 |
| 2023-06-22 10:13:48 | 1111000000000001 | 0000000111100000 | 00000000 | 0010011000000011 | 0000000110101100 |
| 2023-06-22 10:13:56 | 1111000001000001 | 0000000111100000 | 00000000 | 0010011000000011 | 0000000110101100 |
| 2023-06-22 10:14:01 | 1111000000000001 | 0000000011100000 | 00000000 | 0010011000000011 | 0000000110101100 |
| 2023-06-22 10:14:06 | 1111000000000001 | 0000001111100000 | 00000000 | 1010011000000011 | 0000000110101100 |
| 2023-06-22 10:14:13 | 1111101000000001 | 0000001111100000 | 00000000 | 1010011000000011 | 0000000110101100 |
| 2023-06-22 10:14:16 | 1111100000000001 | 0000000011100000 | 00000000 | 0010011000000111 | 0000000110101100 |
| 2023-06-22 10:14:18 | 1111100000000001 | 0000000011100000 | 10100000 | 0010011000000111 | 0000000110101100 |
| 2023-06-22 10:14:23 | 1111100000000001 | 0000000011100000 | 00000000 | 0010011000000111 | 0000000110101100 |
| 2023-06-22 10:14:33 | 1111100000000011 | 0000000111100000 | 10100000 | 0010011000000111 | 0100000110101100 |
| 2023-06-22 10:14:36 | 1111100000000001 | 0000000011100000 | 00000000 | 0010011000000111 | 0000000110101100 |
| 2023-06-22 10:15:04 | 1111100000000001 | 0000000011100000 | 00000000 | 0010011000000111 | 0000000110101100 |
| 2023-06-22 10:15:06 | 1111100000000001 | 0000000011100000 | 10100000 | 0010011000000111 | 0000000110101100 |
| 2023-06-22 10:15:17 | 1111100000000001 | 0000000011100000 | 00000000 | 0010011000000111 | 0000000110101100 |
| 2023-06-22 10:15:28 | 1111100000000001 | 0000000011100000 | 10100000 | 0010011000000111 | 0000000110101100 |
| 2023-06-22 10:15:33 | 1111100000000001 | 0000000011100000 | 00000000 | 0010011000000111 | 0000000110101100 |
| 2023-06-22 10:15:38 | 1111100000000001 | 0000000011100000 | 10100000 | 0010011000000111 | 0000000110101100 |
| 2023-06-22 10:15:43 | 1111100000000001 | 0000000011100000 | 00000000 | 0010011000000111 | 0000000110101100 |
| 2023-06-22 10:15:51 | 1111100000000001 | 0000000011100000 | 10100000 | 0010011000000111 | 0000000110101100 |
| 2023-06-22 10:15:58 | 1111100000000001 | 0000000011100000 | 00000000 | 0010011000000111 | 0000000110101100 |
| 2023-06-22 10:16:01 | 1111100000000001 | 0000000011100000 | 10100000 | 0010011000000111 | 0000000110101100 |
| 2023-06-22 10:16:03 | 1111100000000001 | 0000000011100000 | 00000000 | 0010011000000111 | 0000000110101100 |
| 2023-06-22 10:16:06 | 1111100000000001 | 0000000011100000 | 10100000 | 0010011000000111 | 0000000110101100 |
| 2023-06-22 10:16:33 | 1111100000000001 | 0000000011100000 | 00000000 | 0010011000000111 | 0000000110101100 |
| 2023-06-22 10:16:36 | 1111100000000001 | 0000000011100000 | 10100000 | 0010011000000111 | 0000000110101100 |
| 2023-06-22 10:16:48 | 1111100000000001 | 0000000011100000 | 00000000 | 0010011000000111 | 0000000110101100 |
| 2023-06-22 10:16:51 | 1111100000000001 | 0000000011100000 | 10100000 | 0010011000000111 | 0000000110101100 |
| 2023-06-22 10:17:16 | 1111100000000001 | 0000000011100000 | 00000000 | 0010011000000111 | 0000000110101100 |
| 2023-06-22 10:17:18 | 1111100000000001 | 0000000011100000 | 10100000 | 0010011000000111 | 0000000110101100 |
| 2023-06-22 10:17:21 | 1111100000000001 | 0000000011100000 | 00000000 | 0010011000000111 | 0000000110101100 |
| 2023-06-22 10:17:23 | 1111100000000011 | 0000000011100000 | 00000000 | 0010011000000111 | 0100000110101100 |
| 2023-06-22 10:17:26 | 1111100000000001 | 0000000011100000 | 00000000 | 0010011000000111 | 0000000110101100 |
| 2023-06-22 10:17:28 | 1111100000000001 | 0000000011100000 | 10100000 | 0010011000000111 | 0000000110101100 |
| 2023-06-22 10:17:31 | 1111100000000001 | 0000000011100000 | 00000000 | 0010011000000111 | 0000000110101100 |
| 2023-06-22 10:17:36 | 1111100000000001 | 0000000011100000 | 10100000 | 0010011000000111 | 0000000110101100 |
| 2023-06-22 10:17:38 | 1111100000000001 | 0000000011100000 | 00000000 | 0010011000000111 | 0000000110101100 |
| 2023-06-22 10:17:43 | 1111100000000001 | 0000001011100000 | 10100000 | 1010011000000111 | 0000000110101100 |
| 2023-06-22 10:17:46 | 1111100000000001 | 0000000011100000 | 00000000 | 0010011000000111 | 0000000110101100 |
| 2023-06-22 10:17:58 | 1111100000000001 | 0000000011100000 | 10100000 | 0010011000000111 | 0000000110101100 |
| 2023-06-22 10:18:01 | 1111100000000001 | 0000000011100000 | 00000000 | 0010011000000111 | 0000000110101100 |
| 2023-06-22 10:18:03 | 1111100000000001 | 0000000011100000 | 10100000 | 0010011000000111 | 0000000110101100 |
| 2023-06-22 10:18:06 | 1111100000000001 | 0000000011100000 | 00000000 | 0010011000000111 | 0000000110101100 |
| 2023-06-22 10:18:08 | 1111100000000001 | 0000000011100000 | 10100000 | 0010011000000111 | 0000000110101100 |
| 2023-06-22 10:18:11 | 1111100000000011 | 0000000011100000 | 10100000 | 0010011000000111 | 0100000110101100 |
| 2023-06-22 10:18:13 | 1111100000000001 | 0000000011100000 | 10100000 | 0010011000000111 | 0000000110101100 |
| 2023-06-22 10:18:18 | 1111100000000001 | 0000000011100000 | 00000000 | 0010011000000111 | 0000000110101100 |
| 2023-06-22 10:18:21 | 1111100100000011 | 0000000111000000 | 00000000 | 0010001000000111 | 0100000110101100 |
| 2023-06-22 10:18:23 | 1111100000000011 | 0000000111000000 | 00000000 | 0010001000000111 | 0100000110101100 |
| 2023-06-22 10:18:26 | 1111100000000011 | 0000000111000000 | 00000000 | 0010011000000111 | 0100000110101100 |
| 2023-06-22 10:18:28 | 1111100000000011 | 0000000111100000 | 00000000 | 0010011000000111 | 0100000110101100 |
| 2023-06-22 10:18:33 | 1111100000000001 | 0000000011100000 | 00000000 | 0010011000000111 | 0000000110101100 |
| 2023-06-22 10:18:38 | 1111000000000001 | 0000000011000000 | 00000000 | 0011011000000011 | 0000000110101100 |
| 2023-06-22 10:18:41 | 1111000000000001 | 0000000111000000 | 10100000 | 0010011000000011 | 0000000110101100 |
| 2023-06-22 10:18:43 | 1111000000000001 | 0000000111000000 | 00000000 | 0010011000000011 | 0000000110101100 |
| 2023-06-22 10:18:46 | 1111010000000001 | 0000000111000000 | 00000000 | 0010010000000011 | 0000000110101100 |
| 2023-06-22 10:18:48 | 1111000000000001 | 0000000111000000 | 00000000 | 0010010000000011 | 0000000110101100 |
| 2023-06-22 10:19:03 | 1111000000000001 | 0000000111000000 | 10100000 | 0010010000000011 | 0000000110101100 |
| 2023-06-22 10:19:11 | 1111001000000001 | 0000000111000000 | 00000000 | 0010010000000011 | 0000000110101100 |
| 2023-06-22 10:19:13 | 1111000000000001 | 0000000111000000 | 00000000 | 0010010000000011 | 0000000110101100 |
| 2023-06-22 10:19:16 | 1111000000000001 | 0000000111000000 | 00000000 | 0010000000000011 | 0000000110101100 |
| 2023-06-22 10:19:21 | 1111000001000001 | 0000000111000000 | 00000000 | 0010001000001011 | 0000000110101100 |
| 2023-06-22 10:19:23 | 1111000000000001 | 0000000111000000 | 10100000 | 0010001000000011 | 0000000110101100 |
| 2023-06-22 10:19:26 | 1111000000000001 | 0000000111000000 | 00000000 | 0010001000000011 | 0000000110101100 |
| 2023-06-22 10:21:31 | 1111100000000001 | 0000001111100000 | 00000000 | 1011011000000011 | 0000000110101100 |
| 2023-06-22 10:21:33 | 1111100000000001 | 0000000011100000 | 00000000 | 0010011000000111 | 0000000110101100 |
| 2023-06-22 10:21:36 | 1111100000000001 | 0000001111000000 | 00000000 | 0010001000000111 | 0000000110101100 |
| 2023-06-22 10:21:38 | 1111100000000001 | 0000000111000000 | 00000000 | 0010001000000111 | 0000000110101100 |
| 2023-06-22 10:21:41 | 1111100001000001 | 0000000111000000 | 00000000 | 0010001000000111 | 0000000110101100 |
| 2023-06-22 10:21:48 | 1111100000000001 | 0000000111000000 | 00000000 | 0010001000000111 | 0000000110101100 |
| 2023-06-22 10:21:53 | 1111000000000001 | 0000000111000000 | 00000000 | 0011001000000011 | 0000000110101100 |
| 2023-06-22 10:21:56 | 1111000000000001 | 0000000111000000 | 00000000 | 0010011000010011 | 0000000110101100 |
| 2023-06-22 10:21:58 | 1111000001000001 | 0000000111000000 | 00000000 | 0010011000000011 | 0000000110101100 |
| 2023-06-22 10:22:01 | 1111000001000001 | 0000000111100000 | 00000000 | 0010011000001011 | 0000000110101100 |
| 2023-06-22 10:22:03 | 1111000000000001 | 0000000011100000 | 00000000 | 0010011000000011 | 0000000110101100 |
| 2023-06-22 10:22:06 | 1111000000000001 | 0000001011100000 | 00000000 | 1010011000000011 | 0000000110101100 |
| 2023-06-22 10:22:08 | 1111000000000001 | 0000001111100000 | 00000000 | 1010011000000011 | 0000000110101100 |
| 2023-06-22 10:22:16 | 1111100000000001 | 0000001111100000 | 00000000 | 1010011000000011 | 0000000110101100 |
| 2023-06-22 10:22:23 | 1111100000000001 | 0000001011100000 | 00000000 | 1010011000000111 | 0000000110101100 |
| 2023-06-22 10:22:26 | 1111100000000001 | 0000000011100000 | 10100000 | 0010011000000111 | 0000000110101100 |
| 2023-06-22 10:22:28 | 1111100000000001 | 0000000011100000 | 00000000 | 0010011000000111 | 0000000110101100 |
| 2023-06-22 10:22:31 | 1111100000000011 | 0000000111100000 | 00000000 | 0010011000000111 | 0100000110101100 |
| 2023-06-22 10:22:33 | 1111100000000001 | 0000000011100000 | 00000000 | 0010011000000111 | 0000000110101100 |
| 2023-06-22 10:22:36 | 1111100000000001 | 0000000011100000 | 10100000 | 0010011000000111 | 0000000110101100 |
| 2023-06-22 10:22:38 | 1111100000000001 | 0000000011100000 | 00000000 | 0010011000000111 | 0000000110101100 |
| 2023-06-22 10:22:41 | 1111100000000011 | 0000000011100000 | 10100000 | 0010011000000111 | 0100000110101100 |
| 2023-06-22 10:22:43 | 1111100000000001 | 0000000011100000 | 10100000 | 0010011000000111 | 0000000110101100 |
| 2023-06-22 10:24:01 | 1111000000000001 | 0000001111100000 | 00000000 | 1010011000000011 | 0000000110101100 |
| 2023-06-22 10:24:29 | 1111000000000001 | 0000001111100000 | 00000000 | 1010011000000011 | 0000000110101100 |
| 2023-06-22 10:31:23 | 1111100000000001 | 0000001111100000 | 00000000 | 1010011000000011 | 0000000110101000 |
| 2023-06-22 10:31:28 | 1111100000000001 | 0000000011100000 | 00000000 | 0010011000000111 | 0000000110101100 |
| 2023-06-22 10:31:38 | 1111010000001001 | 0000000001100000 | 00000000 | 0011010000000001 | 0000000110101100 |
| 2023-06-22 10:31:40 | 1111010000001001 | 0000000101100000 | 00000000 | 0010010000000011 | 0000000110101100 |
| 2023-06-22 10:31:53 | 1111100000001001 | 0000000101100000 | 00000000 | 0010010000000011 | 0000000110101100 |
| 2023-06-22 10:31:55 | 1111100000101001 | 0000000101100000 | 00000000 | 0010011000010011 | 0000000110101100 |
| 2023-06-22 10:31:58 | 1111100000001001 | 0000000111000000 | 00000000 | 0010011000000011 | 0000000110101100 |
| 2023-06-22 10:32:00 | 1111100010001001 | 0000000111000000 | 00000000 | 0010011100000011 | 0000000110101100 |
| 2023-06-22 10:32:03 | 1111100001001001 | 0000000111000000 | 00000000 | 0010011000000011 | 0000000110101100 |
| 2023-06-22 10:32:08 | 1111100001001001 | 0000000111000000 | 10100000 | 0010011000001011 | 0000000110101100 |
| 2023-06-22 10:32:10 | 1111100001001001 | 0000000011100000 | 10100000 | 0010011000000011 | 0000000110101100 |
| 2023-06-22 10:32:13 | 1111100000000001 | 0000001011100000 | 00000000 | 1010011000000011 | 0000000110101100 |
| 2023-06-22 10:32:15 | 1111100000000001 | 0000001111100000 | 10100000 | 1010011000000011 | 0000000110101100 |
| 2023-06-22 10:32:18 | 1111100000000001 | 0000001111100000 | 00000000 | 1011011000000011 | 0000000110101100 |
| 2023-06-22 10:34:01 | 1111100000000001 | 0000001111100000 | 00000000 | 1011011000000011 | 0000000110101100 |
| 2023-06-22 10:36:14 | 1111100000000001 | 0000001111100000 | 00000000 | 1011011000000011 | 0000000110101100 |
| 2023-06-22 10:37:05 | 1111100000000001 | 0000001111100000 | 00000000 | 1011011000000011 | 0000000110101100 |
| 2023-06-22 10:37:31 | 1111100000000001 | 0000001111100000 | 00000000 | 1011011000000011 | 0000000110101100 |
| 2023-06-22 10:38:24 | 1111100000000001 | 0000001111100000 | 00000000 | 1011011000000011 | 0000000110101100 |
| 2023-06-22 10:40:23 | 1111100000000001 | 0000001111100000 | 00000000 | 1011011000000011 | 0000000110101100 |
| 2023-06-22 10:41:18 | 1111100000000001 | 0000001111100000 | 00000000 | 1011011000000011 | 0000000110101100 |
| 2023-06-22 10:41:42 | 1111100000000001 | 0000001111100000 | 00000000 | 1011011000000011 | 0000000110101100 |
| 2023-06-22 10:42:18 | 1111100000000001 | 0000001111100000 | 00000000 | 1011011000000011 | 0000000110101100 |
| 2023-06-22 10:42:55 | 1111100000000001 | 0000001111100000 | 00000000 | 1010011000000011 | 0000000110101100 |
| 2023-06-22 10:43:18 | 1111100000000001 | 0000001111100000 | 10100000 | 1010011000000011 | 0000000110101100 |
| 2023-06-22 10:43:20 | 1111100000000001 | 0000001111100000 | 00000000 | 1010011000000011 | 0000000110101100 |
| 2023-06-22 10:43:23 | 1111100000000001 | 0000001111100000 | 10100000 | 1010011000000011 | 0000000110101100 |
| 2023-06-22 10:43:28 | 1111100000000001 | 0000001111100000 | 00000000 | 1010011000000011 | 0000000110101100 |
| 2023-06-22 10:43:43 | 1111100000000001 | 0000001111100000 | 10100000 | 1010011000000011 | 0000000110101100 |
| 2023-06-22 10:43:48 | 1111100000000001 | 0000001111100000 | 00000000 | 1010011000000011 | 0000000110101100 |
| 2023-06-22 10:43:53 | 1111100000000001 | 0000001111100000 | 10100000 | 1010011000000011 | 0000000110101100 |
| 2023-06-22 10:44:00 | 1111100000000001 | 0000001111100000 | 00000000 | 1010011000000011 | 0000000110101100 |
| 2023-06-22 10:44:15 | 1111100000000001 | 0000001111100000 | 10100000 | 1010011000000011 | 0000000110101100 |
| 2023-06-22 10:44:18 | 1111100000000001 | 0000001111100000 | 00000000 | 1010011000000011 | 0000000110101100 |
| 2023-06-22 10:44:30 | 1111100000000001 | 0000001111100000 | 10100000 | 1010011000000011 | 0000000110101100 |
| 2023-06-22 10:44:33 | 1111100000000001 | 0000001111100000 | 00000000 | 1010011000000011 | 0000000110101100 |
| 2023-06-22 10:44:35 | 1111010000000001 | 0000001101100000 | 00000000 | 1010010000000011 | 0000000110101100 |
| 2023-06-22 10:44:38 | 1111010000000001 | 0000001101100000 | 10100000 | 0010010000000011 | 0000000110101100 |
| 2023-06-22 10:44:48 | 1111010000000001 | 0000001101100000 | 00000000 | 0010010000000011 | 0000000110101100 |
| 2023-06-22 10:44:50 | 1111010000000001 | 0000001101100000 | 10100000 | 0010010000000011 | 0000000110101100 |
| 2023-06-22 10:45:03 | 1111010000000001 | 0000001101100000 | 00000000 | 0010010000000011 | 0000000110101100 |
| 2023-06-22 10:45:28 | 1111010000000001 | 0000001101100000 | 10100000 | 0010010000000011 | 0000000110101100 |
| 2023-06-22 10:45:38 | 1111010000000001 | 0000001101100000 | 00000000 | 0010010000000011 | 0000000110101100 |
| 2023-06-22 10:46:35 | 1111100000000001 | 0000001111100000 | 10100000 | 1010011000000011 | 0000000110101100 |
| 2023-06-22 10:46:38 | 1111100000000001 | 0000001111100000 | 00000000 | 1010011000000011 | 0000000110101100 |
| 2023-06-22 10:46:40 | 1111000000000001 | 0000001111100000 | 00000000 | 1010011000000011 | 0000000110101100 |
| 2023-06-22 10:46:43 | 1111010000000001 | 0000001101100000 | 10100000 | 0010010000000011 | 0000000110101100 |
| 2023-06-22 10:46:45 | 1111010000000001 | 0000001101100000 | 00000000 | 0010010000000011 | 0000000110101100 |
| 2023-06-22 10:54:02 | 1111010000000001 | 0000001101100000 | 10100000 | 0000010000000011 | 0000000110100000 |
| 2023-06-22 10:54:06 | 1111010000000001 | 0000001101100000 | 10000000 | 0000010000000011 | 0000000110100000 |
| 2023-06-22 10:54:08 | 1111010000000001 | 0000001101100000 | 00000000 | 0000010000000011 | 0000000110100000 |
| 2023-06-22 10:54:11 | 1111010000000001 | 0000001101100000 | 10100000 | 0000010000000011 | 0000000110100000 |
| 2023-06-22 10:54:13 | 1111010000000001 | 0000001101100000 | 00000000 | 0000010000000011 | 0000000110100000 |
| 2023-06-22 10:55:31 | 1111100000000001 | 0000001111100000 | 00000000 | 1010011000000011 | 0000000110101000 |
| 2023-06-22 10:55:33 | 1111100000000001 | 0000001111100000 | 00000000 | 1011011000000011 | 0000000110101100 |
| 2023-06-22 10:55:36 | 1111010000000001 | 0000000011000000 | 00000000 | 0011010000000001 | 0000000110101100 |
| 2023-06-22 10:55:38 | 1111010000000001 | 0000000101100000 | 00000000 | 0011010000000011 | 0000000110101100 |
| 2023-06-22 10:55:41 | 1111010000000001 | 0000000101100000 | 10100000 | 0010010000000011 | 0000000110101100 |
| 2023-06-22 10:55:43 | 1111010000000001 | 0000000101100000 | 00000000 | 0010010000000011 | 0000000110101100 |
| 2023-06-22 10:55:48 | 1111010000100001 | 0000000101100000 | 00000000 | 0010011000010011 | 0000000110101100 |
| 2023-06-22 10:55:51 | 1111010000000001 | 0000000111000000 | 10100000 | 0010011000010011 | 0000000110101100 |
| 2023-06-22 10:55:53 | 1111010000000001 | 0000000111000000 | 10100000 | 0010011000000011 | 0000000110101100 |
| 2023-06-22 10:55:58 | 1111010000000001 | 0000000111000000 | 00000000 | 0010011000000011 | 0000000110101100 |
| 2023-06-22 10:56:08 | 1111010000000001 | 0000000111000000 | 10100000 | 0010011000000011 | 0000000110101100 |
| 2023-06-22 10:56:11 | 1111010000000001 | 0000000111000000 | 00000000 | 0010011000000011 | 0000000110101100 |
| 2023-06-22 10:56:13 | 1111010000000001 | 0000000111000000 | 10100000 | 0010011000000011 | 0000000110101100 |
| 2023-06-22 10:56:23 | 1111010000000001 | 0000000111000000 | 00000000 | 0010011000000011 | 0000000110101100 |
| 2023-06-22 10:56:26 | 1111010000000001 | 0000000111000000 | 00100000 | 0010011000000011 | 0000000110101100 |
| 2023-06-22 10:56:28 | 1111010000000001 | 0000000111000000 | 00000000 | 0010011000000011 | 0000000110101100 |
| 2023-06-22 10:56:31 | 1111010000000001 | 0000000111000000 | 10100000 | 0010011000000011 | 0000000110101100 |
| 2023-06-22 10:56:36 | 1111010000000001 | 0000000111000000 | 00000000 | 0010011000000011 | 0000000110101100 |
| 2023-06-22 10:57:11 | 1111000000100001 | 0000000111000000 | 00000000 | 0010011000010011 | 0000000110101100 |
| 2023-06-22 10:57:13 | 1111000010000001 | 0000000111000000 | 00000000 | 0010011100000011 | 0000000110101100 |
| 2023-06-22 10:57:16 | 1111000001000001 | 0000000111000000 | 00000000 | 0010011000000011 | 0000000110101100 |
| 2023-06-22 10:57:21 | 1111000000000001 | 0000000111000000 | 00000000 | 0010011000000011 | 0000000110101100 |
| 2023-06-22 10:57:23 | 1111000000000001 | 0000000111100000 | 00000000 | 0010011000000011 | 0000000110101100 |
| 2023-06-22 10:57:48 | 1111000000000001 | 0000000111100000 | 10100000 | 0010011000000011 | 0000000110101100 |
| 2023-06-22 10:58:03 | 1111000000000001 | 0000000111100000 | 00000000 | 0010011000000011 | 0000000110101100 |
| 2023-06-22 10:58:08 | 1111000000000001 | 0000000111100000 | 10100000 | 0010011000000011 | 0000000110101100 |
| 2023-06-22 10:58:13 | 1111000000000001 | 0000000111100000 | 00000000 | 0010011000000011 | 0000000110101100 |
| 2023-06-22 10:59:01 | 1111000000000001 | 0000000111100000 | 10100000 | 0010011000000011 | 0000000110101100 |
| 2023-06-22 10:59:03 | 1111000000000001 | 0000000111100000 | 00000000 | 0010011000000011 | 0000000110101100 |
| 2023-06-22 10:59:23 | 1111000000000001 | 0000000111100000 | 10100000 | 0010011000000011 | 0000000110101100 |
| 2023-06-22 10:59:26 | 1111000000000001 | 0000000111100000 | 00000000 | 0010011000000011 | 0000000110101100 |
| 2023-06-22 10:59:53 | 1111000000000001 | 0000000111100000 | 10100000 | 0010011000000011 | 0000000110101100 |
| 2023-06-22 10:59:56 | 1111000000000001 | 0000000111100000 | 00000000 | 0010011000000011 | 0000000110101100 |
| 2023-06-22 11:00:17 | 1111000000000001 | 0000000111100000 | 10100000 | 0010011000000011 | 0000000110101100 |
| 2023-06-22 11:00:18 | 1111000000000001 | 0000000111100000 | 00000000 | 0010011000000011 | 0000000110101100 |
| 2023-06-22 11:00:38 | 1111000000000001 | 0000000111100000 | 00000000 | 0010011000000011 | 0000000110101100 |
| 2023-06-22 11:00:38 | 1111000000000001 | 0000000111100000 | 10100000 | 0010011000000011 | 0000000110101100 |
| 2023-06-22 11:00:41 | 1111000000000001 | 0000000111100000 | 00000000 | 0010011000000011 | 0000000110101100 |
| 2023-06-22 11:03:47 | 1111000000000001 | 0000000111100000 | 00000000 | 0010011000000011 | 0000000110101100 |
| 2023-06-22 11:04:26 | 1111000000000001 | 0000001111100000 | 00000000 | 1010011000000011 | 0000000110101100 |
| 2023-06-22 11:06:06 | 1111000000000001 | 0000001111000000 | 00000000 | 0000010000000011 | 0000000110100000 |
| 2023-06-22 11:06:18 | 1111100000000001 | 0000001111000000 | 00000000 | 0000010000000011 | 0000000110100000 |
| 2023-06-22 11:06:26 | 1111100000000001 | 0000001111000000 | 00000000 | 0000010000000011 | 0000100110100000 |
| 2023-06-22 11:06:28 | 1111100000000001 | 0000001111000000 | 00000000 | 0000010000000011 | 0000000110100000 |
| 2023-06-22 11:06:31 | 1111100001000001 | 0000001111000000 | 00000000 | 0010011000000011 | 0000000110101000 |
| 2023-06-22 11:06:33 | 1111100001000001 | 0000001111000000 | 00000000 | 0010011000001011 | 0000000110101000 |
| 2023-06-22 11:06:36 | 1111100000000001 | 0000001111100000 | 00000000 | 1010011000001011 | 0000000110101000 |
| 2023-06-22 11:06:38 | 1111100000000001 | 0000001111100000 | 00000000 | 1010011000000011 | 0000000110101000 |
| 2023-06-22 11:06:41 | 1111100000000001 | 0000000011100000 | 00000000 | 0010011000000111 | 0000000110101100 |
| 2023-06-22 11:08:03 | 1111100000000001 | 0000001111100000 | 10100000 | 1010011000000011 | 0000000110101100 |
| 2023-06-22 13:06:56 | 1111000000000001 | 0000001101100000 | 00000000 | 0000010000000011 | 0000000110100000 |
| 2023-06-22 13:07:00 | 1111000000100001 | 0000001101100000 | 00000000 | 0000011000010011 | 0000000110100000 |
| 2023-06-22 13:07:02 | 1111000000000001 | 0000001111000000 | 00000000 | 0000011000000011 | 0000000110100000 |
| 2023-06-22 13:07:17 | 1111100000000001 | 0000001111000000 | 00000000 | 0000011000000011 | 0000000110100000 |
| 2023-06-22 13:07:20 | 1111100001000001 | 0000001111000000 | 00000000 | 0010011000000011 | 0000000110101000 |
| 2023-06-22 13:07:25 | 1111100000000001 | 0000001111000000 | 00000000 | 0010011000000011 | 0000000110101000 |
| 2023-06-22 13:07:27 | 1111100000000001 | 0000001111100000 | 00000000 | 1010011000000011 | 0000000110101000 |
| 2023-06-22 13:07:33 | 1111100000000001 | 0000001111100000 | 00000000 | 1011011000000011 | 0000000110101100 |
| 2023-06-22 13:07:35 | 1111100000000001 | 0000000011100000 | 00000000 | 0010011000000111 | 0000000110101100 |
| 2023-06-22 13:07:45 | 1111010000000001 | 0000000101100000 | 00000000 | 0011010000000001 | 0000000110101100 |
| 2023-06-22 13:07:47 | 1111010000000001 | 0000000101100000 | 00000000 | 0010010000000011 | 0000000110101100 |
| 2023-06-22 13:08:25 | 1111010000000001 | 0000001111100000 | 00000000 | 1010011000000011 | 0000000110101100 |
| 2023-06-22 13:08:32 | 1111100000000001 | 0000001111100000 | 00000000 | 1010011000000011 | 0000000110101100 |
| 2023-06-22 13:08:35 | 1111100000000001 | 0000000011100000 | 00000000 | 0010011000000111 | 0000000110101100 |
| 2023-06-22 13:08:47 | 1111100000000001 | 0000000011100000 | 10100000 | 0010011000000111 | 0000000110101100 |
| 2023-06-22 13:08:50 | 1111100000000001 | 0000000011100000 | 00000000 | 0010011000000111 | 0000000110101100 |
| 2023-06-22 13:08:52 | 1111100000000011 | 0000000011100000 | 00000000 | 0010011000000111 | 0100000110101100 |
| 2023-06-22 13:08:55 | 1111100000000001 | 0000000011100000 | 00000000 | 0010011000000111 | 0000000110101100 |
| 2023-06-22 13:09:02 | 1111100000000011 | 0000000111100000 | 00000000 | 0010011000000111 | 0100000110101100 |
| 2023-06-22 13:09:05 | 1111100000000001 | 0000000011100000 | 00000000 | 0010011000000111 | 0000000110101100 |
| 2023-06-22 13:09:12 | 1111100000000011 | 0000000011100000 | 00000000 | 0010011000000111 | 0100000110101100 |
| 2023-06-22 13:09:15 | 1111100000000001 | 0000000011100000 | 00000000 | 0010011000000111 | 0000000110101100 |
| 2023-06-22 13:09:22 | 1111100000000011 | 0000000011100000 | 00000000 | 0010011000000111 | 0100000110101100 |
| 2023-06-22 13:09:25 | 1111100000000001 | 0000000011100000 | 00000000 | 0010011000000111 | 0000000110101100 |
| 2023-06-22 13:09:32 | 1111100000000011 | 0000000111100000 | 00000000 | 0010011000000111 | 0100000110101100 |
| 2023-06-22 13:09:35 | 1111100000000001 | 0000000011100000 | 00000000 | 0010011000000111 | 0000000110101100 |
| 2023-06-22 13:09:42 | 1111100000000011 | 0000000111100000 | 00000000 | 0010011000000111 | 0100000110101100 |
| 2023-06-22 13:09:45 | 1111100000000001 | 0000000011100000 | 00000000 | 0010011000000111 | 0000000110101100 |
| 2023-06-22 13:09:47 | 1111100000000001 | 0000000011100000 | 10100000 | 0010011000000111 | 0000000110101100 |
| 2023-06-22 13:09:50 | 1111100000000001 | 0000000011100000 | 00000000 | 0010011000000111 | 0000000110101100 |
| 2023-06-22 13:09:52 | 1111100000000011 | 0000000111100000 | 10100000 | 0010011000000111 | 0100000110101100 |
| 2023-06-22 13:09:55 | 1111100000000001 | 0000000011100000 | 00000000 | 0010011000000111 | 0000000110101100 |
| 2023-06-22 13:10:46 | 1111100000000001 | 0000000011100000 | 00000000 | 0010011000000111 | 0000000110101100 |
| 2023-06-22 13:10:52 | 1111100000001001 | 0000000011100000 | 00000000 | 0010011000000111 | 0000000110101100 |
| 2023-06-22 13:10:55 | 1111100000000001 | 0000000011100000 | 00000000 | 0010011000000111 | 0000000110101100 |
| 2023-06-22 13:11:00 | 1111100000000011 | 0000000011100000 | 00000000 | 0010011000000111 | 0100000110101100 |
| 2023-06-22 13:11:03 | 1111100000000001 | 0000000011100000 | 00000000 | 0010011000000111 | 0000000110101100 |
| 2023-06-22 13:11:10 | 1111100000000011 | 0000000011100000 | 10100000 | 0010011000000111 | 0100000110101100 |
| 2023-06-22 13:11:13 | 1111100000000001 | 0000000011100000 | 00000000 | 0010011000000111 | 0000000110101100 |
| 2023-06-22 13:11:20 | 1111100000000001 | 0000000011100000 | 10100000 | 0010011000000111 | 0000000110101100 |
| 2023-06-22 13:11:23 | 1111100000000001 | 0000000011100000 | 00000000 | 0010011000000111 | 0000000110101100 |
| 2023-06-22 13:11:35 | 1111100000000001 | 0000000011100000 | 10100000 | 0010011000000111 | 0000000110101100 |
| 2023-06-22 13:11:37 | 1111100000000001 | 0000000011100000 | 00000000 | 0010011000000111 | 0000000110101100 |
| 2023-06-22 13:11:45 | 1111100000000001 | 0000000011100000 | 10100000 | 0010011000000111 | 0000000110101100 |
| 2023-06-22 13:11:47 | 1111100000000001 | 0000000011100000 | 00000000 | 0010011000000111 | 0000000110101100 |
| 2023-06-22 13:11:52 | 1111100000000001 | 0000000011100000 | 10100000 | 0010011000000111 | 0000000110101100 |
| 2023-06-22 13:11:57 | 1111100000000011 | 0000000111100000 | 00000000 | 0010011000000111 | 0100000110101100 |
| 2023-06-22 13:12:00 | 1111100000000001 | 0000000011100000 | 00000000 | 0010011000000111 | 0000000110101100 |
| 2023-06-22 13:12:12 | 1111100000000001 | 0000000011100000 | 10100000 | 0010011000000111 | 0000000110101100 |
| 2023-06-22 13:12:15 | 1111100000000001 | 0000000011100000 | 00000000 | 0010011000000111 | 0000000110101100 |
| 2023-06-22 13:13:57 | 1111100000000001 | 0000000011100000 | 00000000 | 0010011000000111 | 0000000110101100 |
| 2023-06-22 13:14:07 | 1111100000000011 | 0000000011100000 | 10100000 | 0010011000000111 | 0100000110101100 |
| 2023-06-22 13:14:10 | 1111100000001001 | 0000000111100000 | 00000000 | 0010011000000011 | 0000000110101100 |
| 2023-06-22 13:14:12 | 1111100000000001 | 0000000011100000 | 00000000 | 0010011000000111 | 0000000110101100 |
| 2023-06-22 13:14:25 | 1111100000000001 | 0000000011100000 | 10100000 | 0010011000000111 | 0000000110101100 |
| 2023-06-22 13:14:33 | 1111100000000001 | 0000000011100000 | 00000000 | 0010011000000111 | 0000000110101100 |
| 2023-06-22 13:14:35 | 1111100000000001 | 0000000011100000 | 10000000 | 0010011000000111 | 0000000110101100 |
| 2023-06-22 13:14:37 | 1111100000000001 | 0000000011100000 | 00000000 | 0010011000000111 | 0000000110101100 |
| 2023-06-22 13:14:40 | 1111100000000001 | 0000000011100000 | 00000000 | 0010011000000011 | 0000000110101100 |
| 2023-06-22 13:14:42 | 1111100000000001 | 0000000011100000 | 00000000 | 0010011000000111 | 0000000110101100 |
| 2023-06-22 13:14:50 | 1111100000001001 | 0000000011100000 | 00000000 | 0010011000000011 | 0000000110101100 |
| 2023-06-22 13:14:52 | 1111100000000001 | 0000000011100000 | 00000000 | 0010011000000111 | 0000000110101100 |
| 2023-06-22 13:14:57 | 1111100000000001 | 0000000011100000 | 10100000 | 0010011000000111 | 0000000110101100 |
| 2023-06-22 13:15:00 | 1111100000000001 | 0000000011100000 | 00000000 | 0010011000000111 | 0000000110101100 |
| 2023-06-22 13:15:07 | 1111100000000011 | 0000000011100000 | 10100000 | 0010011000000111 | 0100000110101100 |
| 2023-06-22 13:15:10 | 1111100000000001 | 0000000011100000 | 00000000 | 0010011000000111 | 0000000110101100 |
| 2023-06-22 13:15:12 | 1111100000000001 | 0000000011100000 | 10100000 | 0010011000000111 | 0000000110101100 |
| 2023-06-22 13:15:15 | 1111100000000001 | 0000000011100000 | 00000000 | 0010011000000111 | 0000000110101100 |
| 2023-06-22 13:15:32 | 1111010000000001 | 0000000101100000 | 00000000 | 0011010000000001 | 0000000110101100 |
| 2023-06-22 13:15:35 | 1111010000000001 | 0000000101100000 | 00000000 | 0011010000000011 | 0000000110101100 |
| 2023-06-22 13:15:37 | 1111010000000001 | 0000000101100000 | 00000000 | 0010010000000011 | 0000000110101100 |
| 2023-06-22 13:15:45 | 1111010000100001 | 0000000111000000 | 00000000 | 0010011000010011 | 0000000110101100 |
| 2023-06-22 13:15:47 | 1111010000000001 | 0000000111000000 | 10100000 | 0010011000000011 | 0000000110101100 |
| 2023-06-22 13:15:50 | 1111010001000001 | 0000000111000000 | 00000000 | 0010011000000011 | 0000000110101100 |
| 2023-06-22 13:15:55 | 1111010001000001 | 0000000111100000 | 00000000 | 0010011000000011 | 0000000110101100 |
| 2023-06-22 13:15:57 | 1111010001000001 | 0000000011100000 | 10100000 | 0010011000000011 | 0000000110101100 |
| 2023-06-22 13:16:00 | 1111010001000001 | 0000001111100000 | 00000000 | 0010011000000011 | 0000000110101100 |
| 2023-06-22 13:16:02 | 1111010000000001 | 0000001111100000 | 00000000 | 1010011000000011 | 0000000110101100 |
| 2023-06-22 13:16:05 | 1111100000000001 | 0000001111100000 | 00000000 | 1010011000000011 | 0000000110101100 |
| 2023-06-22 13:16:07 | 1111100000001001 | 0000001111100000 | 00000000 | 0010011000000011 | 0000000110101100 |
| 2023-06-22 13:16:10 | 1111100000000001 | 0000001011100000 | 00000000 | 0010011000000111 | 0000000110101100 |
| 2023-06-22 13:16:12 | 1111100000000001 | 0000000011100000 | 00000000 | 0010011000000111 | 0000000110101100 |
| 2023-06-22 13:16:17 | 1111100000000011 | 0000000011100000 | 00000000 | 0010011000000111 | 0100000110101100 |
| 2023-06-22 13:16:20 | 1111100000000001 | 0000000011100000 | 00000000 | 0010011000000111 | 0000000110101100 |
| 2023-06-22 13:16:35 | 1111100000000001 | 0000001111100000 | 10100000 | 1011011000000011 | 0000000110101100 |
| 2023-06-22 13:16:37 | 1111100000000001 | 0000001111100000 | 00000000 | 1010011000000011 | 0000000110101100 |
| 2023-06-22 13:16:40 | 1111100000000001 | 0000000011100000 | 00000000 | 0010011000000111 | 0000000110101100 |
| 2023-06-22 13:16:42 | 0000100000000000 | 0000000010100000 | 00000000 | 0011011000000011 | 0000000110101100 |
| 2023-06-22 13:16:45 | 0000100000000000 | 0000000100100000 | 10100000 | 0011011000000011 | 0000000110001100 |
| 2023-06-22 13:16:47 | 1111100000000001 | 0000000101100000 | 00000000 | 0010011000000011 | 0000000110001100 |
| 2023-06-22 13:16:50 | 1111100000000001 | 0000000101100000 | 00000000 | 0010011000000011 | 0000000110101100 |
| 2023-06-22 13:16:52 | 1111100000000001 | 0000000101100000 | 10100000 | 0010011000000011 | 0000000110101100 |
| 2023-06-22 13:16:55 | 1111100000000001 | 0000000101100000 | 00000000 | 0010011000000011 | 0000000110101100 |
| 2023-06-22 13:16:57 | 1111100000100001 | 0000000101100000 | 00000000 | 0010011000000011 | 0000000110101100 |
| 2023-06-22 13:17:00 | 1111100000000001 | 0000000111000000 | 00000000 | 0010011000000011 | 0000000110101100 |
| 2023-06-22 13:17:02 | 1111100000000001 | 0000000111000000 | 10100000 | 0010011000000011 | 0000000110101100 |
| 2023-06-22 13:17:05 | 1111100000000001 | 0000000111000000 | 00000000 | 0010011000000011 | 0000000110101100 |
| 2023-06-22 13:17:10 | 1111100001000001 | 0000000111000000 | 00000000 | 0010011000000011 | 0000000110101100 |
| 2023-06-22 13:17:15 | 1111100000000001 | 0000000011100000 | 00000000 | 0010011000000011 | 0000000110101100 |
| 2023-06-22 13:17:17 | 1111100000000001 | 0000001011100000 | 00000000 | 0010011000000011 | 0000000110101100 |
| 2023-06-22 13:17:20 | 1111100000000001 | 0000001111100000 | 00000000 | 1010011000000011 | 0000000110101100 |
| 2023-06-22 13:17:22 | 0000100000000000 | 0000001111100000 | 00000000 | 1010011000000011 | 0000000110101100 |
| 2023-06-22 13:18:10 | 1111100001000001 | 0000001111100000 | 10100000 | 1010011000000011 | 0000000110101100 |
| 2023-06-22 13:18:12 | 1111100000000001 | 0000001111100000 | 00000000 | 1010011000000011 | 0000000110101100 |
| 2023-06-22 13:18:15 | 1111101000000001 | 0000001111100000 | 00000000 | 1011011000000011 | 0000000110101100 |
| 2023-06-22 13:18:17 | 1111100000000001 | 0000000011100000 | 00000000 | 0010011000000111 | 0000000110101100 |
| 2023-06-22 13:19:32 | 1111000000000001 | 0000001111100000 | 00000000 | 1010011000000011 | 0000000110101100 |
| 2023-06-22 13:20:32 | 1111010000000001 | 0000001111100000 | 00000000 | 1010010000000011 | 0000000110101100 |
| 2023-06-22 13:20:35 | 1111010000000001 | 0000001101100000 | 00000000 | 0010010000000011 | 0000000110101100 |
| 2023-06-22 13:24:40 | 1111100000000001 | 0000001111100000 | 00000000 | 1011011000000011 | 0000000110101100 |
| 2023-06-22 13:24:42 | 1111100000000001 | 0000000011100000 | 00000000 | 0010011000000111 | 0000000110101100 |
| 2023-06-22 13:24:53 | 0000100000000001 | 0000000011100000 | 00000000 | 0010011000000111 | 0000000110101100 |
| 2023-06-22 13:25:35 | 1111100000000001 | 0000001111100000 | 00000000 | 1010011000000011 | 0000000110101100 |
| 2023-06-22 13:25:40 | 1111101000000001 | 0000001111100000 | 00000000 | 1010011000000011 | 0000000110101100 |
| 2023-06-22 13:25:42 | 1111100000000001 | 0000000011100000 | 00000000 | 0010011000000111 | 0000000110101100 |
| 2023-06-22 13:25:45 | 1111000000000001 | 0000000111000000 | 00000000 | 0011011000000011 | 0000000110101100 |
| 2023-06-22 13:25:47 | 1111000000000001 | 0000000111000000 | 00000000 | 0010011000000011 | 0000000110101100 |
| 2023-06-22 13:27:22 | 1111000000000001 | 0000001111100000 | 00000000 | 1010011000000011 | 0000000110101100 |
| 2023-06-22 13:27:25 | 1111100000000001 | 0000001111100000 | 00000000 | 1010011000000011 | 0000000110101100 |
| 2023-06-22 13:27:27 | 1111100000000001 | 0000000011100000 | 00000000 | 0010011000000111 | 0000000110101100 |
| 2023-06-22 13:27:45 | 1111100000000011 | 0000000011100000 | 00000000 | 0010011000000111 | 0100000110101100 |
| 2023-06-22 13:27:47 | 1111100000000001 | 0000000011100000 | 00000000 | 0010011000000111 | 0000000110101100 |
| 2023-06-22 13:27:52 | 1111010000000001 | 0000000011000000 | 00000000 | 0011010000000001 | 0000000110101100 |
| 2023-06-22 13:27:55 | 1111010000000001 | 0000000101100000 | 00000000 | 0010010000000011 | 0000000110101100 |
| 2023-06-22 13:28:15 | 1111010000000001 | 0000000100100000 | 00000000 | 0010010000000011 | 0000000110101100 |
| 2023-06-22 13:28:17 | 1111010000000001 | 0000000100100000 | 00000000 | 0010010000000011 | 0000000110001100 |
| 2023-06-22 13:28:40 | 1111010000000001 | 0000000101100000 | 00000000 | 0010010000000011 | 0000000110001100 |
| 2023-06-22 13:28:42 | 1111010000000001 | 0000000101100000 | 00000000 | 0010010000000011 | 0000000110101100 |
| 2023-06-22 13:28:55 | 1111010000100001 | 0000000101100000 | 00000000 | 0010010000000011 | 0000000110101100 |
| 2023-06-22 13:28:57 | 1111010000000001 | 0000000111000000 | 00000000 | 0010011000000011 | 0000000110101100 |
| 2023-06-22 13:29:02 | 1111010000000001 | 0000000100100000 | 00000000 | 0010011000000011 | 0000000110001100 |
| 2023-06-22 13:29:15 | 1111010000000001 | 0000000101100000 | 00000000 | 0010011000000011 | 0000000110101100 |
| 2023-06-22 13:29:22 | 1111010000000001 | 0000000111000000 | 00000000 | 0010011000000011 | 0000000110101100 |
| 2023-06-22 13:29:30 | 1111010000000001 | 0000000100100000 | 00000000 | 0010011000000011 | 0000000110101100 |
| 2023-06-22 13:29:32 | 1111010000000001 | 0000000100100000 | 00000000 | 0010011000000011 | 0000000110001100 |
| 2023-06-22 13:29:40 | 1111010000000001 | 0000000101100000 | 00000000 | 0010011000000011 | 0000000110101100 |
| 2023-06-22 13:29:47 | 1111010000100001 | 0000000111000000 | 00000000 | 0010011000010011 | 0000000110101100 |
| 2023-06-22 13:29:50 | 1111010000000001 | 0000000111000000 | 00000000 | 0010011000000011 | 0000000110101100 |
| 2023-06-22 13:31:25 | 1111010000000001 | 0000001111100000 | 00000000 | 1010011000000011 | 0000000110101100 |
| 2023-06-22 13:31:27 | 1111010000000001 | 0000001100100000 | 00000000 | 0010011000000011 | 0000000110001100 |
| 2023-06-22 13:31:35 | 1111010000000001 | 0000001101100000 | 00000000 | 0010011000000011 | 0000000110001100 |
| 2023-06-22 13:31:37 | 1111010000000001 | 0000001101100000 | 00000000 | 0010011000000011 | 0000000110101100 |
| 2023-06-22 13:31:42 | 1111010000000001 | 0000001111000000 | 00000000 | 0010011000010011 | 0000000110101100 |
| 2023-06-22 13:31:45 | 1111010000000001 | 0000001111000000 | 00000000 | 0010011000000011 | 0000000110101100 |
| 2023-06-22 13:31:50 | 1111010000000001 | 0000001000100000 | 00000000 | 0010011000000011 | 0000000110101100 |
| 2023-06-22 13:31:52 | 1111010000000001 | 0000001100100000 | 00000000 | 0010011000000011 | 0000000110001100 |
| 2023-06-22 13:31:55 | 1111010000000001 | 0000001101100000 | 00000000 | 0010011000000011 | 0000000110101100 |
| 2023-06-22 13:31:57 | 1111010000100001 | 0000001101100000 | 00000000 | 0010011000010011 | 0000000110101100 |
| 2023-06-22 13:32:00 | 1111010000000001 | 0000001111000000 | 00000000 | 0010011000000011 | 0000000110101100 |
| 2023-06-22 13:32:57 | 1111100000000001 | 0000001111100000 | 00000000 | 1010011000000011 | 0000100110101100 |
| 2023-06-22 13:33:00 | 1111100000000001 | 0000001111100000 | 00000000 | 1010011000000011 | 0000000110101100 |
| 2023-06-22 13:33:02 | 1111100000000001 | 0000000011100000 | 00000000 | 0010011000000111 | 0000000110101100 |
| 2023-06-22 13:33:07 | 1111100000000001 | 0000000100100000 | 00000000 | 0011011000000011 | 0000000110001100 |
| 2023-06-22 13:33:10 | 1111100000000001 | 0000000100100000 | 00000000 | 0010011000000011 | 0000000110001100 |
| 2023-06-22 13:33:15 | 1111100000000001 | 0000000101100000 | 00000000 | 0010011000000011 | 0000000110101100 |
| 2023-06-22 13:33:22 | 1111100000100001 | 0000000101100000 | 00000000 | 0010011000010011 | 0000000110101100 |
| 2023-06-22 13:33:25 | 1111100000000001 | 0000000111000000 | 00000000 | 0010011000000011 | 0000000110101100 |
| 2023-06-22 16:32:15 | 1111100000000001 | 0000000011100000 | 00000000 | 0010011000000111 | 0000000110101100 |
| 2023-06-22 16:32:20 | 1111100000000001 | 0000000011100000 | 00000000 | 0010011000000111 | 0000000110101100 |
| 2023-06-22 16:37:01 | 1111100000001001 | 0000000011100000 | 00000000 | 0010011000000011 | 0000000110101100 |
| 2023-06-22 16:39:05 | 1111100000000001 | 0000000011100000 | 00000000 | 0010011000000111 | 0000000110101100 |
| 2023-06-22 16:40:31 | 1111100000000001 | 0000001111100000 | 00000000 | 1010011000000011 | 0000000110101100 |
| 2023-06-22 16:40:32 | 1111100000000001 | 0000001111100000 | 10100000 | 1010011000000011 | 0000000110101100 |
| 2023-06-22 16:40:36 | 1111100000000001 | 0000001111100000 | 10000000 | 1010011000000011 | 0000000110101100 |
| 2023-06-22 16:40:39 | 1111100000000001 | 0000001111100000 | 10100000 | 1010011000000011 | 0000000110101100 |
| 2023-06-22 16:40:49 | 1111100000000001 | 0000001111100000 | 00000000 | 1010011000000011 | 0000000110101100 |
| 2023-06-22 16:40:57 | 1111100000000001 | 0000001111100000 | 10100000 | 1010011000000011 | 0000000110101100 |
| 2023-06-22 16:40:59 | 1111100000000001 | 0000001111100000 | 00000000 | 1010011000000011 | 0000000110101100 |
| 2023-06-22 16:41:04 | 1111100000000001 | 0000001111100000 | 10100000 | 1010011000000011 | 0000000110101100 |
| 2023-06-22 16:41:09 | 1111100000000001 | 0000001111100000 | 00000000 | 1010011000000011 | 0000000110101100 |
| 2023-06-22 16:41:19 | 1111100000000001 | 0000001111100000 | 00000000 | 1010011000000111 | 0000000110101100 |
| 2023-06-22 16:41:22 | 1111100000000001 | 0000000011100000 | 00000000 | 0010011000000111 | 0000000110101100 |
| 2023-06-22 16:41:29 | 1111100000001001 | 0000000011100000 | 00000000 | 0010011000000011 | 0000000110101100 |
| 2023-06-22 16:41:32 | 1111100000000001 | 0000000011100000 | 00000000 | 0010011000000111 | 0000000110101100 |
| 2023-06-22 16:41:39 | 1111100000001001 | 0000000011100000 | 00000000 | 0010011000000111 | 0000000110101100 |
| 2023-06-22 16:41:41 | 1111100000000001 | 0000000011100000 | 00000000 | 0010011000000111 | 0000000110101100 |
| 2023-06-22 16:44:31 | 1111100000000001 | 0000000011100000 | 00000000 | 0010011000000111 | 0000000110101100 |
| 2023-06-22 16:44:45 | 1111100000000001 | 0000000011100000 | 00000000 | 0010011000000011 | 0000000110101100 |
| 2023-06-22 16:44:47 | 1111100000000001 | 0000000011100000 | 00000000 | 0010011000000111 | 0000000110101100 |
| 2023-06-22 16:44:52 | 1111100000000011 | 0000000011100000 | 00000000 | 0010011000000111 | 0100000110101100 |
| 2023-06-22 16:44:55 | 1111100000000001 | 0000000011100000 | 00000000 | 0010011000000111 | 0000000110101100 |
| 2023-06-22 16:45:01 | 1111100000000011 | 0000000011100000 | 00000000 | 0010011000000111 | 0100000110101100 |
| 2023-06-22 16:45:04 | 1111100000000001 | 0000000011100000 | 00000000 | 0010011000000111 | 0000000110101100 |
| 2023-06-22 16:45:29 | 1111100000000011 | 0000000011100000 | 00000000 | 0010011000000111 | 0100000110101100 |
| 2023-06-22 16:45:32 | 1111100000000001 | 0000000011100000 | 00000000 | 0010011000000111 | 0000000110101100 |
| 2023-06-22 16:45:49 | 1111100000001001 | 0000000011100000 | 00000000 | 0010011000000011 | 0000000110101100 |
| 2023-06-22 16:45:51 | 1111100000000001 | 0000000011100000 | 00000000 | 0010011000000111 | 0000000110101100 |
| 2023-06-22 16:45:56 | 1111100000000011 | 0000000011100000 | 00000000 | 0010011000000111 | 0100000110101100 |
| 2023-06-22 16:45:59 | 1111100000000001 | 0000000011100000 | 00000000 | 0010011000000111 | 0000000110101100 |
| 2023-06-22 16:46:07 | 1111100000000001 | 0000000011100000 | 00000000 | 0010011000000011 | 0000000110101100 |
| 2023-06-22 16:46:09 | 1111100000000001 | 0000000011100000 | 00000000 | 0010011000000111 | 0000000110101100 |
| 2023-06-22 16:46:13 | 1111100000000001 | 0000000011100000 | 00000000 | 0010011000000111 | 0000000110101100 |
| 2023-06-22 16:46:44 | 1111100000000011 | 0000000011100000 | 00000000 | 0010011000000111 | 0100000110101100 |
| 2023-06-22 16:46:47 | 1111100000000001 | 0000000011100000 | 00000000 | 0010011000000111 | 0000000110101100 |
| 2023-06-22 16:47:12 | 1111100000000011 | 0000000011100000 | 00000000 | 0010011000000111 | 0100000110101100 |
| 2023-06-22 16:47:14 | 1111100000000001 | 0000000011100000 | 00000000 | 0010011000000111 | 0000000110101100 |
| 2023-06-22 16:47:21 | 1111100000000001 | 0000000011100000 | 00000000 | 0010011000000011 | 0000000110101100 |
| 2023-06-22 16:47:24 | 1111100000000001 | 0000000011100000 | 00000000 | 0010011000000111 | 0000000110101100 |
| 2023-06-22 16:47:29 | 1111100000000011 | 0000000011100000 | 00000000 | 0010011000000111 | 0100000110101100 |
| 2023-06-22 16:47:32 | 1111100000000001 | 0000000011100000 | 00000000 | 0010011000000111 | 0000000110101100 |
| 2023-06-22 16:47:39 | 1111100000001001 | 0000000011100000 | 00000000 | 0010011000000011 | 0000000110101100 |
| 2023-06-22 16:47:42 | 1111100000000001 | 0000000011100000 | 00000000 | 0010011000000111 | 0000000110101100 |
| 2023-06-22 16:47:49 | 1111100000000011 | 0000000011100000 | 00000000 | 0010011000000111 | 0100000110101100 |
| 2023-06-22 16:47:51 | 1111100000000001 | 0000000011100000 | 00000000 | 0010011000000111 | 0000000110101100 |
| 2023-06-22 16:47:59 | 1111100000000011 | 0000000011100000 | 00000000 | 0010011000000111 | 0100000110101100 |
| 2023-06-22 16:48:02 | 1111100000000001 | 0000000011100000 | 00000000 | 0010011000000111 | 0000000110101100 |
| 2023-06-22 16:48:09 | 1111100000000011 | 0000000011100000 | 00000000 | 0010011000000111 | 0100000110101100 |
| 2023-06-22 16:48:12 | 1111100000000001 | 0000000011100000 | 00000000 | 0010011000000111 | 0000000110101100 |
| 2023-06-22 16:48:19 | 1111100000000001 | 0000000011100000 | 10100000 | 0010011000000111 | 0000000110101100 |
| 2023-06-22 16:48:21 | 1111100000000001 | 0000000011100000 | 00000000 | 0010011000000111 | 0000000110101100 |
| 2023-06-22 16:48:46 | 1111100000000011 | 0000000011100000 | 00000000 | 0010011000000111 | 0100000110101100 |
| 2023-06-22 16:48:50 | 1111100000000001 | 0000000011100000 | 00000000 | 0010011000000111 | 0000000110101100 |
| 2023-06-22 16:49:14 | 1111100000000011 | 0000000011100000 | 00000000 | 0010011000000111 | 0100000110101100 |
| 2023-06-22 16:49:24 | 1111100000000001 | 0000001111100000 | 10100000 | 1011011000000011 | 0000000110101100 |
| 2023-06-22 16:49:26 | 1111100000000001 | 0000001111100000 | 10100000 | 1010011000000011 | 0000000110101100 |
| 2023-06-22 16:49:32 | 1111100000000001 | 0000001111100000 | 00000000 | 1010011000000011 | 0000000110101100 |
| 2023-06-22 16:49:44 | 1111100000000001 | 0000001111100000 | 00000000 | 1010011000000011 | 0000000000000000 |
| 2023-06-22 16:49:45 | 1111100000000001 | 0000001111100000 | 00000000 | 1010011000000011 | 0000000110101100 |
| 2023-06-22 16:49:49 | 1111100000000001 | 0000001111100000 | 10100000 | 1010011000000011 | 0000000110101100 |
| 2023-06-22 16:49:52 | 1111100000000001 | 0000001111100000 | 00000000 | 1010011000000011 | 0000000110101100 |
| 2023-06-22 16:50:04 | 1111100000000001 | 0000001111100000 | 10100000 | 1010011000000011 | 0000000110101100 |
| 2023-06-22 16:50:09 | 1111100000000001 | 0000001111100000 | 00000000 | 1011011000000011 | 0000000110101100 |
| 2023-06-22 16:50:11 | 1111100000000001 | 0000000011100000 | 00000000 | 0010011000000111 | 0000000110101100 |
| 2023-06-22 16:50:27 | 1111100000000001 | 0000000011100000 | 00000000 | 0010011000000111 | 0000000110101100 |
| 2023-06-22 16:56:12 | 1111100000000001 | 0000001011100000 | 00000000 | 1010011000000111 | 0000000110101100 |
| 2023-06-22 16:56:14 | 1111100000000001 | 0000000011100000 | 00000000 | 0010011000000111 | 0000000110101100 |
| 2023-06-22 16:56:19 | 1111100000000011 | 0000000011100000 | 00000000 | 0010011000000111 | 0100000110101100 |
| 2023-06-22 16:56:21 | 1111100000000001 | 0000000011100000 | 00000000 | 0010011000000111 | 0000000110101100 |
| 2023-06-22 16:56:29 | 1111100000000011 | 0000000011100000 | 00000000 | 0010011000000111 | 0100000110101100 |
| 2023-06-22 16:56:31 | 1111100000000001 | 0000000011100000 | 00000000 | 0010011000000111 | 0000000110101100 |
| 2023-06-22 16:56:39 | 1111100000000011 | 0000000111100000 | 00000000 | 0010011000000111 | 0100000110101100 |
| 2023-06-22 16:56:41 | 1111100000000001 | 0000000011100000 | 00000000 | 0010011000000111 | 0000000110101100 |
| 2023-06-22 16:56:49 | 1111100000000011 | 0000000011100000 | 00000000 | 0010011000000111 | 0100000110101100 |
| 2023-06-22 16:56:51 | 1111100000000001 | 0000000011100000 | 00000000 | 0010011000000111 | 0000000110101100 |
| 2023-06-22 16:56:58 | 1111100000000011 | 0000000111100000 | 00000000 | 0010011000000111 | 0100000110101100 |
| 2023-06-22 16:57:02 | 1111010000000001 | 0000000011100000 | 00000000 | 0011010000000001 | 0000000110101100 |
| 2023-06-22 16:57:04 | 1111010000000001 | 0000000101100000 | 10100000 | 0011010000000011 | 0000000110101100 |
| 2023-06-22 16:57:06 | 1111010000000001 | 0000000101100000 | 00000000 | 0010010000000011 | 0000000110101100 |
| 2023-06-22 16:57:14 | 1111100000100001 | 0000000101100000 | 00000000 | 0010011000010011 | 0000000110101100 |
| 2023-06-22 16:57:16 | 1111100000100001 | 0000000111000000 | 00000000 | 0010011000010011 | 0000000110101100 |
| 2023-06-22 16:57:19 | 1111100000000001 | 0000000111000000 | 00000000 | 0010011000010011 | 0000000110101100 |
| 2023-06-22 16:57:21 | 1111100000000001 | 0000000100100000 | 00000000 | 0010011000000011 | 0000000110001100 |
| 2023-06-22 16:57:29 | 1111100000100001 | 0000000101000000 | 00000000 | 0010011000010011 | 0000000110101100 |
| 2023-06-22 16:57:32 | 1111100000000001 | 0000000111000000 | 00000000 | 0010011000000011 | 0000000110101100 |
| 2023-06-22 16:57:36 | 0000100000000000 | 0000000100100000 | 00000000 | 0010011000000011 | 0000000110001100 |
| 2023-06-22 16:57:41 | 0000100000000000 | 0000000100100000 | 10100000 | 0010011000000011 | 0000000110001100 |
| 2023-06-22 16:57:44 | 0000100000000000 | 0000000100100000 | 00000000 | 0010011000000011 | 0000000110001100 |
| 2023-06-22 16:57:46 | 1111100000000001 | 0000000101100000 | 10100000 | 0010011000000011 | 0000000110101100 |
| 2023-06-22 16:57:49 | 1111100000000001 | 0000000101100000 | 00000000 | 0010011000000011 | 0000000110101100 |
| 2023-06-22 16:57:53 | 1111100000100001 | 0000000111000000 | 00000000 | 0010011000010011 | 0000000110101100 |
| 2023-06-22 16:57:56 | 1111100000000001 | 0000000111000000 | 00000000 | 0010011000000011 | 0000000110101100 |
| 2023-06-22 16:59:57 | 1111100000000001 | 0000001111100000 | 00000000 | 1010011000000011 | 0000000110101100 |
| 2023-06-22 17:00:04 | 1111100000000001 | 0000001111100000 | 00000000 | 1011011000000011 | 0000100110101100 |
| 2023-06-22 17:00:06 | 1111100000000001 | 0000000011100000 | 00000000 | 0010011000000111 | 0000000110101100 |
| 2023-06-22 17:00:34 | 1111100000000001 | 0000001111100000 | 00000000 | 1010011000000011 | 0000000110101100 |
| 2023-06-22 17:00:36 | 1111010000000001 | 0000001001100000 | 00000000 | 1010010000000011 | 0000000110101100 |
| 2023-06-22 17:00:39 | 1111010000000001 | 0000001101100000 | 00000000 | 0010010000000011 | 0000000110101100 |
| 2023-06-22 17:00:41 | 1111100000000001 | 0000001101100000 | 00000000 | 0010010000000011 | 0000000110101100 |
| 2023-06-22 17:00:43 | 1111100000100001 | 0000001111000000 | 00000000 | 0010011000010011 | 0000000110101100 |
| 2023-06-22 17:00:46 | 1111100000000001 | 0000001111000000 | 00000000 | 0010011000010011 | 0000000110101100 |
| 2023-06-22 17:00:49 | 1111100000000001 | 0000001111000000 | 00000000 | 0010011000000011 | 0000000110101100 |
| 2023-06-22 17:00:52 | 1111100000000001 | 0000001100100000 | 00000000 | 0010011000000011 | 0000000110001100 |
| 2023-06-22 17:00:54 | 1111100000000001 | 0000001101100000 | 00000000 | 0010011000000011 | 0000000110001100 |
| 2023-06-22 17:00:56 | 1111100000000001 | 0000001101100000 | 00000000 | 0010011000000011 | 0000000110101100 |
| 2023-06-22 17:00:59 | 1111100000100001 | 0000001111000000 | 00000000 | 0010011000010011 | 0000000110101100 |
| 2023-06-22 17:01:01 | 1111100000000001 | 0000001111000000 | 00000000 | 0010011000000011 | 0000000110101100 |
| 2023-06-22 17:02:29 | 1111100000000001 | 0000001111100000 | 00000000 | 1010011000000011 | 0000000110101100 |
| 2023-06-22 17:02:34 | 1111100000000001 | 0000000011100000 | 00000000 | 0010011000000111 | 0000000110101100 |
| 2023-06-22 17:02:41 | 1111100000000001 | 0000000011100000 | 10100000 | 0010011000000111 | 0000000110101100 |
| 2023-06-22 17:02:44 | 1111100000000001 | 0000000011100000 | 00000000 | 0010011000000111 | 0000000110101100 |
| 2023-06-22 17:02:52 | 1111100000000011 | 0000000011100000 | 00000000 | 0010011000000111 | 0100000110101100 |
| 2023-06-22 17:02:54 | 1111100000000001 | 0000000011100000 | 00000000 | 0010011000000111 | 0000000110101100 |
| 2023-06-22 17:03:01 | 1111100000000011 | 0000000011100000 | 00000000 | 0010011000000111 | 0100000110101100 |
| 2023-06-22 17:03:04 | 1111100000000001 | 0000000011100000 | 00000000 | 0010011000000111 | 0000000110101100 |
| 2023-06-22 17:03:11 | 1111100000000011 | 0000000011100000 | 00000000 | 0010011000000111 | 0100000110101100 |
| 2023-06-22 17:03:13 | 1111100000000001 | 0000000011100000 | 00000000 | 0010011000000111 | 0000000110101100 |
| 2023-06-22 17:03:21 | 1111100000000011 | 0000000011100000 | 00000000 | 0010011000000111 | 0100000110101100 |
| 2023-06-22 17:03:24 | 1111100000000001 | 0000000011100000 | 00000000 | 0010011000000111 | 0000000110101100 |
| 2023-06-22 17:03:31 | 1111100000000011 | 0000000011100000 | 00000000 | 0010011000000111 | 0100000110101100 |
| 2023-06-22 17:03:34 | 1111100000000001 | 0000000011100000 | 00000000 | 0010011000000111 | 0000000110101100 |
| 2023-06-22 17:03:42 | 1111100000000011 | 0000000111100000 | 00000000 | 0010011000000111 | 0100000110101100 |
| 2023-06-22 17:03:44 | 1111100000000001 | 0000000011100000 | 00000000 | 0010011000000111 | 0000000110101100 |
| 2023-06-22 17:03:51 | 1111100000000011 | 0000000011100000 | 00000000 | 0010011000000111 | 0100000110101100 |
| 2023-06-22 17:03:54 | 1111100000000001 | 0000000011100000 | 00000000 | 0010011000000111 | 0000000110101100 |
| 2023-06-22 17:04:01 | 1111100000000011 | 0000000011100000 | 00000000 | 0010011000000111 | 0100000110101100 |
| 2023-06-22 17:04:03 | 1111100000000001 | 0000000011100000 | 00000000 | 0010011000000111 | 0000000110101100 |
| 2023-06-22 17:05:51 | 1111100000000001 | 0000000011100000 | 00000000 | 0000000000000000 | 0000000000000000 |
| 2023-06-22 17:05:52 | 1111100000000001 | 0000000011100000 | 00000000 | 0010011000000111 | 0000000110101100 |
| 2023-06-22 17:05:57 | 1111100000000011 | 0000000011100000 | 00000000 | 0010011000000111 | 0100000110101100 |
| 2023-06-22 17:05:59 | 1111100000000001 | 0000000011100000 | 00000000 | 0010011000000111 | 0000000110101100 |
| 2023-06-22 17:06:26 | 1111100000000001 | 0000000011100000 | 00000000 | 0010011000000011 | 0000000110101100 |
| 2023-06-22 17:06:29 | 1111100000000001 | 0000000011100000 | 00000000 | 0010011000000111 | 0000000110101100 |
| 2023-06-22 17:06:34 | 1111100000000011 | 0000000011100000 | 00000000 | 0010011000000111 | 0100000110101100 |
| 2023-06-22 17:06:36 | 1111100000000001 | 0000000011100000 | 00000000 | 0010011000000111 | 0000000110101100 |
| 2023-06-22 17:06:44 | 1111100000000001 | 0000000011100000 | 10100000 | 0010011000000111 | 0000000110101100 |
| 2023-06-22 17:06:46 | 1111100000000001 | 0000000011100000 | 00000000 | 0010011000000111 | 0000000110101100 |
| 2023-06-22 17:06:49 | 1111100000000001 | 0000000011100000 | 10100000 | 0010011000000111 | 0000000110101100 |
| 2023-06-22 17:06:51 | 1111100000000001 | 0000000011100000 | 00000000 | 0010011000000111 | 0000000110101100 |
| 2023-06-22 17:06:54 | 1111100000001001 | 0000000011100000 | 00000000 | 0010011000000011 | 0000000110101100 |
| 2023-06-22 17:06:56 | 1111100000000001 | 0000000011100000 | 00000000 | 0010011000000111 | 0000000110101100 |
| 2023-06-22 17:07:02 | 1111100000000011 | 0000000011100000 | 00000000 | 0010011000000111 | 0100000110101100 |
| 2023-06-22 17:07:04 | 1111100000000001 | 0000000011100000 | 00000000 | 0010011000000111 | 0000000110101100 |
| 2023-06-22 17:07:11 | 1111100000000001 | 0000000011100000 | 00000000 | 0010011000000011 | 0000000110101100 |
| 2023-06-22 17:07:14 | 1111100000000001 | 0000000011100000 | 00000000 | 0010011000000111 | 0000000110101100 |
| 2023-06-22 17:07:19 | 1111100000000011 | 0000000011100000 | 00000000 | 0010011000000111 | 0100000110101100 |
| 2023-06-22 17:07:21 | 1111100000001001 | 0000000011100000 | 00000000 | 0010011000000011 | 0000000110101100 |
| 2023-06-22 17:07:24 | 1111100000000001 | 0000000011100000 | 00000000 | 0010011000000111 | 0000000110101100 |
| 2023-06-22 17:07:39 | 1111100000000011 | 0000000011100000 | 00000000 | 0010011000000111 | 0100000110101100 |
| 2023-06-22 17:07:42 | 1111100000000001 | 0000000011100000 | 00000000 | 0010011000000111 | 0000000110101100 |
| 2023-06-22 17:07:58 | 1111100000000001 | 0000000011100000 | 10000000 | 0010011000000111 | 0000000110101100 |
| 2023-06-22 17:08:01 | 1111100000000001 | 0000000011100000 | 00000000 | 0010011000000111 | 0000000110101100 |
| 2023-06-22 17:08:16 | 1111100000000011 | 0000000011100000 | 00000000 | 0010011000000111 | 0100000110101100 |
| 2023-06-22 17:08:19 | 1111100000000001 | 0000000011100000 | 00000000 | 0010011000000111 | 0000000110101100 |
| 2023-06-22 17:08:34 | 1111100000000011 | 0000000011100000 | 00000000 | 0010011000000111 | 0100000110101100 |
| 2023-06-22 17:08:36 | 1111100000000001 | 0000000011100000 | 00000000 | 0010011000000111 | 0000000110101100 |
| 2023-06-22 17:08:44 | 1111100000000001 | 0000000011100000 | 10100000 | 0010011000000111 | 0000000110101100 |
| 2023-06-22 17:08:46 | 1111100000000001 | 0000000011100000 | 00000000 | 0010011000000111 | 0000000110101100 |
| 2023-06-22 17:08:51 | 1111100000000011 | 0000000011100000 | 00000000 | 0010011000000111 | 0100000110101100 |
| 2023-06-22 17:08:54 | 1111100000001001 | 0000000111100000 | 00000000 | 0010011000000011 | 0000000110101100 |
| 2023-06-22 17:08:56 | 1111100000000001 | 0000000011100000 | 00000000 | 0010011000000111 | 0000000110101100 |
| 2023-06-22 17:09:34 | 1111100000000001 | 0000000011100000 | 00000000 | 0010011000000011 | 0000000110101100 |
| 2023-06-22 17:09:36 | 1111100000000001 | 0000000011100000 | 00000000 | 0010011000000111 | 0000000110101100 |
| 2023-06-22 17:09:51 | 1111100000000011 | 0000000011100000 | 10100000 | 0010011000000111 | 0100000110101100 |
| 2023-06-22 17:09:53 | 1111100000000001 | 0000000011100000 | 00000000 | 0010011000000111 | 0000000110101100 |
| 2023-06-22 17:10:18 | 1111100000000011 | 0000000011100000 | 00000000 | 0010011000000111 | 0100000110101100 |
| 2023-06-22 17:10:21 | 1111100000000001 | 0000000011100000 | 00000000 | 0010011000000111 | 0000000110101100 |
| 2023-06-22 17:10:36 | 1111100000000001 | 0000001111100000 | 00000000 | 1011011000000011 | 0000000110101100 |
| 2023-06-22 17:10:39 | 1111100000000001 | 0000001111100000 | 00000000 | 1010011000000011 | 0000000110101100 |
| 2023-06-22 17:10:46 | 1111100000000001 | 0000001111100000 | 00000000 | 1010011000000111 | 0000000110101100 |
| 2023-06-22 17:10:49 | 1111100000000001 | 0000000011100000 | 00000000 | 0010011000000111 | 0000000110101100 |
| 2023-06-22 17:10:54 | 1111100000000011 | 0000000011100000 | 00000000 | 0010011000000111 | 0100000110101100 |
| 2023-06-22 17:10:56 | 1111100000000001 | 0000000011100000 | 00000000 | 0010011000000111 | 0000000110101100 |
| 2023-06-22 17:11:14 | 1111100000000011 | 0000000011100000 | 00000000 | 0010011000000111 | 0100000110101100 |
| 2023-06-22 17:11:17 | 1111100000000001 | 0000000011100000 | 00000000 | 0010011000000111 | 0000000110101100 |
| 2023-06-22 17:11:24 | 1111100000000011 | 0000000011100000 | 00000000 | 0010011000000111 | 0100000110101100 |
| 2023-06-22 17:11:26 | 1111100000000001 | 0000000011100000 | 00000000 | 0010011000000111 | 0000000110101100 |
| 2023-06-22 17:11:44 | 1111100000000011 | 0000000011100000 | 00000000 | 0010011000000111 | 0100000110101100 |
| 2023-06-22 17:11:46 | 1111100000000001 | 0000000011100000 | 00000000 | 0010011000000111 | 0000000110101100 |
| 2023-06-22 17:11:56 | 1111100000001001 | 0000000011100000 | 00000000 | 0010011000000011 | 0000000110101100 |
| 2023-06-22 17:11:59 | 1111100000000001 | 0000000011100000 | 00000000 | 0010011000000111 | 0000000110101100 |
| 2023-06-22 17:12:14 | 1111010000000001 | 0000000001100000 | 00000000 | 0011010000000001 | 0000000110101100 |
| 2023-06-22 17:12:16 | 1111010000000001 | 0000000101100000 | 10100000 | 0011010000000011 | 0000000110101100 |
| 2023-06-22 17:12:19 | 1111010000000001 | 0000000101100000 | 10000000 | 0010010000000011 | 0000000110101100 |
| 2023-06-22 17:12:21 | 1111010000000001 | 0000000101100000 | 00000000 | 0010010000000011 | 0000000110101100 |
| 2023-06-22 17:12:24 | 1111100000000001 | 0000000101100000 | 00000000 | 0010010000000011 | 0000000110101100 |
| 2023-06-22 17:12:26 | 1111100000100001 | 0000000111000000 | 00000000 | 0010011000010011 | 0000000110101100 |
| 2023-06-22 17:12:28 | 1111100000000001 | 0000000111000000 | 10100000 | 0010011000000011 | 0000000110101100 |
| 2023-06-22 17:12:32 | 1111100001000001 | 0000000111000000 | 00000000 | 0010011000000011 | 0000000110101100 |
| 2023-06-22 17:12:36 | 1111100001000001 | 0000000111100000 | 10100000 | 0010011000000011 | 0000000110101100 |
| 2023-06-22 17:12:39 | 1111100001000001 | 0000000011100000 | 10100000 | 0010011000000011 | 0000000110101100 |
| 2023-06-22 17:12:41 | 1111100000000001 | 0000001011100000 | 00000000 | 1010011000000011 | 0000000110101100 |
| 2023-06-22 17:12:44 | 1111100000000001 | 0000001111100000 | 00000000 | 1011011000000011 | 0000000110101100 |
| 2023-06-22 17:12:46 | 1111100000000001 | 0000000010100000 | 00000000 | 0011011000000011 | 0000000110001100 |
| 2023-06-22 17:12:49 | 1111100000000001 | 0000000100100000 | 10100000 | 0011011000000011 | 0000000110001100 |
| 2023-06-22 17:12:51 | 1111100000000001 | 0000000100100000 | 00000000 | 0010011000000011 | 0000000110001100 |
| 2023-06-22 17:12:56 | 1111100000100001 | 0000000101100000 | 00000000 | 0010011000000011 | 0000000110101100 |
| 2023-06-22 17:12:59 | 1111100000000001 | 0000000111000000 | 00000000 | 0010011000000011 | 0000000110101100 |
| 2023-06-22 17:13:04 | 1111100000000001 | 0000000111000000 | 00000000 | 0010011100000011 | 0000000110101100 |
| 2023-06-22 17:13:06 | 1111100001000001 | 0000000111000000 | 00100000 | 0010011000001011 | 0000000110101100 |
| 2023-06-22 17:13:09 | 1111100000000001 | 0000000111100000 | 00000000 | 0010011000001011 | 0000000110101100 |
| 2023-06-22 17:13:11 | 1111100000000001 | 0000000011100000 | 00000000 | 0010011000000011 | 0000000110101100 |
| 2023-06-22 17:13:14 | 1111100000000001 | 0000001011100000 | 00000000 | 1010011000000011 | 0000000110101100 |
| 2023-06-22 17:13:16 | 1111100000000001 | 0000000011100000 | 10100000 | 1010011000000111 | 0000000110101100 |
| 2023-06-22 17:13:18 | 1111100000000001 | 0000000011100000 | 10100000 | 0010011000000111 | 0000000110101100 |
| 2023-06-22 17:13:21 | 1111100000000001 | 0000000011100000 | 00000000 | 0010011000000111 | 0000000110101100 |
| 2023-06-22 17:13:23 | 1111010000000001 | 0000000101100000 | 00000000 | 0011010000000001 | 0000000110101100 |
| 2023-06-22 17:13:27 | 1111100000100001 | 0000000101100000 | 00000000 | 0010010000000011 | 0000000110101100 |
| 2023-06-22 17:13:29 | 1111100000100001 | 0000000111000000 | 10100000 | 0010011000010011 | 0000000110101100 |
| 2023-06-22 17:13:31 | 1111100010000001 | 0000000111000000 | 10100000 | 0010011000000011 | 0000000110101100 |
| 2023-06-22 17:13:34 | 1111100000000001 | 0000000111000000 | 00000000 | 0010011000000011 | 0000000110101100 |
| 2023-06-22 17:13:36 | 1111100001000001 | 0000000111000000 | 00000000 | 0010011000001011 | 0000000110101100 |
| 2023-06-22 17:13:39 | 1111100001000001 | 0000000111000000 | 00000000 | 0010011000000011 | 0000000110101100 |
| 2023-06-22 17:13:41 | 1111100000000001 | 0000000111000000 | 10100000 | 0010011000000011 | 0000000110101100 |
| 2023-06-22 17:13:44 | 1111100001000001 | 0000000111100000 | 00000000 | 0010011000000011 | 0000000110101100 |
| 2023-06-22 17:13:46 | 1111100000000001 | 0000000111100000 | 00000000 | 0010011000000011 | 0000000110101100 |
| 2023-06-22 17:13:48 | 1111100000000001 | 0000000011100000 | 00000000 | 0010011000000011 | 0000000110101100 |
| 2023-06-22 17:13:51 | 1111100000000001 | 0000001011100000 | 00000000 | 1010011000000011 | 0000000110101100 |
| 2023-06-22 17:13:54 | 1111100000000001 | 0000001111100000 | 00000000 | 1010011000000011 | 0000000110101100 |
| 2023-06-22 17:14:06 | 1111100000000001 | 0000001111100000 | 10100000 | 1010011000000011 | 0000000110101100 |
| 2023-06-22 17:14:11 | 1111100000000001 | 0000001111100000 | 00000000 | 1010011000000011 | 0000000110101100 |
| 2023-06-22 17:14:36 | 1111100000000001 | 0000001111100000 | 10100000 | 1010011000000011 | 0000000110101100 |
| 2023-06-22 17:14:44 | 1111100000000001 | 0000001111100000 | 00000000 | 1010011000000011 | 0000000110101100 |
| 2023-06-22 17:14:49 | 1111100000000001 | 0000001111100000 | 10100000 | 1010011000000011 | 0000000110101100 |
| 2023-06-22 17:14:56 | 1111100000000001 | 0000001111100000 | 00000000 | 1010011000000011 | 0000000110101100 |
| 2023-06-22 17:15:03 | 1111100000000001 | 0000001111100000 | 10100000 | 1010011000000011 | 0000000110101100 |
| 2023-06-22 17:15:11 | 1111100000000001 | 0000001111100000 | 00000000 | 1010011000000011 | 0000000110101100 |
| 2023-06-22 17:15:14 | 1111100000000001 | 0000001111100000 | 10100000 | 1010011000000011 | 0000000110101100 |
| 2023-06-22 17:15:26 | 1111100000000001 | 0000001111100000 | 00000000 | 1010011000000011 | 0000000110101100 |
| 2023-06-22 17:15:31 | 1111100000000001 | 0000001111100000 | 10100000 | 1010011000000011 | 0000000110101100 |
| 2023-06-22 17:15:34 | 1111100000000001 | 0000001111100000 | 00000000 | 1010011000000011 | 0000000110101100 |
