|      Date Time      |       DI 1       |       DI 2       |   DI 3   |       DO 1       |       DO 2       |
| 2023-06-20 09:00:15 | 0000000000000000 | 0000000000000000 | 00000000 | 0000000000000000 | 0000000000000000 |
| 2023-06-20 09:04:43 | 0000000000000000 | 0000000000000000 | 00000000 | 0000000000000000 | 0000000000000000 |
| 2023-06-20 09:05:21 | 0000000000000000 | 0000000000000000 | 00000000 | 0000000000000000 | 0000000000000000 |
| 2023-06-20 09:11:42 | 0000000000000000 | 0000000000000000 | 00000000 | 0000000000000000 | 0000000000000000 |
| 2023-06-20 09:14:16 | 0000000000000000 | 0000000000000000 | 00000000 | 0000000000000000 | 0000000000000000 |
| 2023-06-20 09:18:42 | 0000000000000000 | 0000000000000000 | 00000000 | 0000000000000000 | 0000000000000000 |
| 2023-06-20 09:20:27 | 0000000000000000 | 0000000000000000 | 00000000 | 0000000000000000 | 0000000000000000 |
| 2023-06-20 09:33:06 | 0000000000000000 | 0000000000000000 | 00000000 | 0000000000000000 | 0000000000000000 |
| 2023-06-20 09:33:48 | 0000000000000000 | 0000000000000000 | 00000000 | 0000000000000000 | 0000000000000000 |
| 2023-06-20 09:43:02 | 0000000000000000 | 0000000000000000 | 00000000 | 0000000000000000 | 0000000000000000 |
| 2023-06-20 09:46:38 | 0000000000000000 | 0000000000000000 | 00000000 | 0000000000000000 | 0000000000000000 |
| 2023-06-20 09:54:02 | 0000000000000000 | 0000000000000000 | 00000000 | 0000000000000000 | 0000000000000000 |
| 2023-06-20 09:54:37 | 0000000000000000 | 0000000000000000 | 00000000 | 0000000000000000 | 0000000000000000 |
| 2023-06-20 09:56:04 | 0000000000000000 | 0000000000000000 | 00000000 | 0000000000000000 | 0000000000000000 |
| 2023-06-20 09:59:31 | 0000000000000000 | 0000000000000000 | 00000000 | 0000000000000000 | 0000000000000000 |
| 2023-06-20 10:07:34 | 0000000000000000 | 0000000000000000 | 00000000 | 0000000000000000 | 0000000000000000 |
| 2023-06-20 10:17:27 | 0000000000000000 | 0000000000000000 | 00000000 | 0000000000000000 | 0000000000000000 |
| 2023-06-20 10:19:01 | 0000000000000000 | 0000000000000000 | 00000000 | 0000000000000000 | 0000000000000000 |
| 2023-06-20 10:31:09 | 0000000000000000 | 0000000000000000 | 00000000 | 0000000000000000 | 0000000000000000 |
| 2023-06-20 10:37:34 | 0000000000000000 | 0000000000000000 | 00000000 | 0000000000000000 | 0000000000000000 |
| 2023-06-20 10:42:08 | 0000000000000000 | 0000000000000000 | 00000000 | 0000000000000000 | 0000000000000000 |
| 2023-06-20 10:42:35 | 0000000000000000 | 0000000000000000 | 00000000 | 0000000000000000 | 0000000000000000 |
| 2023-06-20 10:43:26 | 0000000000000000 | 0000000000000000 | 00000000 | 0000000000000000 | 0000000000000000 |
| 2023-06-20 10:46:07 | 0000000000000000 | 0000000000000000 | 00000000 | 0000000000000000 | 0000000000000000 |
| 2023-06-20 10:46:51 | 0000000000000000 | 0000000000000000 | 00000000 | 0000000000000000 | 0000000000000000 |
| 2023-06-20 10:48:23 | 0000000000000000 | 0000000000000000 | 00000000 | 0000000000000000 | 0000000000000000 |
| 2023-06-20 10:49:57 | 0000000000000000 | 0000000000000000 | 00000000 | 0000000000000000 | 0000000000000000 |
| 2023-06-20 11:16:15 | 0000000000000000 | 0000000000000000 | 00000000 | 0000000000000000 | 0000000000000000 |
| 2023-06-20 11:17:43 | 0000000000000000 | 0000000000000000 | 00000000 | 0000000000000000 | 0000000000000000 |
| 2023-06-20 11:23:17 | 0000000000000000 | 0000000000000000 | 00000000 | 0000000000000000 | 0000000000000000 |
| 2023-06-20 11:29:43 | 0000000000000000 | 0000000000000000 | 00000000 | 0000000000000000 | 0000000000000000 |
| 2023-06-20 11:31:00 | 0000000000000000 | 0000000000000000 | 00000000 | 0000000000000000 | 0000000000000000 |
| 2023-06-20 11:36:39 | 0000000000000000 | 0000000000000000 | 00000000 | 0000000000000000 | 0000000000000000 |
| 2023-06-20 11:37:24 | 0000000000000000 | 0000000000000000 | 00000000 | 0000000000000000 | 0000000000000000 |
| 2023-06-20 11:38:05 | 0000000000000000 | 0000000000000000 | 00000000 | 0000000000000000 | 0000000000000000 |
| 2023-06-20 11:40:17 | 0000000000000000 | 0000000000000000 | 00000000 | 0000000000000000 | 0000000000000000 |
| 2023-06-20 11:41:19 | 0000000000000000 | 0000000000000000 | 00000000 | 0000000000000000 | 0000000000000000 |
| 2023-06-20 11:45:00 | 0000000000000000 | 0000000000000000 | 00000000 | 0000000000000000 | 0000000000000000 |
| 2023-06-20 11:51:00 | 0000000000000000 | 0000000000000000 | 00000000 | 0000000000000000 | 0000000000000000 |
| 2023-06-20 11:53:09 | 0000000000000000 | 0000000000000000 | 00000000 | 0000000000000000 | 0000000000000000 |
| 2023-06-20 11:57:44 | 0000000000000000 | 0000000000000000 | 00000000 | 0000000000000000 | 0000000000000000 |
| 2023-06-20 14:11:36 | 0000000000000000 | 0000000000000000 | 00000000 | 0000000000000000 | 0000000000000000 |
| 2023-06-20 14:12:57 | 0000000000000000 | 0000000000000000 | 00000000 | 0000000000000000 | 0000000000000000 |
| 2023-06-20 14:12:57 | 1111010000000001 | 0000001101100000 | 10100000 | 0000010000000011 | 0000000110100000 |
| 2023-06-20 14:12:58 | 1111010000000001 | 0000001101100000 | 00000000 | 0000010000000011 | 0000000110100000 |
| 2023-06-20 14:13:06 | 1111010000000001 | 0000001101100000 | 10100000 | 0000010000000011 | 0000000110100000 |
| 2023-06-20 14:13:08 | 1111010000000001 | 0000001101100000 | 00000000 | 0000010000000011 | 0000000110100000 |
| 2023-06-20 14:13:11 | 1111010000000001 | 0000001101100000 | 10100000 | 0000010000000011 | 0000000110100000 |
| 2023-06-20 14:13:13 | 1111010000000001 | 0000001101100000 | 00000000 | 0000010000000011 | 0000000110100000 |
| 2023-06-20 14:13:47 | 0000000000000000 | 0000000000000000 | 00000000 | 0000000000000000 | 0000000000000000 |
| 2023-06-20 14:13:47 | 1111010000000001 | 0000001101100000 | 00000000 | 0000010000000011 | 0000000110100000 |
| 2023-06-20 14:14:06 | 0000000000000000 | 0000000000000000 | 00000000 | 0000000000000000 | 0000000000000000 |
| 2023-06-20 14:14:07 | 1111010000000001 | 0000001101100000 | 00000000 | 0000010000000011 | 0000000110100000 |
| 2023-06-20 14:14:13 | 1111010000000001 | 0000001101100000 | 10100000 | 0000010000000011 | 0000000110100000 |
| 2023-06-20 14:14:16 | 1111010000000001 | 0000001101100000 | 00000000 | 0000010000000011 | 0000000110100000 |
| 2023-06-20 14:14:39 | 0000000000000000 | 0000000000000000 | 00000000 | 0000000000000000 | 0000000000000000 |
| 2023-06-20 14:14:39 | 1111010000000001 | 0000001101100000 | 00000000 | 0000010000000011 | 0000000110100000 |
| 2023-06-20 14:15:02 | 0000000000000000 | 0000000000000000 | 00000000 | 0000000000000000 | 0000000000000000 |
| 2023-06-20 14:15:02 | 1111010000000001 | 0000001101100000 | 00000000 | 0000010000000011 | 0000000110100000 |
| 2023-06-20 14:16:01 | 0000000000000000 | 0000000000000000 | 00000000 | 0000000000000000 | 0000000000000000 |
| 2023-06-20 14:16:02 | 1111010000000001 | 0000001101100000 | 00000000 | 0000010000000011 | 0000000110100000 |
| 2023-06-20 14:24:53 | 0000000000000000 | 0000000000000000 | 00000000 | 0000000000000000 | 0000000000000000 |
| 2023-06-20 14:24:53 | 1111010000000001 | 0000001101100000 | 00000000 | 0000010000000011 | 0000000110100000 |
| 2023-06-20 14:24:56 | 1111010000000001 | 0000001101100000 | 10100000 | 0000010000000011 | 0000000110100000 |
| 2023-06-20 14:24:58 | 1111010000000001 | 0000001101100000 | 00000000 | 0000010000000011 | 0000000110100000 |
| 2023-06-20 14:25:14 | 0000000000000000 | 0000000000000000 | 00000000 | 0000000000000000 | 0000000000000000 |
| 2023-06-20 14:25:14 | 1111010000000001 | 0000001101100000 | 00000000 | 0000010000000011 | 0000000110100000 |
| 2023-06-20 14:30:58 | 0000000000000000 | 0000000000000000 | 00000000 | 0000000000000000 | 0000000000000000 |
| 2023-06-20 14:30:59 | 1111010000000001 | 0000001101100000 | 00000000 | 0000010000000011 | 0000000110100000 |
| 2023-06-20 14:31:23 | 0000000000000000 | 0000000000000000 | 00000000 | 0000000000000000 | 0000000000000000 |
| 2023-06-20 14:31:23 | 1111010000000001 | 0000001101100000 | 00000000 | 0000010000000011 | 0000000110100000 |
| 2023-06-20 14:31:33 | 1111010000000001 | 0000001101100000 | 10100000 | 0000010000000011 | 0000000110100000 |
| 2023-06-20 14:31:36 | 1111010000000001 | 0000001101100000 | 00000000 | 0000010000000011 | 0000000110100000 |
| 2023-06-20 14:31:55 | 0000000000000000 | 0000000000000000 | 00000000 | 0000000000000000 | 0000000000000000 |
| 2023-06-20 14:31:55 | 1111010000000001 | 0000001101100000 | 00000000 | 0000010000000011 | 0000000110100000 |
| 2023-06-20 14:31:58 | 1111010000000001 | 0000001101100000 | 10100000 | 0000010000000011 | 0000000110100000 |
| 2023-06-20 14:32:01 | 1111010000000001 | 0000001101100000 | 00000000 | 0000010000000011 | 0000000110100000 |
| 2023-06-20 14:32:08 | 1111010000000001 | 0000001101100000 | 10100000 | 0000010000000011 | 0000000110100000 |
| 2023-06-20 14:32:57 | 0000000000000000 | 0000000000000000 | 00000000 | 0000000000000000 | 0000000000000000 |
| 2023-06-20 14:32:58 | 1111010000000001 | 0000001101100000 | 00000000 | 0000010000000011 | 0000000110100000 |
| 2023-06-20 14:33:21 | 0000000000000000 | 0000000000000000 | 00000000 | 0000000000000000 | 0000000000000000 |
| 2023-06-20 14:33:22 | 1111010000000001 | 0000001101100000 | 00000000 | 0000010000000011 | 0000000110100000 |
| 2023-06-20 14:33:56 | 1111010000000001 | 0000001101100000 | 10100000 | 0000010000000011 | 0000000110100000 |
| 2023-06-20 14:34:01 | 1111010000000001 | 0000001101100000 | 00000000 | 0000010000000011 | 0000000110100000 |
| 2023-06-20 14:34:10 | 0000000000000000 | 0000000000000000 | 00000000 | 0000000000000000 | 0000000000000000 |
| 2023-06-20 14:34:11 | 1111010000000001 | 0000001101100000 | 00000000 | 0000010000000011 | 0000000110100000 |
| 2023-06-20 14:34:16 | 1111010000000001 | 0000001101100000 | 10100000 | 0000010000000011 | 0000000110100000 |
| 2023-06-20 14:34:18 | 1111010000000001 | 0000001101100000 | 00000000 | 0000010000000011 | 0000000110100000 |
| 2023-06-20 14:39:15 | 0000000000000000 | 0000000000000000 | 00000000 | 0000000000000000 | 0000000000000000 |
| 2023-06-20 14:39:16 | 1111010000000001 | 0000001101100000 | 00000000 | 0000010000000011 | 0000000110100000 |
| 2023-06-20 14:39:21 | 1111010000000001 | 0000001101100000 | 10100000 | 0000010000000011 | 0000000110100000 |
| 2023-06-20 14:39:26 | 1111010000000001 | 0000001101100000 | 00000000 | 0000010000000011 | 0000000110100000 |
| 2023-06-20 14:39:28 | 1111010000000001 | 0000001101100000 | 10100000 | 0000010000000011 | 0000000110100000 |
| 2023-06-20 14:39:33 | 1111010000000001 | 0000001101100000 | 00000000 | 0000010000000011 | 0000000110100000 |
| 2023-06-20 14:39:48 | 1111010000000001 | 0000001101100000 | 10100000 | 0000010000000011 | 0000000110100000 |
| 2023-06-20 14:39:51 | 1111010000000001 | 0000001101100000 | 00000000 | 0000010000000011 | 0000000110100000 |
| 2023-06-20 14:40:49 | 0000000000000000 | 0000000000000000 | 00000000 | 0000000000000000 | 0000000000000000 |
| 2023-06-20 14:40:50 | 1111010000000001 | 0000001101100000 | 00000000 | 0000010000000011 | 0000000110100000 |
| 2023-06-20 14:43:51 | 0000000000000000 | 0000000000000000 | 00000000 | 0000000000000000 | 0000000000000000 |
| 2023-06-20 14:43:51 | 1111010000000001 | 0000001101100000 | 00000000 | 0000010000000011 | 0000000110100000 |
| 2023-06-20 14:47:30 | 0000000000000000 | 0000000000000000 | 00000000 | 0000000000000000 | 0000000000000000 |
| 2023-06-20 14:47:30 | 1111010000000001 | 0000001101100000 | 00000000 | 0000010000000011 | 0000000110100000 |
| 2023-06-20 14:48:43 | 0000000000000000 | 0000000000000000 | 00000000 | 0000000000000000 | 0000000000000000 |
| 2023-06-20 14:48:43 | 1111010000000001 | 0000001101100000 | 00000000 | 0000010000000011 | 0000000110100000 |
| 2023-06-20 14:49:25 | 0000000000000000 | 0000000000000000 | 00000000 | 0000000000000000 | 0000000000000000 |
| 2023-06-20 14:49:25 | 1111010000000001 | 0000001101100000 | 00000000 | 0000010000000011 | 0000000110100000 |
| 2023-06-20 14:49:37 | 0000000000000000 | 0000000000000000 | 00000000 | 0000000000000000 | 0000000000000000 |
| 2023-06-20 14:49:37 | 1111010000000001 | 0000001101100000 | 00000000 | 0000010000000011 | 0000000110100000 |
| 2023-06-20 14:58:21 | 0000000000000000 | 0000000000000000 | 00000000 | 0000000000000000 | 0000000000000000 |
| 2023-06-20 14:58:21 | 1111010000000001 | 0000001101100000 | 00000000 | 0000010000000011 | 0000000110100000 |
| 2023-06-20 15:01:34 | 0000000000000000 | 0000000000000000 | 00000000 | 0000000000000000 | 0000000000000000 |
| 2023-06-20 15:01:34 | 1111010000000001 | 0000001101100000 | 00000000 | 0000010000000011 | 0000000110100000 |
| 2023-06-20 15:02:42 | 0000000000000000 | 0000000000000000 | 00000000 | 0000000000000000 | 0000000000000000 |
| 2023-06-20 15:02:42 | 1111010000000001 | 0000001101100000 | 00000000 | 0000010000000011 | 0000000110100000 |
| 2023-06-20 15:03:00 | 0000000000000000 | 0000000000000000 | 00000000 | 0000000000000000 | 0000000000000000 |
| 2023-06-20 15:03:00 | 1111010000000001 | 0000001101100000 | 00000000 | 0000010000000011 | 0000000110100000 |
| 2023-06-20 15:11:04 | 0000000000000000 | 0000000000000000 | 00000000 | 0000000000000000 | 0000000000000000 |
| 2023-06-20 15:11:04 | 1111010000000001 | 0000001101100000 | 00000000 | 0000010000000011 | 0000000110100000 |
| 2023-06-20 15:15:17 | 0000000000000000 | 0000000000000000 | 00000000 | 0000000000000000 | 0000000000000000 |
| 2023-06-20 15:15:17 | 1111010000000001 | 0000001101100000 | 10000000 | 0000010000000011 | 0000000110100000 |
| 2023-06-20 15:15:18 | 1111010000000001 | 0000001101100000 | 00000000 | 0000010000000011 | 0000000110100000 |
| 2023-06-20 15:15:30 | 0000000000000000 | 0000000000000000 | 00000000 | 0000000000000000 | 0000000000000000 |
| 2023-06-20 15:15:30 | 1111010000000001 | 0000001101100000 | 00000000 | 0000010000000011 | 0000000110100000 |
| 2023-06-20 15:15:31 | 1111010000000001 | 0000001101100000 | 10100000 | 0000010000000011 | 0000000110100000 |
| 2023-06-20 15:15:36 | 1111010000000001 | 0000001101100000 | 00000000 | 0000010000000011 | 0000000110100000 |
| 2023-06-20 15:15:38 | 1111010000000001 | 0000001101100000 | 10100000 | 0000010000000011 | 0000000110100000 |
| 2023-06-20 15:15:43 | 1111010000000001 | 0000001101100000 | 00000000 | 0000010000000011 | 0000000110100000 |
| 2023-06-20 15:16:10 | 0000000000000000 | 0000000000000000 | 00000000 | 0000000000000000 | 0000000000000000 |
| 2023-06-20 15:16:11 | 1111010000000001 | 0000001101100000 | 00000000 | 0000010000000011 | 0000000110100000 |
| 2023-06-20 15:16:13 | 1111010000000001 | 0000001101100000 | 10100000 | 0000010000000011 | 0000000110100000 |
| 2023-06-20 15:16:21 | 1111010000000001 | 0000001101100000 | 00000000 | 0000010000000011 | 0000000110100000 |
| 2023-06-20 15:16:23 | 1111010000000001 | 0000001101100000 | 10100000 | 0000010000000011 | 0000000110100000 |
| 2023-06-20 15:16:28 | 1111010000000001 | 0000001101100000 | 00000000 | 0000010000000011 | 0000000110100000 |
| 2023-06-20 15:18:06 | 0000000000000000 | 0000000000000000 | 00000000 | 0000000000000000 | 0000000000000000 |
| 2023-06-20 15:18:07 | 1111010000000001 | 0000001101100000 | 00000000 | 0000010000000011 | 0000000110100000 |
| 2023-06-20 15:18:08 | 1111010000000001 | 0000001101100000 | 10100000 | 0000010000000011 | 0000000110100000 |
| 2023-06-20 15:18:11 | 1111010000000001 | 0000001101100000 | 00000000 | 0000010000000011 | 0000000110100000 |
| 2023-06-20 15:20:52 | 0000000000000000 | 0000000000000000 | 00000000 | 0000000000000000 | 0000000000000000 |
| 2023-06-20 15:20:53 | 1111010000000001 | 0000001101100000 | 00000000 | 0000010000000011 | 0000000110100000 |
| 2023-06-20 15:28:50 | 0000000000000000 | 0000000000000000 | 00000000 | 0000000000000000 | 0000000000000000 |
| 2023-06-20 15:28:50 | 1111010000000001 | 0000001101100000 | 00000000 | 0000010000000011 | 0000000110100000 |
| 2023-06-20 15:28:58 | 1111010000000001 | 0000001101100000 | 10100000 | 0000010000000011 | 0000000110100000 |
| 2023-06-20 15:29:11 | 1111010000000001 | 0000001101100000 | 00000000 | 0000010000000011 | 0000000110100000 |
| 2023-06-20 15:37:10 | 0000000000000000 | 0000000000000000 | 00000000 | 0000000000000000 | 0000000000000000 |
| 2023-06-20 15:37:11 | 1111010000000001 | 0000001101100000 | 00000000 | 0000010000000011 | 0000000110100000 |
| 2023-06-20 15:37:13 | 1111010000000001 | 0000001101100000 | 10100000 | 0000010000000011 | 0000000110100000 |
| 2023-06-20 15:37:16 | 1111010000000001 | 0000001101100000 | 00000000 | 0000010000000011 | 0000000110100000 |
| 2023-06-20 15:37:28 | 1111010000000001 | 0000001101100000 | 10100000 | 0000010000000011 | 0000000110100000 |
| 2023-06-20 15:47:36 | 0000000000000000 | 0000000000000000 | 00000000 | 0000000000000000 | 0000000000000000 |
| 2023-06-20 15:47:36 | 1111010000000001 | 0000001101100000 | 00000000 | 0000010000000011 | 0000000000000000 |
| 2023-06-20 15:47:36 | 1111010000000001 | 0000001101100000 | 00000000 | 0000010000000011 | 0000000110100000 |
| 2023-06-20 15:51:16 | 0000000000000000 | 0000000000000000 | 00000000 | 0000000000000000 | 0000000000000000 |
| 2023-06-20 15:51:16 | 1111010000000001 | 0000001101100000 | 00000000 | 0000010000000011 | 0000000110100000 |
| 2023-06-20 15:53:58 | 0000000000000000 | 0000000000000000 | 00000000 | 0000000000000000 | 0000000000000000 |
| 2023-06-20 15:53:59 | 1111010000000001 | 0000001101100000 | 00000000 | 0000010000000011 | 0000000110100000 |
| 2023-06-20 15:54:06 | 1111010000000001 | 0000001101100000 | 10100000 | 0000010000000011 | 0000000110100000 |
| 2023-06-20 15:54:08 | 1111010000000001 | 0000001101100000 | 00000000 | 0000010000000011 | 0000000110100000 |
| 2023-06-20 15:54:13 | 1111010000000001 | 0000001101100000 | 10100000 | 0000010000000011 | 0000000110100000 |
| 2023-06-20 15:54:48 | 0000000000000000 | 0000000000000000 | 00000000 | 0000000000000000 | 0000000000000000 |
| 2023-06-20 15:54:48 | 1111010000000001 | 0000001101100000 | 00000000 | 0000010000000011 | 0000000110100000 |
| 2023-06-20 16:03:22 | 0000000000000000 | 0000000000000000 | 00000000 | 0000000000000000 | 0000000000000000 |
| 2023-06-20 16:03:23 | 1111010000000001 | 0000001101100000 | 00000000 | 0000010000000011 | 0000000110100000 |
| 2023-06-20 16:03:36 | 1111010000000001 | 0000001101100000 | 10100000 | 0000010000000011 | 0000000110100000 |
| 2023-06-20 16:03:38 | 1111010000000001 | 0000001101100000 | 00000000 | 0000010000000011 | 0000000110100000 |
| 2023-06-20 16:03:57 | 0000000000000000 | 0000000000000000 | 00000000 | 0000000000000000 | 0000000000000000 |
| 2023-06-20 16:03:57 | 1111010000000001 | 0000001101100000 | 00000000 | 0000010000000011 | 0000000110100000 |
| 2023-06-20 16:04:01 | 1111010000000001 | 0000001101100000 | 10100000 | 0000010000000011 | 0000000110100000 |
| 2023-06-20 16:04:39 | 0000000000000000 | 0000000000000000 | 00000000 | 0000000000000000 | 0000000000000000 |
| 2023-06-20 16:04:40 | 1111010000000001 | 0000001101100000 | 00000000 | 0000010000000011 | 0000000110100000 |
| 2023-06-20 16:06:48 | 0000000000000000 | 0000000000000000 | 00000000 | 0000000000000000 | 0000000000000000 |
| 2023-06-20 16:06:49 | 1111010000000001 | 0000001101100000 | 00000000 | 0000010000000011 | 0000000110100000 |
| 2023-06-20 16:06:56 | 1111010000000001 | 0000001101100000 | 10100000 | 0000010000000011 | 0000000110100000 |
| 2023-06-20 16:06:58 | 1111010000000001 | 0000001101100000 | 00000000 | 0000010000000011 | 0000000110100000 |
| 2023-06-20 16:19:00 | 0000000000000000 | 0000000000000000 | 00000000 | 0000000000000000 | 0000000000000000 |
| 2023-06-20 16:21:06 | 0000000000000000 | 0000000000000000 | 00000000 | 0000000000000000 | 0000000000000000 |
| 2023-06-20 16:39:59 | 0000000000000000 | 0000000000000000 | 00000000 | 0000000000000000 | 0000000000000000 |
| 2023-06-20 16:41:31 | 1111010000000001 | 0000001101100000 | 00000000 | 0000010000000011 | 0000000110100000 |
| 2023-06-20 16:41:44 | 1111010000000001 | 0000001101100000 | 10100000 | 0000010000000011 | 0000000110100000 |
| 2023-06-20 16:41:46 | 1111010000000001 | 0000001101100000 | 00000000 | 0000010000000011 | 0000000110100000 |
| 2023-06-20 16:41:49 | 1111010000000001 | 0000001101100000 | 10100000 | 0000010000000011 | 0000000110100000 |
| 2023-06-20 16:41:59 | 1111010000000001 | 0000001101100000 | 00000000 | 0000010000000011 | 0000000110100000 |
| 2023-06-20 16:42:04 | 1111010000100001 | 0000001111000000 | 00000000 | 0000011000010011 | 0000000110100000 |
| 2023-06-20 16:42:06 | 1111010000000001 | 0000001111000000 | 00000000 | 0000011000000011 | 0000000110100000 |
| 2023-06-20 16:42:11 | 1111100000000001 | 0000001111000000 | 00000000 | 0000011000000011 | 0000000110100000 |
| 2023-06-20 16:42:16 | 1111100001000001 | 0000001111000000 | 00000000 | 0010011000000011 | 0000000110100000 |
| 2023-06-20 16:42:19 | 1111100000000001 | 0000001111100000 | 00000000 | 0010011000000011 | 0000000110101000 |
| 2023-06-20 16:42:21 | 1111100000000001 | 0000001111100000 | 00000000 | 1010011000000011 | 0000000110101000 |
| 2023-06-20 16:42:29 | 1111100000000001 | 0000001111100000 | 10100000 | 1010011000000011 | 0000000110101000 |
| 2023-06-20 16:42:31 | 1111100000000001 | 0000001111100000 | 00000000 | 1010011000000011 | 0000000110101000 |
| 2023-06-20 16:42:36 | 1111100000000001 | 0000001111100000 | 10100000 | 1010011000000011 | 0000000110101000 |
| 2023-06-20 16:42:39 | 1111100000000001 | 0000001111100000 | 00000000 | 1010011000000011 | 0000000110101000 |
| 2023-06-20 16:42:41 | 1111100000000001 | 0000001111100000 | 10100000 | 1010011000000011 | 0000000110101000 |
| 2023-06-20 16:42:49 | 1111100000000001 | 0000001111100000 | 00000000 | 1010011000000011 | 0000000110101000 |
| 2023-06-20 16:42:51 | 1111100001000001 | 0000001111100000 | 00000000 | 1010011000001011 | 0000000110101000 |
| 2023-06-20 16:42:54 | 1111101000000001 | 0000001111100000 | 00000000 | 1010011000000011 | 0000000110101000 |
| 2023-06-20 16:42:56 | 1111100000000001 | 0000000011100000 | 00000000 | 0010011000000111 | 0000000110101100 |
| 2023-06-20 16:43:35 | 0000000000000000 | 0000000000000000 | 00000000 | 0000000000000000 | 0000000000000000 |
| 2023-06-20 16:43:36 | 1111100000000001 | 0000000011100000 | 00000000 | 0010011000000111 | 0000000110101100 |
| 2023-06-20 16:43:36 | 1111100000000001 | 0000000011100000 | 00000000 | 0010011000000011 | 0000000110101100 |
| 2023-06-20 16:43:39 | 1111100000000001 | 0000000011100000 | 00000000 | 0010011000000111 | 0000000110101100 |
| 2023-06-20 16:43:46 | 1111100000000001 | 0000000011100000 | 00000000 | 0010011000000011 | 0000000110101100 |
| 2023-06-20 16:43:49 | 1111100000000001 | 0000000011100000 | 00000000 | 0010011000000111 | 0000000110101100 |
| 2023-06-20 16:44:24 | 1111100000000001 | 0000000011100000 | 10100000 | 0010011000000111 | 0000000110101100 |
| 2023-06-20 16:44:26 | 1111100000000001 | 0000000011100000 | 00000000 | 0010011000000111 | 0000000110101100 |
| 2023-06-20 16:44:31 | 1111100000000001 | 0000000011100000 | 10100000 | 0010011000000111 | 0000000110101100 |
| 2023-06-20 16:44:34 | 1111100000000001 | 0000000011100000 | 00000000 | 0010011000000111 | 0000000110101100 |
| 2023-06-20 16:44:46 | 1111100000000001 | 0000000011100000 | 10100000 | 0010011000000111 | 0000000110101100 |
| 2023-06-20 16:44:49 | 1111100000000001 | 0000000011100000 | 00000000 | 0010011000000111 | 0000000110101100 |
| 2023-06-20 16:44:51 | 1111100000000001 | 0000000011100000 | 10100000 | 0010011000000111 | 0000000110101100 |
| 2023-06-20 16:44:54 | 1111100000000001 | 0000000011100000 | 00000000 | 0010011000000111 | 0000000110101100 |
| 2023-06-20 16:44:56 | 1111100000001001 | 0000000011100000 | 00000000 | 0010011000000011 | 0000000110101100 |
| 2023-06-20 16:44:59 | 1111100000000001 | 0000000011100000 | 00000000 | 0010011000000111 | 0000000110101100 |
| 2023-06-20 16:45:14 | 1111100000000011 | 0000000011100000 | 00000000 | 0010011000000111 | 0100000110101100 |
| 2023-06-20 16:45:16 | 1111100000000001 | 0000000011100000 | 00000000 | 0010011000000111 | 0000000110101100 |
| 2023-06-20 16:45:24 | 1111100000000011 | 0000000011100000 | 00100000 | 0010011000000111 | 0100000110101100 |
| 2023-06-20 16:45:26 | 1111100000000001 | 0000000011100000 | 00000000 | 0010011000000111 | 0000000110101100 |
| 2023-06-20 16:45:44 | 1111100000000001 | 0000000011100000 | 10100000 | 0010011000000111 | 0000000110101100 |
| 2023-06-20 16:45:47 | 1111100000000001 | 0000000011100000 | 00000000 | 0010011000000111 | 0000000110101100 |
| 2023-06-20 16:45:49 | 1111100000000001 | 0000000011100000 | 10100000 | 0010011000000111 | 0000000110101100 |
| 2023-06-20 16:45:51 | 1111100000000001 | 0000000011100000 | 00000000 | 0010011000000111 | 0000000110101100 |
| 2023-06-20 16:45:54 | 1111100000001001 | 0000000011100000 | 00000000 | 0010011000000011 | 0000000110101100 |
| 2023-06-20 16:45:56 | 1111100000000001 | 0000000011100000 | 00000000 | 0010011000000111 | 0000000110101100 |
| 2023-06-20 16:48:04 | 1111100000000011 | 0000000011100000 | 00000000 | 0010011000000111 | 0100000110101100 |
| 2023-06-20 16:48:06 | 1111100000000001 | 0000000011100000 | 00000000 | 0010011000000111 | 0000000110101100 |
| 2023-06-20 16:48:24 | 1111100000000001 | 0000000011100000 | 10100000 | 0010011000000111 | 0000000110101100 |
| 2023-06-20 16:48:26 | 1111100000000001 | 0000000011100000 | 00000000 | 0010011000000111 | 0000000110101100 |
| 2023-06-20 16:48:31 | 1111100000000001 | 0000000011100000 | 10100000 | 0010011000000111 | 0000000110101100 |
| 2023-06-20 16:48:34 | 1111100000000001 | 0000000011100000 | 00000000 | 0010011000000111 | 0000000110101100 |
| 2023-06-20 16:48:46 | 1111000000000001 | 0000000011000000 | 00000000 | 0011011000000011 | 0000000110101100 |
| 2023-06-20 16:48:49 | 1111000001000001 | 0000000111000000 | 00000000 | 0010011000000011 | 0000000110101100 |
| 2023-06-20 16:48:51 | 1111000001000001 | 0000000111000000 | 00000000 | 0010011000001011 | 0000000110101100 |
| 2023-06-20 16:48:54 | 1111000000000001 | 0000000011100000 | 00000000 | 0010011000000011 | 0000000110101100 |
| 2023-06-20 16:48:56 | 1111000000000001 | 0000001011100000 | 00000000 | 0010011000000011 | 0000000110101100 |
| 2023-06-20 16:48:59 | 1111000000000001 | 0000001111100000 | 00000000 | 1010011000000011 | 0000000110101100 |
| 2023-06-20 16:49:01 | 1111101000000001 | 0000001111100000 | 00000000 | 1011011000000011 | 0000000110101100 |
| 2023-06-20 16:49:04 | 1111100000000001 | 0000000011100000 | 00000000 | 0010011000000111 | 0000000110101100 |
| 2023-06-20 16:49:24 | 1111100000000001 | 0000000111000000 | 00000000 | 0010001000000111 | 0000000110101100 |
| 2023-06-20 16:49:29 | 1111100000000001 | 0000000111000000 | 10100000 | 0010001000000111 | 0000000110101100 |
| 2023-06-20 16:49:34 | 1111100000000001 | 0000000111000000 | 00000000 | 0010001000000111 | 0000000110101100 |
| 2023-06-20 16:49:36 | 1111100000000001 | 0000001111000000 | 10100000 | 0010001000000111 | 0000000110101100 |
| 2023-06-20 16:49:39 | 1111100000000001 | 0000000111000000 | 10100000 | 0010001000000111 | 0000000110101100 |
| 2023-06-20 16:49:41 | 1111100000000001 | 0000000111000000 | 00000000 | 0010001000000111 | 0000000110101100 |
| 2023-06-20 16:50:06 | 1111100000000001 | 0000000111000000 | 10100000 | 0010001000000111 | 0000000110101100 |
| 2023-06-20 16:50:09 | 1111100000000001 | 0000000111000000 | 00000000 | 0010001000000111 | 0000000110101100 |
| 2023-06-20 16:50:16 | 1111100000000001 | 0000000111000000 | 10100000 | 0010001000000111 | 0000000110101100 |
| 2023-06-20 16:50:19 | 1111100000000001 | 0000000111000000 | 00000000 | 0010001000000111 | 0000000110101100 |
| 2023-06-20 16:50:26 | 1111100000000001 | 0000000111000000 | 10100000 | 0010001000000111 | 0000000110101100 |
| 2023-06-20 16:50:31 | 1111100000000001 | 0000000111000000 | 00000000 | 0010001000000111 | 0000000110101100 |
| 2023-06-20 16:51:04 | 1111100000000001 | 0000000111000000 | 10100000 | 0010001000000111 | 0000000110101100 |
| 2023-06-20 16:51:06 | 1111100000000001 | 0000000111000000 | 00000000 | 0010001000000111 | 0000000110101100 |
| 2023-06-20 16:51:11 | 1111100000000001 | 0000000011100000 | 00000000 | 0010011000000111 | 0000100110101100 |
| 2023-06-20 16:51:14 | 1111100000000001 | 0000000011100000 | 00000000 | 0010011000000111 | 0000000110101100 |
| 2023-06-20 16:51:19 | 1111100000000001 | 0000000111000000 | 00000000 | 0010001000000111 | 0000000110101100 |
| 2023-06-20 16:51:21 | 1111100000000001 | 0000000111000000 | 00000000 | 0010011000000111 | 0000100110101100 |
| 2023-06-20 16:51:24 | 1111100000000011 | 0000000011100000 | 00000000 | 0010011000000111 | 0100000110101100 |
| 2023-06-20 16:51:26 | 1111100000000001 | 0000000011100000 | 00000000 | 0010011000000111 | 0000000110101100 |
| 2023-06-20 16:51:34 | 1111100000000011 | 0000000011100000 | 00000000 | 0010011000000111 | 0100000110101100 |
| 2023-06-20 16:51:36 | 1111100000000001 | 0000000011100000 | 00000000 | 0010011000000111 | 0000000110101100 |
| 2023-06-20 16:51:41 | 1111101000000001 | 0000000111000000 | 00000000 | 0010011000000111 | 0000000110101100 |
| 2023-06-20 16:51:44 | 1111100000000001 | 0000000011100000 | 00000000 | 0010011000000111 | 0000000110101100 |
| 2023-06-20 16:51:46 | 1111100000000011 | 0000000011100000 | 00000000 | 0010011000000111 | 0100000110101100 |
| 2023-06-20 16:51:49 | 1111100000000001 | 0000000011100000 | 00000000 | 0010011000000111 | 0000000110101100 |
| 2023-06-20 16:51:51 | 1111000000000001 | 0000000011100000 | 00000000 | 0011011000000001 | 0000000110101100 |
| 2023-06-20 16:51:54 | 1111000000000001 | 0000000111000000 | 00000000 | 0011011000000011 | 0000000110101100 |
| 2023-06-20 16:51:56 | 1111000000000001 | 0000000111000000 | 00000000 | 0010011000000011 | 0000000110101100 |
| 2023-06-20 16:51:59 | 1111000001000001 | 0000000111000000 | 00000000 | 0010011000000011 | 0000000110101100 |
| 2023-06-20 16:52:04 | 1111000000000001 | 0000000111100000 | 10100000 | 0010011000000011 | 0000000110101100 |
| 2023-06-20 16:52:09 | 1111000000000001 | 0000000111100000 | 00000000 | 0010011000000011 | 0000000110101100 |
| 2023-06-20 16:52:11 | 1111000000000001 | 0000000111100000 | 00000000 | 0010011100000011 | 0000000110101100 |
| 2023-06-20 16:52:14 | 1111000010000001 | 0000000111100000 | 00000000 | 0010011100000011 | 0000000110101100 |
| 2023-06-20 16:52:19 | 1111000010000001 | 0000000111100000 | 10100000 | 0010011100000011 | 0000000110101100 |
| 2023-06-20 16:52:21 | 1111000001000001 | 0000000111100000 | 00000000 | 0010011000001011 | 0000000110101100 |
| 2023-06-20 16:52:24 | 1111000000000001 | 0000000011100000 | 00000000 | 0010011000000011 | 0000000110101100 |
| 2023-06-20 16:52:26 | 1111000000000001 | 0000001011100000 | 00000000 | 1010011000000011 | 0000000110101100 |
| 2023-06-20 16:52:29 | 1111100000000001 | 0000001111100000 | 00000000 | 1010011000000011 | 0000000110101100 |
| 2023-06-20 16:52:34 | 1111100000000001 | 0000000011100000 | 00000000 | 0010011000000111 | 0000000110101100 |
| 2023-06-20 16:52:36 | 1111100000000001 | 0000000011100000 | 10100000 | 0010011000000111 | 0000000110101100 |
| 2023-06-20 16:52:39 | 1111100000000001 | 0000000011100000 | 00000000 | 0010011000000111 | 0000000110101100 |
| 2023-06-20 16:52:46 | 1111000000000001 | 0000000011100000 | 00000000 | 0011011000000001 | 0000000110101100 |
| 2023-06-20 16:52:49 | 1111000000000001 | 0000000111000000 | 00000000 | 0010011000000011 | 0000000110101100 |
| 2023-06-20 16:52:54 | 1111100000000001 | 0000000111000000 | 00000000 | 0010011000000011 | 0000000110101100 |
| 2023-06-20 16:52:56 | 1111100001000001 | 0000000111000000 | 00000000 | 0010011000000011 | 0000000110101100 |
| 2023-06-20 16:53:01 | 1111100001000001 | 0000000111100000 | 10100000 | 0010011000000011 | 0000000110101100 |
| 2023-06-20 16:53:04 | 1111100000000001 | 0000000011100000 | 10100000 | 0010011000000011 | 0000000110101100 |
| 2023-06-20 16:53:06 | 1111100000000001 | 0000001111100000 | 10100000 | 1010011000000011 | 0000000110101100 |
| 2023-06-20 16:53:09 | 1111101000000001 | 0000001111100000 | 00000000 | 1010011000000011 | 0000000110101100 |
| 2023-06-20 16:53:11 | 1111100000000001 | 0000000011100000 | 00000000 | 0010011000000111 | 0000000110101100 |
| 2023-06-20 16:53:31 | 1111100100000001 | 0000000011100000 | 00000000 | 0010001000000111 | 0000000110101100 |
| 2023-06-20 16:53:34 | 1111100000000001 | 0000000111000000 | 00000000 | 0010001000000111 | 0000000110101100 |
| 2023-06-20 16:53:36 | 1111100001000001 | 0000000111000000 | 00000000 | 0010001000000111 | 0000000110101100 |
| 2023-06-20 16:53:49 | 1111100010000001 | 0000000111000000 | 00000000 | 0010001000000111 | 0000000110101100 |
| 2023-06-20 16:53:51 | 1111100001000001 | 0000000111000000 | 00000000 | 0010001000000111 | 0000000110101100 |
| 2023-06-20 16:53:54 | 1111100000000001 | 0000000111000000 | 00000000 | 0010001000000111 | 0000000110101100 |
| 2023-06-20 16:53:56 | 1111100001000001 | 0000000111000000 | 00000000 | 0010001000000111 | 0000000110101100 |
| 2023-06-20 16:53:59 | 1111100000000001 | 0000000111000000 | 00000000 | 0010001000000111 | 0000000110101100 |
| 2023-06-20 16:54:01 | 1111100001000001 | 0000000111000000 | 00000000 | 0010001000000111 | 0000000110101100 |
| 2023-06-20 16:54:04 | 1111100000000001 | 0000000111000000 | 00000000 | 0010001000000111 | 0000000110101100 |
| 2023-06-20 16:54:06 | 1111000001000001 | 0000000111000000 | 00000000 | 0011001000001011 | 0000000110101100 |
| 2023-06-20 16:54:09 | 1111000000000001 | 0000000111000000 | 00000000 | 0010001000000011 | 0000000110101100 |
| 2023-06-20 16:54:19 | 1111000010000001 | 0000000111000000 | 00000000 | 0010001000000011 | 0000000110101100 |
| 2023-06-20 16:54:21 | 1111000001000001 | 0000000111000000 | 00000000 | 0010001000001011 | 0000000110101100 |
| 2023-06-20 16:54:24 | 1111000000000001 | 0000000111000000 | 00000000 | 0010001000000011 | 0000000110101100 |
| 2023-06-20 16:54:29 | 1111000000000001 | 0000000111000000 | 10100000 | 0010001000000011 | 0000000110101100 |
| 2023-06-20 16:54:31 | 1111000000000001 | 0000000111000000 | 00000000 | 0010001000000011 | 0000000110101100 |
| 2023-06-20 16:54:34 | 1111000001000001 | 0000000111000000 | 00000000 | 0010001000000011 | 0000000110101100 |
| 2023-06-20 16:54:36 | 1111000000000001 | 0000000111000000 | 00000000 | 0010001000001011 | 0000000110101100 |
| 2023-06-20 16:54:39 | 1111000000100001 | 0000000111000000 | 00000000 | 0010011000000011 | 0000000110101100 |
| 2023-06-20 16:54:41 | 1111000000000001 | 0000000111000000 | 00000000 | 0010011000000011 | 0000000110101100 |
| 2023-06-20 16:54:44 | 1111000001000001 | 0000000111000000 | 00000000 | 0010011000000011 | 0000000110101100 |
| 2023-06-20 16:54:46 | 1111000000000001 | 0000000111000000 | 00000000 | 0010011000000011 | 0000000110101100 |
| 2023-06-20 16:54:49 | 1111000000000001 | 0000000111100000 | 00000000 | 0010011000000011 | 0000000110101100 |
| 2023-06-20 16:54:56 | 1111000001000001 | 0000000111100000 | 00000000 | 0010011000000011 | 0000000110101100 |
| 2023-06-20 16:54:59 | 1111000000000001 | 0000000011100000 | 00000000 | 0010011000000011 | 0000000110101100 |
| 2023-06-20 16:55:01 | 1111000000000001 | 0000001111100000 | 00000000 | 1010011000000011 | 0000000110101100 |
| 2023-06-20 16:55:04 | 1111000000000001 | 0000001111100000 | 10100000 | 1010011000000011 | 0000000110101100 |
| 2023-06-20 16:55:06 | 1111100000000001 | 0000001111100000 | 00000000 | 1010011000000011 | 0000000110101100 |
| 2023-06-20 16:55:09 | 1111100000000001 | 0000000011100000 | 00000000 | 0010011000000111 | 0000000110101100 |
| 2023-06-20 16:55:14 | 1111100000000001 | 0000000011100000 | 10100000 | 0010011000000111 | 0000000110101100 |
| 2023-06-20 16:55:16 | 1111100000000011 | 0000000011100000 | 00000000 | 0010011000000111 | 0100000110101100 |
| 2023-06-20 16:55:19 | 1111100000000001 | 0000000011100000 | 00000000 | 0010011000000111 | 0000000110101100 |
| 2023-06-20 16:55:24 | 1111100000000001 | 0000000011000000 | 00000000 | 0010001000000111 | 0000000110101100 |
| 2023-06-20 16:55:26 | 1111000010000001 | 0000000111000000 | 00000000 | 0011011000010011 | 0000000110101100 |
| 2023-06-20 16:55:29 | 1111000000000001 | 0000000111000000 | 00000000 | 0010011000001011 | 0000000110101100 |
| 2023-06-20 16:55:31 | 1111000000000001 | 0000000111000000 | 00000000 | 0010011000000011 | 0000000110101100 |
| 2023-06-20 16:55:34 | 1111000001000001 | 0000000111100000 | 00000000 | 0010011000000011 | 0000100110101100 |
| 2023-06-20 16:55:36 | 1111000000000001 | 0000000111100000 | 00000000 | 0010011000000011 | 0000000110101100 |
| 2023-06-20 16:55:39 | 1111000000000001 | 0000001011100000 | 00000000 | 1010011000000011 | 0000000110101100 |
| 2023-06-20 16:55:41 | 1111000000000001 | 0000001111100000 | 00000000 | 1010011000000011 | 0000000110101100 |
| 2023-06-20 16:55:56 | 1111100000000001 | 0000001111100000 | 00000000 | 1010011000000011 | 0000000110101100 |
| 2023-06-20 16:55:59 | 1111100000000001 | 0000001111100000 | 00000000 | 1010011100000011 | 0000000110101100 |
| 2023-06-20 16:56:01 | 1111100000000001 | 0000001111100000 | 00000000 | 1010011000000011 | 0000000110101100 |
| 2023-06-20 16:56:06 | 1111100000000001 | 0000000011100000 | 00000000 | 0010011000000111 | 0000000110101100 |
| 2023-06-20 16:56:09 | 1111010000000001 | 0000000101100000 | 00000000 | 0011000000000001 | 0000000110101100 |
| 2023-06-20 16:56:11 | 1111010000000001 | 0000000101100000 | 00000000 | 0011000000000011 | 0000000110101100 |
| 2023-06-20 16:56:14 | 1111010010000001 | 0000000101100000 | 00000000 | 0010000100000011 | 0000000110101100 |
| 2023-06-20 16:56:16 | 1111010000000001 | 0000000101100000 | 00000000 | 0010000000000011 | 0000000110101100 |
| 2023-06-20 16:56:19 | 1111010001000001 | 0000000101100000 | 00000000 | 0010000000000011 | 0000000110101100 |
| 2023-06-20 16:56:24 | 1111010000100001 | 0000000101100000 | 00000000 | 0010011000010011 | 0000000110101100 |
| 2023-06-20 16:56:26 | 1111010000000001 | 0000000111000000 | 10100000 | 0010011000000011 | 0000000110101100 |
| 2023-06-20 16:56:29 | 1111010010000001 | 0000000111000000 | 00000000 | 0010011100000011 | 0000000110101100 |
| 2023-06-20 16:56:31 | 1111010001000001 | 0000000111000000 | 10100000 | 0010011000001011 | 0000000110101100 |
| 2023-06-20 16:56:34 | 1111010000000001 | 0000000111000000 | 00000000 | 0010011000001011 | 0000000110101100 |
| 2023-06-20 16:56:36 | 1111010000000001 | 0000000111100000 | 10100000 | 0010011000000011 | 0000000110101100 |
| 2023-06-20 16:56:44 | 1111010000000001 | 0000000111100000 | 10100000 | 0010011000001011 | 0000000110101100 |
| 2023-06-20 16:56:46 | 1111010000000001 | 0000000011100000 | 00000000 | 0010011000000011 | 0000000110101100 |
| 2023-06-20 16:56:49 | 1111010000000001 | 0000001011100000 | 00000000 | 1010011000000011 | 0000000110101100 |
| 2023-06-20 16:56:51 | 1111010000000001 | 0000001111100000 | 00000000 | 1010011000000011 | 0000000110101100 |
| 2023-06-20 16:56:54 | 1111010000000001 | 0000001111100000 | 10000000 | 1010011000000011 | 0000000110101100 |
| 2023-06-20 16:56:56 | 1111010000000001 | 0000001111100000 | 00000000 | 1010011000000011 | 0000000110101100 |
| 2023-06-20 16:57:16 | 1111100000000001 | 0000001111100000 | 00000000 | 1010011000000011 | 0000000110101100 |
| 2023-06-20 16:57:19 | 1111100100000001 | 0000000011100000 | 00000000 | 0010011000000111 | 0000000110101100 |
| 2023-06-20 16:57:21 | 1111000000000001 | 0000000111000000 | 00000000 | 0010001000000111 | 0000000110101100 |
| 2023-06-20 16:57:24 | 1111010000000001 | 0000000101100000 | 00000000 | 0011000000000011 | 0000000110101100 |
| 2023-06-20 16:57:26 | 1111100000000001 | 0000000101100000 | 10100000 | 0010000000000011 | 0000000110101100 |
| 2023-06-20 16:57:29 | 1111100000100001 | 0000000111000000 | 10100000 | 0010011000010011 | 0000000110101100 |
| 2023-06-20 16:57:31 | 1111100000000001 | 0000000111000000 | 00000000 | 0010011000000011 | 0000000110101100 |
| 2023-06-20 16:57:34 | 1111100001000001 | 0000000111000000 | 00000000 | 0010011000001011 | 0000000110101100 |
| 2023-06-20 16:57:36 | 1111100001000001 | 0000000111000000 | 10100000 | 0010011000001011 | 0000000110101100 |
| 2023-06-20 16:57:39 | 1111100000000001 | 0000000111000000 | 00000000 | 0010011000001011 | 0000000110101100 |
| 2023-06-20 16:57:41 | 1111100000000001 | 0000000011100000 | 10000000 | 0010011000000011 | 0000000110101100 |
| 2023-06-20 16:57:44 | 1111100000000001 | 0000001111100000 | 10100000 | 1010011000000011 | 0000000110101100 |
| 2023-06-20 16:57:49 | 1111100000000001 | 0000001111100000 | 00000000 | 1010011000000011 | 0000000110101100 |
| 2023-06-20 16:57:54 | 1111100000001001 | 0000001111100000 | 00000000 | 1010011000000011 | 0000100110101100 |
| 2023-06-20 16:57:56 | 1111100000000001 | 0000000111000000 | 00000000 | 0010001000000111 | 0000000110101100 |
| 2023-06-20 16:57:59 | 1111010000000001 | 0000000111000000 | 00000000 | 0011000000000011 | 0000000110101100 |
| 2023-06-20 16:58:01 | 1111010000000001 | 0000000111000000 | 00000000 | 0010000000000011 | 0000000110101100 |
| 2023-06-20 16:58:04 | 1111010000000001 | 0000000111000000 | 00000000 | 0010011000000011 | 0000000110101100 |
| 2023-06-20 16:58:09 | 1111010001000001 | 0000000111100000 | 00000000 | 0010011000000011 | 0000000110101100 |
| 2023-06-20 16:58:11 | 1111010000000001 | 0000000111100000 | 00000000 | 0010011000000011 | 0000000110101100 |
| 2023-06-20 16:58:14 | 1111010000000001 | 0000000011100000 | 00000000 | 0010011000000011 | 0000000110101100 |
| 2023-06-20 16:58:16 | 1111010000000001 | 0000001111100000 | 00000000 | 1010011000000011 | 0000000110101100 |
| 2023-06-20 16:58:19 | 1111010000000001 | 0000001111100000 | 10100000 | 1010011000000011 | 0000000110101100 |
| 2023-06-20 16:58:21 | 1111010000000001 | 0000001111100000 | 00000000 | 1010011000000011 | 0000000110101100 |
| 2023-06-20 16:58:31 | 1111100000000001 | 0000001111100000 | 00000000 | 1010011000000011 | 0000000110101100 |
| 2023-06-20 16:59:00 | 0000000000000000 | 0000000000000000 | 00000000 | 0000000000000000 | 0000000000000000 |
| 2023-06-20 16:59:00 | 1111100000000001 | 0000001111100000 | 00000000 | 1010011000000011 | 0000000110101100 |
| 2023-06-20 16:59:12 | 0000000000000000 | 0000000000000000 | 00000000 | 0000000000000000 | 0000000000000000 |
| 2023-06-20 16:59:12 | 1111100000000001 | 0000001111100000 | 10100000 | 1010011000000011 | 0000000110101100 |
| 2023-06-20 16:59:24 | 0000000000000000 | 0000000000000000 | 00000000 | 0000000000000000 | 0000000000000000 |
| 2023-06-20 16:59:24 | 1111100000000001 | 0000001111100000 | 10100000 | 1010011000000011 | 0000000110101100 |
| 2023-06-20 16:59:36 | 0000000000000000 | 0000000000000000 | 00000000 | 0000000000000000 | 0000000000000000 |
| 2023-06-20 16:59:37 | 1111100000000001 | 0000001111100000 | 10100000 | 1010011000000011 | 0000000110101100 |
| 2023-06-20 16:59:39 | 1111100000000001 | 0000001111100000 | 00000000 | 1010011000000011 | 0000000110101100 |
| 2023-06-20 16:59:54 | 0000000000000000 | 0000000000000000 | 00000000 | 0000000000000000 | 0000000000000000 |
| 2023-06-20 16:59:54 | 1111100000000001 | 0000001111100000 | 00000000 | 1010011000000011 | 0000000110101100 |
| 2023-06-20 17:00:29 | 1111100000000001 | 0000001111100000 | 10100000 | 1010011000000011 | 0000000110101100 |
| 2023-06-20 17:00:36 | 1111100000000001 | 0000001111100000 | 00000000 | 1010011000000011 | 0000000110101100 |
| 2023-06-20 17:00:41 | 1111100000000001 | 0000001111100000 | 10100000 | 1010011000000011 | 0000000110101100 |
| 2023-06-20 17:00:44 | 1111100000000001 | 0000001111100000 | 00000000 | 1010011000000011 | 0000000110101100 |
| 2023-06-20 17:00:51 | 1111100000000001 | 0000000011100000 | 00000000 | 0010011000000111 | 0000000110101100 |
| 2023-06-20 17:00:59 | 1111100000000001 | 0000000011100000 | 10100000 | 0010011000000111 | 0000000110101100 |
| 2023-06-20 17:01:01 | 1111100000000001 | 0000000011100000 | 00000000 | 0010011000000111 | 0000000110101100 |
| 2023-06-20 17:01:24 | 1111100000000001 | 0000000011100000 | 10100000 | 0010011000000111 | 0000000110101100 |
| 2023-06-20 17:01:26 | 1111100000000001 | 0000000011100000 | 00000000 | 0010011000000111 | 0000000110101100 |
| 2023-06-20 17:01:29 | 1111100000000011 | 0000000011100000 | 00000000 | 0010011000000111 | 0100000110101100 |
| 2023-06-20 17:01:31 | 1111100000000001 | 0000000011100000 | 00000000 | 0010011000000111 | 0000000110101100 |
| 2023-06-20 17:01:34 | 1111100000000001 | 0000000011100000 | 10100000 | 0010011000000111 | 0000000110101100 |
| 2023-06-20 17:01:36 | 1111100000000001 | 0000000011100000 | 00000000 | 0010011000000111 | 0000000110101100 |
| 2023-06-20 17:01:39 | 1111100000000011 | 0000000011100000 | 00000000 | 0010011000000111 | 0100000110101100 |
| 2023-06-20 17:01:41 | 1111100000000001 | 0000000011100000 | 10100000 | 0010011000000111 | 0000000110101100 |
| 2023-06-20 17:01:44 | 1111100000000001 | 0000000011100000 | 00000000 | 0010011000000111 | 0000000110101100 |
| 2023-06-20 17:01:49 | 1111100000000011 | 0000000111100000 | 10100000 | 0010011000000111 | 0100000110101100 |
| 2023-06-20 17:02:04 | 0000000000000000 | 0000000000000000 | 00000000 | 0000000000000000 | 0000000000000000 |
| 2023-06-20 17:02:04 | 1111100000000001 | 0000000011100000 | 00000000 | 0010011000000111 | 0000000110101100 |
| 2023-06-20 17:02:09 | 1111100000000011 | 0000000011100000 | 00000000 | 0010011000000111 | 0100000110101100 |
| 2023-06-20 17:02:11 | 1111100000000001 | 0000000011100000 | 00000000 | 0010011000000111 | 0000000110101100 |
| 2023-06-20 17:02:45 | 0000000000000000 | 0000000000000000 | 00000000 | 0000000000000000 | 0000000000000000 |
| 2023-06-20 17:02:46 | 1111100000000001 | 0000000011100000 | 00000000 | 0010011000000111 | 0000000110101100 |
| 2023-06-20 17:03:13 | 0000000000000000 | 0000000000000000 | 00000000 | 0000000000000000 | 0000000000000000 |
| 2023-06-20 17:03:14 | 1111100000000001 | 0000000011100000 | 00000000 | 0010011000000111 | 0000000110101100 |
| 2023-06-20 17:03:16 | 1111100000000011 | 0000000011100000 | 00000000 | 0010011000000111 | 0100000110101100 |
| 2023-06-20 17:06:05 | 1111100000000001 | 0000000011100000 | 00000000 | 0010011000000111 | 0000000110101100 |
| 2023-06-20 17:06:24 | 1111100000000011 | 0000000011100000 | 10100000 | 0010011000000111 | 0100000110101100 |
| 2023-06-20 17:06:26 | 1111100000000001 | 0000000011100000 | 00000000 | 0010011000000111 | 0000000110101100 |
| 2023-06-20 17:06:29 | 1111100000000001 | 0000000011100000 | 10100000 | 0010011000000111 | 0000000110101100 |
| 2023-06-20 17:06:31 | 1111100000000001 | 0000000011100000 | 00000000 | 0010011000000111 | 0000000110101100 |
| 2023-06-20 17:11:35 | 0000000000000000 | 0000000000000000 | 00000000 | 0000000000000000 | 0000000000000000 |
| 2023-06-20 17:12:20 | 0000000000000000 | 0000000000000000 | 00000000 | 0000000000000000 | 0000000000000000 |
| 2023-06-20 17:12:30 | 0000000000000000 | 0000000000000000 | 00000000 | 0000000000000000 | 0000000000000000 |
| 2023-06-20 17:12:31 | 1111100000000001 | 0000001111100000 | 10100000 | 1010011000000011 | 0000000110101100 |
| 2023-06-20 17:12:36 | 1111100000000001 | 0000001111100000 | 00000000 | 1010011000000011 | 0000000110101100 |
| 2023-06-20 17:12:46 | 1111100000000001 | 0000001111100000 | 10100000 | 1010011000000011 | 0000000110101100 |
| 2023-06-20 17:12:49 | 1111100000000001 | 0000001111100000 | 00000000 | 1010011000000011 | 0000000110101100 |
| 2023-06-20 17:12:51 | 1111100000000001 | 0000001111100000 | 10100000 | 1010011000000011 | 0000000110101100 |
| 2023-06-20 17:13:01 | 1111100000000001 | 0000001111100000 | 00000000 | 1010011000000011 | 0000000110101100 |
| 2023-06-20 17:13:06 | 1111100000000001 | 0000001111100000 | 10100000 | 1010011000000011 | 0000000110101100 |
| 2023-06-20 17:13:19 | 1111100000000001 | 0000001111100000 | 00000000 | 1010011000000011 | 0000000110101100 |
| 2023-06-20 17:13:24 | 1111100000000001 | 0000001111100000 | 10100000 | 1010011000000011 | 0000000110101100 |
| 2023-06-20 17:13:41 | 0000000000000000 | 0000000000000000 | 00000000 | 0000000000000000 | 0000000000000000 |
| 2023-06-20 17:13:41 | 1111100000000001 | 0000001111100000 | 00000000 | 1010011000000011 | 0000000110101100 |
| 2023-06-20 17:13:44 | 1111100000000001 | 0000001111100000 | 10100000 | 1010011000000011 | 0000000110101100 |
| 2023-06-20 17:14:01 | 1111100000000001 | 0000001111100000 | 00000000 | 1010011000000011 | 0000000110101100 |
| 2023-06-20 17:14:04 | 1111100000000001 | 0000001111100000 | 10100000 | 1010011000000011 | 0000000110101100 |
| 2023-06-20 17:14:19 | 1111100000000001 | 0000001111100000 | 00000000 | 1010011000000011 | 0000000110101100 |
| 2023-06-20 17:14:21 | 1111100000000001 | 0000001111100000 | 10100000 | 1010011000000011 | 0000000110101100 |
| 2023-06-20 17:14:24 | 1111100000000001 | 0000001111100000 | 00000000 | 1010011000000011 | 0000000110101100 |
| 2023-06-20 17:14:31 | 1111100000000001 | 0000001111100000 | 10100000 | 1010011000000011 | 0000000110101100 |
| 2023-06-20 17:14:36 | 1111100000000001 | 0000001111100000 | 00000000 | 1010011000000011 | 0000000110101100 |
| 2023-06-20 17:14:44 | 1111100000000001 | 0000001111100000 | 10100000 | 1010011000000011 | 0000000110101100 |
| 2023-06-20 17:15:14 | 1111100000000001 | 0000001111100000 | 00000000 | 1010011000000011 | 0000000110101100 |
| 2023-06-20 17:15:16 | 1111100000000001 | 0000001111100000 | 10100000 | 1010011000000011 | 0000000110101100 |
| 2023-06-20 17:15:21 | 1111100000000001 | 0000001111100000 | 00000000 | 1010011000000011 | 0000000110101100 |
| 2023-06-20 17:15:24 | 1111100000000001 | 0000001111100000 | 10100000 | 1010011000000011 | 0000000110101100 |
| 2023-06-20 17:15:26 | 1111100000000001 | 0000001111100000 | 00000000 | 1010011000000011 | 0000000110101100 |
| 2023-06-20 17:15:29 | 1111100000000001 | 0000001111100000 | 10100000 | 1010011000000011 | 0000000110101100 |
| 2023-06-20 17:15:34 | 1111100000000001 | 0000001111100000 | 00000000 | 1010011000000011 | 0000000110101100 |
| 2023-06-20 17:15:36 | 1111100000000001 | 0000001111100000 | 10100000 | 1010011000000011 | 0000000110101100 |
| 2023-06-20 17:33:19 | 0000000000000000 | 0000000000000000 | 00000000 | 0000000000000000 | 0000000000000000 |
| 2023-06-20 17:33:41 | 0000000000000000 | 0000000000000000 | 00000000 | 0000000000000000 | 0000000000000000 |
| 2023-06-20 17:34:09 | 1111010000000001 | 0000001101100000 | 00000000 | 0000010000000011 | 0000000110100000 |
| 2023-06-20 17:34:12 | 1111010000000001 | 0000001101100000 | 10100000 | 0000010000000011 | 0000000110100000 |
| 2023-06-20 17:34:17 | 1111010000000001 | 0000001101100000 | 00000000 | 0000010000000011 | 0000000110100000 |
| 2023-06-20 17:34:29 | 1111010000000001 | 0000001101100000 | 10100000 | 0000010000000011 | 0000000110100000 |
| 2023-06-20 17:34:32 | 1111010000000001 | 0000001101100000 | 00000000 | 0000010000000011 | 0000000110100000 |
| 2023-06-20 17:34:37 | 1111100000000001 | 0000001101100000 | 00000000 | 0000010000000011 | 0000000110100000 |
| 2023-06-20 17:34:39 | 1111100000000001 | 0000001101100000 | 00000000 | 0000011000000011 | 0000000110100000 |
| 2023-06-20 17:34:47 | 1111100000000001 | 0000001101100000 | 10100000 | 0000011000000011 | 0000000110100000 |
| 2023-06-20 17:34:52 | 1111100000000001 | 0000001101100000 | 00000000 | 0000011000000011 | 0000000110100000 |
| 2023-06-20 17:35:04 | 1111100000100001 | 0000001101100000 | 10100000 | 0000011000010011 | 0000000110100000 |
| 2023-06-20 17:35:07 | 1111100000000001 | 0000001111000000 | 00000000 | 0000011000010011 | 0000000110100000 |
| 2023-06-20 17:35:09 | 1111100000000001 | 0000001111000000 | 10100000 | 0000011000000011 | 0000000110100000 |
| 2023-06-20 17:35:12 | 1111100000000001 | 0000001111000000 | 00000000 | 0000011000000011 | 0000000110100000 |
| 2023-06-20 17:35:14 | 1111100010000001 | 0000001111000000 | 00000000 | 0010011100000011 | 0000000110100000 |
| 2023-06-20 17:35:17 | 1111100001000001 | 0000001111000000 | 00000000 | 0010011000001011 | 0000000110101000 |
| 2023-06-20 17:35:19 | 1111100000000001 | 0000001111100000 | 00000000 | 1010011000000011 | 0000000110101000 |
| 2023-06-20 17:35:27 | 1111100000000001 | 0000000011100000 | 00000000 | 0010011000000111 | 0000000110101100 |
| 2023-06-20 17:35:34 | 1111100000000011 | 0000000011100000 | 00000000 | 0010011000000111 | 0100000110101100 |
| 2023-06-20 17:35:37 | 1111100000000001 | 0000000011100000 | 00000000 | 0010011000000111 | 0000000110101100 |
| 2023-06-20 17:35:44 | 1111100000000011 | 0000000111100000 | 00000000 | 0010011000000111 | 0100000110101100 |
| 2023-06-20 17:35:47 | 1111100000000001 | 0000000011100000 | 00000000 | 0010011000000111 | 0000000110101100 |
| 2023-06-20 17:35:49 | 1111100000000001 | 0000000011100000 | 10100000 | 0010011000000111 | 0000000110101100 |
| 2023-06-20 17:35:52 | 1111100000000001 | 0000000011100000 | 00000000 | 0010011000000111 | 0000000110101100 |
| 2023-06-20 17:35:54 | 1111100000000011 | 0000000011100000 | 00000000 | 0010011000000111 | 0100000110101100 |
| 2023-06-20 17:35:57 | 1111100000000001 | 0000000011100000 | 00000000 | 0010011000000111 | 0000000110101100 |
| 2023-06-20 17:36:04 | 1111100000000011 | 0000000011100000 | 00000000 | 0010011000000111 | 0100000110101100 |
| 2023-06-20 17:36:07 | 1111100000000001 | 0000000011100000 | 00000000 | 0010011000000111 | 0000000110101100 |
| 2023-06-20 17:36:14 | 1111100000000011 | 0000000011100000 | 00000000 | 0010011000000111 | 0100000110101100 |
| 2023-06-20 17:36:17 | 1111100000000001 | 0000000011100000 | 00000000 | 0010011000000111 | 0000000110101100 |
| 2023-06-20 17:36:24 | 1111100000000011 | 0000000011100000 | 00000000 | 0010011000000111 | 0100000110101100 |
| 2023-06-20 17:36:27 | 1111100000000001 | 0000000011100000 | 00000000 | 0010011000000111 | 0000000110101100 |
| 2023-06-20 17:36:29 | 1111100000000001 | 0000000011100000 | 10100000 | 0010011000000111 | 0000000110101100 |
| 2023-06-20 17:36:32 | 1111100000000001 | 0000000011100000 | 00000000 | 0010011000000111 | 0000000110101100 |
| 2023-06-20 17:36:34 | 1111100000000011 | 0000000111100000 | 00000000 | 0010011000000111 | 0100000110101100 |
| 2023-06-20 17:36:37 | 1111100000000001 | 0000000011100000 | 00000000 | 0010011000000111 | 0000000110101100 |
| 2023-06-20 17:36:44 | 1111100000000011 | 0000000111100000 | 00000000 | 0010011000000111 | 0100000110101100 |
| 2023-06-20 17:36:47 | 1111100000000001 | 0000000011100000 | 00000000 | 0010011000000111 | 0000000110101100 |
| 2023-06-20 17:37:44 | 0000100000000000 | 0000000000100000 | 00000000 | 0011011000000011 | 0000000110001100 |
| 2023-06-20 17:37:47 | 0000100000000000 | 0000000100100000 | 10100000 | 0010011000000011 | 0000000110001100 |
| 2023-06-20 17:37:49 | 0000100000000000 | 0000000100100000 | 00000000 | 0010011000000011 | 0000000110001100 |
| 2023-06-20 17:38:17 | 0000100000000000 | 0000000100100000 | 10100000 | 0010011000000011 | 0000000110001100 |
| 2023-06-20 17:38:19 | 0000100000000000 | 0000000100100000 | 00000000 | 0010011000000011 | 0000000110001100 |
| 2023-06-20 17:38:22 | 0000100000000000 | 0000000100100000 | 10100000 | 0010011000000011 | 0000000110001100 |
| 2023-06-20 17:38:24 | 0000100000000000 | 0000000100100000 | 00000000 | 0010011000000011 | 0000000110001100 |
| 2023-06-20 17:38:27 | 0000100000000000 | 0000000100100000 | 10100000 | 0010011000000011 | 0000000110001100 |
| 2023-06-20 17:38:29 | 0000100000000000 | 0000000100100000 | 00000000 | 0010011000000011 | 0000000110001100 |
| 2023-06-20 17:38:49 | 0000100000000000 | 0000000100100000 | 10100000 | 0010011000000011 | 0000000110001100 |
| 2023-06-20 17:38:52 | 0000100000000000 | 0000000100100000 | 00000000 | 0010011000000011 | 0000000110001100 |
| 2023-06-20 17:38:59 | 0000100000000000 | 0000000100100000 | 10100000 | 0010011000000011 | 0000000110001100 |
| 2023-06-20 17:39:02 | 0000100000000000 | 0000000100100000 | 00000000 | 0010011000000011 | 0000000110001100 |
| 2023-06-20 17:39:27 | 0000100000000000 | 0000000100100000 | 10100000 | 0010011000000011 | 0000000110001100 |
| 2023-06-20 17:39:29 | 0000100000000000 | 0000000100100000 | 00000000 | 0010011000000011 | 0000000110001100 |
| 2023-06-20 17:39:32 | 0000100000000000 | 0000000100100000 | 10100000 | 0010011000000011 | 0000000110001100 |
| 2023-06-20 17:39:34 | 0000100000000000 | 0000000100100000 | 00000000 | 0010011000000011 | 0000000110001100 |
| 2023-06-20 17:39:54 | 1111100000000001 | 0000000101100000 | 00000000 | 0010011000000011 | 0000000110101100 |
| 2023-06-20 17:39:57 | 1111100000100001 | 0000000111000000 | 00000000 | 0010011000010011 | 0000000110101100 |
| 2023-06-20 17:39:59 | 1111100010000001 | 0000000111000000 | 00000000 | 0010011100000011 | 0000000110101100 |
| 2023-06-20 17:40:02 | 1111100000000001 | 0000000111000000 | 00000000 | 0010011000000011 | 0000000110101100 |
| 2023-06-20 17:40:04 | 1111100001000001 | 0000000111000000 | 00000000 | 0010011000000011 | 0000000110101100 |
| 2023-06-20 17:40:09 | 1111100000000001 | 0000000111100000 | 00000000 | 0010011000000011 | 0000000110101100 |
| 2023-06-20 17:40:19 | 1111000000000001 | 0000000111100000 | 00000000 | 0010011000000011 | 0000000110101100 |
| 2023-06-20 17:40:22 | 1111010000000001 | 0000000101100000 | 00000000 | 0010010000000011 | 0000000110101100 |
| 2023-06-20 17:40:24 | 1111000000000001 | 0000000111000000 | 00000000 | 0010011000000011 | 0000000110101100 |
| 2023-06-20 17:40:27 | 1111100000000001 | 0000000111000000 | 00000000 | 0010011000000011 | 0000000110101100 |
| 2023-06-20 17:40:32 | 1111100001000001 | 0000000111000000 | 00000000 | 0010011000000011 | 0000000110101100 |
| 2023-06-20 17:40:37 | 1111100000000001 | 0000000111100000 | 00000000 | 0010011000000011 | 0000000110101100 |
| 2023-06-20 17:40:49 | 1111100001000001 | 0000000111100000 | 00000000 | 0010011000001011 | 0000000110101100 |
| 2023-06-20 17:40:52 | 1111100000000001 | 0000000011100000 | 00000000 | 0010011000000011 | 0000000110101100 |
| 2023-06-20 17:40:57 | 1111100000000001 | 0000001111100000 | 00000000 | 1010011000000011 | 0000000110101100 |
| 2023-06-20 17:40:59 | 1111100000001001 | 0000001111100000 | 00000000 | 1010011000000011 | 0000100110101100 |
| 2023-06-20 17:41:02 | 1111100000001001 | 0000001111100000 | 10100000 | 0010011000000011 | 0000000110101100 |
| 2023-06-20 17:41:04 | 1111100000000001 | 0000000011100000 | 00000000 | 0010011000000111 | 0000000110101100 |
| 2023-06-20 17:41:12 | 1111100000000001 | 0000000011100000 | 00000000 | 0010001000000011 | 0000000110101100 |
| 2023-06-20 17:41:14 | 1111100000000001 | 0000000111000000 | 10100000 | 0010001000000011 | 0000000110101100 |
| 2023-06-20 17:41:17 | 1111100000000001 | 0000000111000000 | 00000000 | 0010001000000011 | 0000000110101100 |
| 2023-06-20 17:41:22 | 1111100000000001 | 0000000111000000 | 10100000 | 0010001000000011 | 0000000110101100 |
| 2023-06-20 17:41:27 | 1111100000000001 | 0000000111000000 | 00000000 | 0010001000000011 | 0000000110101100 |
| 2023-06-20 17:41:34 | 1111100000000001 | 0000000111000000 | 10100000 | 0010001000000011 | 0000000110101100 |
| 2023-06-20 17:41:37 | 1111100000000001 | 0000000111000000 | 00000000 | 0010001000000011 | 0000000110101100 |
| 2023-06-20 17:41:39 | 1111100000000001 | 0000000111000000 | 10100000 | 0010001000000011 | 0000000110101100 |
| 2023-06-20 17:41:42 | 1111100000000001 | 0000000111000000 | 00000000 | 0010001000000011 | 0000000110101100 |
| 2023-06-20 17:41:44 | 1111100000000001 | 0000000111000000 | 10100000 | 0010001000000011 | 0000000110101100 |
| 2023-06-20 17:41:47 | 1111100000000001 | 0000000111000000 | 00000000 | 0010001000000011 | 0000000110101100 |
| 2023-06-20 17:41:49 | 1111100000000001 | 0000000111000000 | 10100000 | 0010001000000011 | 0000000110101100 |
| 2023-06-20 17:41:57 | 1111100000000001 | 0000000111000000 | 00000000 | 0010001000000011 | 0000000110101100 |
| 2023-06-20 17:42:02 | 1111101000000001 | 0000000111000000 | 00000000 | 0010011000000011 | 0000000110101100 |
| 2023-06-20 17:42:04 | 1111100000000001 | 0000000011100000 | 00000000 | 0010011000000111 | 0000100110101100 |
| 2023-06-20 17:42:07 | 1111100000000001 | 0000000111000000 | 00000000 | 0010001000000111 | 0000000110101100 |
| 2023-06-20 17:42:09 | 1111100000000001 | 0000000111000000 | 00000000 | 0010011000000111 | 0000000110101100 |
| 2023-06-20 17:42:12 | 1111100000000001 | 0000000011100000 | 00000000 | 0010011000000111 | 0000000110101100 |
| 2023-06-20 17:42:14 | 1111100000000001 | 0000000011100000 | 00000000 | 0010001000000111 | 0000000110101100 |
| 2023-06-20 17:42:17 | 1111100000000001 | 0000000111000000 | 00000000 | 0010001000000111 | 0000000110101100 |
| 2023-06-20 17:42:24 | 1111100000000001 | 0000000111000000 | 10100000 | 0010001000000111 | 0000000110101100 |
| 2023-06-20 17:42:27 | 1111100000000001 | 0000000111000000 | 00000000 | 0010001000000111 | 0000000110101100 |
| 2023-06-20 17:42:32 | 1111100000000001 | 0000000111000000 | 10100000 | 0010001000000111 | 0000000110101100 |
| 2023-06-20 17:42:37 | 1111100000000001 | 0000000111000000 | 00000000 | 0010001000000111 | 0000000110101100 |
| 2023-06-20 17:42:39 | 1111100000000001 | 0000000111000000 | 10100000 | 0010001000000111 | 0000000110101100 |
| 2023-06-20 17:42:42 | 1111100000000001 | 0000000111000000 | 00000000 | 0010001000000111 | 0000000110101100 |
| 2023-06-20 17:42:44 | 0000100000000000 | 0000000100100000 | 00000000 | 0011001000000011 | 0000000110001100 |
| 2023-06-20 17:42:47 | 0000100000000000 | 0000000100100000 | 00000000 | 0010001000000011 | 0000000110001100 |
| 2023-06-20 17:42:49 | 0000100000000000 | 0000000100100000 | 10100000 | 0010001000000011 | 0000000110001100 |
| 2023-06-20 17:42:54 | 0000100000000000 | 0000000100100000 | 00000000 | 0010001000000011 | 0000000110001100 |
| 2023-06-20 17:42:57 | 1111100000000001 | 0000000101100000 | 00100000 | 0010001000000011 | 0000000110101100 |
| 2023-06-20 17:42:59 | 1111100000000001 | 0000000101100000 | 10100000 | 0010001000000011 | 0000000110101100 |
| 2023-06-20 17:43:04 | 1111100000100001 | 0000000111000000 | 00000000 | 0010011000010011 | 0000000110101100 |
| 2023-06-20 17:43:07 | 1111100000000001 | 0000000111000000 | 10100000 | 0010011000000011 | 0000000110101100 |
| 2023-06-20 17:43:09 | 1111100010000001 | 0000000111000000 | 00000000 | 0010011100000011 | 0000000110101100 |
| 2023-06-20 17:43:12 | 1111100001000001 | 0000000111000000 | 00000000 | 0010011000000011 | 0000000110101100 |
| 2023-06-20 17:43:17 | 1111100001000001 | 0000000111000000 | 10100000 | 0010011000001011 | 0000000110101100 |
| 2023-06-20 17:43:19 | 1111100001000001 | 0000000011100000 | 10100000 | 0010011000000011 | 0000000110101100 |
| 2023-06-20 17:43:22 | 1111100000000001 | 0000000011100000 | 00000000 | 0010011000000011 | 0000000110101100 |
| 2023-06-20 17:43:24 | 1111100000000001 | 0000001111100000 | 00000000 | 0010011000000011 | 0000000110101100 |
| 2023-06-20 17:43:27 | 1111100000000001 | 0000001111100000 | 00000000 | 1010011000000011 | 0000000110101100 |
| 2023-06-20 17:43:34 | 1111100000000001 | 0000001111100000 | 10100000 | 1010011000000011 | 0000000110101100 |
| 2023-06-20 17:43:37 | 1111100000000001 | 0000001111100000 | 00000000 | 1010011000000011 | 0000000110101100 |
| 2023-06-20 17:43:44 | 1111100000000001 | 0000001111100000 | 10100000 | 1010011000000011 | 0000000110101100 |
| 2023-06-20 17:43:47 | 1111100000000001 | 0000001111100000 | 00000000 | 1010011000000011 | 0000000110101100 |
| 2023-06-20 17:43:52 | 1111100000000001 | 0000001111100000 | 10100000 | 1010011000000011 | 0000000110101100 |
| 2023-06-20 17:43:54 | 1111100000000001 | 0000001111100000 | 00000000 | 1010011000000011 | 0000000110101100 |
| 2023-06-20 17:44:12 | 1111100000000001 | 0000001111100000 | 10100000 | 1010011000000011 | 0000000110101100 |
| 2023-06-20 17:44:14 | 1111100000000001 | 0000001111100000 | 00000000 | 1010011000000011 | 0000000110101100 |
| 2023-06-20 17:44:49 | 1111100000000001 | 0000001111100000 | 10100000 | 1010011000000011 | 0000000110101100 |
| 2023-06-20 17:44:57 | 1111100000000001 | 0000001111100000 | 00000000 | 1010011000000011 | 0000000110101100 |
| 2023-06-20 17:45:07 | 1111100000000001 | 0000001111100000 | 10100000 | 1010011000000011 | 0000000110101100 |
| 2023-06-20 17:45:12 | 1111100000000001 | 0000001111100000 | 00000000 | 1010011000000011 | 0000000110101100 |
| 2023-06-20 17:45:14 | 1111100000000001 | 0000001111100000 | 10100000 | 1010011000000011 | 0000000110101100 |
| 2023-06-20 17:45:19 | 1111100000000001 | 0000001111100000 | 00000000 | 1010011000000011 | 0000000110101100 |
| 2023-06-20 17:45:47 | 1111100000000001 | 0000001111100000 | 10000000 | 1010011000000011 | 0000000110101100 |
| 2023-06-20 17:45:49 | 1111100000000001 | 0000001111100000 | 00000000 | 1010011000000011 | 0000000110101100 |
| 2023-06-20 17:45:59 | 1111100000000001 | 0000001111100000 | 10100000 | 1010011000000011 | 0000000110101100 |
| 2023-06-20 17:46:02 | 1111100000000001 | 0000001111100000 | 00000000 | 1010011000000011 | 0000000110101100 |
| 2023-06-20 17:46:14 | 1111100000000001 | 0000001111100000 | 10100000 | 1010011000000011 | 0000000110101100 |
| 2023-06-20 17:46:19 | 1111100000000001 | 0000001111100000 | 00000000 | 1010011000000011 | 0000000110101100 |
| 2023-06-20 17:46:22 | 1111100000000001 | 0000001111100000 | 00100000 | 1010011000000011 | 0000000110101100 |
| 2023-06-20 17:46:24 | 1111100000000001 | 0000001111100000 | 10100000 | 1010011000000011 | 0000000110101100 |
| 2023-06-20 17:46:42 | 1111100000000001 | 0000001111100000 | 00000000 | 1010011000000011 | 0000000110101100 |
| 2023-06-20 17:46:49 | 1111100000000001 | 0000001111100000 | 10100000 | 1010011000000011 | 0000000110101100 |
| 2023-06-20 17:46:57 | 1111100000000001 | 0000001111100000 | 00000000 | 1010011000000011 | 0000000110101100 |
| 2023-06-20 17:46:59 | 1111100000000001 | 0000001111100000 | 10100000 | 1010011000000011 | 0000000110101100 |
| 2023-06-20 17:47:04 | 1111100000000001 | 0000001111100000 | 00000000 | 1010011000000011 | 0000000110101100 |
| 2023-06-20 17:47:09 | 1111100000000001 | 0000001111100000 | 10100000 | 1010011000000011 | 0000000110101100 |
| 2023-06-20 17:47:12 | 1111100000000001 | 0000001111100000 | 00000000 | 1010011000000011 | 0000000110101100 |
| 2023-06-20 17:47:19 | 1111100000000001 | 0000001111100000 | 10100000 | 1010011000000011 | 0000000110101100 |
| 2023-06-20 17:47:22 | 1111100000000001 | 0000001111100000 | 00000000 | 1010011000000011 | 0000000110101100 |
| 2023-06-20 17:47:49 | 1111100000000001 | 0000001111100000 | 10100000 | 1010011000000011 | 0000000110101100 |
| 2023-06-20 17:47:52 | 1111100000000001 | 0000001111100000 | 00000000 | 1010011000000011 | 0000000110101100 |
| 2023-06-20 17:47:54 | 1111100000000001 | 0000001111100000 | 10100000 | 1010011000000011 | 0000000110101100 |
| 2023-06-20 17:48:09 | 1111100000000001 | 0000001111100000 | 00000000 | 1010011000000011 | 0000000110101100 |
| 2023-06-20 17:48:22 | 1111100000000001 | 0000001111100000 | 10100000 | 1010011000000011 | 0000000110101100 |
| 2023-06-20 17:48:24 | 1111100000000001 | 0000001111100000 | 00000000 | 1010011000000011 | 0000000110101100 |
| 2023-06-20 17:50:09 | 1111100000000001 | 0000001111100000 | 10100000 | 1010011000000011 | 0000000110101100 |
| 2023-06-20 17:50:12 | 1111100000000001 | 0000001111100000 | 00000000 | 1010011000000011 | 0000000110101100 |
| 2023-06-20 18:12:31 | 0000000000000000 | 0000000000000000 | 00000000 | 0000000000000000 | 0000000000000000 |
