|      Date Time      |       DI 1       |       DI 2       |   DI 3   |       DO 1       |       DO 2       |
| 2023-07-05 10:47:36 | 1111010000000001 | 0000001101100000 | 00000000 | 0000010000000011 | 0000000110100000 |
| 2023-07-05 10:48:06 | 1111010000000001 | 0000001111000000 | 00000000 | 0000011000010011 | 0000000110100000 |
| 2023-07-05 10:48:08 | 1111010000000001 | 0000001111000000 | 00000000 | 0000011000000011 | 0000000110100000 |
| 2023-07-05 10:48:16 | 1111010010000001 | 0000001111000000 | 00000000 | 0010011100000011 | 0000000110100000 |
| 2023-07-05 10:48:21 | 1111100000000001 | 0000001111000000 | 00000000 | 0010011000000011 | 0000000110100000 |
| 2023-07-05 10:48:23 | 1111100001000001 | 0000001111000000 | 00000000 | 0010011000001011 | 0000000110101000 |
| 2023-07-05 10:48:26 | 1111100000000001 | 0000001111100000 | 00000000 | 1010011000000011 | 0000000110101000 |
| 2023-07-05 10:48:31 | 1111100000000001 | 0000001111100000 | 10100000 | 1010011000000011 | 0000000110101000 |
| 2023-07-05 10:48:33 | 1111100000000001 | 0000001111100000 | 00000000 | 1010011000000011 | 0000000110101000 |
| 2023-07-05 10:48:36 | 1111100000001001 | 0000001111100000 | 00000000 | 1010011000000111 | 0000100110101100 |
| 2023-07-05 10:48:38 | 1111100000000001 | 0000000011100000 | 00000000 | 0010011000000111 | 0000000110101100 |
| 2023-07-05 10:48:46 | 1111100000001001 | 0000000011100000 | 00000000 | 0010011000000011 | 0000000110101100 |
| 2023-07-05 10:48:48 | 1111100000000001 | 0000000011100000 | 00000000 | 0010011000000111 | 0000000110101100 |
| 2023-07-05 10:50:56 | 1111100000000001 | 0000000011100000 | 00000000 | 0010011000000011 | 0000000110101100 |
| 2023-07-05 10:50:58 | 1111100000000001 | 0000000011100000 | 00000000 | 0010011000000111 | 0000000110101100 |
| 2023-07-05 10:51:13 | 1111100000000011 | 0000000111100000 | 00000000 | 0010011000000111 | 0100000110101100 |
| 2023-07-05 10:51:16 | 1111100000000001 | 0000000011100000 | 00000000 | 0010011000000111 | 0000000110101100 |
| 2023-07-05 10:51:43 | 1111100000000001 | 0000000011100000 | 00000000 | 0010011000000011 | 0000000110101100 |
| 2023-07-05 10:51:46 | 1111100000000001 | 0000000011100000 | 00000000 | 0010011000000111 | 0000000110101100 |
| 2023-07-05 10:52:01 | 1111100000000011 | 0000000011100000 | 00000000 | 0010011000000111 | 0100000110101100 |
| 2023-07-05 10:52:03 | 1111100000000001 | 0000000011100000 | 00000000 | 0010011000000111 | 0000000110101100 |
| 2023-07-05 10:52:28 | 1111100000000001 | 0000000011100000 | 00000000 | 0010011000000111 | 0000000110101100 |
| 2023-07-05 10:52:38 | 1111100000000011 | 0000000011100000 | 00000000 | 0010011000000111 | 0100000110101100 |
| 2023-07-05 10:52:41 | 1111100000000001 | 0000000011100000 | 00000000 | 0010011000000111 | 0000000110101100 |
| 2023-07-05 10:52:44 | 1111100000000001 | 0000000011100000 | 00000000 | 0010011000000111 | 0000000110101100 |
| 2023-07-05 10:52:56 | 1111100000000011 | 0000000011100000 | 00000000 | 0010011000000111 | 0100000110101100 |
| 2023-07-05 10:52:58 | 1111100000000001 | 0000000011100000 | 00000000 | 0010011000000111 | 0000000110101100 |
| 2023-07-05 10:53:11 | 1111100000000001 | 0000000011100000 | 00000000 | 0010011000000111 | 0000000110101100 |
| 2023-07-05 10:53:53 | 1111100000000011 | 0000000011100000 | 00000000 | 0010011000000111 | 0100000110101100 |
| 2023-07-05 10:53:56 | 1111100000000001 | 0000000011100000 | 00000000 | 0010011000000111 | 0000000110101100 |
| 2023-07-05 10:54:41 | 1111100000001001 | 0000000111100000 | 00000000 | 0010011000000011 | 0000000110101100 |
| 2023-07-05 10:54:43 | 1111100000000001 | 0000000011100000 | 00000000 | 0010011000000111 | 0000000110101100 |
| 2023-07-05 10:54:51 | 1111100000000001 | 0000000011100000 | 00000000 | 0010011000000011 | 0000000110101100 |
| 2023-07-05 10:54:53 | 1111100000000001 | 0000000011100000 | 00000000 | 0010011000000111 | 0000000110101100 |
| 2023-07-05 10:55:01 | 1111100000001001 | 0000000011100000 | 00000000 | 0010011000000111 | 0000000110101100 |
| 2023-07-05 10:55:03 | 1111100000000001 | 0000000011100000 | 00000000 | 0010011000000111 | 0000000110101100 |
| 2023-07-05 10:55:19 | 1111100000000011 | 0000000011100000 | 00000000 | 0010011000000111 | 0100000110101100 |
| 2023-07-05 10:55:21 | 1111100000000001 | 0000000011100000 | 00000000 | 0010011000000111 | 0000000110101100 |
| 2023-07-05 10:55:28 | 1111100000000011 | 0000000011100000 | 00000000 | 0010011000000111 | 0100000110101100 |
| 2023-07-05 10:55:31 | 1111100000000001 | 0000000011100000 | 00000000 | 0010011000000111 | 0000000110101100 |
| 2023-07-05 10:56:06 | 1111100000000011 | 0000000011100000 | 00000000 | 0010011000000111 | 0100000110101100 |
| 2023-07-05 10:56:08 | 1111100000000001 | 0000000011100000 | 00000000 | 0010011000000111 | 0000000110101100 |
| 2023-07-05 10:56:23 | 1111100000000001 | 0000001111100000 | 00000000 | 1011011000000011 | 0000000110101100 |
| 2023-07-05 10:56:26 | 0000100000000000 | 0000001000100000 | 00000000 | 0010011000000011 | 0000000110001100 |
| 2023-07-05 10:56:28 | 0000100000000000 | 0000001100100000 | 00000000 | 0010011000000011 | 0000000110001100 |
| 2023-07-05 10:56:36 | 1111100000000001 | 0000001101100000 | 00000000 | 0010011000000011 | 0000000110101100 |
| 2023-07-05 10:56:38 | 1111100000100001 | 0000001111000000 | 00000000 | 0010011000010011 | 0000000110101100 |
| 2023-07-05 10:56:41 | 1111100000000001 | 0000001111000000 | 00000000 | 0010011000000011 | 0000000110101100 |
| 2023-07-05 10:56:56 | 1111100000000001 | 0000001111000000 | 00000000 | 0010011100000011 | 0000000110101100 |
| 2023-07-05 10:56:58 | 1111100001000001 | 0000001111000000 | 00000000 | 0010011000000011 | 0000000110101100 |
| 2023-07-05 10:57:01 | 0000100000000000 | 0000001100100000 | 00000000 | 0010011000001011 | 0000000110001100 |
| 2023-07-05 10:57:23 | 1111100000000001 | 0000001101100000 | 00000000 | 0010011000001011 | 0000000110101100 |
| 2023-07-05 10:57:26 | 1111100000100001 | 0000001101100000 | 00000000 | 0010011000011011 | 0000000110101100 |
| 2023-07-05 10:57:28 | 1111100000000001 | 0000001101100000 | 00000000 | 0010011000011011 | 0000000110101100 |
| 2023-07-05 10:57:31 | 1111100000000001 | 0000001101100000 | 00000000 | 0010011000001011 | 0000000110101100 |
| 2023-07-05 10:57:34 | 1111100010000001 | 0000001101100000 | 00000000 | 0010011000001011 | 0000000110101100 |
| 2023-07-05 10:57:36 | 1111100000000001 | 0000001101100000 | 00000000 | 0010011000001011 | 0000000110101100 |
| 2023-07-05 10:57:38 | 1111100000100001 | 0000001101100000 | 00000000 | 0010011000001011 | 0000000110101100 |
| 2023-07-05 10:57:41 | 1111010000000001 | 0000001101100000 | 00000000 | 0010010000001011 | 0000000110101100 |
| 2023-07-05 10:57:43 | 1111010000100001 | 0000001101100000 | 00000000 | 0010011000011011 | 0000000110101100 |
| 2023-07-05 10:57:46 | 1111010010000001 | 0000001101100000 | 00000000 | 0010011000001011 | 0000000110101100 |
| 2023-07-05 10:57:48 | 1111010010000001 | 0000001101100000 | 00000000 | 0010011100001011 | 0000000110101100 |
| 2023-07-05 10:57:53 | 1111010000000001 | 0000001101100000 | 00000000 | 0010011000001011 | 0000000110101100 |
| 2023-07-05 10:57:56 | 1111010000100001 | 0000001101100000 | 00000000 | 0010011000011011 | 0000000110101100 |
| 2023-07-05 10:57:58 | 1111010010000001 | 0000001101100000 | 00000000 | 0010011000001011 | 0000000110101100 |
| 2023-07-05 10:58:01 | 1111010000100001 | 0000001101100000 | 00000000 | 0010011000001011 | 0000000110101100 |
| 2023-07-05 10:58:03 | 1111010000100001 | 0000001101100000 | 00000000 | 0010011000011011 | 0000000110101100 |
| 2023-07-05 10:58:06 | 1111010000000001 | 0000001101100000 | 00000000 | 0010011000001011 | 0000000110101100 |
| 2023-07-05 10:58:08 | 1111010000100001 | 0000001101100000 | 00000000 | 0010011000011011 | 0000000110101100 |
| 2023-07-05 10:58:11 | 1111010000000001 | 0000001101100000 | 00000000 | 0010011000001011 | 0000000110101100 |
| 2023-07-05 10:58:13 | 1111100000000001 | 0000001101100000 | 00000000 | 0010011000001011 | 0000000110101100 |
| 2023-07-05 10:58:55 | 1111100000000001 | 0000001101100000 | 00000000 | 0010011000001011 | 0000000110101100 |
| 2023-07-05 11:00:06 | 1111000000000001 | 0000001101100000 | 00000000 | 0010011000001011 | 0000000110101100 |
| 2023-07-05 11:00:11 | 1111000000100001 | 0000001101100000 | 00000000 | 0010011000011011 | 0000000110101100 |
| 2023-07-05 11:00:13 | 1111000000000001 | 0000001101100000 | 00000000 | 0010011000001011 | 0000000110101100 |
| 2023-07-05 11:00:16 | 0000000000000000 | 0000001100100000 | 00000000 | 0010011000001011 | 0000000110001100 |
| 2023-07-05 11:00:18 | 1111000000000001 | 0000001101100000 | 00000000 | 0010011000001011 | 0000000110101100 |
| 2023-07-05 11:00:21 | 1111000000000001 | 0000001101100000 | 00000000 | 0010011000011011 | 0000000110101100 |
| 2023-07-05 11:00:23 | 1111000000000001 | 0000001101100000 | 00000000 | 0010011000001011 | 0000000110101100 |
| 2023-07-05 11:00:33 | 1111000000100001 | 0000001101100000 | 00000000 | 0010011000011011 | 0000000110101100 |
| 2023-07-05 11:00:36 | 1111000000000001 | 0000001101100000 | 00000000 | 0010011000011011 | 0000000110101100 |
| 2023-07-05 11:00:38 | 1111000000000001 | 0000001101100000 | 00000000 | 0010011000001011 | 0000000110101100 |
| 2023-07-05 11:00:41 | 1111000000100001 | 0000001101100000 | 00000000 | 0010011000011011 | 0000000110101100 |
| 2023-07-05 11:00:43 | 1111000000000001 | 0000001101100000 | 00000000 | 0010011000001011 | 0000000110101100 |
| 2023-07-05 11:01:06 | 1111000000100001 | 0000001101100000 | 00000000 | 0010011000011011 | 0000000110101100 |
| 2023-07-05 11:01:11 | 1111000000000001 | 0000001101100000 | 00000000 | 0010011000011011 | 0000000110101100 |
| 2023-07-05 11:01:13 | 1111000000100001 | 0000001101100000 | 00000000 | 0010011000011011 | 0000000110101100 |
| 2023-07-05 11:01:18 | 1111000010000001 | 0000001101100000 | 00000000 | 0010011100001011 | 0000000110101100 |
| 2023-07-05 11:01:21 | 1111000000000001 | 0000001101100000 | 00000000 | 0010011000001011 | 0000000110101100 |
| 2023-07-05 11:01:28 | 1111000000100001 | 0000001101100000 | 00000000 | 0010011000001011 | 0000000110101100 |
| 2023-07-05 11:01:31 | 1111000000000001 | 0000001101100000 | 00000000 | 0010011000001011 | 0000000110101100 |
| 2023-07-05 11:01:38 | 1111010000000001 | 0000001101100000 | 00000000 | 0010010000001011 | 0000000110101100 |
| 2023-07-05 11:01:41 | 1111010000100001 | 0000001101100000 | 00000000 | 0010011000011011 | 0000000110101100 |
| 2023-07-05 11:01:43 | 1111010000000001 | 0000001101100000 | 00000000 | 0010011000001011 | 0000000110101100 |
| 2023-07-05 11:01:46 | 1111100000100001 | 0000001101100000 | 00000000 | 0010011000001011 | 0000000110101100 |
| 2023-07-05 11:01:48 | 1111100000000001 | 0000001101100000 | 00000000 | 0010011000001011 | 0000000110101100 |
| 2023-07-05 11:01:51 | 1111000000100001 | 0000001101100000 | 00000000 | 0010011000011011 | 0000000110101100 |
| 2023-07-05 11:01:54 | 1111010000000001 | 0000001101100000 | 00000000 | 0010011000011011 | 0000000110101100 |
| 2023-07-05 11:01:56 | 1111010000000001 | 0000001101100000 | 00000000 | 0010010100001011 | 0000000110101100 |
| 2023-07-05 11:01:58 | 1111010000100001 | 0000001101100000 | 00000000 | 0010011000011011 | 0000000110101100 |
| 2023-07-05 11:02:01 | 1111010000000001 | 0000001101100000 | 00000000 | 0010011000001011 | 0000000110101100 |
| 2023-07-05 11:02:31 | 1111100000000001 | 0000001101100000 | 00000000 | 0010011000001011 | 0000000110101100 |
| 2023-07-05 11:02:33 | 0000100000000000 | 0000001100100000 | 00000000 | 0010011000001011 | 0000000110001100 |
| 2023-07-05 11:02:36 | 1111100000000001 | 0000001101100000 | 00000000 | 0010011000001011 | 0000000110101100 |
| 2023-07-05 11:02:38 | 1111000000000001 | 0000001101100000 | 00000000 | 0010011000001011 | 0000000110101100 |
| 2023-07-05 11:02:41 | 1111000000100001 | 0000001101100000 | 00000000 | 0010011000011011 | 0000000110101100 |
| 2023-07-05 11:02:43 | 1111000000000001 | 0000001101100000 | 00000000 | 0010011000001011 | 0000000110101100 |
| 2023-07-05 11:03:13 | 1111000010000001 | 0000001101100000 | 00000000 | 0010011100001011 | 0000000110101100 |
| 2023-07-05 11:03:16 | 1111000000000001 | 0000001101100000 | 00000000 | 0010011000001011 | 0000000110101100 |
| 2023-07-05 11:03:18 | 1111000000100001 | 0000001101100000 | 00000000 | 0010011000011011 | 0000000110101100 |
| 2023-07-05 11:03:21 | 1111000000000001 | 0000001101100000 | 00000000 | 0010011000001011 | 0000000110101100 |
| 2023-07-05 11:03:31 | 1111000010000001 | 0000001101100000 | 00000000 | 0010011100001011 | 0000000110101100 |
| 2023-07-05 11:03:33 | 1111010010000001 | 0000001101100000 | 00000000 | 0010010100001011 | 0000000110101100 |
| 2023-07-05 11:03:36 | 1111100010000001 | 0000001101100000 | 00000000 | 0010010100001011 | 0000000110101100 |
| 2023-07-05 11:03:41 | 1111000010000001 | 0000001101100000 | 00000000 | 0010010100001011 | 0000000110101100 |
| 2023-07-05 11:03:46 | 1111000010000001 | 0000001101100000 | 00000000 | 0010010000001011 | 0000000110101100 |
| 2023-07-05 11:03:48 | 1111000010000001 | 0000001101100000 | 00000000 | 0010010100001011 | 0000000110101100 |
| 2023-07-05 11:03:51 | 1111000000100001 | 0000001101100000 | 00000000 | 0010011000011011 | 0000000110101100 |
| 2023-07-05 11:03:53 | 1111000000000001 | 0000001101100000 | 00000000 | 0010011000001011 | 0000000110101100 |
| 2023-07-05 11:03:56 | 1111000000000001 | 0000001101100000 | 00000000 | 0010011000011011 | 0000000110101100 |
| 2023-07-05 11:03:58 | 1111000010000001 | 0000001101100000 | 00000000 | 0010011100001011 | 0000000110101100 |
| 2023-07-05 11:04:01 | 1111000000000001 | 0000001101100000 | 00000000 | 0010011000001011 | 0000000110101100 |
| 2023-07-05 11:04:06 | 1111000000100001 | 0000001101100000 | 00000000 | 0010011000011011 | 0000000110101100 |
| 2023-07-05 11:04:13 | 1111000010000001 | 0000001101100000 | 00000000 | 0010011100001011 | 0000000110101100 |
| 2023-07-05 11:04:16 | 1111000000000001 | 0000001101100000 | 00000000 | 0010011000001011 | 0000000110101100 |
| 2023-07-05 11:04:26 | 1111000010000001 | 0000001101100000 | 00000000 | 0010011100001011 | 0000000110101100 |
| 2023-07-05 11:04:28 | 1111000000000001 | 0000001101100000 | 00000000 | 0010011000001011 | 0000000110101100 |
| 2023-07-05 11:04:31 | 1111000000100001 | 0000001101100000 | 00000000 | 0010011000011011 | 0000000110101100 |
| 2023-07-05 11:04:36 | 1111000000000001 | 0000001101100000 | 00000000 | 0010011000001011 | 0000000110101100 |
| 2023-07-05 11:04:46 | 0000000000000000 | 0000001100100000 | 00000000 | 0010011000001011 | 0000000110001100 |
| 2023-07-05 11:04:48 | 1111000000000001 | 0000001101100000 | 00000000 | 0010011000001011 | 0000000110101100 |
| 2023-07-05 11:04:51 | 1111000010000001 | 0000001101100000 | 00000000 | 0010011100001011 | 0000000110101100 |
| 2023-07-05 11:04:53 | 1111000000100001 | 0000001101100000 | 00000000 | 0010011000011011 | 0000000110101100 |
| 2023-07-05 11:04:56 | 1111000000000001 | 0000001101100000 | 00000000 | 0010011000001011 | 0000000110101100 |
| 2023-07-05 11:05:01 | 1111010000000001 | 0000001101100000 | 00000000 | 0010010000001011 | 0000000110101100 |
| 2023-07-05 11:05:03 | 1111010000000001 | 0000001101100000 | 00000000 | 0010011000001011 | 0000000110101100 |
| 2023-07-05 11:05:08 | 1111010000000001 | 0000001101100000 | 00000000 | 0010010000001011 | 0000000110101100 |
| 2023-07-05 11:05:16 | 1111010000000001 | 0000001101100000 | 00000000 | 0010011100011011 | 0000000110101100 |
| 2023-07-05 11:05:18 | 1111010000000001 | 0000001101100000 | 00000000 | 0010011000001011 | 0000000110101100 |
| 2023-07-05 11:05:21 | 1111010000100001 | 0000001101100000 | 00000000 | 0010011000011011 | 0000000110101100 |
| 2023-07-05 11:05:23 | 1111010000000001 | 0000001101100000 | 00000000 | 0010011000011011 | 0000000110101100 |
| 2023-07-05 11:05:26 | 1111010000000001 | 0000001101100000 | 00000000 | 0010011000001011 | 0000000110101100 |
| 2023-07-05 11:05:28 | 1111010000000001 | 0000001101100000 | 00000000 | 0010010000001011 | 0000000110101100 |
| 2023-07-05 11:05:36 | 1111000000000001 | 0000001101100000 | 00000000 | 0010010000001011 | 0000000110101100 |
| 2023-07-05 11:05:38 | 1111100000100001 | 0000001101100000 | 00000000 | 0010011000011011 | 0000000110101100 |
| 2023-07-05 11:05:43 | 1111100000000001 | 0000001101100000 | 00000000 | 0010011000001011 | 0000000110101100 |
| 2023-07-05 11:06:08 | 1111010000000001 | 0000001101100000 | 00000000 | 0000010000000011 | 0000000110100000 |
| 2023-07-05 11:06:10 | 1111010000000001 | 0000001111000000 | 00000000 | 0000011000010011 | 0000000110100000 |
| 2023-07-05 11:06:13 | 1111010010000001 | 0000001111000000 | 00000000 | 0000011000000011 | 0000000110100000 |
| 2023-07-05 11:06:15 | 1111010001000001 | 0000001111000000 | 00000000 | 0010011000000011 | 0000000110101000 |
| 2023-07-05 11:06:18 | 1111010001000001 | 0000001111000000 | 00000000 | 0010011000001011 | 0000000110101000 |
| 2023-07-05 11:06:20 | 1111010000000001 | 0000001111100000 | 00000000 | 0010011000001011 | 0000000110101000 |
| 2023-07-05 11:06:23 | 1111010000000001 | 0000001111100000 | 00000000 | 0010011000000011 | 0000000110101000 |
| 2023-07-05 11:06:26 | 1111010000000001 | 0000001111100000 | 00000000 | 1010011000000011 | 0000000110101000 |
| 2023-07-05 11:06:33 | 0000010000000000 | 0000001100100000 | 00000000 | 0010011000000011 | 0000000110001000 |
| 2023-07-05 11:06:35 | 1111010000100001 | 0000001101100000 | 00000000 | 0010011000000011 | 0000000110101000 |
| 2023-07-05 11:06:38 | 1111010000000001 | 0000001111000000 | 00000000 | 0010011000000011 | 0000000110101000 |
| 2023-07-05 11:06:43 | 1111010001000001 | 0000001111000000 | 00000000 | 0010011000001011 | 0000000110101000 |
| 2023-07-05 11:06:45 | 1111010000000001 | 0000001111100000 | 00000000 | 0010011000001011 | 0000000110101000 |
| 2023-07-05 11:06:48 | 0000010000000000 | 0000001100100000 | 00000000 | 0010011000000011 | 0000000110001000 |
| 2023-07-05 11:06:50 | 1111010000100001 | 0000001101100000 | 00000000 | 0010011000010011 | 0000000110101000 |
| 2023-07-05 11:06:53 | 1111010000000001 | 0000001111000000 | 00000000 | 0010011000000011 | 0000000110101000 |
| 2023-07-05 11:07:18 | 1111010000000001 | 0000001111100000 | 00000000 | 0010011000000011 | 0000000110101000 |
| 2023-07-05 11:07:20 | 0000010000000000 | 0000101100100000 | 00000000 | 0010011000000011 | 0000000110001000 |
| 2023-07-05 11:07:23 | 1111010000000001 | 0000101101100000 | 00000000 | 0010011000010011 | 0000000110101000 |
| 2023-07-05 11:07:25 | 1111010010000001 | 0000101111000000 | 00000000 | 0010011100000011 | 0000000110101000 |
| 2023-07-05 11:07:28 | 1111010000000001 | 0000101111000000 | 00000000 | 0010011000000011 | 0000000110101000 |
| 2023-07-05 11:07:30 | 1111010001000001 | 0000101111000000 | 00000000 | 0010011000000011 | 0000000110101000 |
| 2023-07-05 11:07:33 | 1111010000000001 | 0000101111100000 | 00000000 | 0010011000000011 | 0000000110101000 |
| 2023-07-05 11:07:36 | 1111010000000001 | 0000001111100000 | 00000000 | 1010011000000011 | 0000000110101000 |
| 2023-07-05 11:07:40 | 1111010000000001 | 0000001101100000 | 00000000 | 0010011000000011 | 0000000110001000 |
| 2023-07-05 11:07:43 | 1111010000000001 | 0000001111000000 | 00000000 | 0010011000000011 | 0000000110101000 |
| 2023-07-05 11:07:48 | 0000010000000000 | 0000001100100000 | 00000000 | 0010011000000011 | 0000000110001000 |
| 2023-07-05 11:07:50 | 1111010000100001 | 0000001101100000 | 00000000 | 0010011000010011 | 0000000110101000 |
| 2023-07-05 11:07:53 | 1111010000000001 | 0000001111000000 | 00000000 | 0010011000000011 | 0000000110101000 |
| 2023-07-05 11:08:13 | 1111010000000001 | 0000001111100000 | 00000000 | 1010011000000011 | 0000000110101000 |
| 2023-07-05 11:10:30 | 1111100000000001 | 0000001111100000 | 00000000 | 1010011000001011 | 0000000110101000 |
| 2023-07-05 11:10:33 | 1111100001000001 | 0000001111100000 | 00000000 | 1010011000000011 | 0000000110101000 |
| 2023-07-05 11:10:35 | 1111100000000001 | 0000001111100000 | 00000000 | 1010011000000011 | 0000000110101000 |
| 2023-07-05 11:10:38 | 1111101000000001 | 0000001111100000 | 00000000 | 1010011000000011 | 0000000110101000 |
| 2023-07-05 11:10:40 | 1111100000000001 | 0000000011100000 | 00000000 | 0010011000000111 | 0000000110101100 |
| 2023-07-05 11:11:00 | 1111100000000001 | 0000001111100000 | 00000000 | 1010011000000011 | 0000000110101100 |
| 2023-07-05 11:12:00 | 1111100000000001 | 0000001111100000 | 10100000 | 1010011000000011 | 0000000110101100 |
| 2023-07-05 11:12:03 | 1111100000000001 | 0000001111100000 | 10000000 | 1010011000000011 | 0000000110101100 |
| 2023-07-05 11:12:05 | 1111100000000001 | 0000001111100000 | 00000000 | 1010011000000011 | 0000000110101100 |
| 2023-07-05 11:13:28 | 1111100000000001 | 0000000111000000 | 00000000 | 0010001000000111 | 0000000110101100 |
| 2023-07-05 11:14:23 | 1111100000000001 | 0000000111000000 | 00100000 | 0010001000000111 | 0000000110101100 |
| 2023-07-05 11:14:25 | 1111100000000001 | 0000000111000000 | 00000000 | 0010001000000111 | 0000000110101100 |
| 2023-07-05 11:14:33 | 1111100000000001 | 0000000111000000 | 00100000 | 0010001000000111 | 0000000110101100 |
| 2023-07-05 11:14:35 | 1111100000000001 | 0000000111000000 | 00000000 | 0010001000000111 | 0000000110101100 |
| 2023-07-05 11:15:03 | 1111100000000001 | 0000000111000000 | 10100000 | 0010001000000111 | 0000000110101100 |
| 2023-07-05 11:15:05 | 1111100000000001 | 0000000111000000 | 00000000 | 0010001000000111 | 0000000110101100 |
| 2023-07-05 11:16:18 | 1111100000000001 | 0000000111000000 | 10100000 | 0010001000000111 | 0000000110101100 |
| 2023-07-05 11:16:20 | 1111100000000001 | 0000000111000000 | 10000000 | 0010001000000111 | 0000000110101100 |
| 2023-07-05 11:16:23 | 1111100000000001 | 0000000111000000 | 00000000 | 0010001000000111 | 0000000110101100 |
| 2023-07-05 11:18:05 | 1111100000000001 | 0000000111000000 | 10100000 | 0010001000000111 | 0000000110101100 |
| 2023-07-05 11:18:08 | 1111100000000001 | 0000000111000000 | 00000000 | 0010001000000111 | 0000000110101100 |
| 2023-07-05 11:18:10 | 1111100000000001 | 0000000111000000 | 10100000 | 0010001000000111 | 0000000110101100 |
| 2023-07-05 11:18:13 | 1111100000000001 | 0000000111000000 | 00000000 | 0010001000000111 | 0000000110101100 |
| 2023-07-05 11:19:40 | 1111010000000001 | 0000000101100000 | 00000000 | 0011000000000001 | 0000000110101100 |
| 2023-07-05 11:19:43 | 1111010000000001 | 0000000101100000 | 00000000 | 0010000000000011 | 0000000110101100 |
| 2023-07-05 11:20:35 | 1111010000000001 | 0000000101100000 | 10100000 | 0010000000000011 | 0000000110101100 |
| 2023-07-05 11:20:40 | 1111010000000001 | 0000000101100000 | 00000000 | 0010000000000011 | 0000000110101100 |
| 2023-07-05 11:20:48 | 1111010000000001 | 0000000101100000 | 00100000 | 0010000000000011 | 0000000110101100 |
| 2023-07-05 11:20:50 | 1111010000000001 | 0000000101100000 | 00000000 | 0010000000000011 | 0000000110101100 |
| 2023-07-05 11:24:12 | 1111010000000001 | 0000000101100000 | 00000000 | 0010000000000011 | 0000000110101100 |
| 2023-07-05 11:24:50 | 1111000000100001 | 0000000101100000 | 00000000 | 0010011000010011 | 0000000110101100 |
| 2023-07-05 11:24:53 | 1111000010000001 | 0000000111000000 | 00000000 | 0010011100000011 | 0000000110101100 |
| 2023-07-05 11:24:58 | 1111000001000001 | 0000000111000000 | 00000000 | 0010011000000011 | 0000000110101100 |
| 2023-07-05 11:25:00 | 1111000001000001 | 0000000111100000 | 00000000 | 0010011000000011 | 0000000110101100 |
| 2023-07-05 11:25:03 | 1111000000000001 | 0000000011100000 | 00000000 | 0010011000000011 | 0000000110101100 |
| 2023-07-05 11:25:05 | 1111000000000001 | 0000001111100000 | 00000000 | 1010011000000011 | 0000000110101100 |
| 2023-07-05 11:25:30 | 1111000000000001 | 0000001111100000 | 10100000 | 1010011000000011 | 0000000110101100 |
| 2023-07-05 11:25:33 | 1111000000000001 | 0000001111100000 | 00000000 | 1010011000000011 | 0000000110101100 |
| 2023-07-05 11:25:40 | 1111000000000001 | 0000001111100000 | 10100000 | 1010011000000011 | 0000000110101100 |
| 2023-07-05 11:25:43 | 1111000000000001 | 0000001111100000 | 00000000 | 1010011000000011 | 0000000110101100 |
| 2023-07-05 11:27:05 | 1111000000000001 | 0000001111100000 | 10100000 | 1010011000000011 | 0000000110101100 |
| 2023-07-05 11:27:10 | 1111000000000001 | 0000001111100000 | 00000000 | 1010011000000011 | 0000000110101100 |
| 2023-07-05 11:27:30 | 1111000000000001 | 0000001111100000 | 10100000 | 1010011000000011 | 0000000110101100 |
| 2023-07-05 11:27:33 | 1111000000000001 | 0000001111100000 | 00000000 | 1010011000000011 | 0000000110101100 |
| 2023-07-05 11:27:43 | 1111000000000001 | 0000001111100000 | 10100000 | 1010011000000011 | 0000000110101100 |
| 2023-07-05 11:27:50 | 1111000000000001 | 0000001111100000 | 00000000 | 1010011000000011 | 0000000110101100 |
| 2023-07-05 11:28:53 | 1111000000000001 | 0000001111100000 | 10000000 | 1010011000000011 | 0000000110101100 |
| 2023-07-05 11:28:55 | 1111000000000001 | 0000001111100000 | 00000000 | 1010011000000011 | 0000000110101100 |
| 2023-07-05 11:29:58 | 1111000000000001 | 0000001111100000 | 10100000 | 1010011000000011 | 0000000110101100 |
| 2023-07-05 11:30:03 | 1111000000000001 | 0000001111100000 | 00000000 | 1010011000000011 | 0000000110101100 |
| 2023-07-05 11:33:03 | 1111000000000001 | 0000001111100000 | 10100000 | 1010011000000011 | 0000000110101100 |
| 2023-07-05 11:33:05 | 1111000000000001 | 0000001111100000 | 00000000 | 1010011000000011 | 0000000110101100 |
| 2023-07-05 11:38:55 | 1111000000000001 | 0000001111100000 | 10100000 | 1010011000000011 | 0000000110101100 |
| 2023-07-05 11:38:58 | 1111000000000001 | 0000001111100000 | 00000000 | 1010011000000011 | 0000000110101100 |
| 2023-07-05 11:39:05 | 1111000000000001 | 0000001111100000 | 10100000 | 1010011000000011 | 0000000110101100 |
| 2023-07-05 11:39:08 | 1111000000000001 | 0000001111100000 | 00000000 | 1010011000000011 | 0000000110101100 |
| 2023-07-05 11:39:38 | 1111000000000001 | 0000001111100000 | 10100000 | 1010011000000011 | 0000000110101100 |
| 2023-07-05 11:39:40 | 1111000000000001 | 0000001111100000 | 00000000 | 1010011000000011 | 0000000110101100 |
| 2023-07-05 11:40:18 | 1111000000000001 | 0000001111100000 | 00100000 | 1010011000000011 | 0000000110101100 |
| 2023-07-05 11:40:20 | 1111000000000001 | 0000001111100000 | 00000000 | 1010011000000011 | 0000000110101100 |
| 2023-07-05 11:41:15 | 1111000000000001 | 0000001111100000 | 00100000 | 1010011000000011 | 0000000110101100 |
| 2023-07-05 11:41:18 | 1111000000000001 | 0000001111100000 | 00000000 | 1010011000000011 | 0000000110101100 |
| 2023-07-05 11:42:03 | 1111000000000001 | 0000001111100000 | 10100000 | 1010011000000011 | 0000000110101100 |
| 2023-07-05 11:42:11 | 1111000000000001 | 0000001111100000 | 10000000 | 1010011000000011 | 0000000110101100 |
| 2023-07-05 11:42:13 | 1111000000000001 | 0000001111100000 | 00000000 | 1010011000000011 | 0000000110101100 |
| 2023-07-05 11:42:18 | 1111000000000001 | 0000001111100000 | 10100000 | 1010011000000011 | 0000000110101100 |
| 2023-07-05 11:42:23 | 1111000000000001 | 0000001111100000 | 00000000 | 1010011000000011 | 0000000110101100 |
| 2023-07-05 11:55:26 | 1111100000000001 | 0000000111000000 | 00000000 | 0010001000000111 | 0000000110101100 |
| 2023-07-05 11:55:30 | 1111100000000001 | 0000000011100000 | 00000000 | 0010011000000011 | 0000100110101100 |
| 2023-07-05 11:55:33 | 1111100000000001 | 0000000011100000 | 00000000 | 0010011000000111 | 0000000110101100 |
| 2023-07-05 11:55:40 | 1111100000000001 | 0000000011100000 | 00000000 | 0010011000000011 | 0000000110101100 |
| 2023-07-05 11:55:43 | 1111100000000001 | 0000000011100000 | 00000000 | 0010011000000111 | 0000000110101100 |
| 2023-07-05 11:55:50 | 1111100000000001 | 0000000011100000 | 00000000 | 0010011000000011 | 0000000110101100 |
| 2023-07-05 11:55:53 | 1111100000000001 | 0000000011100000 | 00000000 | 0010011000000111 | 0000000110101100 |
| 2023-07-05 11:56:08 | 1111100000000011 | 0000000011100000 | 00000000 | 0010011000000111 | 0100000110101100 |
| 2023-07-05 11:56:10 | 1111100000000001 | 0000000011100000 | 00000000 | 0010011000000111 | 0000000110101100 |
| 2023-07-05 11:56:18 | 1111100000000001 | 0000000011100000 | 00100000 | 0010011000000111 | 0000000110101100 |
| 2023-07-05 11:56:20 | 1111100000000001 | 0000000011100000 | 00000000 | 0010011000000111 | 0000000110101100 |
| 2023-07-05 11:57:05 | 1111100000000011 | 0000000011100000 | 00000000 | 0010011000000111 | 0100000110101100 |
| 2023-07-05 11:57:08 | 1111100000000001 | 0000000011100000 | 00000000 | 0010011000000111 | 0000000110101100 |
| 2023-07-05 11:57:35 | 1111100000001001 | 0000000011100000 | 00000000 | 0010011000000111 | 0000000110101100 |
| 2023-07-05 11:57:38 | 1111100000000001 | 0000000011100000 | 00000000 | 0010011000000111 | 0000000110101100 |
| 2023-07-05 11:57:43 | 1111100000000011 | 0000000011100000 | 00000000 | 0010011000000111 | 0100000110101100 |
| 2023-07-05 11:57:45 | 1111100000000001 | 0000000011100000 | 00000000 | 0010011000000111 | 0000000110101100 |
| 2023-07-05 11:58:20 | 1111100000000011 | 0000000011100000 | 00000000 | 0010011000000111 | 0100000110101100 |
| 2023-07-05 11:58:23 | 1111100000000001 | 0000000011100000 | 00000000 | 0010011000000111 | 0000000110101100 |
| 2023-07-05 11:58:38 | 1111100000000011 | 0000000011100000 | 00000000 | 0010011000000111 | 0100000110101100 |
| 2023-07-05 11:58:40 | 1111100000000001 | 0000000011100000 | 00000000 | 0010011000000111 | 0000000110101100 |
| 2023-07-05 11:58:50 | 1111100000000001 | 0000000011100000 | 10100000 | 0010011000000111 | 0000000110101100 |
| 2023-07-05 11:58:53 | 1111100000000001 | 0000000011100000 | 00000000 | 0010011000000111 | 0000000110101100 |
| 2023-07-05 11:59:18 | 1111100000000001 | 0000000011100000 | 00000000 | 0010011000000011 | 0000000110101100 |
| 2023-07-05 11:59:20 | 1111100000000001 | 0000000011100000 | 00000000 | 0010011000000111 | 0000000110101100 |
| 2023-07-05 11:59:35 | 1111100000000011 | 0000000011100000 | 00000000 | 0010011000000111 | 0100000110101100 |
| 2023-07-05 11:59:38 | 1111100000000001 | 0000000011100000 | 00000000 | 0010011000000111 | 0000000110101100 |
| 2023-07-05 11:59:53 | 1111100000000011 | 0000000011100000 | 00000000 | 0010011000000111 | 0100000110101100 |
| 2023-07-05 11:59:55 | 1111100000000001 | 0000000011100000 | 00000000 | 0010011000000111 | 0000000110101100 |
| 2023-07-05 12:00:23 | 1111100000000001 | 0000000111100000 | 00000000 | 0010011000000111 | 0000000110101100 |
| 2023-07-05 12:00:25 | 1111100000000001 | 0000000011100000 | 00000000 | 0010011000000111 | 0000000110101100 |
| 2023-07-05 12:00:50 | 1111100000000011 | 0000000011100000 | 00000000 | 0010011000000111 | 0100000110101100 |
| 2023-07-05 12:00:53 | 1111100000000001 | 0000000011100000 | 00000000 | 0010011000000111 | 0000000110101100 |
| 2023-07-05 12:01:00 | 1111100000000011 | 0000000011100000 | 00000000 | 0010011000000111 | 0100000110101100 |
| 2023-07-05 12:01:03 | 1111100000000001 | 0000000011100000 | 00000000 | 0010011000000111 | 0000000110101100 |
| 2023-07-05 12:01:38 | 1111100000000011 | 0000000011100000 | 00000000 | 0010011000000111 | 0100000110101100 |
| 2023-07-05 12:01:40 | 1111100000000001 | 0000000011100000 | 00000000 | 0010011000000111 | 0000000110101100 |
| 2023-07-05 12:02:05 | 1111100000000001 | 0000001111100000 | 00000000 | 1011011000000011 | 0000000110101100 |
| 2023-07-05 12:02:08 | 1111100000000001 | 0000001111100000 | 00000000 | 1010011000000011 | 0000000110101100 |
| 2023-07-05 12:02:43 | 1111100000000001 | 0000001111100000 | 00000000 | 1010011000000011 | 0000100110101100 |
| 2023-07-05 12:02:45 | 1111100000000001 | 0000000011100000 | 00000000 | 0010011000000111 | 0000000110101100 |
| 2023-07-05 12:02:53 | 1111100000000001 | 0000000011100000 | 00000000 | 0010011000000011 | 0000000110101100 |
| 2023-07-05 12:02:55 | 1111100000000001 | 0000000011100000 | 00000000 | 0010011000000111 | 0000000110101100 |
| 2023-07-05 12:03:03 | 1111100000000001 | 0000000011100000 | 00000000 | 0010011000000011 | 0000000110101100 |
| 2023-07-05 12:03:05 | 1111100000000001 | 0000000011100000 | 00000000 | 0010011000000111 | 0000000110101100 |
| 2023-07-05 12:03:13 | 1111100000000001 | 0000000011100000 | 00000000 | 0010011000000011 | 0000000110101100 |
| 2023-07-05 12:03:15 | 1111100000000001 | 0000000011100000 | 00000000 | 0010011000000111 | 0000000110101100 |
| 2023-07-05 13:24:38 | 1111010000000001 | 0000001111000000 | 00000000 | 0010011000000011 | 0000000110000000 |
| 2023-07-05 13:24:44 | 1111010001000001 | 0000001111000000 | 00000000 | 0010011000000011 | 0000000110000000 |
| 2023-07-05 13:24:47 | 1111010000000001 | 0000001111000000 | 00000000 | 0010011000000011 | 0000000110000000 |
| 2023-07-05 13:24:49 | 1111010010000001 | 0000001111000000 | 00000000 | 0010011100000011 | 0000000110000000 |
| 2023-07-05 13:24:52 | 1111010001000001 | 0000001111000000 | 00000000 | 0010011000000011 | 0000000110000000 |
| 2023-07-05 13:24:55 | 1111010000000001 | 0000001111000000 | 00000000 | 0010011000000011 | 0000000110000000 |
| 2023-07-05 13:25:12 | 1111100000000001 | 0000001111000000 | 00000000 | 0010011000000011 | 0000000110000000 |
| 2023-07-05 13:25:14 | 1111000000000001 | 0000001111000000 | 00000000 | 0010010000000011 | 0000000110000000 |
| 2023-07-05 13:25:19 | 1111000000000001 | 0000001111000000 | 00000000 | 0010011100000011 | 0000000110000000 |
| 2023-07-05 13:25:22 | 1111000000000001 | 0000001111000000 | 00000000 | 0010011000000011 | 0000000110000000 |
| 2023-07-05 13:25:24 | 1111000001000001 | 0000001111000000 | 00000000 | 0010011000000011 | 0000000110000000 |
| 2023-07-05 13:25:32 | 0000000000000000 | 0000001100100000 | 00000000 | 0010011000000011 | 0000000110000000 |
| 2023-07-05 13:25:34 | 1111000000100001 | 0000001101100000 | 00000000 | 0010011000000011 | 0000000110000000 |
| 2023-07-05 13:25:37 | 1111000000000001 | 0000001111000000 | 00000000 | 0010011000000011 | 0000000110000000 |
| 2023-07-05 13:25:45 | 1111000010000001 | 0000001111000000 | 00000000 | 0010011100000011 | 0000000110000000 |
| 2023-07-05 13:25:47 | 1111000000000001 | 0000001111000000 | 00000000 | 0010011000000011 | 0000000110000000 |
| 2023-07-05 13:25:50 | 1111000001000001 | 0000001111000000 | 00000000 | 0010011000000011 | 0000000110000000 |
| 2023-07-05 13:25:52 | 1111000000000001 | 0000001111000000 | 00000000 | 0010011000000011 | 0000000110000000 |
| 2023-07-05 13:25:57 | 1111000000000001 | 0000001111000000 | 10100000 | 0010011000000011 | 0000000110000000 |
| 2023-07-05 13:26:02 | 1111000000000001 | 0000001111000000 | 00000000 | 0010011000000011 | 0000000110000000 |
| 2023-07-05 13:26:07 | 1111000000000001 | 0000001111000000 | 10000000 | 0010011000000011 | 0000000110000000 |
| 2023-07-05 13:26:09 | 1111000000000001 | 0000001111000000 | 00000000 | 0010011000000011 | 0000000110000000 |
| 2023-07-05 13:26:27 | 1111100100000001 | 0000001111000000 | 00000000 | 0010001000000011 | 0000000110000000 |
| 2023-07-05 13:26:30 | 1111100000000001 | 0000001111000000 | 00000000 | 0010011000000011 | 0000100110000000 |
| 2023-07-05 13:26:32 | 1111100000000001 | 0000001111000000 | 00000000 | 0010011000000011 | 0000000110000000 |
| 2023-07-05 13:26:34 | 1111100001000001 | 0000001111000000 | 00000000 | 0010011000000011 | 0000000110000000 |
| 2023-07-05 13:26:39 | 1111100000000001 | 0000001111000000 | 00000000 | 0010011000000011 | 0000000110000000 |
| 2023-07-05 13:27:00 | 1111100000000001 | 0000001111000000 | 00000000 | 0000010000000011 | 0000000110100000 |
| 2023-07-05 13:27:10 | 1111100000100001 | 0000001111000000 | 00000000 | 0000011000010011 | 0000000110100000 |
| 2023-07-05 13:27:12 | 1111100010000001 | 0000001111000000 | 00000000 | 0000011000010011 | 0000000110100000 |
| 2023-07-05 13:27:12 | 1111100010000001 | 0000001111000000 | 00000000 | 0010011100000011 | 0000000110100000 |
| 2023-07-05 13:27:15 | 1111100001000001 | 0000001111000000 | 00000000 | 0010011000001011 | 0000000110101000 |
| 2023-07-05 13:27:17 | 1111100000000001 | 0000001111100000 | 00000000 | 1010011000000011 | 0000000110101000 |
| 2023-07-05 13:27:25 | 1111101000000001 | 0000001111100000 | 00000000 | 1011011000000011 | 0000000110101000 |
| 2023-07-05 13:27:27 | 1111100000000001 | 0000000011100000 | 00000000 | 0010011000000111 | 0000000110101100 |
| 2023-07-05 13:29:58 | 1111100000000001 | 0000000011100000 | 00000000 | 0010011000000111 | 0000000110101100 |
| 2023-07-05 13:30:02 | 1111100000001001 | 0000000011100000 | 00000000 | 0010011000000111 | 0000000110101100 |
| 2023-07-05 13:30:05 | 1111010000000001 | 0000000001100000 | 00000000 | 0011010000000001 | 0000000110101100 |
| 2023-07-05 13:30:07 | 1111010000000001 | 0000000101100000 | 10100000 | 0010010000000011 | 0000000110101100 |
| 2023-07-05 13:30:12 | 1111010000000001 | 0000000101100000 | 00000000 | 0010010000000011 | 0000000110101100 |
| 2023-07-05 13:30:17 | 1111010000000001 | 0000000101100000 | 10100000 | 0010010000000011 | 0000000110101100 |
| 2023-07-05 13:30:33 | 1111010000000001 | 0000000101100000 | 00000000 | 0010010000000011 | 0000000110101100 |
| 2023-07-05 13:30:35 | 1111010000000001 | 0000000101100000 | 10100000 | 0010010000000011 | 0000000110101100 |
| 2023-07-05 13:31:00 | 1111010000000001 | 0000000101100000 | 00000000 | 0010010000000011 | 0000000110101100 |
| 2023-07-05 13:31:32 | 1111010000000001 | 0000000101100000 | 00000000 | 0010010000000011 | 0000000110101100 |
| 2023-07-05 13:31:35 | 1111010000000001 | 0000000101100000 | 10100000 | 0010010000000011 | 0000000110101100 |
| 2023-07-05 13:31:45 | 1111010000000001 | 0000000101100000 | 00000000 | 0010010000000011 | 0000000110101100 |
| 2023-07-05 13:31:57 | 1111010000000001 | 0000000101100000 | 00000000 | 0010010000000011 | 0000000110101100 |
| 2023-07-05 13:32:02 | 1111010000000001 | 0000000101100000 | 10100000 | 0010010000000011 | 0000000110101100 |
| 2023-07-05 13:34:31 | 1111010000000001 | 0000000101100000 | 00000000 | 0010010000000011 | 0000000110101100 |
| 2023-07-05 13:34:35 | 1111010000000001 | 0000000101100000 | 10100000 | 0010010000000011 | 0000000110101100 |
| 2023-07-05 13:34:37 | 1111010000000001 | 0000000101100000 | 00000000 | 0010010000000011 | 0000000110101100 |
| 2023-07-05 13:34:45 | 1111010000000001 | 0000000101100000 | 10100000 | 0010010000000011 | 0000000110101100 |
| 2023-07-05 13:34:47 | 1111010000000001 | 0000000101100000 | 00000000 | 0010010000000011 | 0000000110101100 |
| 2023-07-05 13:34:57 | 1111010000000001 | 0000000101100000 | 10100000 | 0010010000000011 | 0000000110101100 |
| 2023-07-05 13:34:59 | 1111010000000001 | 0000000101100000 | 00000000 | 0010010000000011 | 0000000110101100 |
| 2023-07-05 13:35:10 | 1111010000100001 | 0000000101100000 | 00000000 | 0010011000010011 | 0000000110101100 |
| 2023-07-05 13:35:12 | 1111010000000001 | 0000000111000000 | 00000000 | 0010011000000011 | 0000000110101100 |
| 2023-07-05 13:35:15 | 1111100000000001 | 0000000111000000 | 00000000 | 0010011000000011 | 0000000110101100 |
| 2023-07-05 13:35:17 | 1111100010000001 | 0000000111000000 | 00000000 | 0010011100000011 | 0000000110101100 |
| 2023-07-05 13:35:20 | 1111100001000001 | 0000000111000000 | 00000000 | 0010011000000011 | 0000000110101100 |
| 2023-07-05 13:35:22 | 1111100001000001 | 0000000111100000 | 10100000 | 0010011000001011 | 0000000110101100 |
| 2023-07-05 13:35:25 | 1111100001000001 | 0000000011100000 | 00000000 | 0010011000000011 | 0000000110101100 |
| 2023-07-05 13:35:27 | 1111100000000001 | 0000001011100000 | 00000000 | 1010011000000011 | 0000000110101100 |
| 2023-07-05 13:35:30 | 1111100000000001 | 0000001111100000 | 00000000 | 1010011000000011 | 0000000110101100 |
| 2023-07-05 13:35:37 | 1111100000000001 | 0000000011100000 | 00000000 | 0010011000000111 | 0000000110101100 |
| 2023-07-05 13:36:05 | 1111100000000001 | 0000000011100000 | 00000000 | 0010011000000011 | 0000000110101100 |
| 2023-07-05 13:36:07 | 1111100000000001 | 0000000011100000 | 00000000 | 0010011000000111 | 0000000110101100 |
| 2023-07-05 13:36:22 | 1111100000000011 | 0000000011100000 | 00000000 | 0010011000000111 | 0100000110101100 |
| 2023-07-05 13:36:25 | 1111100000000001 | 0000000011100000 | 00000000 | 0010011000000111 | 0000000110101100 |
| 2023-07-05 13:36:42 | 1111100000000001 | 0000000011100000 | 00000000 | 0010011000000011 | 0000000110101100 |
| 2023-07-05 13:36:45 | 1111100000000001 | 0000000011100000 | 00000000 | 0010011000000111 | 0000000110101100 |
| 2023-07-05 13:36:50 | 1111100000000011 | 0000000011100000 | 00000000 | 0010011000000111 | 0100000110101100 |
| 2023-07-05 13:36:52 | 1111100000000001 | 0000000011100000 | 00000000 | 0010011000000111 | 0000000110101100 |
| 2023-07-05 13:37:10 | 1111100000001001 | 0000000011100000 | 00000000 | 0010011000000011 | 0000000110101100 |
| 2023-07-05 13:37:12 | 1111100000000001 | 0000000111000000 | 00000000 | 0010001000000111 | 0000000110101100 |
| 2023-07-05 13:37:15 | 1111101000000001 | 0000000111000000 | 00000000 | 0010011000000111 | 0000000110101100 |
| 2023-07-05 13:37:17 | 1111100000000001 | 0000000011100000 | 00000000 | 0010011000000111 | 0000000110101100 |
| 2023-07-05 13:37:24 | 1111100000001001 | 0000000011100000 | 00000000 | 0010011000000011 | 0000000110101100 |
| 2023-07-05 13:37:27 | 1111100000000001 | 0000000011100000 | 00000000 | 0010011000000111 | 0000000110101100 |
| 2023-07-05 13:37:32 | 1111100000000011 | 0000000011100000 | 00000000 | 0010011000000111 | 0100000110101100 |
| 2023-07-05 13:37:35 | 1111100000000001 | 0000000011100000 | 00000000 | 0010011000000111 | 0000000110101100 |
| 2023-07-05 13:37:42 | 1111100000000011 | 0000000011100000 | 00000000 | 0010011000000111 | 0100000110101100 |
| 2023-07-05 13:37:45 | 1111100000000001 | 0000000011100000 | 00000000 | 0010011000000111 | 0000000110101100 |
| 2023-07-05 13:38:44 | 1111100000000001 | 0000000011100000 | 00000000 | 0010011000000111 | 0000000110101100 |
| 2023-07-05 13:38:47 | 1111010000000011 | 0000000101100000 | 00000000 | 0011010000000011 | 0100000110101100 |
| 2023-07-05 13:38:50 | 1111010000000011 | 0000000101100000 | 10100000 | 0010010000000011 | 0100000110101100 |
| 2023-07-05 13:38:52 | 1111010000000011 | 0000000101100000 | 00000000 | 0010010000000011 | 0100000110101100 |
| 2023-07-05 13:38:55 | 1111010000000011 | 0000000101100000 | 10100000 | 0010010000000011 | 0100000110101100 |
| 2023-07-05 13:39:07 | 1111010000000011 | 0000000101100000 | 00000000 | 0010010000000011 | 0100000110101100 |
| 2023-07-05 13:39:32 | 1111010000000011 | 0000000101100000 | 10100000 | 0010010000000011 | 0100000110101100 |
| 2023-07-05 13:39:40 | 1111010000000011 | 0000000101100000 | 00000000 | 0010010000000011 | 0100000110101100 |
| 2023-07-05 13:39:50 | 1111010000000011 | 0000000101100000 | 10100000 | 0010010000000011 | 0100000110101100 |
| 2023-07-05 13:39:55 | 1111010000000011 | 0000000101100000 | 00000000 | 0010010000000011 | 0100000110101100 |
| 2023-07-05 13:43:48 | 1111010000000011 | 0000000000000000 | 00000000 | 0000000000000000 | 0000000000000000 |
| 2023-07-05 13:43:49 | 1111010000000011 | 0000000101100000 | 00000000 | 0010010000000011 | 0100000110101100 |
| 2023-07-05 13:43:57 | 1111010000000011 | 0000000101100000 | 10100000 | 0010010000000011 | 0100000110101100 |
| 2023-07-05 13:53:51 | 1111010000000011 | 0000000101100000 | 00000000 | 0010010000000011 | 0100000110101100 |
| 2023-07-05 13:54:18 | 1111010000000011 | 0000000101100000 | 00000000 | 0010010000000011 | 0100000110101100 |
| 2023-07-05 13:54:25 | 1111010000000011 | 0000000101100000 | 10100000 | 0010010000000011 | 0100000110101100 |
| 2023-07-05 13:54:34 | 1111010000000011 | 0000000101100000 | 00000000 | 0010010000000011 | 0100000110101100 |
| 2023-07-05 13:54:48 | 1111010000000011 | 0000000101100000 | 00000000 | 0010010000000011 | 0100000110101100 |
| 2023-07-05 13:54:57 | 1111010000000011 | 0000000101100000 | 10100000 | 0010010000000011 | 0100000110101100 |
| 2023-07-05 13:55:00 | 1111010000000011 | 0000000101100000 | 00000000 | 0010010000000011 | 0100000110101100 |
| 2023-07-05 13:55:10 | 1111010000000011 | 0000000101100000 | 10100000 | 0010010000000011 | 0100000110101100 |
| 2023-07-05 13:55:12 | 1111010000000011 | 0000000101100000 | 00000000 | 0010010000000011 | 0100000110101100 |
| 2023-07-05 13:55:25 | 1111010000000011 | 0000000101100000 | 10100000 | 0010010000000011 | 0100000110101100 |
| 2023-07-05 13:55:27 | 1111010000000011 | 0000000101100000 | 00000000 | 0010010000000011 | 0100000110101100 |
| 2023-07-05 13:55:35 | 1111010000000011 | 0000000101100000 | 00100000 | 0010010000000011 | 0100000110101100 |
| 2023-07-05 13:55:37 | 1111010000000011 | 0000000101100000 | 00000000 | 0010010000000011 | 0100000110101100 |
| 2023-07-05 14:10:57 | 1111010000000001 | 0000001101100000 | 00000000 | 0010010000000011 | 0000000110101100 |
| 2023-07-05 14:11:15 | 1111010000000001 | 0000001101100000 | 10100000 | 0010010000000011 | 0000000110101100 |
| 2023-07-05 14:49:33 | 1111010000000001 | 0000001101100000 | 00000000 | 0010010000000011 | 0000000110101100 |
| 2023-07-05 14:51:27 | 1111010000000001 | 0000001101100000 | 10100000 | 0010010000000011 | 0000000110101100 |
| 2023-07-05 14:54:29 | 1111010000000001 | 0000001101100000 | 00000000 | 0010010000000011 | 0000000110101100 |
| 2023-07-05 14:54:35 | 1111010000000001 | 0000001101100000 | 10100000 | 0010010000000011 | 0000000110101100 |
| 2023-07-05 14:54:37 | 1111010000000001 | 0000001101100000 | 00000000 | 0010010000000011 | 0000000110101100 |
| 2023-07-05 15:02:51 | 1111010000000001 | 0000001101100000 | 00000000 | 0010010000000011 | 0000000110101100 |
| 2023-07-05 15:02:55 | 1111010000000001 | 0000001101100000 | 10100000 | 0010010000000011 | 0000000110101100 |
| 2023-07-05 15:02:57 | 1111010000000001 | 0000001101100000 | 00000000 | 0010010000000011 | 0000000110101100 |
| 2023-07-05 15:03:31 | 1111010000000001 | 0000001101100000 | 00000000 | 0010010000000011 | 0000000110101100 |
| 2023-07-05 15:03:32 | 1111010000000001 | 0000001101100000 | 00100000 | 0010010000000011 | 0000000110101100 |
| 2023-07-05 15:04:15 | 1111010000000001 | 0000000000000000 | 00000000 | 0000000000000000 | 0000000000000000 |
| 2023-07-05 15:04:16 | 1111010000000001 | 0000001101100000 | 00000000 | 0010010000000011 | 0000000110101100 |
| 2023-07-05 15:04:34 | 1111010000000001 | 0000001101100000 | 00000000 | 0010010000000011 | 0000000110101100 |
| 2023-07-05 15:07:29 | 1111010000000001 | 0000001101100000 | 00000000 | 0010010000000011 | 0000000110101100 |
| 2023-07-05 15:07:32 | 1111010000000001 | 0000001101100000 | 10100000 | 0010010000000011 | 0000000110101100 |
| 2023-07-05 15:07:35 | 1111010000000001 | 0000001101100000 | 00000000 | 0010010000000011 | 0000000110101100 |
| 2023-07-05 15:08:25 | 1111010000000001 | 0000001101100000 | 00000000 | 0010010000000011 | 0000000110101100 |
| 2023-07-05 15:08:32 | 1111010000000001 | 0000001101100000 | 10100000 | 0010010000000011 | 0000000110101100 |
| 2023-07-05 15:08:37 | 1111010000000001 | 0000001101100000 | 00000000 | 0010010000000011 | 0000000110101100 |
| 2023-07-05 15:08:40 | 1111010000000001 | 0000001101100000 | 10100000 | 0010010000000011 | 0000000110101100 |
| 2023-07-05 15:08:50 | 1111010000000001 | 0000001101100000 | 00000000 | 0010010000000011 | 0000000110101100 |
| 2023-07-05 15:08:52 | 1111010000000001 | 0000001101100000 | 10100000 | 0010010000000011 | 0000000110101100 |
| 2023-07-05 15:08:54 | 1111010000000001 | 0000001101100000 | 00000000 | 0010010000000011 | 0000000110101100 |
| 2023-07-05 15:15:32 | 1111010000000001 | 0000001101100000 | 00000000 | 0010010000000011 | 0000000110101100 |
| 2023-07-05 15:15:37 | 1111010000000001 | 0000001101100000 | 10100000 | 0010010000000011 | 0000000110101100 |
| 2023-07-05 15:15:46 | 1111010000000001 | 0000001101100000 | 00000000 | 0010010000000011 | 0000000110101100 |
| 2023-07-05 15:16:05 | 1111010000000001 | 0000001101100000 | 00000000 | 0010010000000011 | 0000000110101100 |
| 2023-07-05 15:16:06 | 1111010000000001 | 0000001101100000 | 10100000 | 0010010000000011 | 0000000110101100 |
| 2023-07-05 15:16:07 | 1111010000000001 | 0000001101100000 | 00000000 | 0010010000000011 | 0000000110101100 |
| 2023-07-05 15:16:36 | 1111010000000001 | 0000001101100000 | 00000000 | 0010010000000011 | 0000000110101100 |
| 2023-07-05 15:17:27 | 1111010000000001 | 0000001101100000 | 00000000 | 0010010000000011 | 0000000110101100 |
| 2023-07-05 15:27:52 | 1111010000000001 | 0000001101100000 | 10100000 | 0010010000000011 | 0000000110101100 |
| 2023-07-05 15:28:41 | 1111010000000001 | 0000001101100000 | 10100000 | 0010010000000011 | 0000000110101100 |
| 2023-07-05 15:28:43 | 1111010000000001 | 0000001101100000 | 00000000 | 0010010000000011 | 0000000110101100 |
| 2023-07-05 15:28:44 | 1111010000000001 | 0000001101100000 | 10100000 | 0010010000000011 | 0000000110101100 |
| 2023-07-05 15:28:50 | 1111010000000001 | 0000001101100000 | 00000000 | 0010010000000011 | 0000000110101100 |
| 2023-07-05 15:30:31 | 1111010000000001 | 0000001101100000 | 00000000 | 0010010000000011 | 0000000110101100 |
| 2023-07-05 15:30:42 | 1111010000000001 | 0000001101100000 | 00000000 | 0010010000000011 | 0000000110101100 |
| 2023-07-05 15:33:08 | 1111010000000001 | 0000001101100000 | 00000000 | 0010010000000011 | 0000000110101100 |
| 2023-07-05 15:33:21 | 1111010000000001 | 0000001101100000 | 00000000 | 0010010000000011 | 0000000110101100 |
| 2023-07-05 15:33:35 | 1111010000000001 | 0000001101100000 | 00000000 | 0010010000000011 | 0000000110101100 |
| 2023-07-05 15:33:53 | 1111010000000001 | 0000001101100000 | 10100000 | 0010010000000011 | 0000000110101100 |
| 2023-07-05 15:35:01 | 1111010000000001 | 0000001101100000 | 10100000 | 0010010000000011 | 0000000110101100 |
| 2023-07-05 15:35:02 | 1111010000000001 | 0000001101100000 | 00000000 | 0010010000000011 | 0000000110101100 |
| 2023-07-05 15:35:05 | 1111010000000001 | 0000001101100000 | 10100000 | 0010010000000011 | 0000000110101100 |
| 2023-07-05 15:35:07 | 1111010000000001 | 0000001101100000 | 00000000 | 0010010000000011 | 0000000110101100 |
| 2023-07-05 15:35:12 | 1111010000000001 | 0000001101100000 | 10100000 | 0010010000000011 | 0000000110101100 |
| 2023-07-05 15:36:41 | 1111010000000001 | 0000001101100000 | 00000000 | 0010010000000011 | 0000000110101100 |
| 2023-07-05 15:36:44 | 1111010000000001 | 0000001101100000 | 10100000 | 0010010000000011 | 0000000110101100 |
| 2023-07-05 15:37:09 | 1111010000000001 | 0000001101100000 | 00000000 | 0010010000000011 | 0000000110101100 |
| 2023-07-05 15:37:12 | 1111010000000001 | 0000001101100000 | 10100000 | 0010010000000011 | 0000000110101100 |
| 2023-07-05 16:09:30 | 1111010000000001 | 0000001101100000 | 00000000 | 0010010000000011 | 0000000110101100 |
| 2023-07-05 16:09:37 | 1111010000000001 | 0000001101100000 | 10100000 | 0010010000000011 | 0000000110101100 |
| 2023-07-05 16:09:58 | 1111010000000001 | 0000001101100000 | 00000000 | 0010010000000011 | 0000000110101100 |
| 2023-07-05 16:12:36 | 1111010000000001 | 0000001101100000 | 00000000 | 0010010000000011 | 0000000110101100 |
| 2023-07-05 16:13:02 | 1111010000000001 | 0000001101100000 | 00000000 | 0010010000000011 | 0000000110101100 |
| 2023-07-05 16:13:09 | 1111010000000001 | 0000001101100000 | 10100000 | 0010010000000011 | 0000000110101100 |
| 2023-07-05 16:13:14 | 1111010000000001 | 0000001101100000 | 00000000 | 0010010000000011 | 0000000110101100 |
| 2023-07-05 16:13:17 | 1111010000000001 | 0000001101100000 | 10100000 | 0010010000000011 | 0000000110101100 |
| 2023-07-05 16:13:35 | 1111010000000001 | 0000001101100000 | 00000000 | 0010010000000011 | 0000000110101100 |
| 2023-07-05 16:13:48 | 1111010000000001 | 0000001101100000 | 00000000 | 0010010000000011 | 0000000110101100 |
| 2023-07-05 16:13:49 | 1111010000000001 | 0000001101100000 | 10100000 | 0010010000000011 | 0000000110101100 |
| 2023-07-05 16:13:52 | 1111010000000001 | 0000001101100000 | 00000000 | 0010010000000011 | 0000000110101100 |
| 2023-07-05 16:14:09 | 1111010000000001 | 0000001101100000 | 10100000 | 0010010000000011 | 0000000110101100 |
| 2023-07-05 16:14:14 | 1111010000000001 | 0000001101100000 | 00000000 | 0010010000000011 | 0000000110101100 |
| 2023-07-05 16:14:22 | 1111010000000001 | 0000001101100000 | 10100000 | 0010010000000011 | 0000000110101100 |
| 2023-07-05 16:14:25 | 1111010000000001 | 0000001101100000 | 00000000 | 0010010000000011 | 0000000110101100 |
| 2023-07-05 16:14:30 | 1111010000000001 | 0000001101100000 | 10100000 | 0010010000000011 | 0000000110101100 |
| 2023-07-05 16:17:58 | 1111010000000001 | 0000001101100000 | 00000000 | 0010010000000011 | 0000000110101100 |
| 2023-07-05 16:18:09 | 1111010000000001 | 0000001101100000 | 10100000 | 0010010000000011 | 0000000110101100 |
| 2023-07-05 16:19:03 | 1111010000000001 | 0000001101100000 | 00000000 | 0010010000000011 | 0000000110101100 |
| 2023-07-05 16:20:39 | 1111010000000001 | 0000001101100000 | 00000000 | 0010010000000011 | 0000000110101100 |
| 2023-07-05 16:21:05 | 1111010000000001 | 0000001101100000 | 00000000 | 0010010000000011 | 0000000110101100 |
| 2023-07-05 16:34:49 | 1111010000000001 | 0000001101100000 | 00000000 | 0010010000000011 | 0000000110101100 |
| 2023-07-05 16:35:01 | 1111010000000001 | 0000001101100000 | 00000000 | 0010010000000011 | 0000000110101100 |
| 2023-07-05 16:35:55 | 1111010000000001 | 0000001101100000 | 00000000 | 0010010000000011 | 0000000110101100 |
| 2023-07-05 16:36:43 | 1111010000000001 | 0000001101100000 | 00000000 | 0010010000000011 | 0000000110101100 |
| 2023-07-05 16:37:00 | 1111010000000001 | 0000001101100000 | 00000000 | 0010010000000011 | 0000000110101100 |
| 2023-07-05 16:39:26 | 1111010000000001 | 0000001101100000 | 00000000 | 0010010000000011 | 0000000110101100 |
| 2023-07-05 16:39:29 | 1111010000000001 | 0000001101100000 | 10100000 | 0010010000000011 | 0000000110101100 |
| 2023-07-05 16:41:14 | 1111010000000001 | 0000001101100000 | 10100000 | 0010010000000011 | 0000000110101100 |
| 2023-07-05 16:41:17 | 1111010000000001 | 0000001101100000 | 00000000 | 0010010000000011 | 0000000110101100 |
| 2023-07-05 16:42:11 | 1111010000000001 | 0000001101100000 | 00000000 | 0010010000000011 | 0000000110101100 |
| 2023-07-05 16:42:19 | 1111010000000001 | 0000001101100000 | 10100000 | 0010010000000011 | 0000000110101100 |
| 2023-07-05 16:42:34 | 1111010000000001 | 0000001101100000 | 00000000 | 0010010000000011 | 0000000110101100 |
| 2023-07-05 16:42:50 | 1111010000000001 | 0000001101100000 | 00000000 | 0010010000000011 | 0000000110101100 |
| 2023-07-05 16:42:59 | 1111010000000001 | 0000001101100000 | 10100000 | 0010010000000011 | 0000000110101100 |
| 2023-07-05 16:43:02 | 1111010000000001 | 0000001101100000 | 00000000 | 0010010000000011 | 0000000110101100 |
| 2023-07-05 16:43:09 | 1111010000000001 | 0000001101100000 | 10100000 | 0010010000000011 | 0000000110101100 |
| 2023-07-05 16:43:12 | 1111010000000001 | 0000001101100000 | 00000000 | 0010010000000011 | 0000000110101100 |
| 2023-07-05 16:43:14 | 1111010000000001 | 0000001101100000 | 10100000 | 0010010000000011 | 0000000110101100 |
| 2023-07-05 16:43:17 | 1111010000000001 | 0000001101100000 | 00000000 | 0010010000000011 | 0000000110101100 |
| 2023-07-05 16:43:19 | 1111010000000001 | 0000001101100000 | 10100000 | 0010010000000011 | 0000000110101100 |
| 2023-07-05 16:43:22 | 1111010000000001 | 0000001101100000 | 00000000 | 0010010000000011 | 0000000110101100 |
| 2023-07-05 16:43:24 | 1111010000000001 | 0000001101100000 | 10100000 | 0010010000000011 | 0000000110101100 |
| 2023-07-05 16:43:34 | 1111010000000001 | 0000001101100000 | 00000000 | 0010010000000011 | 0000000110101100 |
| 2023-07-05 16:44:48 | 1111010000000001 | 0000001101100000 | 00000000 | 0010010000000011 | 0000000110101100 |
| 2023-07-05 16:44:52 | 1111010000000001 | 0000001101100000 | 10100000 | 0010010000000011 | 0000000110101100 |
| 2023-07-05 16:44:54 | 1111010000000001 | 0000001101100000 | 00000000 | 0010010000000011 | 0000000110101100 |
| 2023-07-05 16:45:02 | 1111010000000001 | 0000001101100000 | 10100000 | 0010010000000011 | 0000000110101100 |
| 2023-07-05 16:45:12 | 1111010000000001 | 0000001101100000 | 00000000 | 0010010000000011 | 0000000110101100 |
| 2023-07-05 16:45:22 | 1111010000000001 | 0000001101100000 | 10100000 | 0010010000000011 | 0000000110101100 |
| 2023-07-05 16:45:32 | 1111010000000001 | 0000001101100000 | 00000000 | 0010010000000011 | 0000000110101100 |
| 2023-07-05 16:46:58 | 1111010000000001 | 0000001101100000 | 00000000 | 0010010000000011 | 0000000110101100 |
| 2023-07-05 16:47:28 | 1111010000000001 | 0000001101100000 | 00000000 | 0010010000000011 | 0000000110101100 |
| 2023-07-05 16:47:29 | 1111010000000001 | 0000001101100000 | 10100000 | 0010010000000011 | 0000000110101100 |
| 2023-07-05 16:47:37 | 1111010000000001 | 0000001101100000 | 00000000 | 0010010000000011 | 0000000110101100 |
| 2023-07-05 16:47:52 | 1111010000000001 | 0000001101100000 | 10100000 | 0010010000000011 | 0000000110101100 |
| 2023-07-05 16:47:54 | 1111010000000001 | 0000001101100000 | 00000000 | 0010010000000011 | 0000000110101100 |
| 2023-07-05 16:47:57 | 1111010000000001 | 0000001101100000 | 10100000 | 0010010000000011 | 0000000110101100 |
| 2023-07-05 16:50:54 | 1111010000000001 | 0000001101100000 | 00000000 | 0010010000000011 | 0000000110101100 |
| 2023-07-05 16:51:11 | 1111010000000001 | 0000001101100000 | 00000000 | 0010010000000011 | 0000000110101100 |
| 2023-07-05 16:51:22 | 1111010000000001 | 0000001101100000 | 10100000 | 0010010000000011 | 0000000110101100 |
| 2023-07-05 16:52:25 | 1111010000000001 | 0000001101100000 | 00000000 | 0010010000000011 | 0000000110101100 |
| 2023-07-05 16:52:37 | 1111010000000001 | 0000001101100000 | 00000000 | 0010010000000011 | 0000000110101100 |
| 2023-07-05 16:52:39 | 1111010000000001 | 0000001101100000 | 00100000 | 0010010000000011 | 0000000110101100 |
| 2023-07-05 16:52:51 | 1111010000000001 | 0000001101100000 | 00000000 | 0010010000000011 | 0000000110101100 |
| 2023-07-05 16:52:55 | 1111010000000001 | 0000001101100000 | 10100000 | 0010010000000011 | 0000000110101100 |
| 2023-07-05 16:53:14 | 1111010000000001 | 0000001101100000 | 00000000 | 0010010000000011 | 0000000110101100 |
| 2023-07-05 16:53:15 | 1111010000000001 | 0000001101100000 | 10100000 | 0010010000000011 | 0000000110101100 |
| 2023-07-05 16:53:17 | 1111010000000001 | 0000001101100000 | 00000000 | 0010010000000011 | 0000000110101100 |
| 2023-07-05 16:54:03 | 1111010000000001 | 0000001101100000 | 00000000 | 0010010000000011 | 0000000110101100 |
| 2023-07-05 16:54:04 | 1111010000000001 | 0000001101100000 | 10100000 | 0010010000000011 | 0000000110101100 |
| 2023-07-05 16:54:07 | 1111010000000001 | 0000001101100000 | 00000000 | 0010010000000011 | 0000000110101100 |
| 2023-07-05 16:54:27 | 1111010000000001 | 0000001101100000 | 00000000 | 0010010000000011 | 0000000110101100 |
| 2023-07-05 16:54:34 | 1111010000000001 | 0000001101100000 | 10100000 | 0010010000000011 | 0000000110101100 |
| 2023-07-05 16:54:40 | 1111010000000001 | 0000001101100000 | 00000000 | 0010010000000011 | 0000000110101100 |
| 2023-07-05 16:54:47 | 1111010000000001 | 0000001101100000 | 10100000 | 0010010000000011 | 0000000110101100 |
| 2023-07-05 16:54:49 | 1111010000000001 | 0000001101100000 | 00000000 | 0010010000000011 | 0000000110101100 |
| 2023-07-05 16:54:57 | 1111010000000001 | 0000001101100000 | 10000000 | 0010010000000011 | 0000000110101100 |
| 2023-07-05 16:54:59 | 1111010000000001 | 0000001101100000 | 10100000 | 0010010000000011 | 0000000110101100 |
| 2023-07-05 16:55:14 | 1111010000000001 | 0000001101100000 | 00000000 | 0010010000000011 | 0000000110101100 |
| 2023-07-05 16:55:24 | 1111010000000001 | 0000001101100000 | 10100000 | 0010010000000011 | 0000000110101100 |
| 2023-07-05 16:55:27 | 1111010000000001 | 0000001101100000 | 00000000 | 0010010000000011 | 0000000110101100 |
| 2023-07-05 16:55:32 | 1111010000000001 | 0000001101100000 | 10100000 | 0010010000000011 | 0000000110101100 |
| 2023-07-05 16:55:37 | 1111010000000001 | 0000001101100000 | 00000000 | 0010010000000011 | 0000000110101100 |
| 2023-07-05 16:58:15 | 1111010000000001 | 0000001101100000 | 10100000 | 0010010000000011 | 0000000110101100 |
| 2023-07-05 16:58:27 | 1111010000000001 | 0000001101100000 | 00000000 | 0010010000000011 | 0000000110101100 |
| 2023-07-05 16:58:29 | 1111010000000001 | 0000001101100000 | 10100000 | 0010010000000011 | 0000000110101100 |
| 2023-07-05 16:58:32 | 1111010000000001 | 0000001101100000 | 00000000 | 0010010000000011 | 0000000110101100 |
| 2023-07-05 16:58:44 | 1111010000000001 | 0000001101100000 | 10100000 | 0010010000000011 | 0000000110101100 |
| 2023-07-05 16:58:49 | 1111010000000001 | 0000001101100000 | 00000000 | 0010010000000011 | 0000000110101100 |
| 2023-07-05 16:58:52 | 1111010000000001 | 0000001101100000 | 10100000 | 0010010000000011 | 0000000110101100 |
| 2023-07-05 16:58:54 | 1111010000000001 | 0000001101100000 | 00000000 | 0010010000000011 | 0000000110101100 |
| 2023-07-05 16:58:57 | 1111010000000001 | 0000001101100000 | 10100000 | 0010010000000011 | 0000000110101100 |
| 2023-07-05 16:58:59 | 1111010000000001 | 0000001101100000 | 00000000 | 0010010000000011 | 0000000110101100 |
| 2023-07-05 16:59:04 | 1111010000000001 | 0000001101100000 | 10100000 | 0010010000000011 | 0000000110101100 |
| 2023-07-05 16:59:07 | 1111010000000001 | 0000001101100000 | 00000000 | 0010010000000011 | 0000000110101100 |
| 2023-07-05 16:59:12 | 1111010000000001 | 0000001101100000 | 10100000 | 0010010000000011 | 0000000110101100 |
| 2023-07-05 16:59:14 | 1111010000000001 | 0000001101100000 | 00000000 | 0010010000000011 | 0000000110101100 |
| 2023-07-05 16:59:19 | 1111010000000001 | 0000001101100000 | 10100000 | 0010010000000011 | 0000000110101100 |
| 2023-07-05 16:59:22 | 1111010000000001 | 0000001101100000 | 00000000 | 0010010000000011 | 0000000110101100 |
| 2023-07-05 16:59:24 | 1111010000000001 | 0000001101100000 | 10100000 | 0010010000000011 | 0000000110101100 |
| 2023-07-05 16:59:27 | 1111010000000001 | 0000001101100000 | 00000000 | 0010010000000011 | 0000000110101100 |
| 2023-07-05 16:59:29 | 1111010000000001 | 0000001101100000 | 10100000 | 0010010000000011 | 0000000110101100 |
| 2023-07-05 16:59:32 | 1111010000000001 | 0000001101100000 | 00000000 | 0010010000000011 | 0000000110101100 |
| 2023-07-05 16:59:37 | 1111010000000001 | 0000001101100000 | 10100000 | 0010010000000011 | 0000000110101100 |
| 2023-07-05 16:59:42 | 1111010000000001 | 0000001101100000 | 00000000 | 0010010000000011 | 0000000110101100 |
| 2023-07-05 16:59:44 | 1111010000000001 | 0000001101100000 | 10100000 | 0010010000000011 | 0000000110101100 |
| 2023-07-05 16:59:49 | 1111010000000001 | 0000001101100000 | 00000000 | 0010010000000011 | 0000000110101100 |
| 2023-07-05 16:59:57 | 1111010000000001 | 0000001101100000 | 10100000 | 0010010000000011 | 0000000110101100 |
| 2023-07-05 17:00:04 | 1111010000000001 | 0000001101100000 | 00000000 | 0010010000000011 | 0000000110101100 |
| 2023-07-05 17:00:07 | 1111010000000001 | 0000001101100000 | 10100000 | 0010010000000011 | 0000000110101100 |
| 2023-07-05 17:00:24 | 1111010000000001 | 0000001101100000 | 00000000 | 0010010000000011 | 0000000110101100 |
| 2023-07-05 17:00:29 | 1111010000000001 | 0000001101100000 | 10100000 | 0010010000000011 | 0000000110101100 |
| 2023-07-05 17:01:22 | 1111010000000001 | 0000001101100000 | 00000000 | 0010010000000011 | 0000000110101100 |
| 2023-07-05 17:01:29 | 1111010000000001 | 0000001101100000 | 10100000 | 0010010000000011 | 0000000110101100 |
| 2023-07-05 17:01:37 | 1111010000000001 | 0000001101100000 | 00000000 | 0010010000000011 | 0000000110101100 |
| 2023-07-05 17:01:42 | 1111010000000001 | 0000001101100000 | 00100000 | 0010010000000011 | 0000000110101100 |
| 2023-07-05 17:01:44 | 1111010000000001 | 0000001101100000 | 10100000 | 0010010000000011 | 0000000110101100 |
| 2023-07-05 17:01:57 | 1111010000000001 | 0000001101100000 | 00000000 | 0010010000000011 | 0000000110101100 |
| 2023-07-05 17:02:04 | 1111010000000001 | 0000001101100000 | 10100000 | 0010010000000011 | 0000000110101100 |
| 2023-07-05 17:02:07 | 1111010000000001 | 0000001101100000 | 00000000 | 0010010000000011 | 0000000110101100 |
| 2023-07-05 17:02:09 | 1111010000000001 | 0000001101100000 | 10100000 | 0010010000000011 | 0000000110101100 |
| 2023-07-05 17:02:14 | 1111010000000001 | 0000001101100000 | 00000000 | 0010010000000011 | 0000000110101100 |
| 2023-07-05 17:02:17 | 1111010000000001 | 0000001101100000 | 10100000 | 0010010000000011 | 0000000110101100 |
| 2023-07-05 17:02:19 | 1111010000000001 | 0000001101100000 | 00000000 | 0010010000000011 | 0000000110101100 |
| 2023-07-05 17:02:27 | 1111010000000001 | 0000001101100000 | 10100000 | 0010010000000011 | 0000000110101100 |
| 2023-07-05 17:02:32 | 1111010000000001 | 0000001101100000 | 00000000 | 0010010000000011 | 0000000110101100 |
| 2023-07-05 17:02:34 | 1111010000000001 | 0000001101100000 | 10100000 | 0010010000000011 | 0000000110101100 |
| 2023-07-05 17:02:39 | 1111010000000001 | 0000001101100000 | 00100000 | 0010010000000011 | 0000000110101100 |
| 2023-07-05 17:02:44 | 1111010000000001 | 0000001101100000 | 00000000 | 0010010000000011 | 0000000110101100 |
| 2023-07-05 17:02:47 | 1111010000000001 | 0000001101100000 | 10100000 | 0010010000000011 | 0000000110101100 |
| 2023-07-05 17:02:49 | 1111010000000001 | 0000001101100000 | 00000000 | 0010010000000011 | 0000000110101100 |
| 2023-07-05 17:02:52 | 1111010000000001 | 0000001101100000 | 10100000 | 0010010000000011 | 0000000110101100 |
| 2023-07-05 17:02:57 | 1111010000000001 | 0000001101100000 | 00000000 | 0010010000000011 | 0000000110101100 |
| 2023-07-05 17:02:59 | 1111010000000001 | 0000001101100000 | 10100000 | 0010010000000011 | 0000000110101100 |
| 2023-07-05 17:03:09 | 1111010000000001 | 0000001101100000 | 00000000 | 0010010000000011 | 0000000110101100 |
| 2023-07-05 17:03:14 | 1111010000000001 | 0000001101100000 | 10100000 | 0010010000000011 | 0000000110101100 |
| 2023-07-05 17:03:17 | 1111010000000001 | 0000001101100000 | 00000000 | 0010010000000011 | 0000000110101100 |
| 2023-07-05 17:03:19 | 1111010000000001 | 0000001101100000 | 10100000 | 0010010000000011 | 0000000110101100 |
| 2023-07-05 17:03:22 | 1111010000000001 | 0000001101100000 | 00000000 | 0010010000000011 | 0000000110101100 |
| 2023-07-05 17:03:27 | 1111010000000001 | 0000001101100000 | 10100000 | 0010010000000011 | 0000000110101100 |
| 2023-07-05 17:03:29 | 1111010000000001 | 0000001101100000 | 00000000 | 0010010000000011 | 0000000110101100 |
| 2023-07-05 17:03:32 | 1111010000000001 | 0000001101100000 | 10100000 | 0010010000000011 | 0000000110101100 |
| 2023-07-05 17:03:37 | 1111010000000001 | 0000001101100000 | 00000000 | 0010010000000011 | 0000000110101100 |
| 2023-07-05 17:03:52 | 1111010000000001 | 0000001101100000 | 10100000 | 0010010000000011 | 0000000110101100 |
| 2023-07-05 17:04:04 | 1111010000000001 | 0000001101100000 | 00000000 | 0010010000000011 | 0000000110101100 |
| 2023-07-05 17:04:09 | 1111010000000001 | 0000001101100000 | 10100000 | 0010010000000011 | 0000000110101100 |
| 2023-07-05 17:04:37 | 1111010000000001 | 0000001101100000 | 00000000 | 0010010000000011 | 0000000110101100 |
| 2023-07-05 17:04:59 | 1111010000000001 | 0000001101100000 | 10100000 | 0010010000000011 | 0000000110101100 |
| 2023-07-05 17:05:04 | 1111010000000001 | 0000001101100000 | 00000000 | 0010010000000011 | 0000000110101100 |
| 2023-07-05 17:05:22 | 1111010000000001 | 0000001101100000 | 10100000 | 0010010000000011 | 0000000110101100 |
| 2023-07-05 17:05:27 | 1111010000000001 | 0000001101100000 | 00000000 | 0010010000000011 | 0000000110101100 |
