|      Date Time      | 가동률 | 모델정보 | 생산수량 | 불량수량 | 알람코드 | 작업 진행 상황 | 박스 진행 상황 | 레이어 진행상황 | 박스 정보 | 팔레트 정보 | 간지 사용 유무 | 리프트 높이 | 적재방향 | 로봇 스피드 | BOX SORT CYLINDER | SAFETY LADAR SENSOR | LABEL ALINE | 로봇 상태 | 로봇 서보 온 |
| 2023-07-12 10:25:59 | 0 | 0 | 0 | 0 | 0 | 0/0 | 0/0 | 0/0 | 0*0*0(mm) 0(kg) | 0*0*0(mm) | 0 | 0 | 0 | 100 | 0 | 0 | 1 | STANDALONE STANDBY | 1 |
| 2023-07-12 10:26:17 | 0 | 0 | 0 | 0 | 0 | 0/0 | 0/0 | 0/0 | 0*0*0(mm) 0(kg) | 0*0*0(mm) | 0 | 0 | 0 | 100 | 0 | 0 | 1 | STANDALONE RUNNING | 1 |
| 2023-07-12 10:26:30 | 0 | 1 | 0 | 0 | 0 | 0/40 | 0/8 | 1/5 | 460*266*320(mm) 16(kg) | 1100*1100*150(mm) | 0 | 0 | 1 | 100 | 0 | 0 | 1 | STANDALONE RUNNING | 1 |
| 2023-07-12 10:27:51 | 5 | 1 | 7 | 0 | 0 | 7/40 | 7/8 | 1/5 | 460*266*320(mm) 16(kg) | 1100*1100*150(mm) | 0 | 0 | 1 | 100 | 0 | 0 | 1 | STANDALONE RUNNING | 1 |
| 2023-07-12 10:28:06 | 5 | 1 | 9 | 0 | 0 | 9/40 | 1/8 | 2/5 | 460*266*320(mm) 16(kg) | 1100*1100*150(mm) | 0 | 0 | 1 | 100 | 0 | 0 | 1 | SAFE OFF | 0 |
| 2023-07-12 10:28:31 | 5 | 1 | 9 | 0 | 0 | 9/40 | 1/8 | 2/5 | 460*266*320(mm) 16(kg) | 1100*1100*150(mm) | 0 | 0 | 1 | 100 | 0 | 0 | 1 | STANDALONE RUNNING | 1 |
| 2023-07-12 10:28:50 | 5 | 1 | 9 | 0 | 0 | 9/40 | 1/8 | 2/5 | 460*266*320(mm) 16(kg) | 1100*1100*150(mm) | 0 | 0 | 1 | 100 | 0 | 0 | 1 | STANDALONE RUNNING | 1 |
| 2023-07-12 10:29:19 | 5 | 1 | 9 | 0 | 0 | 9/40 | 1/8 | 2/5 | 460*266*320(mm) 16(kg) | 1100*1100*150(mm) | 0 | 0 | 1 | 100 | 0 | 0 | 1 | STANDALONE RUNNING | 1 |
| 2023-07-12 10:29:28 | 5 | 1 | 9 | 0 | 0 | 9/40 | 1/8 | 2/5 | 460*266*320(mm) 16(kg) | 1100*1100*150(mm) | 0 | 0 | 1 | 100 | 0 | 0 | 1 | STANDALONE RUNNING | 1 |
| 2023-07-12 10:29:51 | 5 | 1 | 9 | 0 | 0 | 9/40 | 1/8 | 2/5 | 460*266*320(mm) 16(kg) | 1100*1100*150(mm) | 0 | 0 | 1 | 100 | 0 | 0 | 1 | STANDALONE RUNNING | 1 |
| 2023-07-12 10:30:41 | 5 | 1 | 9 | 0 | 0 | 9/40 | 1/8 | 2/5 | 460*266*320(mm) 16(kg) | 1100*1100*150(mm) | 0 | 0 | 1 | 100 | 0 | 0 | 1 | STANDALONE RUNNING | 1 |
| 2023-07-12 10:30:47 | 5 | 1 | 9 | 0 | 0 | 9/40 | 1/8 | 2/5 | 460*266*320(mm) 16(kg) | 1100*1100*150(mm) | 0 | 0 | 1 | 100 | 0 | 0 | 1 | STANDALONE RUNNING | 1 |
| 2023-07-12 10:31:39 | 5 | 1 | 9 | 0 | 18 | 9/40 | 1/8 | 2/5 | 460*266*320(mm) 16(kg) | 1100*1100*150(mm) | 0 | 0 | 1 | 100 | 0 | 0 | 1 | STANDALONE RUNNING | 1 |
| 2023-07-12 10:31:48 | 5 | 1 | 9 | 0 | 18 | 9/40 | 1/8 | 2/5 | 460*266*320(mm) 16(kg) | 1100*1100*150(mm) | 0 | 0 | 1 | 100 | 0 | 0 | 1 | STANDALONE RUNNING | 1 |
| 2023-07-12 10:33:08 | 5 | 1 | 9 | 0 | 18 | 9/40 | 1/8 | 2/5 | 460*266*320(mm) 16(kg) | 1100*1100*150(mm) | 0 | 0 | 1 | 100 | 0 | 0 | 1 | STANDALONE RUNNING | 1 |
| 2023-07-12 10:33:43 | 5 | 1 | 9 | 0 | 18 | 9/40 | 1/8 | 2/5 | 460*266*320(mm) 16(kg) | 1100*1100*150(mm) | 0 | 0 | 1 | 100 | 0 | 0 | 1 | STANDALONE RUNNING | 1 |
| 2023-07-12 10:36:37 | 5 | 1 | 9 | 0 | 18 | 9/40 | 1/8 | 2/5 | 460*266*320(mm) 16(kg) | 1100*1100*150(mm) | 0 | 0 | 1 | 100 | 0 | 0 | 1 | STANDALONE RUNNING | 1 |
| 2023-07-12 10:37:07 | 5 | 1 | 9 | 0 | 18 | 9/40 | 1/8 | 2/5 | 460*266*320(mm) 16(kg) | 1100*1100*150(mm) | 0 | 0 | 1 | 100 | 0 | 0 | 1 | STANDALONE RUNNING | 1 |
| 2023-07-12 10:37:17 | 5 | 1 | 9 | 0 | 18 | 9/40 | 1/8 | 2/5 | 460*266*320(mm) 16(kg) | 1100*1100*150(mm) | 0 | 0 | 1 | 100 | 0 | 0 | 1 | STANDALONE RUNNING | 1 |
| 2023-07-12 10:37:35 | 5 | 1 | 9 | 0 | 18 | 9/40 | 1/8 | 2/5 | 460*266*320(mm) 16(kg) | 1100*1100*150(mm) | 0 | 0 | 1 | 100 | 0 | 0 | 1 | STANDALONE RUNNING | 1 |
| 2023-07-12 10:38:25 | 5 | 1 | 9 | 0 | 18 | 9/40 | 1/8 | 2/5 | 460*266*320(mm) 16(kg) | 1100*1100*150(mm) | 0 | 0 | 1 | 100 | 0 | 0 | 1 | STANDALONE RUNNING | 1 |
| 2023-07-12 10:38:47 | 5 | 1 | 9 | 0 | 18 | 9/40 | 1/8 | 2/5 | 460*266*320(mm) 16(kg) | 1100*1100*150(mm) | 0 | 0 | 1 | 100 | 0 | 0 | 1 | STANDALONE RUNNING | 0 |
| 2023-07-12 10:38:47 | 5 | 1 | 9 | 0 | 18 | 9/40 | 1/8 | 2/5 | 460*266*320(mm) 16(kg) | 1100*1100*150(mm) | 0 | 0 | 1 | 100 | 0 | 0 | 1 | SAFE OFF | 0 |
| 2023-07-12 10:38:48 | 5 | 1 | 9 | 0 | 25 | 9/40 | 1/8 | 2/5 | 460*266*320(mm) 16(kg) | 1100*1100*150(mm) | 0 | 0 | 1 | 100 | 0 | 0 | 1 | SAFE OFF | 0 |
| 2023-07-12 10:38:51 | 5 | 1 | 9 | 0 | 25 | 9/40 | 1/8 | 2/5 | 460*266*320(mm) 16(kg) | 1100*1100*150(mm) | 0 | 0 | 1 | 100 | 0 | 0 | 1 | STANDALONE STANDBY | 1 |
| 2023-07-12 10:40:02 | 0 | 0 | 0 | 0 | 0 | 0/0 | 0/0 | 0/0 | 0*0*0(mm) 0(kg) | 0*0*0(mm) | 0 | 0 | 0 | 100 | 0 | 0 | 1 | STANDALONE STANDBY | 1 |
| 2023-07-12 10:40:18 | 0 | 0 | 0 | 0 | 0 | 0/0 | 0/0 | 0/0 | 0*0*0(mm) 0(kg) | 0*0*0(mm) | 0 | 0 | 0 | 100 | 0 | 0 | 1 | STANDALONE RUNNING | 1 |
| 2023-07-12 10:40:19 | 0 | 1 | 9 | 0 | 0 | 9/40 | 1/8 | 2/5 | 460*266*320(mm) 16(kg) | 1100*1100*150(mm) | 0 | 0 | 1 | 100 | 0 | 0 | 1 | STANDALONE RUNNING | 1 |
| 2023-07-12 10:40:32 | 0 | 1 | 10 | 0 | 0 | 10/40 | 2/8 | 2/5 | 460*266*320(mm) 16(kg) | 1100*1100*150(mm) | 0 | 0 | 1 | 100 | 0 | 0 | 1 | STANDALONE RUNNING | 1 |
| 2023-07-12 10:40:39 | 0 | 1 | 11 | 0 | 0 | 11/40 | 3/8 | 2/5 | 460*266*320(mm) 16(kg) | 1100*1100*150(mm) | 0 | 0 | 1 | 100 | 0 | 0 | 1 | STANDALONE RUNNING | 1 |
| 2023-07-12 10:40:49 | 0 | 1 | 12 | 0 | 0 | 12/40 | 4/8 | 2/5 | 460*266*320(mm) 16(kg) | 1100*1100*150(mm) | 0 | 0 | 1 | 100 | 0 | 0 | 1 | STANDALONE RUNNING | 1 |
| 2023-07-12 10:40:59 | 0 | 1 | 13 | 0 | 0 | 13/40 | 5/8 | 2/5 | 460*266*320(mm) 16(kg) | 1100*1100*150(mm) | 0 | 0 | 1 | 100 | 0 | 0 | 1 | STANDALONE RUNNING | 1 |
| 2023-07-12 10:41:09 | 0 | 1 | 14 | 0 | 0 | 14/40 | 6/8 | 2/5 | 460*266*320(mm) 16(kg) | 1100*1100*150(mm) | 0 | 0 | 1 | 100 | 0 | 0 | 1 | STANDALONE RUNNING | 1 |
| 2023-07-12 10:41:19 | 6 | 1 | 15 | 0 | 0 | 15/40 | 7/8 | 2/5 | 460*266*320(mm) 16(kg) | 1100*1100*150(mm) | 0 | 0 | 1 | 100 | 0 | 0 | 1 | STANDALONE RUNNING | 1 |
| 2023-07-12 10:41:29 | 6 | 1 | 16 | 0 | 0 | 16/40 | 0/8 | 3/5 | 460*266*320(mm) 16(kg) | 1100*1100*150(mm) | 0 | 0 | 1 | 100 | 0 | 0 | 1 | STANDALONE RUNNING | 1 |
| 2023-07-12 10:41:37 | 6 | 1 | 17 | 0 | 0 | 17/40 | 1/8 | 3/5 | 460*266*320(mm) 16(kg) | 1100*1100*150(mm) | 0 | 0 | 1 | 100 | 0 | 0 | 1 | STANDALONE RUNNING | 1 |
| 2023-07-12 10:41:47 | 6 | 1 | 18 | 0 | 0 | 18/40 | 2/8 | 3/5 | 460*266*320(mm) 16(kg) | 1100*1100*150(mm) | 0 | 0 | 1 | 100 | 0 | 0 | 1 | STANDALONE RUNNING | 1 |
| 2023-07-12 10:41:57 | 6 | 1 | 19 | 0 | 0 | 19/40 | 3/8 | 3/5 | 460*266*320(mm) 16(kg) | 1100*1100*150(mm) | 0 | 0 | 1 | 100 | 0 | 0 | 1 | STANDALONE RUNNING | 1 |
| 2023-07-12 10:42:07 | 6 | 1 | 20 | 0 | 0 | 20/40 | 4/8 | 3/5 | 460*266*320(mm) 16(kg) | 1100*1100*150(mm) | 0 | 0 | 1 | 100 | 0 | 0 | 1 | STANDALONE RUNNING | 1 |
| 2023-07-12 10:42:14 | 6 | 1 | 21 | 0 | 0 | 21/40 | 5/8 | 3/5 | 460*266*320(mm) 16(kg) | 1100*1100*150(mm) | 0 | 0 | 1 | 100 | 0 | 0 | 1 | STANDALONE RUNNING | 1 |
| 2023-07-12 10:42:24 | 6 | 1 | 22 | 0 | 0 | 22/40 | 6/8 | 3/5 | 460*266*320(mm) 16(kg) | 1100*1100*150(mm) | 0 | 0 | 1 | 100 | 0 | 0 | 1 | STANDALONE RUNNING | 1 |
| 2023-07-12 10:42:34 | 6 | 1 | 23 | 0 | 0 | 23/40 | 7/8 | 3/5 | 460*266*320(mm) 16(kg) | 1100*1100*150(mm) | 0 | 0 | 1 | 100 | 0 | 0 | 1 | STANDALONE RUNNING | 1 |
| 2023-07-12 10:42:42 | 6 | 1 | 24 | 0 | 0 | 24/40 | 0/8 | 4/5 | 460*266*320(mm) 16(kg) | 1100*1100*150(mm) | 0 | 99 | 1 | 100 | 0 | 0 | 1 | STANDALONE RUNNING | 1 |
| 2023-07-12 10:42:44 | 6 | 1 | 24 | 0 | 0 | 24/40 | 0/8 | 4/5 | 460*266*320(mm) 16(kg) | 1100*1100*150(mm) | 0 | 230 | 1 | 100 | 0 | 0 | 1 | STANDALONE RUNNING | 1 |
| 2023-07-12 10:42:54 | 6 | 1 | 25 | 0 | 0 | 25/40 | 1/8 | 4/5 | 460*266*320(mm) 16(kg) | 1100*1100*150(mm) | 0 | 230 | 1 | 100 | 0 | 0 | 1 | STANDALONE RUNNING | 1 |
| 2023-07-12 10:43:02 | 6 | 1 | 26 | 0 | 0 | 26/40 | 2/8 | 4/5 | 460*266*320(mm) 16(kg) | 1100*1100*150(mm) | 0 | 230 | 1 | 100 | 0 | 0 | 1 | STANDALONE RUNNING | 1 |
| 2023-07-12 10:43:12 | 6 | 1 | 27 | 0 | 0 | 27/40 | 3/8 | 4/5 | 460*266*320(mm) 16(kg) | 1100*1100*150(mm) | 0 | 230 | 1 | 100 | 0 | 0 | 1 | STANDALONE RUNNING | 1 |
| 2023-07-12 10:43:22 | 7 | 1 | 28 | 0 | 0 | 28/40 | 4/8 | 4/5 | 460*266*320(mm) 16(kg) | 1100*1100*150(mm) | 0 | 230 | 1 | 100 | 0 | 0 | 1 | STANDALONE RUNNING | 1 |
| 2023-07-12 10:43:32 | 7 | 1 | 29 | 0 | 0 | 29/40 | 5/8 | 4/5 | 460*266*320(mm) 16(kg) | 1100*1100*150(mm) | 0 | 230 | 1 | 100 | 0 | 0 | 1 | STANDALONE RUNNING | 1 |
| 2023-07-12 10:43:39 | 7 | 1 | 30 | 0 | 0 | 30/40 | 6/8 | 4/5 | 460*266*320(mm) 16(kg) | 1100*1100*150(mm) | 0 | 230 | 1 | 100 | 0 | 0 | 1 | STANDALONE RUNNING | 1 |
| 2023-07-12 10:43:49 | 7 | 1 | 31 | 0 | 0 | 31/40 | 7/8 | 4/5 | 460*266*320(mm) 16(kg) | 1100*1100*150(mm) | 0 | 230 | 1 | 100 | 0 | 0 | 1 | STANDALONE RUNNING | 1 |
| 2023-07-12 10:43:57 | 7 | 1 | 32 | 0 | 0 | 32/40 | 0/8 | 5/5 | 460*266*320(mm) 16(kg) | 1100*1100*150(mm) | 0 | 316 | 1 | 100 | 0 | 0 | 1 | STANDALONE RUNNING | 1 |
| 2023-07-12 10:43:59 | 7 | 1 | 32 | 0 | 0 | 32/40 | 0/8 | 5/5 | 460*266*320(mm) 16(kg) | 1100*1100*150(mm) | 0 | 550 | 1 | 100 | 0 | 0 | 1 | STANDALONE RUNNING | 1 |
| 2023-07-12 10:44:09 | 7 | 1 | 33 | 0 | 0 | 33/40 | 1/8 | 5/5 | 460*266*320(mm) 16(kg) | 1100*1100*150(mm) | 0 | 550 | 1 | 100 | 0 | 0 | 1 | STANDALONE RUNNING | 1 |
| 2023-07-12 10:44:19 | 7 | 1 | 34 | 0 | 0 | 34/40 | 2/8 | 5/5 | 460*266*320(mm) 16(kg) | 1100*1100*150(mm) | 0 | 550 | 1 | 100 | 0 | 0 | 1 | STANDALONE RUNNING | 1 |
| 2023-07-12 10:44:24 | 6 | 1 | 34 | 0 | 0 | 34/40 | 2/8 | 5/5 | 460*266*320(mm) 16(kg) | 1100*1100*150(mm) | 0 | 550 | 1 | 100 | 0 | 0 | 1 | STANDALONE RUNNING | 1 |
| 2023-07-12 10:44:29 | 6 | 1 | 35 | 0 | 0 | 35/40 | 3/8 | 5/5 | 460*266*320(mm) 16(kg) | 1100*1100*150(mm) | 0 | 550 | 1 | 100 | 0 | 0 | 1 | STANDALONE RUNNING | 1 |
| 2023-07-12 10:44:39 | 6 | 1 | 36 | 0 | 0 | 36/40 | 4/8 | 5/5 | 460*266*320(mm) 16(kg) | 1100*1100*150(mm) | 0 | 550 | 1 | 100 | 0 | 0 | 1 | STANDALONE RUNNING | 1 |
| 2023-07-12 10:44:47 | 6 | 1 | 37 | 0 | 0 | 37/40 | 5/8 | 5/5 | 460*266*320(mm) 16(kg) | 1100*1100*150(mm) | 0 | 550 | 1 | 100 | 0 | 0 | 1 | STANDALONE RUNNING | 1 |
| 2023-07-12 10:44:57 | 6 | 1 | 38 | 0 | 0 | 38/40 | 6/8 | 5/5 | 460*266*320(mm) 16(kg) | 1100*1100*150(mm) | 0 | 550 | 1 | 100 | 0 | 0 | 1 | STANDALONE RUNNING | 1 |
| 2023-07-12 10:45:07 | 6 | 1 | 39 | 0 | 0 | 39/40 | 7/8 | 5/5 | 460*266*320(mm) 16(kg) | 1100*1100*150(mm) | 0 | 550 | 1 | 100 | 0 | 0 | 1 | STANDALONE RUNNING | 1 |
| 2023-07-12 10:45:22 | 6 | 1 | 40 | 0 | 0 | 40/40 | 8/8 | 5/5 | 460*266*320(mm) 16(kg) | 1100*1100*150(mm) | 0 | 0 | 1 | 100 | 0 | 0 | 1 | STANDALONE RUNNING | 1 |
| 2023-07-12 10:45:24 | 6 | 1 | 40 | 0 | 0 | 0/40 | 0/8 | 1/5 | 460*266*320(mm) 16(kg) | 1100*1100*150(mm) | 0 | 0 | 1 | 100 | 0 | 0 | 1 | STANDALONE RUNNING | 1 |
| 2023-07-12 10:45:34 | 6 | 1 | 41 | 0 | 0 | 1/40 | 1/8 | 1/5 | 460*266*320(mm) 16(kg) | 1100*1100*150(mm) | 0 | 0 | 1 | 100 | 0 | 0 | 1 | STANDALONE RUNNING | 1 |
| 2023-07-12 10:45:44 | 6 | 1 | 42 | 0 | 0 | 2/40 | 2/8 | 1/5 | 460*266*320(mm) 16(kg) | 1100*1100*150(mm) | 0 | 0 | 1 | 100 | 0 | 0 | 1 | STANDALONE RUNNING | 1 |
| 2023-07-12 10:45:54 | 6 | 1 | 43 | 0 | 0 | 3/40 | 3/8 | 1/5 | 460*266*320(mm) 16(kg) | 1100*1100*150(mm) | 0 | 0 | 1 | 100 | 0 | 0 | 1 | STANDALONE RUNNING | 1 |
| 2023-07-12 10:46:04 | 6 | 1 | 44 | 0 | 0 | 4/40 | 4/8 | 1/5 | 460*266*320(mm) 16(kg) | 1100*1100*150(mm) | 0 | 0 | 1 | 100 | 0 | 0 | 1 | STANDALONE RUNNING | 1 |
| 2023-07-12 10:46:33 | 6 | 1 | 46 | 0 | 0 | 6/40 | 6/8 | 1/5 | 460*266*320(mm) 16(kg) | 1100*1100*150(mm) | 0 | 0 | 1 | 100 | 0 | 0 | 1 | STANDALONE RUNNING | 1 |
| 2023-07-12 10:46:34 | 6 | 1 | 47 | 0 | 0 | 7/40 | 7/8 | 1/5 | 460*266*320(mm) 16(kg) | 1100*1100*150(mm) | 0 | 0 | 1 | 100 | 0 | 0 | 1 | STANDALONE RUNNING | 1 |
| 2023-07-12 10:46:44 | 6 | 1 | 48 | 0 | 0 | 8/40 | 0/8 | 2/5 | 460*266*320(mm) 16(kg) | 1100*1100*150(mm) | 0 | 0 | 1 | 100 | 0 | 0 | 1 | STANDALONE RUNNING | 1 |
| 2023-07-12 10:46:54 | 6 | 1 | 49 | 0 | 0 | 9/40 | 1/8 | 2/5 | 460*266*320(mm) 16(kg) | 1100*1100*150(mm) | 0 | 0 | 1 | 100 | 0 | 0 | 1 | STANDALONE RUNNING | 1 |
| 2023-07-12 10:47:04 | 6 | 1 | 50 | 0 | 0 | 10/40 | 2/8 | 2/5 | 460*266*320(mm) 16(kg) | 1100*1100*150(mm) | 0 | 0 | 1 | 100 | 0 | 0 | 1 | STANDALONE RUNNING | 1 |
| 2023-07-12 10:47:14 | 6 | 1 | 51 | 0 | 0 | 11/40 | 3/8 | 2/5 | 460*266*320(mm) 16(kg) | 1100*1100*150(mm) | 0 | 0 | 1 | 100 | 0 | 0 | 1 | STANDALONE RUNNING | 1 |
| 2023-07-12 10:47:24 | 6 | 1 | 52 | 0 | 0 | 12/40 | 4/8 | 2/5 | 460*266*320(mm) 16(kg) | 1100*1100*150(mm) | 0 | 0 | 1 | 100 | 0 | 0 | 1 | STANDALONE RUNNING | 1 |
| 2023-07-12 10:47:32 | 6 | 1 | 53 | 0 | 0 | 13/40 | 5/8 | 2/5 | 460*266*320(mm) 16(kg) | 1100*1100*150(mm) | 0 | 0 | 1 | 100 | 0 | 0 | 1 | STANDALONE RUNNING | 1 |
| 2023-07-12 10:47:42 | 6 | 1 | 54 | 0 | 0 | 14/40 | 6/8 | 2/5 | 460*266*320(mm) 16(kg) | 1100*1100*150(mm) | 0 | 0 | 1 | 100 | 0 | 0 | 1 | STANDALONE RUNNING | 1 |
| 2023-07-12 10:48:33 | 6 | 1 | 59 | 0 | 0 | 19/40 | 3/8 | 3/5 | 460*266*320(mm) 16(kg) | 1100*1100*150(mm) | 0 | 0 | 1 | 100 | 0 | 0 | 1 | STANDALONE RUNNING | 1 |
| 2023-07-12 10:48:37 | 6 | 1 | 60 | 0 | 0 | 20/40 | 4/8 | 3/5 | 460*266*320(mm) 16(kg) | 1100*1100*150(mm) | 0 | 0 | 1 | 100 | 0 | 0 | 1 | STANDALONE RUNNING | 1 |
| 2023-07-12 10:48:47 | 6 | 1 | 61 | 0 | 0 | 21/40 | 5/8 | 3/5 | 460*266*320(mm) 16(kg) | 1100*1100*150(mm) | 0 | 0 | 1 | 100 | 0 | 0 | 1 | STANDALONE RUNNING | 1 |
| 2023-07-12 10:48:54 | 6 | 1 | 62 | 0 | 0 | 22/40 | 6/8 | 3/5 | 460*266*320(mm) 16(kg) | 1100*1100*150(mm) | 0 | 0 | 1 | 100 | 0 | 0 | 1 | STANDALONE RUNNING | 1 |
| 2023-07-12 10:49:04 | 6 | 1 | 63 | 0 | 0 | 23/40 | 7/8 | 3/5 | 460*266*320(mm) 16(kg) | 1100*1100*150(mm) | 0 | 0 | 1 | 100 | 0 | 0 | 1 | STANDALONE RUNNING | 1 |
| 2023-07-12 10:49:12 | 6 | 1 | 64 | 0 | 0 | 24/40 | 0/8 | 4/5 | 460*266*320(mm) 16(kg) | 1100*1100*150(mm) | 0 | 0 | 1 | 100 | 0 | 0 | 1 | STANDALONE RUNNING | 1 |
| 2023-07-12 10:49:24 | 6 | 1 | 64 | 0 | 0 | 24/40 | 0/8 | 4/5 | 460*266*320(mm) 16(kg) | 1100*1100*150(mm) | 0 | 230 | 1 | 100 | 0 | 0 | 1 | STANDALONE RUNNING | 1 |
| 2023-07-12 10:49:24 | 6 | 1 | 65 | 0 | 0 | 25/40 | 1/8 | 4/5 | 460*266*320(mm) 16(kg) | 1100*1100*150(mm) | 0 | 230 | 1 | 100 | 0 | 0 | 1 | STANDALONE RUNNING | 1 |
| 2023-07-12 10:49:27 | 7 | 1 | 65 | 0 | 0 | 25/40 | 1/8 | 4/5 | 460*266*320(mm) 16(kg) | 1100*1100*150(mm) | 0 | 230 | 1 | 100 | 0 | 0 | 1 | STANDALONE RUNNING | 1 |
| 2023-07-12 10:49:34 | 7 | 1 | 66 | 0 | 0 | 26/40 | 2/8 | 4/5 | 460*266*320(mm) 16(kg) | 1100*1100*150(mm) | 0 | 230 | 1 | 100 | 0 | 0 | 1 | STANDALONE RUNNING | 1 |
| 2023-07-12 10:49:42 | 7 | 1 | 67 | 0 | 0 | 27/40 | 3/8 | 4/5 | 460*266*320(mm) 16(kg) | 1100*1100*150(mm) | 0 | 230 | 1 | 100 | 0 | 0 | 1 | STANDALONE RUNNING | 1 |
| 2023-07-12 10:49:52 | 7 | 1 | 68 | 0 | 0 | 28/40 | 4/8 | 4/5 | 460*266*320(mm) 16(kg) | 1100*1100*150(mm) | 0 | 230 | 1 | 100 | 0 | 0 | 1 | STANDALONE RUNNING | 1 |
| 2023-07-12 10:50:02 | 7 | 1 | 69 | 0 | 0 | 29/40 | 5/8 | 4/5 | 460*266*320(mm) 16(kg) | 1100*1100*150(mm) | 0 | 230 | 1 | 100 | 0 | 0 | 1 | STANDALONE RUNNING | 1 |
| 2023-07-12 10:50:09 | 7 | 1 | 70 | 0 | 0 | 30/40 | 6/8 | 4/5 | 460*266*320(mm) 16(kg) | 1100*1100*150(mm) | 0 | 230 | 1 | 100 | 0 | 0 | 1 | STANDALONE RUNNING | 1 |
| 2023-07-12 10:50:19 | 7 | 1 | 71 | 0 | 0 | 31/40 | 7/8 | 4/5 | 460*266*320(mm) 16(kg) | 1100*1100*150(mm) | 0 | 230 | 1 | 100 | 0 | 0 | 1 | STANDALONE RUNNING | 1 |
| 2023-07-12 10:50:27 | 7 | 1 | 72 | 0 | 0 | 32/40 | 0/8 | 5/5 | 460*266*320(mm) 16(kg) | 1100*1100*150(mm) | 0 | 321 | 1 | 100 | 0 | 0 | 1 | STANDALONE RUNNING | 1 |
| 2023-07-12 10:50:29 | 7 | 1 | 72 | 0 | 0 | 32/40 | 0/8 | 5/5 | 460*266*320(mm) 16(kg) | 1100*1100*150(mm) | 0 | 550 | 1 | 100 | 0 | 0 | 1 | STANDALONE RUNNING | 1 |
| 2023-07-12 10:50:39 | 7 | 1 | 73 | 0 | 0 | 33/40 | 1/8 | 5/5 | 460*266*320(mm) 16(kg) | 1100*1100*150(mm) | 0 | 550 | 1 | 100 | 0 | 0 | 1 | STANDALONE RUNNING | 1 |
| 2023-07-12 10:50:49 | 7 | 1 | 74 | 0 | 0 | 34/40 | 2/8 | 5/5 | 460*266*320(mm) 16(kg) | 1100*1100*150(mm) | 0 | 550 | 1 | 100 | 0 | 0 | 1 | STANDALONE RUNNING | 1 |
| 2023-07-12 10:50:59 | 7 | 1 | 75 | 0 | 0 | 35/40 | 3/8 | 5/5 | 460*266*320(mm) 16(kg) | 1100*1100*150(mm) | 0 | 550 | 1 | 100 | 0 | 0 | 1 | STANDALONE RUNNING | 1 |
| 2023-07-12 10:51:09 | 7 | 1 | 76 | 0 | 0 | 36/40 | 4/8 | 5/5 | 460*266*320(mm) 16(kg) | 1100*1100*150(mm) | 0 | 550 | 1 | 100 | 0 | 0 | 1 | STANDALONE RUNNING | 1 |
| 2023-07-12 10:51:17 | 7 | 1 | 77 | 0 | 0 | 37/40 | 5/8 | 5/5 | 460*266*320(mm) 16(kg) | 1100*1100*150(mm) | 0 | 550 | 1 | 100 | 0 | 0 | 1 | STANDALONE RUNNING | 1 |
| 2023-07-12 10:51:27 | 7 | 1 | 78 | 0 | 0 | 38/40 | 6/8 | 5/5 | 460*266*320(mm) 16(kg) | 1100*1100*150(mm) | 0 | 550 | 1 | 100 | 0 | 0 | 1 | STANDALONE RUNNING | 1 |
| 2023-07-12 10:51:32 | 6 | 1 | 78 | 0 | 0 | 38/40 | 6/8 | 5/5 | 460*266*320(mm) 16(kg) | 1100*1100*150(mm) | 0 | 550 | 1 | 100 | 0 | 0 | 1 | STANDALONE RUNNING | 1 |
| 2023-07-12 10:51:37 | 6 | 1 | 79 | 0 | 0 | 39/40 | 7/8 | 5/5 | 460*266*320(mm) 16(kg) | 1100*1100*150(mm) | 0 | 550 | 1 | 100 | 0 | 0 | 1 | STANDALONE RUNNING | 1 |
| 2023-07-12 10:51:52 | 6 | 1 | 80 | 0 | 0 | 40/40 | 8/8 | 5/5 | 460*266*320(mm) 16(kg) | 1100*1100*150(mm) | 0 | 0 | 1 | 100 | 0 | 0 | 1 | STANDALONE RUNNING | 1 |
| 2023-07-12 10:51:57 | 6 | 1 | 80 | 0 | 0 | 0/40 | 0/8 | 1/5 | 460*266*320(mm) 16(kg) | 1100*1100*150(mm) | 0 | 0 | 1 | 100 | 0 | 0 | 1 | STANDALONE RUNNING | 1 |
| 2023-07-12 10:52:07 | 6 | 1 | 81 | 0 | 0 | 1/40 | 1/8 | 1/5 | 460*266*320(mm) 16(kg) | 1100*1100*150(mm) | 0 | 0 | 1 | 100 | 0 | 0 | 1 | STANDALONE RUNNING | 1 |
| 2023-07-12 10:52:17 | 6 | 1 | 82 | 0 | 0 | 2/40 | 2/8 | 1/5 | 460*266*320(mm) 16(kg) | 1100*1100*150(mm) | 0 | 0 | 1 | 100 | 0 | 0 | 1 | STANDALONE RUNNING | 1 |
| 2023-07-12 10:52:29 | 6 | 1 | 83 | 0 | 0 | 3/40 | 3/8 | 1/5 | 460*266*320(mm) 16(kg) | 1100*1100*150(mm) | 0 | 0 | 1 | 100 | 0 | 0 | 1 | STANDALONE RUNNING | 1 |
| 2023-07-12 10:52:39 | 6 | 1 | 84 | 0 | 0 | 4/40 | 4/8 | 1/5 | 460*266*320(mm) 16(kg) | 1100*1100*150(mm) | 0 | 0 | 1 | 100 | 0 | 0 | 1 | STANDALONE RUNNING | 1 |
| 2023-07-12 10:52:49 | 6 | 1 | 85 | 0 | 0 | 5/40 | 5/8 | 1/5 | 460*266*320(mm) 16(kg) | 1100*1100*150(mm) | 0 | 0 | 1 | 100 | 0 | 0 | 1 | STANDALONE RUNNING | 1 |
| 2023-07-12 10:52:56 | 5 | 1 | 85 | 0 | 0 | 5/40 | 5/8 | 1/5 | 460*266*320(mm) 16(kg) | 1100*1100*150(mm) | 0 | 0 | 1 | 100 | 0 | 0 | 1 | STANDALONE RUNNING | 1 |
| 2023-07-12 10:52:59 | 5 | 1 | 86 | 0 | 0 | 6/40 | 6/8 | 1/5 | 460*266*320(mm) 16(kg) | 1100*1100*150(mm) | 0 | 0 | 1 | 100 | 0 | 0 | 1 | STANDALONE RUNNING | 1 |
| 2023-07-12 10:53:09 | 5 | 1 | 87 | 0 | 0 | 7/40 | 7/8 | 1/5 | 460*266*320(mm) 16(kg) | 1100*1100*150(mm) | 0 | 0 | 1 | 100 | 0 | 0 | 1 | STANDALONE RUNNING | 1 |
| 2023-07-12 10:53:16 | 5 | 1 | 87 | 0 | 0 | 7/40 | 7/8 | 1/5 | 460*266*320(mm) 16(kg) | 1100*1100*150(mm) | 0 | 0 | 1 | 100 | 0 | 0 | 1 | STANDALONE RUNNING | 0 |
| 2023-07-12 10:53:17 | 5 | 1 | 87 | 0 | 0 | 7/40 | 7/8 | 1/5 | 460*266*320(mm) 16(kg) | 1100*1100*150(mm) | 0 | 0 | 1 | 100 | 0 | 0 | 1 | SAFE OFF | 0 |
| 2023-07-12 10:53:19 | 5 | 1 | 87 | 0 | 25 | 7/40 | 7/8 | 1/5 | 460*266*320(mm) 16(kg) | 1100*1100*150(mm) | 0 | 0 | 1 | 100 | 0 | 0 | 1 | SAFE OFF | 0 |
| 2023-07-12 10:53:26 | 5 | 1 | 87 | 0 | 25 | 7/40 | 7/8 | 1/5 | 460*266*320(mm) 16(kg) | 1100*1100*150(mm) | 0 | 0 | 1 | 100 | 0 | 0 | 1 | STANDALONE STANDBY | 1 |
| 2023-07-12 10:53:27 | 5 | 1 | 87 | 0 | 0 | 7/40 | 7/8 | 1/5 | 460*266*320(mm) 16(kg) | 1100*1100*150(mm) | 0 | 0 | 1 | 100 | 0 | 0 | 1 | STANDALONE STANDBY | 1 |
| 2023-07-12 10:53:35 | 5 | 1 | 87 | 0 | 0 | 7/40 | 7/8 | 1/5 | 460*266*320(mm) 16(kg) | 1100*1100*150(mm) | 0 | 0 | 1 | 100 | 0 | 0 | 1 | STANDALONE RUNNING | 1 |
| 2023-07-12 10:53:49 | 5 | 1 | 87 | 0 | 0 | 7/40 | 7/8 | 1/5 | 460*266*320(mm) 16(kg) | 1100*1100*150(mm) | 0 | 0 | 1 | 100 | 0 | 0 | 1 | STANDALONE RUNNING | 0 |
| 2023-07-12 10:53:50 | 5 | 1 | 87 | 0 | 0 | 7/40 | 7/8 | 1/5 | 460*266*320(mm) 16(kg) | 1100*1100*150(mm) | 0 | 0 | 1 | 100 | 0 | 0 | 1 | EMERGENCY STOP | 0 |
| 2023-07-12 10:53:52 | 5 | 1 | 87 | 0 | 25 | 7/40 | 7/8 | 1/5 | 460*266*320(mm) 16(kg) | 1100*1100*150(mm) | 0 | 0 | 1 | 100 | 0 | 0 | 1 | EMERGENCY STOP | 0 |
| 2023-07-12 10:53:54 | 5 | 1 | 87 | 0 | 25 | 7/40 | 7/8 | 1/5 | 460*266*320(mm) 16(kg) | 1100*1100*150(mm) | 0 | 0 | 1 | 100 | 0 | 0 | 1 | SAFE OFF | 0 |
| 2023-07-12 10:53:58 | 5 | 1 | 87 | 0 | 25 | 7/40 | 7/8 | 1/5 | 460*266*320(mm) 16(kg) | 1100*1100*150(mm) | 0 | 0 | 1 | 100 | 0 | 0 | 1 | STANDALONE STANDBY | 1 |
| 2023-07-12 10:53:59 | 5 | 1 | 87 | 0 | 0 | 7/40 | 7/8 | 1/5 | 460*266*320(mm) 16(kg) | 1100*1100*150(mm) | 0 | 0 | 1 | 100 | 0 | 0 | 1 | STANDALONE STANDBY | 1 |
| 2023-07-12 10:54:10 | 5 | 1 | 87 | 0 | 0 | 7/40 | 7/8 | 1/5 | 460*266*320(mm) 16(kg) | 1100*1100*150(mm) | 0 | 0 | 1 | 100 | 0 | 0 | 1 | STANDALONE RUNNING | 1 |
| 2023-07-12 10:54:34 | 5 | 1 | 88 | 0 | 0 | 8/40 | 0/8 | 2/5 | 460*266*320(mm) 16(kg) | 1100*1100*150(mm) | 0 | 0 | 1 | 100 | 0 | 0 | 1 | STANDALONE RUNNING | 1 |
| 2023-07-12 10:54:44 | 5 | 1 | 89 | 0 | 0 | 9/40 | 1/8 | 2/5 | 460*266*320(mm) 16(kg) | 1100*1100*150(mm) | 0 | 0 | 1 | 100 | 0 | 0 | 1 | STANDALONE RUNNING | 1 |
| 2023-07-12 10:54:54 | 5 | 1 | 90 | 0 | 0 | 10/40 | 2/8 | 2/5 | 460*266*320(mm) 16(kg) | 1100*1100*150(mm) | 0 | 0 | 1 | 100 | 0 | 0 | 1 | STANDALONE RUNNING | 1 |
| 2023-07-12 10:55:04 | 5 | 1 | 91 | 0 | 0 | 11/40 | 3/8 | 2/5 | 460*266*320(mm) 16(kg) | 1100*1100*150(mm) | 0 | 0 | 1 | 100 | 0 | 0 | 1 | STANDALONE RUNNING | 1 |
| 2023-07-12 10:55:12 | 5 | 1 | 92 | 0 | 0 | 12/40 | 4/8 | 2/5 | 460*266*320(mm) 16(kg) | 1100*1100*150(mm) | 0 | 0 | 1 | 100 | 0 | 0 | 1 | STANDALONE RUNNING | 1 |
| 2023-07-12 10:55:22 | 5 | 1 | 93 | 0 | 0 | 13/40 | 5/8 | 2/5 | 460*266*320(mm) 16(kg) | 1100*1100*150(mm) | 0 | 0 | 1 | 100 | 0 | 0 | 1 | STANDALONE RUNNING | 1 |
| 2023-07-12 10:55:24 | 6 | 1 | 93 | 0 | 0 | 13/40 | 5/8 | 2/5 | 460*266*320(mm) 16(kg) | 1100*1100*150(mm) | 0 | 0 | 1 | 100 | 0 | 0 | 1 | STANDALONE RUNNING | 1 |
| 2023-07-12 10:55:32 | 6 | 1 | 94 | 0 | 0 | 14/40 | 6/8 | 2/5 | 460*266*320(mm) 16(kg) | 1100*1100*150(mm) | 0 | 0 | 1 | 100 | 0 | 0 | 1 | STANDALONE RUNNING | 1 |
| 2023-07-12 10:55:42 | 6 | 1 | 95 | 0 | 0 | 15/40 | 7/8 | 2/5 | 460*266*320(mm) 16(kg) | 1100*1100*150(mm) | 0 | 0 | 1 | 100 | 0 | 0 | 1 | STANDALONE RUNNING | 1 |
| 2023-07-12 10:55:49 | 6 | 1 | 96 | 0 | 0 | 16/40 | 0/8 | 3/5 | 460*266*320(mm) 16(kg) | 1100*1100*150(mm) | 0 | 0 | 1 | 100 | 0 | 0 | 1 | STANDALONE RUNNING | 1 |
| 2023-07-12 10:55:59 | 6 | 1 | 97 | 0 | 0 | 17/40 | 1/8 | 3/5 | 460*266*320(mm) 16(kg) | 1100*1100*150(mm) | 0 | 0 | 1 | 100 | 0 | 0 | 1 | STANDALONE RUNNING | 1 |
| 2023-07-12 10:56:09 | 6 | 1 | 98 | 0 | 0 | 18/40 | 2/8 | 3/5 | 460*266*320(mm) 16(kg) | 1100*1100*150(mm) | 0 | 0 | 1 | 100 | 0 | 0 | 1 | STANDALONE RUNNING | 1 |
| 2023-07-12 10:56:19 | 6 | 1 | 99 | 0 | 0 | 19/40 | 3/8 | 3/5 | 460*266*320(mm) 16(kg) | 1100*1100*150(mm) | 0 | 0 | 1 | 100 | 0 | 0 | 1 | STANDALONE RUNNING | 1 |
| 2023-07-12 10:56:27 | 7 | 1 | 100 | 0 | 0 | 20/40 | 4/8 | 3/5 | 460*266*320(mm) 16(kg) | 1100*1100*150(mm) | 0 | 0 | 1 | 100 | 0 | 0 | 1 | STANDALONE RUNNING | 1 |
| 2023-07-12 10:56:37 | 7 | 1 | 101 | 0 | 0 | 21/40 | 5/8 | 3/5 | 460*266*320(mm) 16(kg) | 1100*1100*150(mm) | 0 | 0 | 1 | 100 | 0 | 0 | 1 | STANDALONE RUNNING | 1 |
| 2023-07-12 10:56:44 | 7 | 1 | 102 | 0 | 0 | 22/40 | 6/8 | 3/5 | 460*266*320(mm) 16(kg) | 1100*1100*150(mm) | 0 | 0 | 1 | 100 | 0 | 0 | 1 | STANDALONE RUNNING | 1 |
| 2023-07-12 10:56:54 | 7 | 1 | 103 | 0 | 0 | 23/40 | 7/8 | 3/5 | 460*266*320(mm) 16(kg) | 1100*1100*150(mm) | 0 | 0 | 1 | 100 | 0 | 0 | 1 | STANDALONE RUNNING | 1 |
| 2023-07-12 11:13:03 | 6 | 1 | 120 | 0 | 25 | 40/40 | 8/8 | 5/5 | 460*266*320(mm) 16(kg) | 1100*1100*150(mm) | 0 | 0 | 1 | 100 | 0 | 0 | 1 | SAFE OFF | 0 |
| 2023-07-12 18:07:50 | 0 | 0 | 0 | 0 | 25 | 0/0 | 0/0 | 0/0 | 0*0*0(mm) 0(kg) | 0*0*0(mm) | 0 | 0 | 0 | 100 | 0 | 0 | 1 | SAFE OFF | 0 |
| 2023-07-12 18:08:00 | 0 | 0 | 0 | 0 | 25 | 0/0 | 0/0 | 0/0 | 0*0*0(mm) 0(kg) | 0*0*0(mm) | 0 | 0 | 0 | 100 | 0 | 0 | 1 | SAFE OFF | 0 |
| 2023-07-12 18:08:56 | 0 | 0 | 0 | 0 | 25 | 0/0 | 0/0 | 0/0 | 0*0*0(mm) 0(kg) | 0*0*0(mm) | 0 | 0 | 0 | 100 | 0 | 0 | 1 | SAFE OFF | 0 |
| 2023-07-12 18:10:02 | 0 | 0 | 0 | 0 | 25 | 0/0 | 0/0 | 0/0 | 0*0*0(mm) 0(kg) | 0*0*0(mm) | 0 | 0 | 0 | 100 | 0 | 0 | 1 | STANDALONE STANDBY | 1 |
| 2023-07-12 18:10:02 | 0 | 0 | 0 | 0 | 0 | 0/0 | 0/0 | 0/0 | 0*0*0(mm) 0(kg) | 0*0*0(mm) | 0 | 0 | 0 | 100 | 0 | 0 | 1 | STANDALONE STANDBY | 1 |
| 2023-07-12 18:10:27 | 0 | 0 | 0 | 0 | 0 | 0/0 | 0/0 | 0/0 | 0*0*0(mm) 0(kg) | 0*0*0(mm) | 0 | 0 | 0 | 100 | 0 | 0 | 1 | STANDALONE STANDBY | 0 |
| 2023-07-12 18:10:27 | 0 | 0 | 0 | 0 | 0 | 0/0 | 0/0 | 0/0 | 0*0*0(mm) 0(kg) | 0*0*0(mm) | 0 | 0 | 0 | 100 | 0 | 0 | 1 | SAFE OFF | 0 |
| 2023-07-12 18:10:27 | 0 | 0 | 0 | 0 | 25 | 0/0 | 0/0 | 0/0 | 0*0*0(mm) 0(kg) | 0*0*0(mm) | 0 | 0 | 0 | 100 | 0 | 0 | 1 | SAFE OFF | 0 |
| 2023-07-12 18:11:44 | 0 | 0 | 0 | 0 | 25 | 0/0 | 0/0 | 0/0 | 0*0*0(mm) 0(kg) | 0*0*0(mm) | 0 | 0 | 0 | 100 | 0 | 0 | 1 | SAFE OFF | 0 |
| 2023-07-12 18:12:27 | 0 | 0 | 0 | 0 | 25 | 0/0 | 0/0 | 0/0 | 0*0*0(mm) 0(kg) | 0*0*0(mm) | 0 | 0 | 0 | 100 | 0 | 0 | 1 | SAFE OFF | 0 |
