|      Date Time      | 가동률 | 모델정보 | 생산수량 | 불량수량 | 알람코드 | 작업 진행 상황 | 박스 진행 상황 | 레이어 진행상황 | 박스 정보 | 팔레트 정보 | 간지 사용 유무 | 리프트 높이 | 적재방향 | 로봇 스피드 | BOX SORT CYLINDER | SAFETY LADAR SENSOR | LABEL ALINE |
| 2023-06-20 14:12:57 | 0 | 0 | 0 | 0 | 25 | 0/0 | 0/0 | 0/0 | 0*0*0(mm) 0(kg) | 0*0*0(mm) | 0 | 0 | 0 | 100 | 0 | 0 | 1 |
| 2023-06-20 14:13:47 | 0 | 0 | 0 | 0 | 25 | 0/0 | 0/0 | 0/0 | 0*0*0(mm) 0(kg) | 0*0*0(mm) | 0 | 0 | 0 | 100 | 0 | 0 | 1 |
| 2023-06-20 14:14:07 | 0 | 0 | 0 | 0 | 25 | 0/0 | 0/0 | 0/0 | 0*0*0(mm) 0(kg) | 0*0*0(mm) | 0 | 0 | 0 | 100 | 0 | 0 | 1 |
| 2023-06-20 14:14:40 | 0 | 0 | 0 | 0 | 25 | 0/0 | 0/0 | 0/0 | 0*0*0(mm) 0(kg) | 0*0*0(mm) | 0 | 0 | 0 | 100 | 0 | 0 | 1 |
| 2023-06-20 14:15:02 | 0 | 0 | 0 | 0 | 25 | 0/0 | 0/0 | 0/0 | 0*0*0(mm) 0(kg) | 0*0*0(mm) | 0 | 0 | 0 | 100 | 0 | 0 | 1 |
| 2023-06-20 14:16:02 | 0 | 0 | 0 | 0 | 25 | 0/0 | 0/0 | 0/0 | 0*0*0(mm) 0(kg) | 0*0*0(mm) | 0 | 0 | 0 | 100 | 0 | 0 | 1 |
| 2023-06-20 14:24:53 | 0 | 0 | 0 | 0 | 25 | 0/0 | 0/0 | 0/0 | 0*0*0(mm) 0(kg) | 0*0*0(mm) | 0 | 0 | 0 | 100 | 0 | 0 | 1 |
| 2023-06-20 14:25:14 | 0 | 0 | 0 | 0 | 25 | 0/0 | 0/0 | 0/0 | 0*0*0(mm) 0(kg) | 0*0*0(mm) | 0 | 0 | 0 | 100 | 0 | 0 | 1 |
| 2023-06-20 14:30:59 | 0 | 0 | 0 | 0 | 25 | 0/0 | 0/0 | 0/0 | 0*0*0(mm) 0(kg) | 0*0*0(mm) | 0 | 0 | 0 | 100 | 0 | 0 | 1 |
| 2023-06-20 14:31:24 | 0 | 0 | 0 | 0 | 25 | 0/0 | 0/0 | 0/0 | 0*0*0(mm) 0(kg) | 0*0*0(mm) | 0 | 0 | 0 | 100 | 0 | 0 | 1 |
| 2023-06-20 14:31:55 | 0 | 0 | 0 | 0 | 25 | 0/0 | 0/0 | 0/0 | 0*0*0(mm) 0(kg) | 0*0*0(mm) | 0 | 0 | 0 | 100 | 0 | 0 | 1 |
| 2023-06-20 14:32:58 | 0 | 0 | 0 | 0 | 25 | 0/0 | 0/0 | 0/0 | 0*0*0(mm) 0(kg) | 0*0*0(mm) | 0 | 0 | 0 | 100 | 0 | 0 | 1 |
| 2023-06-20 14:33:22 | 0 | 0 | 0 | 0 | 25 | 0/0 | 0/0 | 0/0 | 0*0*0(mm) 0(kg) | 0*0*0(mm) | 0 | 0 | 0 | 100 | 0 | 0 | 1 |
| 2023-06-20 14:34:11 | 0 | 0 | 0 | 0 | 25 | 0/0 | 0/0 | 0/0 | 0*0*0(mm) 0(kg) | 0*0*0(mm) | 0 | 0 | 0 | 100 | 0 | 0 | 1 |
| 2023-06-20 14:39:16 | 0 | 0 | 0 | 0 | 25 | 0/0 | 0/0 | 0/0 | 0*0*0(mm) 0(kg) | 0*0*0(mm) | 0 | 0 | 0 | 100 | 0 | 0 | 1 |
| 2023-06-20 14:40:50 | 0 | 0 | 0 | 0 | 25 | 0/0 | 0/0 | 0/0 | 0*0*0(mm) 0(kg) | 0*0*0(mm) | 0 | 0 | 0 | 100 | 0 | 0 | 1 |
| 2023-06-20 14:43:51 | 0 | 0 | 0 | 0 | 25 | 0/0 | 0/0 | 0/0 | 0*0*0(mm) 0(kg) | 0*0*0(mm) | 0 | 0 | 0 | 100 | 0 | 0 | 1 |
| 2023-06-20 14:47:30 | 0 | 0 | 0 | 0 | 25 | 0/0 | 0/0 | 0/0 | 0*0*0(mm) 0(kg) | 0*0*0(mm) | 0 | 0 | 0 | 100 | 0 | 0 | 1 |
| 2023-06-20 14:48:44 | 0 | 0 | 0 | 0 | 25 | 0/0 | 0/0 | 0/0 | 0*0*0(mm) 0(kg) | 0*0*0(mm) | 0 | 0 | 0 | 100 | 0 | 0 | 1 |
| 2023-06-20 14:49:25 | 0 | 0 | 0 | 0 | 25 | 0/0 | 0/0 | 0/0 | 0*0*0(mm) 0(kg) | 0*0*0(mm) | 0 | 0 | 0 | 100 | 0 | 0 | 1 |
| 2023-06-20 14:49:37 | 0 | 0 | 0 | 0 | 25 | 0/0 | 0/0 | 0/0 | 0*0*0(mm) 0(kg) | 0*0*0(mm) | 0 | 0 | 0 | 100 | 0 | 0 | 1 |
| 2023-06-20 14:58:21 | 0 | 0 | 0 | 0 | 25 | 0/0 | 0/0 | 0/0 | 0*0*0(mm) 0(kg) | 0*0*0(mm) | 0 | 0 | 0 | 100 | 0 | 0 | 1 |
| 2023-06-20 15:01:34 | 0 | 0 | 0 | 0 | 25 | 0/0 | 0/0 | 0/0 | 0*0*0(mm) 0(kg) | 0*0*0(mm) | 0 | 0 | 0 | 100 | 0 | 0 | 1 |
| 2023-06-20 15:02:42 | 0 | 0 | 0 | 0 | 25 | 0/0 | 0/0 | 0/0 | 0*0*0(mm) 0(kg) | 0*0*0(mm) | 0 | 0 | 0 | 100 | 0 | 0 | 1 |
| 2023-06-20 15:03:00 | 0 | 0 | 0 | 0 | 25 | 0/0 | 0/0 | 0/0 | 0*0*0(mm) 0(kg) | 0*0*0(mm) | 0 | 0 | 0 | 100 | 0 | 0 | 1 |
| 2023-06-20 15:11:04 | 0 | 0 | 0 | 0 | 25 | 0/0 | 0/0 | 0/0 | 0*0*0(mm) 0(kg) | 0*0*0(mm) | 0 | 0 | 0 | 100 | 0 | 0 | 1 |
| 2023-06-20 15:15:17 | 0 | 0 | 0 | 0 | 25 | 0/0 | 0/0 | 0/0 | 0*0*0(mm) 0(kg) | 0*0*0(mm) | 0 | 0 | 0 | 100 | 0 | 0 | 1 |
| 2023-06-20 15:15:30 | 0 | 0 | 0 | 0 | 25 | 0/0 | 0/0 | 0/0 | 0*0*0(mm) 0(kg) | 0*0*0(mm) | 0 | 0 | 0 | 100 | 0 | 0 | 1 |
| 2023-06-20 15:16:11 | 0 | 0 | 0 | 0 | 25 | 0/0 | 0/0 | 0/0 | 0*0*0(mm) 0(kg) | 0*0*0(mm) | 0 | 0 | 0 | 100 | 0 | 0 | 1 |
| 2023-06-20 15:18:07 | 0 | 0 | 0 | 0 | 25 | 0/0 | 0/0 | 0/0 | 0*0*0(mm) 0(kg) | 0*0*0(mm) | 0 | 0 | 0 | 100 | 0 | 0 | 1 |
| 2023-06-20 15:20:53 | 0 | 0 | 0 | 0 | 25 | 0/0 | 0/0 | 0/0 | 0*0*0(mm) 0(kg) | 0*0*0(mm) | 0 | 0 | 0 | 100 | 0 | 0 | 1 |
| 2023-06-20 15:28:50 | 0 | 0 | 0 | 0 | 25 | 0/0 | 0/0 | 0/0 | 0*0*0(mm) 0(kg) | 0*0*0(mm) | 0 | 0 | 0 | 100 | 0 | 0 | 1 |
| 2023-06-20 15:37:11 | 0 | 0 | 0 | 0 | 25 | 0/0 | 0/0 | 0/0 | 0*0*0(mm) 0(kg) | 0*0*0(mm) | 0 | 0 | 0 | 100 | 0 | 0 | 1 |
| 2023-06-20 15:47:36 | 0 | 0 | 0 | 0 | 25 | 0/0 | 0/0 | 0/0 | 0*0*0(mm) 0(kg) | 0*0*0(mm) | 0 | 0 | 0 | 100 | 0 | 0 | 1 |
| 2023-06-20 15:51:16 | 0 | 0 | 0 | 0 | 25 | 0/0 | 0/0 | 0/0 | 0*0*0(mm) 0(kg) | 0*0*0(mm) | 0 | 0 | 0 | 100 | 0 | 0 | 1 |
| 2023-06-20 15:53:59 | 0 | 0 | 0 | 0 | 25 | 0/0 | 0/0 | 0/0 | 0*0*0(mm) 0(kg) | 0*0*0(mm) | 0 | 0 | 0 | 100 | 0 | 0 | 1 |
| 2023-06-20 15:54:48 | 0 | 0 | 0 | 0 | 25 | 0/0 | 0/0 | 0/0 | 0*0*0(mm) 0(kg) | 0*0*0(mm) | 0 | 0 | 0 | 100 | 0 | 0 | 1 |
| 2023-06-20 16:03:22 | 0 | 0 | 0 | 0 | 25 | 0/0 | 0/0 | 0/0 | 0*0*0(mm) 0(kg) | 0*0*0(mm) | 0 | 0 | 0 | 100 | 0 | 0 | 1 |
| 2023-06-20 16:03:57 | 0 | 0 | 0 | 0 | 25 | 0/0 | 0/0 | 0/0 | 0*0*0(mm) 0(kg) | 0*0*0(mm) | 0 | 0 | 0 | 100 | 0 | 0 | 1 |
| 2023-06-20 16:04:40 | 0 | 0 | 0 | 0 | 25 | 0/0 | 0/0 | 0/0 | 0*0*0(mm) 0(kg) | 0*0*0(mm) | 0 | 0 | 0 | 100 | 0 | 0 | 1 |
| 2023-06-20 16:06:49 | 0 | 0 | 0 | 0 | 25 | 0/0 | 0/0 | 0/0 | 0*0*0(mm) 0(kg) | 0*0*0(mm) | 0 | 0 | 0 | 100 | 0 | 0 | 1 |
| 2023-06-20 16:40:00 | 0 | 0 | 0 | 0 | 0 | 0/0 | 0/0 | 0/0 | 0*0*0(mm) 0(kg) | 0*0*0(mm) | 0 | 0 | 0 | 0 | 0 | 0 | 0 |
| 2023-06-20 16:40:12 | 0 | 0 | 0 | 0 | 0 | 0/0 | 0/0 | 0/0 | 0*0*0(mm) 0(kg) | 0*0*0(mm) | 0 | 0 | 0 | 0 | 0 | 0 | 0 |
| 2023-06-20 16:41:31 | 0 | 0 | 0 | 0 | 25 | 0/0 | 0/0 | 0/0 | 0*0*0(mm) 0(kg) | 0*0*0(mm) | 0 | 0 | 0 | 100 | 0 | 0 | 1 |
| 2023-06-20 16:42:04 | 0 | 0 | 0 | 0 | 25 | 0/0 | 0/0 | 0/0 | 0*0*0(mm) 0(kg) | 0*0*0(mm) | 0 | 0 | 0 | 100 | 0 | 0 | 1 |
| 2023-06-20 16:42:06 | 0 | 0 | 0 | 0 | 0 | 0/0 | 0/0 | 0/0 | 0*0*0(mm) 0(kg) | 0*0*0(mm) | 0 | 0 | 0 | 100 | 0 | 0 | 1 |
| 2023-06-20 16:42:19 | 0 | 0 | 0 | 0 | 0 | 0/0 | 0/0 | 0/0 | 0*0*0(mm) 0(kg) | 0*0*0(mm) | 0 | 0 | 0 | 100 | 0 | 0 | 1 |
| 2023-06-20 16:42:56 | 0 | 2 | 0 | 0 | 0 | 1/50 | 1/10 | 1/5 | 437*243*300(mm) 13(kg) | 1200*1000*140(mm) | 0 | 0 | 1 | 100 | 0 | 0 | 1 |
| 2023-06-20 16:43:06 | 0 | 2 | 1 | 0 | 0 | 2/50 | 2/10 | 1/5 | 437*243*300(mm) 13(kg) | 1200*1000*140(mm) | 0 | 0 | 1 | 100 | 0 | 0 | 1 |
| 2023-06-20 16:43:36 | 0 | 2 | 3 | 0 | 0 | 4/50 | 4/10 | 1/5 | 437*243*300(mm) 13(kg) | 1200*1000*140(mm) | 0 | 0 | 1 | 100 | 0 | 0 | 1 |
| 2023-06-20 16:43:36 | 0 | 2 | 4 | 0 | 0 | 5/50 | 5/10 | 1/5 | 437*243*300(mm) 13(kg) | 1200*1000*140(mm) | 0 | 0 | 1 | 100 | 0 | 0 | 1 |
| 2023-06-20 16:43:46 | 0 | 2 | 5 | 0 | 0 | 6/50 | 6/10 | 1/5 | 437*243*300(mm) 13(kg) | 1200*1000*140(mm) | 0 | 0 | 1 | 100 | 0 | 0 | 1 |
| 2023-06-20 16:43:56 | 5 | 2 | 5 | 0 | 0 | 6/50 | 6/10 | 1/5 | 437*243*300(mm) 13(kg) | 1200*1000*140(mm) | 0 | 0 | 1 | 100 | 0 | 0 | 1 |
| 2023-06-20 16:43:59 | 5 | 2 | 6 | 0 | 0 | 7/50 | 7/10 | 1/5 | 437*243*300(mm) 13(kg) | 1200*1000*140(mm) | 0 | 0 | 1 | 100 | 0 | 0 | 1 |
| 2023-06-20 16:44:09 | 5 | 2 | 7 | 0 | 0 | 8/50 | 8/10 | 1/5 | 437*243*300(mm) 13(kg) | 1200*1000*140(mm) | 0 | 0 | 1 | 100 | 0 | 0 | 1 |
| 2023-06-20 16:44:19 | 5 | 2 | 8 | 0 | 0 | 9/50 | 9/10 | 1/5 | 437*243*300(mm) 13(kg) | 1200*1000*140(mm) | 0 | 0 | 1 | 100 | 0 | 0 | 1 |
| 2023-06-20 16:44:29 | 5 | 2 | 9 | 0 | 0 | 10/50 | 0/10 | 2/5 | 437*243*300(mm) 13(kg) | 1200*1000*140(mm) | 0 | 0 | 1 | 100 | 0 | 0 | 1 |
| 2023-06-20 16:44:39 | 5 | 2 | 10 | 0 | 0 | 11/50 | 1/10 | 2/5 | 437*243*300(mm) 13(kg) | 1200*1000*140(mm) | 0 | 0 | 1 | 100 | 0 | 0 | 1 |
| 2023-06-20 16:44:46 | 5 | 2 | 11 | 0 | 0 | 11/50 | 1/10 | 2/5 | 437*243*300(mm) 13(kg) | 1200*1000*140(mm) | 0 | 0 | 1 | 100 | 0 | 0 | 1 |
| 2023-06-20 16:44:49 | 5 | 2 | 11 | 0 | 0 | 12/50 | 2/10 | 2/5 | 437*243*300(mm) 13(kg) | 1200*1000*140(mm) | 0 | 0 | 1 | 100 | 0 | 0 | 1 |
| 2023-06-20 16:44:56 | 5 | 2 | 12 | 0 | 0 | 13/50 | 3/10 | 2/5 | 437*243*300(mm) 13(kg) | 1200*1000*140(mm) | 0 | 0 | 1 | 100 | 0 | 0 | 1 |
| 2023-06-20 16:44:59 | 7 | 2 | 12 | 0 | 0 | 13/50 | 3/10 | 2/5 | 437*243*300(mm) 13(kg) | 1200*1000*140(mm) | 0 | 0 | 1 | 100 | 0 | 0 | 1 |
| 2023-06-20 16:45:06 | 7 | 2 | 13 | 0 | 0 | 14/50 | 4/10 | 2/5 | 437*243*300(mm) 13(kg) | 1200*1000*140(mm) | 0 | 0 | 1 | 100 | 0 | 0 | 1 |
| 2023-06-20 16:45:16 | 7 | 2 | 14 | 0 | 0 | 15/50 | 5/10 | 2/5 | 437*243*300(mm) 13(kg) | 1200*1000*140(mm) | 0 | 0 | 1 | 100 | 0 | 0 | 1 |
| 2023-06-20 16:45:26 | 7 | 2 | 15 | 0 | 0 | 16/50 | 6/10 | 2/5 | 437*243*300(mm) 13(kg) | 1200*1000*140(mm) | 0 | 0 | 1 | 100 | 0 | 0 | 1 |
| 2023-06-20 16:45:36 | 7 | 2 | 16 | 0 | 0 | 17/50 | 7/10 | 2/5 | 437*243*300(mm) 13(kg) | 1200*1000*140(mm) | 0 | 0 | 1 | 100 | 0 | 0 | 1 |
| 2023-06-20 16:45:46 | 7 | 2 | 17 | 0 | 0 | 18/50 | 8/10 | 2/5 | 437*243*300(mm) 13(kg) | 1200*1000*140(mm) | 0 | 0 | 1 | 100 | 0 | 0 | 1 |
| 2023-06-20 16:45:54 | 7 | 2 | 18 | 0 | 0 | 19/50 | 9/10 | 2/5 | 437*243*300(mm) 13(kg) | 1200*1000*140(mm) | 0 | 0 | 1 | 100 | 0 | 0 | 1 |
| 2023-06-20 16:46:52 | 6 | 2 | 18 | 0 | 0 | 19/50 | 9/10 | 2/5 | 437*243*300(mm) 13(kg) | 1200*1000*140(mm) | 0 | 0 | 1 | 100 | 0 | 0 | 1 |
| 2023-06-20 16:47:56 | 6 | 2 | 24 | 0 | 0 | 25/50 | 5/10 | 3/5 | 437*243*300(mm) 13(kg) | 1200*1000*140(mm) | 0 | 0 | 1 | 100 | 0 | 0 | 1 |
| 2023-06-20 16:47:56 | 7 | 2 | 30 | 0 | 0 | 31/50 | 1/10 | 4/5 | 437*243*300(mm) 13(kg) | 1200*1000*140(mm) | 0 | 140 | 1 | 100 | 0 | 0 | 1 |
| 2023-06-20 16:47:57 | 7 | 2 | 31 | 0 | 0 | 32/50 | 2/10 | 4/5 | 437*243*300(mm) 13(kg) | 1200*1000*140(mm) | 0 | 140 | 1 | 100 | 0 | 0 | 1 |
| 2023-06-20 16:48:04 | 6 | 2 | 31 | 0 | 0 | 32/50 | 2/10 | 4/5 | 437*243*300(mm) 13(kg) | 1200*1000*140(mm) | 0 | 140 | 1 | 100 | 0 | 0 | 1 |
| 2023-06-20 16:48:06 | 6 | 2 | 32 | 0 | 0 | 33/50 | 3/10 | 4/5 | 437*243*300(mm) 13(kg) | 1200*1000*140(mm) | 0 | 140 | 1 | 100 | 0 | 0 | 1 |
| 2023-06-20 16:48:16 | 6 | 2 | 33 | 0 | 0 | 34/50 | 4/10 | 4/5 | 437*243*300(mm) 13(kg) | 1200*1000*140(mm) | 0 | 140 | 1 | 100 | 0 | 0 | 1 |
| 2023-06-20 16:48:26 | 6 | 2 | 34 | 0 | 0 | 35/50 | 5/10 | 4/5 | 437*243*300(mm) 13(kg) | 1200*1000*140(mm) | 0 | 140 | 1 | 100 | 0 | 0 | 1 |
| 2023-06-20 16:48:34 | 6 | 2 | 35 | 0 | 0 | 36/50 | 6/10 | 4/5 | 437*243*300(mm) 13(kg) | 1200*1000*140(mm) | 0 | 140 | 1 | 100 | 0 | 0 | 1 |
| 2023-06-20 16:48:44 | 6 | 2 | 36 | 0 | 0 | 37/50 | 7/10 | 4/5 | 437*243*300(mm) 13(kg) | 1200*1000*140(mm) | 0 | 140 | 1 | 100 | 0 | 0 | 1 |
| 2023-06-20 16:48:46 | 6 | 2 | 36 | 0 | 0 | 37/50 | 7/10 | 4/5 | 437*243*300(mm) 13(kg) | 1200*1000*140(mm) | 0 | 140 | 1 | 100 | 0 | 0 | 1 |
| 2023-06-20 16:48:51 | 6 | 2 | 36 | 0 | 0 | 37/50 | 7/10 | 4/5 | 437*243*300(mm) 13(kg) | 1200*1000*140(mm) | 0 | 140 | 1 | 100 | 0 | 0 | 1 |
| 2023-06-20 16:48:59 | 6 | 2 | 36 | 0 | 0 | 37/50 | 7/10 | 4/5 | 437*243*300(mm) 13(kg) | 1200*1000*140(mm) | 0 | 0 | 1 | 100 | 0 | 0 | 1 |
| 2023-06-20 16:49:01 | 6 | 2 | 36 | 0 | 0 | 0/50 | 0/10 | 1/5 | 437*243*300(mm) 13(kg) | 1200*1000*140(mm) | 0 | 0 | 1 | 100 | 0 | 0 | 1 |
| 2023-06-20 16:49:14 | 6 | 2 | 37 | 0 | 0 | 1/50 | 1/10 | 1/5 | 437*243*300(mm) 13(kg) | 1200*1000*140(mm) | 0 | 0 | 1 | 100 | 0 | 0 | 1 |
| 2023-06-20 16:49:23 | 6 | 2 | 37 | 0 | 0 | 1/50 | 1/10 | 1/5 | 437*243*300(mm) 13(kg) | 1200*1000*140(mm) | 0 | 0 | 1 | 100 | 0 | 0 | 1 |
| 2023-06-20 16:49:24 | 6 | 2 | 38 | 0 | 0 | 2/50 | 2/10 | 1/5 | 437*243*300(mm) 13(kg) | 1200*1000*140(mm) | 0 | 0 | 1 | 100 | 0 | 0 | 1 |
| 2023-06-20 16:50:01 | 2 | 2 | 38 | 0 | 0 | 2/50 | 2/10 | 1/5 | 437*243*300(mm) 13(kg) | 1200*1000*140(mm) | 0 | 0 | 1 | 100 | 0 | 0 | 1 |
| 2023-06-20 16:51:04 | 0 | 2 | 38 | 0 | 0 | 2/50 | 2/10 | 1/5 | 437*243*300(mm) 13(kg) | 1200*1000*140(mm) | 0 | 0 | 1 | 100 | 0 | 0 | 1 |
| 2023-06-20 16:51:11 | 0 | 2 | 38 | 0 | 0 | 2/50 | 2/10 | 1/5 | 437*243*300(mm) 13(kg) | 1200*1000*140(mm) | 0 | 0 | 1 | 100 | 0 | 0 | 1 |
| 2023-06-20 16:51:17 | 0 | 2 | 38 | 0 | 0 | 2/50 | 2/10 | 1/5 | 437*243*300(mm) 13(kg) | 1200*1000*140(mm) | 0 | 0 | 1 | 100 | 0 | 0 | 1 |
| 2023-06-20 16:51:21 | 0 | 2 | 38 | 0 | 0 | 2/50 | 2/10 | 1/5 | 437*243*300(mm) 13(kg) | 1200*1000*140(mm) | 0 | 0 | 1 | 100 | 0 | 0 | 1 |
| 2023-06-20 16:51:26 | 0 | 2 | 39 | 0 | 0 | 3/50 | 3/10 | 1/5 | 437*243*300(mm) 13(kg) | 1200*1000*140(mm) | 0 | 0 | 1 | 100 | 0 | 0 | 1 |
| 2023-06-20 16:51:36 | 0 | 2 | 40 | 0 | 0 | 4/50 | 4/10 | 1/5 | 437*243*300(mm) 13(kg) | 1200*1000*140(mm) | 0 | 0 | 1 | 100 | 0 | 0 | 1 |
| 2023-06-20 16:51:40 | 0 | 2 | 40 | 0 | 0 | 4/50 | 4/10 | 1/5 | 437*243*300(mm) 13(kg) | 1200*1000*140(mm) | 0 | 0 | 1 | 100 | 0 | 0 | 1 |
| 2023-06-20 16:51:42 | 0 | 2 | 40 | 0 | 0 | 4/50 | 4/10 | 1/5 | 437*243*300(mm) 13(kg) | 1200*1000*140(mm) | 0 | 0 | 1 | 100 | 0 | 0 | 1 |
| 2023-06-20 16:51:49 | 0 | 2 | 41 | 0 | 0 | 5/50 | 5/10 | 1/5 | 437*243*300(mm) 13(kg) | 1200*1000*140(mm) | 0 | 0 | 1 | 100 | 0 | 0 | 1 |
| 2023-06-20 16:51:52 | 0 | 2 | 41 | 0 | 0 | 5/50 | 5/10 | 1/5 | 437*243*300(mm) 13(kg) | 1200*1000*140(mm) | 0 | 0 | 1 | 100 | 0 | 0 | 1 |
| 2023-06-20 16:52:03 | 0 | 2 | 41 | 0 | 0 | 5/50 | 5/10 | 1/5 | 437*243*300(mm) 13(kg) | 1200*1000*140(mm) | 0 | 0 | 1 | 100 | 0 | 0 | 1 |
| 2023-06-20 16:52:44 | 0 | 2 | 42 | 0 | 0 | 6/50 | 6/10 | 1/5 | 437*243*300(mm) 13(kg) | 1200*1000*140(mm) | 0 | 0 | 1 | 100 | 0 | 0 | 1 |
| 2023-06-20 16:52:46 | 0 | 2 | 42 | 0 | 0 | 6/50 | 6/10 | 1/5 | 437*243*300(mm) 13(kg) | 1200*1000*140(mm) | 0 | 0 | 1 | 100 | 0 | 0 | 1 |
| 2023-06-20 16:52:59 | 0 | 2 | 42 | 0 | 0 | 6/50 | 6/10 | 1/5 | 437*243*300(mm) 13(kg) | 1200*1000*140(mm) | 0 | 0 | 1 | 100 | 0 | 0 | 1 |
| 2023-06-20 16:53:21 | 0 | 2 | 43 | 0 | 0 | 7/50 | 7/10 | 1/5 | 437*243*300(mm) 13(kg) | 1200*1000*140(mm) | 0 | 0 | 1 | 100 | 0 | 0 | 1 |
| 2023-06-20 16:53:31 | 0 | 2 | 44 | 0 | 0 | 8/50 | 8/10 | 1/5 | 437*243*300(mm) 13(kg) | 1200*1000*140(mm) | 0 | 0 | 1 | 100 | 0 | 0 | 1 |
| 2023-06-20 16:53:32 | 0 | 2 | 44 | 0 | 0 | 8/50 | 8/10 | 1/5 | 437*243*300(mm) 13(kg) | 1200*1000*140(mm) | 0 | 0 | 1 | 100 | 0 | 0 | 1 |
| 2023-06-20 16:54:46 | 0 | 2 | 44 | 0 | 0 | 8/50 | 8/10 | 1/5 | 437*243*300(mm) 13(kg) | 1200*1000*140(mm) | 0 | 0 | 1 | 100 | 0 | 0 | 1 |
| 2023-06-20 16:55:09 | 0 | 2 | 44 | 0 | 0 | 0/50 | 0/10 | 1/5 | 437*243*300(mm) 13(kg) | 1200*1000*140(mm) | 0 | 0 | 1 | 100 | 0 | 0 | 1 |
| 2023-06-20 16:55:19 | 0 | 2 | 45 | 0 | 0 | 1/50 | 1/10 | 1/5 | 437*243*300(mm) 13(kg) | 1200*1000*140(mm) | 0 | 0 | 1 | 100 | 0 | 0 | 1 |
| 2023-06-20 16:55:23 | 0 | 2 | 45 | 0 | 0 | 1/50 | 1/10 | 1/5 | 437*243*300(mm) 13(kg) | 1200*1000*140(mm) | 0 | 0 | 1 | 100 | 0 | 0 | 1 |
| 2023-06-20 16:55:32 | 0 | 2 | 45 | 0 | 0 | 1/50 | 1/10 | 1/5 | 437*243*300(mm) 13(kg) | 1200*1000*140(mm) | 0 | 0 | 1 | 100 | 0 | 0 | 1 |
| 2023-06-20 16:56:07 | 0 | 2 | 45 | 0 | 0 | 1/50 | 1/10 | 1/5 | 437*243*300(mm) 13(kg) | 1200*1000*140(mm) | 0 | 0 | 1 | 100 | 0 | 0 | 1 |
| 2023-06-20 16:56:08 | 0 | 2 | 45 | 0 | 0 | 1/50 | 1/10 | 1/5 | 437*243*300(mm) 13(kg) | 1200*1000*140(mm) | 0 | 0 | 1 | 100 | 0 | 0 | 1 |
| 2023-06-20 16:56:08 | 0 | 2 | 45 | 0 | 0 | 1/50 | 1/10 | 1/5 | 437*243*300(mm) 13(kg) | 1200*1000*140(mm) | 0 | 0 | 1 | 100 | 0 | 0 | 1 |
| 2023-06-20 16:56:11 | 0 | 2 | 45 | 0 | 25 | 1/50 | 1/10 | 1/5 | 437*243*300(mm) 13(kg) | 1200*1000*140(mm) | 0 | 0 | 1 | 100 | 0 | 0 | 1 |
| 2023-06-20 16:56:25 | 0 | 2 | 45 | 0 | 25 | 1/50 | 1/10 | 1/5 | 437*243*300(mm) 13(kg) | 1200*1000*140(mm) | 0 | 0 | 1 | 100 | 0 | 0 | 1 |
| 2023-06-20 16:56:26 | 0 | 2 | 45 | 0 | 0 | 1/50 | 1/10 | 1/5 | 437*243*300(mm) 13(kg) | 1200*1000*140(mm) | 0 | 0 | 1 | 100 | 0 | 0 | 1 |
| 2023-06-20 16:56:36 | 0 | 2 | 45 | 0 | 0 | 1/50 | 1/10 | 1/5 | 437*243*300(mm) 13(kg) | 1200*1000*140(mm) | 0 | 0 | 1 | 100 | 0 | 0 | 1 |
| 2023-06-20 16:57:19 | 0 | 2 | 45 | 0 | 0 | 1/50 | 1/10 | 1/5 | 437*243*300(mm) 13(kg) | 1200*1000*140(mm) | 0 | 0 | 1 | 100 | 0 | 0 | 1 |
| 2023-06-20 16:57:22 | 0 | 2 | 45 | 0 | 0 | 1/50 | 1/10 | 1/5 | 437*243*300(mm) 13(kg) | 1200*1000*140(mm) | 0 | 0 | 1 | 100 | 0 | 0 | 1 |
| 2023-06-20 16:57:22 | 0 | 2 | 45 | 0 | 0 | 1/50 | 1/10 | 1/5 | 437*243*300(mm) 13(kg) | 1200*1000*140(mm) | 0 | 0 | 1 | 100 | 0 | 0 | 1 |
| 2023-06-20 16:57:24 | 0 | 2 | 45 | 0 | 25 | 1/50 | 1/10 | 1/5 | 437*243*300(mm) 13(kg) | 1200*1000*140(mm) | 0 | 0 | 1 | 100 | 0 | 0 | 1 |
| 2023-06-20 16:57:29 | 0 | 2 | 45 | 0 | 0 | 1/50 | 1/10 | 1/5 | 437*243*300(mm) 13(kg) | 1200*1000*140(mm) | 0 | 0 | 1 | 100 | 0 | 0 | 1 |
| 2023-06-20 16:57:29 | 0 | 2 | 45 | 0 | 0 | 1/50 | 1/10 | 1/5 | 437*243*300(mm) 13(kg) | 1200*1000*140(mm) | 0 | 0 | 1 | 100 | 0 | 0 | 1 |
| 2023-06-20 16:57:39 | 0 | 2 | 45 | 0 | 0 | 1/50 | 1/10 | 1/5 | 437*243*300(mm) 13(kg) | 1200*1000*140(mm) | 0 | 0 | 1 | 100 | 0 | 0 | 1 |
| 2023-06-20 16:57:55 | 0 | 2 | 45 | 0 | 0 | 1/50 | 1/10 | 1/5 | 437*243*300(mm) 13(kg) | 1200*1000*140(mm) | 0 | 0 | 1 | 100 | 0 | 0 | 1 |
| 2023-06-20 16:58:06 | 0 | 2 | 45 | 0 | 0 | 1/50 | 1/10 | 1/5 | 437*243*300(mm) 13(kg) | 1200*1000*140(mm) | 0 | 0 | 1 | 100 | 0 | 0 | 1 |
| 2023-06-20 16:59:00 | 0 | 2 | 45 | 0 | 0 | 1/50 | 1/10 | 1/5 | 437*243*300(mm) 13(kg) | 1200*1000*140(mm) | 0 | 0 | 1 | 100 | 0 | 0 | 1 |
| 2023-06-20 16:59:12 | 0 | 2 | 45 | 0 | 0 | 1/50 | 1/10 | 1/5 | 437*243*300(mm) 13(kg) | 1200*1000*140(mm) | 0 | 0 | 1 | 100 | 0 | 0 | 1 |
| 2023-06-20 16:59:24 | 0 | 2 | 45 | 0 | 0 | 1/50 | 1/10 | 1/5 | 437*243*300(mm) 13(kg) | 1200*1000*140(mm) | 0 | 0 | 1 | 100 | 0 | 0 | 1 |
| 2023-06-20 16:59:37 | 0 | 2 | 45 | 0 | 0 | 1/50 | 1/10 | 1/5 | 437*243*300(mm) 13(kg) | 1200*1000*140(mm) | 0 | 0 | 1 | 100 | 0 | 0 | 1 |
| 2023-06-20 16:59:54 | 0 | 2 | 45 | 0 | 0 | 1/50 | 1/10 | 1/5 | 437*243*300(mm) 13(kg) | 1200*1000*140(mm) | 0 | 0 | 1 | 100 | 0 | 0 | 1 |
| 2023-06-20 17:01:01 | 0 | 2 | 46 | 0 | 0 | 2/50 | 2/10 | 1/5 | 437*243*300(mm) 13(kg) | 1200*1000*140(mm) | 0 | 0 | 1 | 100 | 0 | 0 | 1 |
| 2023-06-20 17:01:11 | 0 | 2 | 47 | 0 | 0 | 3/50 | 3/10 | 1/5 | 437*243*300(mm) 13(kg) | 1200*1000*140(mm) | 0 | 0 | 1 | 100 | 0 | 0 | 1 |
| 2023-06-20 17:01:21 | 0 | 2 | 48 | 0 | 0 | 4/50 | 4/10 | 1/5 | 437*243*300(mm) 13(kg) | 1200*1000*140(mm) | 0 | 0 | 1 | 100 | 0 | 0 | 1 |
| 2023-06-20 17:01:31 | 0 | 2 | 49 | 0 | 0 | 5/50 | 5/10 | 1/5 | 437*243*300(mm) 13(kg) | 1200*1000*140(mm) | 0 | 0 | 1 | 100 | 0 | 0 | 1 |
| 2023-06-20 17:01:41 | 0 | 2 | 50 | 0 | 0 | 6/50 | 6/10 | 1/5 | 437*243*300(mm) 13(kg) | 1200*1000*140(mm) | 0 | 0 | 1 | 100 | 0 | 0 | 1 |
| 2023-06-20 17:02:05 | 6 | 2 | 52 | 0 | 0 | 8/50 | 8/10 | 1/5 | 437*243*300(mm) 13(kg) | 1200*1000*140(mm) | 0 | 0 | 1 | 100 | 0 | 0 | 1 |
| 2023-06-20 17:02:11 | 6 | 2 | 53 | 0 | 0 | 9/50 | 9/10 | 1/5 | 437*243*300(mm) 13(kg) | 1200*1000*140(mm) | 0 | 0 | 1 | 100 | 0 | 0 | 1 |
| 2023-06-20 17:02:46 | 6 | 2 | 56 | 0 | 0 | 12/50 | 2/10 | 2/5 | 437*243*300(mm) 13(kg) | 1200*1000*140(mm) | 0 | 0 | 1 | 100 | 0 | 0 | 1 |
| 2023-06-20 17:03:14 | 6 | 2 | 59 | 0 | 0 | 15/50 | 5/10 | 2/5 | 437*243*300(mm) 13(kg) | 1200*1000*140(mm) | 0 | 0 | 1 | 100 | 0 | 0 | 1 |
| 2023-06-20 17:06:05 | 7 | 2 | 64 | 0 | 0 | 20/50 | 0/10 | 3/5 | 437*243*300(mm) 13(kg) | 1200*1000*140(mm) | 0 | 0 | 1 | 100 | 0 | 0 | 1 |
| 2023-06-20 17:06:05 | 7 | 2 | 77 | 0 | 0 | 33/50 | 3/10 | 4/5 | 437*243*300(mm) 13(kg) | 1200*1000*140(mm) | 0 | 140 | 1 | 100 | 0 | 0 | 1 |
| 2023-06-20 17:06:09 | 7 | 2 | 78 | 0 | 0 | 34/50 | 4/10 | 4/5 | 437*243*300(mm) 13(kg) | 1200*1000*140(mm) | 0 | 140 | 1 | 100 | 0 | 0 | 1 |
| 2023-06-20 17:06:16 | 7 | 2 | 79 | 0 | 0 | 35/50 | 5/10 | 4/5 | 437*243*300(mm) 13(kg) | 1200*1000*140(mm) | 0 | 140 | 1 | 100 | 0 | 0 | 1 |
| 2023-06-20 17:06:26 | 7 | 2 | 80 | 0 | 0 | 36/50 | 6/10 | 4/5 | 437*243*300(mm) 13(kg) | 1200*1000*140(mm) | 0 | 140 | 1 | 100 | 0 | 0 | 1 |
| 2023-06-20 17:06:36 | 7 | 2 | 81 | 0 | 0 | 37/50 | 7/10 | 4/5 | 437*243*300(mm) 13(kg) | 1200*1000*140(mm) | 0 | 140 | 1 | 100 | 0 | 0 | 1 |
| 2023-06-20 17:12:31 | 6 | 2 | 94 | 0 | 0 | 50/50 | 10/10 | 5/5 | 437*243*300(mm) 13(kg) | 1200*1000*140(mm) | 0 | 0 | 1 | 100 | 0 | 0 | 1 |
| 2023-06-20 17:13:41 | 6 | 2 | 94 | 0 | 0 | 50/50 | 10/10 | 5/5 | 437*243*300(mm) 13(kg) | 1200*1000*140(mm) | 0 | 0 | 1 | 100 | 0 | 0 | 1 |
| 2023-06-20 17:33:20 | 0 | 0 | 0 | 0 | 0 | 0/0 | 0/0 | 0/0 | 0*0*0(mm) 0(kg) | 0*0*0(mm) | 0 | 0 | 0 | 0 | 0 | 0 | 0 |
| 2023-06-20 17:33:41 | 0 | 0 | 0 | 0 | 0 | 0/0 | 0/0 | 0/0 | 0*0*0(mm) 0(kg) | 0*0*0(mm) | 0 | 0 | 0 | 0 | 0 | 0 | 0 |
| 2023-06-20 17:33:56 | 0 | 0 | 0 | 0 | 0 | 0/0 | 0/0 | 0/0 | 0*0*0(mm) 0(kg) | 0*0*0(mm) | 0 | 0 | 0 | 0 | 0 | 0 | 0 |
| 2023-06-20 17:34:09 | 0 | 0 | 0 | 0 | 25 | 0/0 | 0/0 | 0/0 | 0*0*0(mm) 0(kg) | 0*0*0(mm) | 0 | 0 | 0 | 100 | 0 | 0 | 1 |
| 2023-06-20 17:35:07 | 0 | 0 | 0 | 0 | 0 | 0/0 | 0/0 | 0/0 | 0*0*0(mm) 0(kg) | 0*0*0(mm) | 0 | 0 | 0 | 100 | 0 | 0 | 1 |
| 2023-06-20 17:35:07 | 0 | 0 | 0 | 0 | 0 | 0/0 | 0/0 | 0/0 | 0*0*0(mm) 0(kg) | 0*0*0(mm) | 0 | 0 | 0 | 100 | 0 | 0 | 1 |
| 2023-06-20 17:35:18 | 0 | 0 | 0 | 0 | 0 | 0/0 | 0/0 | 0/0 | 0*0*0(mm) 0(kg) | 0*0*0(mm) | 0 | 0 | 0 | 100 | 0 | 0 | 1 |
| 2023-06-20 17:35:27 | 0 | 2 | 94 | 0 | 0 | 0/50 | 0/10 | 1/5 | 437*243*300(mm) 13(kg) | 1200*1000*140(mm) | 0 | 0 | 1 | 100 | 0 | 0 | 1 |
| 2023-06-20 17:35:37 | 0 | 2 | 95 | 0 | 0 | 1/50 | 1/10 | 1/5 | 437*243*300(mm) 13(kg) | 1200*1000*140(mm) | 0 | 0 | 1 | 100 | 0 | 0 | 1 |
| 2023-06-20 17:35:47 | 0 | 2 | 96 | 0 | 0 | 2/50 | 2/10 | 1/5 | 437*243*300(mm) 13(kg) | 1200*1000*140(mm) | 0 | 0 | 1 | 100 | 0 | 0 | 1 |
| 2023-06-20 17:35:57 | 0 | 2 | 97 | 0 | 0 | 3/50 | 3/10 | 1/5 | 437*243*300(mm) 13(kg) | 1200*1000*140(mm) | 0 | 0 | 1 | 100 | 0 | 0 | 1 |
| 2023-06-20 17:36:07 | 0 | 2 | 98 | 0 | 0 | 4/50 | 4/10 | 1/5 | 437*243*300(mm) 13(kg) | 1200*1000*140(mm) | 0 | 0 | 1 | 100 | 0 | 0 | 1 |
| 2023-06-20 17:36:17 | 0 | 2 | 99 | 0 | 0 | 5/50 | 5/10 | 1/5 | 437*243*300(mm) 13(kg) | 1200*1000*140(mm) | 0 | 0 | 1 | 100 | 0 | 0 | 1 |
| 2023-06-20 17:36:27 | 6 | 2 | 100 | 0 | 0 | 6/50 | 6/10 | 1/5 | 437*243*300(mm) 13(kg) | 1200*1000*140(mm) | 0 | 0 | 1 | 100 | 0 | 0 | 1 |
| 2023-06-20 17:36:37 | 6 | 2 | 101 | 0 | 0 | 7/50 | 7/10 | 1/5 | 437*243*300(mm) 13(kg) | 1200*1000*140(mm) | 0 | 0 | 1 | 100 | 0 | 0 | 1 |
| 2023-06-20 17:36:47 | 6 | 2 | 102 | 0 | 0 | 8/50 | 8/10 | 1/5 | 437*243*300(mm) 13(kg) | 1200*1000*140(mm) | 0 | 0 | 1 | 100 | 0 | 0 | 1 |
| 2023-06-20 17:36:57 | 6 | 2 | 103 | 0 | 0 | 9/50 | 9/10 | 1/5 | 437*243*300(mm) 13(kg) | 1200*1000*140(mm) | 0 | 0 | 1 | 100 | 0 | 0 | 1 |
| 2023-06-20 17:37:07 | 6 | 2 | 104 | 0 | 0 | 10/50 | 0/10 | 2/5 | 437*243*300(mm) 13(kg) | 1200*1000*140(mm) | 0 | 0 | 1 | 100 | 0 | 0 | 1 |
| 2023-06-20 17:37:17 | 6 | 2 | 105 | 0 | 0 | 11/50 | 1/10 | 2/5 | 437*243*300(mm) 13(kg) | 1200*1000*140(mm) | 0 | 0 | 1 | 100 | 0 | 0 | 1 |
| 2023-06-20 17:37:27 | 6 | 2 | 106 | 0 | 0 | 12/50 | 2/10 | 2/5 | 437*243*300(mm) 13(kg) | 1200*1000*140(mm) | 0 | 0 | 1 | 100 | 0 | 0 | 1 |
| 2023-06-20 17:37:37 | 6 | 2 | 107 | 0 | 0 | 13/50 | 3/10 | 2/5 | 437*243*300(mm) 13(kg) | 1200*1000*140(mm) | 0 | 0 | 1 | 100 | 0 | 0 | 1 |
| 2023-06-20 17:37:43 | 6 | 2 | 107 | 0 | 0 | 13/50 | 3/10 | 2/5 | 437*243*300(mm) 13(kg) | 1200*1000*140(mm) | 0 | 0 | 1 | 100 | 0 | 0 | 1 |
| 2023-06-20 17:37:44 | 6 | 2 | 107 | 0 | 0 | 13/50 | 3/10 | 2/5 | 437*243*300(mm) 13(kg) | 1200*1000*140(mm) | 0 | 0 | 1 | 100 | 0 | 0 | 1 |
| 2023-06-20 17:37:44 | 6 | 2 | 107 | 0 | 25 | 13/50 | 3/10 | 2/5 | 437*243*300(mm) 13(kg) | 1200*1000*140(mm) | 0 | 0 | 1 | 100 | 0 | 0 | 1 |
| 2023-06-20 17:39:52 | 6 | 2 | 107 | 0 | 25 | 13/50 | 3/10 | 2/5 | 437*243*300(mm) 13(kg) | 1200*1000*140(mm) | 0 | 0 | 1 | 100 | 0 | 0 | 1 |
| 2023-06-20 17:39:57 | 6 | 2 | 107 | 0 | 0 | 13/50 | 3/10 | 2/5 | 437*243*300(mm) 13(kg) | 1200*1000*140(mm) | 0 | 0 | 1 | 100 | 0 | 0 | 1 |
| 2023-06-20 17:40:08 | 6 | 2 | 107 | 0 | 0 | 13/50 | 3/10 | 2/5 | 437*243*300(mm) 13(kg) | 1200*1000*140(mm) | 0 | 0 | 1 | 100 | 0 | 0 | 1 |
| 2023-06-20 17:40:21 | 6 | 2 | 107 | 0 | 0 | 13/50 | 3/10 | 2/5 | 437*243*300(mm) 13(kg) | 1200*1000*140(mm) | 0 | 0 | 1 | 100 | 0 | 0 | 1 |
| 2023-06-20 17:40:21 | 6 | 2 | 107 | 0 | 0 | 13/50 | 3/10 | 2/5 | 437*243*300(mm) 13(kg) | 1200*1000*140(mm) | 0 | 0 | 1 | 100 | 0 | 0 | 1 |
| 2023-06-20 17:40:22 | 6 | 2 | 107 | 0 | 25 | 13/50 | 3/10 | 2/5 | 437*243*300(mm) 13(kg) | 1200*1000*140(mm) | 0 | 0 | 1 | 100 | 0 | 0 | 1 |
| 2023-06-20 17:40:24 | 6 | 2 | 107 | 0 | 0 | 13/50 | 3/10 | 2/5 | 437*243*300(mm) 13(kg) | 1200*1000*140(mm) | 0 | 0 | 1 | 100 | 0 | 0 | 1 |
| 2023-06-20 17:40:25 | 6 | 2 | 107 | 0 | 0 | 13/50 | 3/10 | 2/5 | 437*243*300(mm) 13(kg) | 1200*1000*140(mm) | 0 | 0 | 1 | 100 | 0 | 0 | 1 |
| 2023-06-20 17:40:36 | 6 | 2 | 107 | 0 | 0 | 13/50 | 3/10 | 2/5 | 437*243*300(mm) 13(kg) | 1200*1000*140(mm) | 0 | 0 | 1 | 100 | 0 | 0 | 1 |
| 2023-06-20 17:40:59 | 6 | 2 | 107 | 0 | 0 | 43/50 | 3/10 | 5/5 | 437*243*300(mm) 13(kg) | 1200*1000*140(mm) | 0 | 0 | 1 | 100 | 0 | 0 | 1 |
| 2023-06-20 17:41:02 | 6 | 2 | 107 | 0 | 0 | 43/50 | 3/10 | 5/5 | 437*243*300(mm) 13(kg) | 1200*1000*140(mm) | 0 | 438 | 1 | 100 | 0 | 0 | 1 |
| 2023-06-20 17:41:04 | 6 | 2 | 107 | 0 | 0 | 43/50 | 3/10 | 5/5 | 437*243*300(mm) 13(kg) | 1200*1000*140(mm) | 0 | 440 | 1 | 100 | 0 | 0 | 1 |
| 2023-06-20 17:41:12 | 6 | 2 | 108 | 0 | 0 | 44/50 | 4/10 | 5/5 | 437*243*300(mm) 13(kg) | 1200*1000*140(mm) | 0 | 440 | 1 | 100 | 0 | 0 | 1 |
| 2023-06-20 17:41:12 | 6 | 2 | 108 | 0 | 0 | 44/50 | 4/10 | 5/5 | 437*243*300(mm) 13(kg) | 1200*1000*140(mm) | 0 | 440 | 1 | 100 | 0 | 0 | 1 |
| 2023-06-20 17:41:59 | 1 | 2 | 108 | 0 | 0 | 44/50 | 4/10 | 5/5 | 437*243*300(mm) 13(kg) | 1200*1000*140(mm) | 0 | 440 | 1 | 100 | 0 | 0 | 1 |
| 2023-06-20 17:42:03 | 1 | 2 | 108 | 0 | 0 | 44/50 | 4/10 | 5/5 | 437*243*300(mm) 13(kg) | 1200*1000*140(mm) | 0 | 440 | 1 | 100 | 0 | 0 | 1 |
| 2023-06-20 17:42:05 | 1 | 2 | 108 | 0 | 0 | 44/50 | 4/10 | 5/5 | 437*243*300(mm) 13(kg) | 1200*1000*140(mm) | 0 | 440 | 1 | 100 | 0 | 0 | 1 |
| 2023-06-20 17:42:10 | 1 | 2 | 108 | 0 | 0 | 44/50 | 4/10 | 5/5 | 437*243*300(mm) 13(kg) | 1200*1000*140(mm) | 0 | 440 | 1 | 100 | 0 | 0 | 1 |
| 2023-06-20 17:42:14 | 1 | 2 | 108 | 0 | 0 | 44/50 | 4/10 | 5/5 | 437*243*300(mm) 13(kg) | 1200*1000*140(mm) | 0 | 440 | 1 | 100 | 0 | 0 | 1 |
| 2023-06-20 17:42:43 | 1 | 2 | 108 | 0 | 0 | 44/50 | 4/10 | 5/5 | 437*243*300(mm) 13(kg) | 1200*1000*140(mm) | 0 | 440 | 1 | 100 | 0 | 0 | 1 |
| 2023-06-20 17:42:43 | 1 | 2 | 108 | 0 | 0 | 44/50 | 4/10 | 5/5 | 437*243*300(mm) 13(kg) | 1200*1000*140(mm) | 0 | 440 | 1 | 100 | 0 | 0 | 1 |
| 2023-06-20 17:42:44 | 1 | 2 | 108 | 0 | 25 | 44/50 | 4/10 | 5/5 | 437*243*300(mm) 13(kg) | 1200*1000*140(mm) | 0 | 439 | 1 | 100 | 0 | 0 | 1 |
| 2023-06-20 17:42:55 | 1 | 2 | 108 | 0 | 25 | 44/50 | 4/10 | 5/5 | 437*243*300(mm) 13(kg) | 1200*1000*140(mm) | 0 | 439 | 1 | 100 | 0 | 0 | 1 |
| 2023-06-20 17:43:05 | 1 | 2 | 108 | 0 | 25 | 44/50 | 4/10 | 5/5 | 437*243*300(mm) 13(kg) | 1200*1000*140(mm) | 0 | 439 | 1 | 100 | 0 | 0 | 1 |
| 2023-06-20 17:43:07 | 1 | 2 | 108 | 0 | 0 | 44/50 | 4/10 | 5/5 | 437*243*300(mm) 13(kg) | 1200*1000*140(mm) | 0 | 439 | 1 | 100 | 0 | 0 | 1 |
| 2023-06-20 17:43:18 | 1 | 2 | 108 | 0 | 0 | 44/50 | 4/10 | 5/5 | 437*243*300(mm) 13(kg) | 1200*1000*140(mm) | 0 | 439 | 1 | 100 | 0 | 0 | 1 |
| 2023-06-20 17:43:24 | 1 | 2 | 108 | 0 | 0 | 44/50 | 4/10 | 5/5 | 437*243*300(mm) 13(kg) | 1200*1000*140(mm) | 0 | 180 | 1 | 100 | 0 | 0 | 1 |
| 2023-06-20 17:43:27 | 1 | 2 | 108 | 0 | 0 | 44/50 | 4/10 | 5/5 | 437*243*300(mm) 13(kg) | 1200*1000*140(mm) | 0 | 0 | 1 | 100 | 0 | 0 | 1 |
