|      Date Time      | 가동률 | 모델정보 | 생산수량 | 불량수량 | 알람코드 | 작업 진행 상황 | 박스 진행 상황 | 레이어 진행상황 | 박스 정보 | 팔레트 정보 | 간지 사용 유무 | 리프트 높이 | 적재방향 | 로봇 스피드 | BOX SORT CYLINDER | SAFETY LADAR SENSOR | LABEL ALINE | 로봇 상태 | 로봇 서보 온 |
| 2023-07-05 10:47:33 | 0 | 0 | 0 | 0 | 0 | 0/0 | 0/0 | 0/0 | 0*0*0(mm) 0(kg) | 0*0*0(mm) | 0 | 0 | 0 | 0 | 0 | 0 | 0 | SAFE OFF | 0 |
| 2023-07-05 10:47:36 | 0 | 0 | 0 | 0 | 25 | 0/0 | 0/0 | 0/0 | 0*0*0(mm) 0(kg) | 0*0*0(mm) | 0 | 0 | 0 | 100 | 0 | 0 | 1 | SAFE OFF | 0 |
| 2023-07-05 10:48:05 | 0 | 0 | 0 | 0 | 25 | 0/0 | 0/0 | 0/0 | 0*0*0(mm) 0(kg) | 0*0*0(mm) | 0 | 0 | 0 | 100 | 0 | 0 | 1 | STANDALONE STANDBY | 1 |
| 2023-07-05 10:48:06 | 0 | 0 | 0 | 0 | 0 | 0/0 | 0/0 | 0/0 | 0*0*0(mm) 0(kg) | 0*0*0(mm) | 0 | 0 | 0 | 100 | 0 | 0 | 1 | STANDALONE STANDBY | 1 |
| 2023-07-05 10:48:25 | 0 | 0 | 0 | 0 | 0 | 0/0 | 0/0 | 0/0 | 0*0*0(mm) 0(kg) | 0*0*0(mm) | 0 | 0 | 0 | 100 | 0 | 0 | 1 | STANDALONE RUNNING | 1 |
| 2023-07-05 10:48:36 | 0 | 2 | 0 | 0 | 0 | 2/50 | 2/10 | 1/5 | 437*243*300(mm) 13(kg) | 1200*1000*140(mm) | 0 | 0 | 1 | 100 | 0 | 0 | 1 | STANDALONE RUNNING | 1 |
| 2023-07-05 10:48:46 | 0 | 2 | 1 | 0 | 0 | 3/50 | 3/10 | 1/5 | 437*243*300(mm) 13(kg) | 1200*1000*140(mm) | 0 | 0 | 1 | 100 | 0 | 0 | 1 | STANDALONE RUNNING | 1 |
| 2023-07-05 10:48:58 | 0 | 2 | 2 | 0 | 0 | 4/50 | 4/10 | 1/5 | 437*243*300(mm) 13(kg) | 1200*1000*140(mm) | 0 | 0 | 1 | 100 | 0 | 0 | 1 | STANDALONE RUNNING | 1 |
| 2023-07-05 10:49:09 | 0 | 2 | 3 | 0 | 0 | 5/50 | 5/10 | 1/5 | 437*243*300(mm) 13(kg) | 1200*1000*140(mm) | 0 | 0 | 1 | 100 | 0 | 0 | 1 | STANDALONE RUNNING | 1 |
| 2023-07-05 10:49:18 | 0 | 2 | 4 | 0 | 0 | 6/50 | 6/10 | 1/5 | 437*243*300(mm) 13(kg) | 1200*1000*140(mm) | 0 | 0 | 1 | 100 | 0 | 0 | 1 | STANDALONE RUNNING | 1 |
| 2023-07-05 10:49:28 | 0 | 2 | 5 | 0 | 0 | 7/50 | 7/10 | 1/5 | 437*243*300(mm) 13(kg) | 1200*1000*140(mm) | 0 | 0 | 1 | 100 | 0 | 0 | 1 | STANDALONE RUNNING | 1 |
| 2023-07-05 10:49:36 | 5 | 2 | 5 | 0 | 0 | 7/50 | 7/10 | 1/5 | 437*243*300(mm) 13(kg) | 1200*1000*140(mm) | 0 | 0 | 1 | 100 | 0 | 0 | 1 | STANDALONE RUNNING | 1 |
| 2023-07-05 10:49:38 | 5 | 2 | 6 | 0 | 0 | 8/50 | 8/10 | 1/5 | 437*243*300(mm) 13(kg) | 1200*1000*140(mm) | 0 | 0 | 1 | 100 | 0 | 0 | 1 | STANDALONE RUNNING | 1 |
| 2023-07-05 10:49:49 | 5 | 2 | 7 | 0 | 0 | 9/50 | 9/10 | 1/5 | 437*243*300(mm) 13(kg) | 1200*1000*140(mm) | 0 | 0 | 1 | 100 | 0 | 0 | 1 | STANDALONE RUNNING | 1 |
| 2023-07-05 10:49:58 | 5 | 2 | 8 | 0 | 0 | 10/50 | 0/10 | 2/5 | 437*243*300(mm) 13(kg) | 1200*1000*140(mm) | 0 | 0 | 1 | 100 | 0 | 0 | 1 | STANDALONE RUNNING | 1 |
| 2023-07-05 10:50:08 | 5 | 2 | 9 | 0 | 0 | 11/50 | 1/10 | 2/5 | 437*243*300(mm) 13(kg) | 1200*1000*140(mm) | 0 | 0 | 1 | 100 | 0 | 0 | 1 | STANDALONE RUNNING | 1 |
| 2023-07-05 10:50:18 | 5 | 2 | 10 | 0 | 0 | 12/50 | 2/10 | 2/5 | 437*243*300(mm) 13(kg) | 1200*1000*140(mm) | 0 | 0 | 1 | 100 | 0 | 0 | 1 | STANDALONE RUNNING | 1 |
| 2023-07-05 10:50:28 | 5 | 2 | 11 | 0 | 0 | 13/50 | 3/10 | 2/5 | 437*243*300(mm) 13(kg) | 1200*1000*140(mm) | 0 | 0 | 1 | 100 | 0 | 0 | 1 | STANDALONE RUNNING | 1 |
| 2023-07-05 10:50:39 | 7 | 2 | 12 | 0 | 0 | 14/50 | 4/10 | 2/5 | 437*243*300(mm) 13(kg) | 1200*1000*140(mm) | 0 | 0 | 1 | 100 | 0 | 0 | 1 | STANDALONE RUNNING | 1 |
| 2023-07-05 10:50:48 | 7 | 2 | 13 | 0 | 0 | 15/50 | 5/10 | 2/5 | 437*243*300(mm) 13(kg) | 1200*1000*140(mm) | 0 | 0 | 1 | 100 | 0 | 0 | 1 | STANDALONE RUNNING | 1 |
| 2023-07-05 10:50:56 | 7 | 2 | 14 | 0 | 0 | 16/50 | 6/10 | 2/5 | 437*243*300(mm) 13(kg) | 1200*1000*140(mm) | 0 | 0 | 1 | 100 | 0 | 0 | 1 | STANDALONE RUNNING | 1 |
| 2023-07-05 10:51:06 | 7 | 2 | 15 | 0 | 0 | 17/50 | 7/10 | 2/5 | 437*243*300(mm) 13(kg) | 1200*1000*140(mm) | 0 | 0 | 1 | 100 | 0 | 0 | 1 | STANDALONE RUNNING | 1 |
| 2023-07-05 10:51:16 | 7 | 2 | 16 | 0 | 0 | 18/50 | 8/10 | 2/5 | 437*243*300(mm) 13(kg) | 1200*1000*140(mm) | 0 | 0 | 1 | 100 | 0 | 0 | 1 | STANDALONE RUNNING | 1 |
| 2023-07-05 10:51:26 | 7 | 2 | 17 | 0 | 0 | 19/50 | 9/10 | 2/5 | 437*243*300(mm) 13(kg) | 1200*1000*140(mm) | 0 | 0 | 1 | 100 | 0 | 0 | 1 | STANDALONE RUNNING | 1 |
| 2023-07-05 10:51:36 | 7 | 2 | 18 | 0 | 0 | 20/50 | 0/10 | 3/5 | 437*243*300(mm) 13(kg) | 1200*1000*140(mm) | 0 | 0 | 1 | 100 | 0 | 0 | 1 | STANDALONE RUNNING | 1 |
| 2023-07-05 10:51:41 | 6 | 2 | 18 | 0 | 0 | 20/50 | 0/10 | 3/5 | 437*243*300(mm) 13(kg) | 1200*1000*140(mm) | 0 | 0 | 1 | 100 | 0 | 0 | 1 | STANDALONE RUNNING | 1 |
| 2023-07-05 10:51:43 | 6 | 2 | 19 | 0 | 0 | 21/50 | 1/10 | 3/5 | 437*243*300(mm) 13(kg) | 1200*1000*140(mm) | 0 | 0 | 1 | 100 | 0 | 0 | 1 | STANDALONE RUNNING | 1 |
| 2023-07-05 10:51:53 | 6 | 2 | 20 | 0 | 0 | 22/50 | 2/10 | 3/5 | 437*243*300(mm) 13(kg) | 1200*1000*140(mm) | 0 | 0 | 1 | 100 | 0 | 0 | 1 | STANDALONE RUNNING | 1 |
| 2023-07-05 10:52:04 | 6 | 2 | 21 | 0 | 0 | 23/50 | 3/10 | 3/5 | 437*243*300(mm) 13(kg) | 1200*1000*140(mm) | 0 | 0 | 1 | 100 | 0 | 0 | 1 | STANDALONE RUNNING | 1 |
| 2023-07-05 10:52:13 | 6 | 2 | 22 | 0 | 0 | 24/50 | 4/10 | 3/5 | 437*243*300(mm) 13(kg) | 1200*1000*140(mm) | 0 | 0 | 1 | 100 | 0 | 0 | 1 | STANDALONE RUNNING | 1 |
| 2023-07-05 10:52:23 | 6 | 2 | 23 | 0 | 0 | 25/50 | 5/10 | 3/5 | 437*243*300(mm) 13(kg) | 1200*1000*140(mm) | 0 | 0 | 1 | 100 | 0 | 0 | 1 | STANDALONE RUNNING | 1 |
| 2023-07-05 10:52:29 | 6 | 2 | 23 | 0 | 0 | 25/50 | 5/10 | 3/5 | 437*243*300(mm) 13(kg) | 1200*1000*140(mm) | 0 | 0 | 1 | 100 | 0 | 0 | 1 | STANDALONE RUNNING | 1 |
| 2023-07-05 10:52:31 | 6 | 2 | 24 | 0 | 0 | 26/50 | 6/10 | 3/5 | 437*243*300(mm) 13(kg) | 1200*1000*140(mm) | 0 | 0 | 1 | 100 | 0 | 0 | 1 | STANDALONE RUNNING | 1 |
| 2023-07-05 10:52:41 | 6 | 2 | 25 | 0 | 0 | 27/50 | 7/10 | 3/5 | 437*243*300(mm) 13(kg) | 1200*1000*140(mm) | 0 | 0 | 1 | 100 | 0 | 0 | 1 | STANDALONE RUNNING | 1 |
| 2023-07-05 10:52:44 | 7 | 2 | 25 | 0 | 0 | 27/50 | 7/10 | 3/5 | 437*243*300(mm) 13(kg) | 1200*1000*140(mm) | 0 | 0 | 1 | 100 | 0 | 0 | 1 | STANDALONE RUNNING | 1 |
| 2023-07-05 10:52:51 | 7 | 2 | 26 | 0 | 0 | 28/50 | 8/10 | 3/5 | 437*243*300(mm) 13(kg) | 1200*1000*140(mm) | 0 | 0 | 1 | 100 | 0 | 0 | 1 | STANDALONE RUNNING | 1 |
| 2023-07-05 10:52:58 | 7 | 2 | 27 | 0 | 0 | 29/50 | 9/10 | 3/5 | 437*243*300(mm) 13(kg) | 1200*1000*140(mm) | 0 | 0 | 1 | 100 | 0 | 0 | 1 | STANDALONE RUNNING | 1 |
| 2023-07-05 10:53:08 | 7 | 2 | 28 | 0 | 0 | 30/50 | 0/10 | 4/5 | 437*243*300(mm) 13(kg) | 1200*1000*140(mm) | 0 | 140 | 1 | 100 | 0 | 0 | 1 | STANDALONE RUNNING | 1 |
| 2023-07-05 10:53:12 | 7 | 2 | 28 | 0 | 0 | 30/50 | 0/10 | 4/5 | 437*243*300(mm) 13(kg) | 1200*1000*140(mm) | 0 | 140 | 1 | 100 | 0 | 0 | 1 | STANDALONE RUNNING | 1 |
| 2023-07-05 10:53:18 | 7 | 2 | 29 | 0 | 0 | 31/50 | 1/10 | 4/5 | 437*243*300(mm) 13(kg) | 1200*1000*140(mm) | 0 | 140 | 1 | 100 | 0 | 0 | 1 | STANDALONE RUNNING | 1 |
| 2023-07-05 10:53:28 | 7 | 2 | 30 | 0 | 0 | 32/50 | 2/10 | 4/5 | 437*243*300(mm) 13(kg) | 1200*1000*140(mm) | 0 | 140 | 1 | 100 | 0 | 0 | 1 | STANDALONE RUNNING | 1 |
| 2023-07-05 10:53:38 | 7 | 2 | 31 | 0 | 0 | 33/50 | 3/10 | 4/5 | 437*243*300(mm) 13(kg) | 1200*1000*140(mm) | 0 | 140 | 1 | 100 | 0 | 0 | 1 | STANDALONE RUNNING | 1 |
| 2023-07-05 10:53:43 | 6 | 2 | 31 | 0 | 0 | 33/50 | 3/10 | 4/5 | 437*243*300(mm) 13(kg) | 1200*1000*140(mm) | 0 | 140 | 1 | 100 | 0 | 0 | 1 | STANDALONE RUNNING | 1 |
| 2023-07-05 10:53:46 | 6 | 2 | 32 | 0 | 0 | 34/50 | 4/10 | 4/5 | 437*243*300(mm) 13(kg) | 1200*1000*140(mm) | 0 | 140 | 1 | 100 | 0 | 0 | 1 | STANDALONE RUNNING | 1 |
| 2023-07-05 10:53:56 | 6 | 2 | 33 | 0 | 0 | 35/50 | 5/10 | 4/5 | 437*243*300(mm) 13(kg) | 1200*1000*140(mm) | 0 | 140 | 1 | 100 | 0 | 0 | 1 | STANDALONE RUNNING | 1 |
| 2023-07-05 10:54:06 | 6 | 2 | 34 | 0 | 0 | 36/50 | 6/10 | 4/5 | 437*243*300(mm) 13(kg) | 1200*1000*140(mm) | 0 | 140 | 1 | 100 | 0 | 0 | 1 | STANDALONE RUNNING | 1 |
| 2023-07-05 10:54:13 | 6 | 2 | 35 | 0 | 0 | 37/50 | 7/10 | 4/5 | 437*243*300(mm) 13(kg) | 1200*1000*140(mm) | 0 | 140 | 1 | 100 | 0 | 0 | 1 | STANDALONE RUNNING | 1 |
| 2023-07-05 10:54:23 | 6 | 2 | 36 | 0 | 0 | 38/50 | 8/10 | 4/5 | 437*243*300(mm) 13(kg) | 1200*1000*140(mm) | 0 | 140 | 1 | 100 | 0 | 0 | 1 | STANDALONE RUNNING | 1 |
| 2023-07-05 10:54:31 | 6 | 2 | 37 | 0 | 0 | 39/50 | 9/10 | 4/5 | 437*243*300(mm) 13(kg) | 1200*1000*140(mm) | 0 | 140 | 1 | 100 | 0 | 0 | 1 | STANDALONE RUNNING | 1 |
| 2023-07-05 10:54:41 | 6 | 2 | 38 | 0 | 0 | 40/50 | 0/10 | 5/5 | 437*243*300(mm) 13(kg) | 1200*1000*140(mm) | 0 | 432 | 1 | 100 | 0 | 0 | 1 | STANDALONE RUNNING | 1 |
| 2023-07-05 10:54:43 | 6 | 2 | 38 | 0 | 0 | 40/50 | 0/10 | 5/5 | 437*243*300(mm) 13(kg) | 1200*1000*140(mm) | 0 | 440 | 1 | 100 | 0 | 0 | 1 | STANDALONE RUNNING | 1 |
| 2023-07-05 10:54:46 | 7 | 2 | 38 | 0 | 0 | 40/50 | 0/10 | 5/5 | 437*243*300(mm) 13(kg) | 1200*1000*140(mm) | 0 | 440 | 1 | 100 | 0 | 0 | 1 | STANDALONE RUNNING | 1 |
| 2023-07-05 10:54:51 | 7 | 2 | 39 | 0 | 0 | 41/50 | 1/10 | 5/5 | 437*243*300(mm) 13(kg) | 1200*1000*140(mm) | 0 | 440 | 1 | 100 | 0 | 0 | 1 | STANDALONE RUNNING | 1 |
| 2023-07-05 10:55:01 | 7 | 2 | 40 | 0 | 0 | 42/50 | 2/10 | 5/5 | 437*243*300(mm) 13(kg) | 1200*1000*140(mm) | 0 | 440 | 1 | 100 | 0 | 0 | 1 | STANDALONE RUNNING | 1 |
| 2023-07-05 10:55:11 | 7 | 2 | 41 | 0 | 0 | 43/50 | 3/10 | 5/5 | 437*243*300(mm) 13(kg) | 1200*1000*140(mm) | 0 | 440 | 1 | 100 | 0 | 0 | 1 | STANDALONE RUNNING | 1 |
| 2023-07-05 10:55:21 | 7 | 2 | 42 | 0 | 0 | 44/50 | 4/10 | 5/5 | 437*243*300(mm) 13(kg) | 1200*1000*140(mm) | 0 | 440 | 1 | 100 | 0 | 0 | 1 | STANDALONE RUNNING | 1 |
| 2023-07-05 10:55:31 | 7 | 2 | 43 | 0 | 0 | 45/50 | 5/10 | 5/5 | 437*243*300(mm) 13(kg) | 1200*1000*140(mm) | 0 | 440 | 1 | 100 | 0 | 0 | 1 | STANDALONE RUNNING | 1 |
| 2023-07-05 10:55:41 | 7 | 2 | 44 | 0 | 0 | 46/50 | 6/10 | 5/5 | 437*243*300(mm) 13(kg) | 1200*1000*140(mm) | 0 | 440 | 1 | 100 | 0 | 0 | 1 | STANDALONE RUNNING | 1 |
| 2023-07-05 10:55:48 | 6 | 2 | 44 | 0 | 0 | 46/50 | 6/10 | 5/5 | 437*243*300(mm) 13(kg) | 1200*1000*140(mm) | 0 | 440 | 1 | 100 | 0 | 0 | 1 | STANDALONE RUNNING | 1 |
| 2023-07-05 10:55:51 | 6 | 2 | 45 | 0 | 0 | 47/50 | 7/10 | 5/5 | 437*243*300(mm) 13(kg) | 1200*1000*140(mm) | 0 | 440 | 1 | 100 | 0 | 0 | 1 | STANDALONE RUNNING | 1 |
| 2023-07-05 10:55:58 | 6 | 2 | 46 | 0 | 0 | 48/50 | 8/10 | 5/5 | 437*243*300(mm) 13(kg) | 1200*1000*140(mm) | 0 | 440 | 1 | 100 | 0 | 0 | 1 | STANDALONE RUNNING | 1 |
| 2023-07-05 10:56:08 | 6 | 2 | 47 | 0 | 0 | 49/50 | 9/10 | 5/5 | 437*243*300(mm) 13(kg) | 1200*1000*140(mm) | 0 | 440 | 1 | 100 | 0 | 0 | 1 | STANDALONE RUNNING | 1 |
| 2023-07-05 10:56:23 | 6 | 2 | 48 | 0 | 0 | 50/50 | 10/10 | 5/5 | 437*243*300(mm) 13(kg) | 1200*1000*140(mm) | 0 | 0 | 1 | 100 | 0 | 0 | 1 | STANDALONE RUNNING | 1 |
| 2023-07-05 10:56:25 | 6 | 2 | 48 | 0 | 0 | 50/50 | 10/10 | 5/5 | 437*243*300(mm) 13(kg) | 1200*1000*140(mm) | 0 | 0 | 1 | 100 | 0 | 0 | 1 | EMERGENCY STOP | 0 |
| 2023-07-05 10:56:26 | 6 | 2 | 48 | 0 | 25 | 50/50 | 10/10 | 5/5 | 437*243*300(mm) 13(kg) | 1200*1000*140(mm) | 0 | 0 | 1 | 100 | 0 | 0 | 1 | EMERGENCY STOP | 0 |
| 2023-07-05 10:56:34 | 6 | 2 | 48 | 0 | 25 | 50/50 | 10/10 | 5/5 | 437*243*300(mm) 13(kg) | 1200*1000*140(mm) | 0 | 0 | 1 | 100 | 0 | 0 | 1 | SAFE OFF | 0 |
| 2023-07-05 10:56:38 | 6 | 2 | 48 | 0 | 0 | 50/50 | 10/10 | 5/5 | 437*243*300(mm) 13(kg) | 1200*1000*140(mm) | 0 | 0 | 1 | 100 | 0 | 0 | 1 | SAFE OFF | 0 |
| 2023-07-05 10:56:39 | 6 | 2 | 48 | 0 | 0 | 50/50 | 10/10 | 5/5 | 437*243*300(mm) 13(kg) | 1200*1000*140(mm) | 0 | 0 | 1 | 100 | 0 | 0 | 1 | STANDALONE STANDBY | 1 |
| 2023-07-05 10:57:00 | 6 | 2 | 48 | 0 | 0 | 50/50 | 10/10 | 5/5 | 437*243*300(mm) 13(kg) | 1200*1000*140(mm) | 0 | 0 | 1 | 100 | 0 | 0 | 1 | EMERGENCY STOP | 0 |
| 2023-07-05 10:57:01 | 6 | 2 | 48 | 0 | 25 | 50/50 | 10/10 | 5/5 | 437*243*300(mm) 13(kg) | 1200*1000*140(mm) | 0 | 0 | 1 | 100 | 0 | 0 | 1 | EMERGENCY STOP | 0 |
| 2023-07-05 10:57:21 | 6 | 2 | 48 | 0 | 25 | 50/50 | 10/10 | 5/5 | 437*243*300(mm) 13(kg) | 1200*1000*140(mm) | 0 | 0 | 1 | 100 | 0 | 0 | 1 | SAFE OFF | 0 |
| 2023-07-05 10:58:14 | 6 | 2 | 48 | 0 | 25 | 50/50 | 10/10 | 5/5 | 437*243*300(mm) 13(kg) | 1200*1000*140(mm) | 0 | 0 | 1 | 100 | 0 | 0 | 1 | EMERGENCY STOP | 0 |
| 2023-07-05 10:58:16 | 6 | 2 | 48 | 0 | 25 | 50/50 | 10/10 | 5/5 | 437*243*300(mm) 13(kg) | 1200*1000*140(mm) | 0 | 0 | 1 | 100 | 0 | 0 | 1 | SAFE OFF | 0 |
| 2023-07-05 10:58:56 | 6 | 2 | 48 | 0 | 25 | 50/50 | 10/10 | 5/5 | 437*243*300(mm) 13(kg) | 1200*1000*140(mm) | 0 | 0 | 1 | 100 | 0 | 0 | 1 | SAFE OFF | 0 |
| 2023-07-05 10:59:43 | 6 | 2 | 48 | 0 | 25 | 50/50 | 10/10 | 5/5 | 437*243*300(mm) 13(kg) | 1200*1000*140(mm) | 0 | 0 | 1 | 100 | 0 | 0 | 1 | EMERGENCY STOP | 0 |
| 2023-07-05 10:59:44 | 6 | 2 | 48 | 0 | 25 | 50/50 | 10/10 | 5/5 | 437*243*300(mm) 13(kg) | 1200*1000*140(mm) | 0 | 0 | 1 | 100 | 0 | 0 | 1 | SAFE OFF | 0 |
| 2023-07-05 11:00:06 | 6 | 2 | 48 | 0 | 24 | 50/50 | 10/10 | 5/5 | 437*243*300(mm) 13(kg) | 1200*1000*140(mm) | 0 | 2 | 1 | 100 | 0 | 0 | 1 | SAFE OFF | 0 |
| 2023-07-05 11:00:15 | 6 | 2 | 48 | 0 | 24 | 50/50 | 10/10 | 5/5 | 437*243*300(mm) 13(kg) | 1200*1000*140(mm) | 0 | 2 | 1 | 100 | 0 | 0 | 1 | EMERGENCY STOP | 0 |
| 2023-07-05 11:00:16 | 6 | 2 | 48 | 0 | 24 | 50/50 | 10/10 | 5/5 | 437*243*300(mm) 13(kg) | 1200*1000*140(mm) | 0 | 1 | 1 | 100 | 0 | 0 | 1 | EMERGENCY STOP | 0 |
| 2023-07-05 11:00:17 | 6 | 2 | 48 | 0 | 24 | 50/50 | 10/10 | 5/5 | 437*243*300(mm) 13(kg) | 1200*1000*140(mm) | 0 | 1 | 1 | 100 | 0 | 0 | 1 | SAFE OFF | 0 |
| 2023-07-05 11:02:31 | 6 | 2 | 48 | 0 | 24 | 50/50 | 10/10 | 5/5 | 437*243*300(mm) 13(kg) | 1200*1000*140(mm) | 0 | 1 | 1 | 100 | 0 | 0 | 1 | EMERGENCY STOP | 0 |
| 2023-07-05 11:02:34 | 6 | 2 | 48 | 0 | 24 | 50/50 | 10/10 | 5/5 | 437*243*300(mm) 13(kg) | 1200*1000*140(mm) | 0 | 1 | 1 | 100 | 0 | 0 | 1 | SAFE OFF | 0 |
| 2023-07-05 11:03:51 | 6 | 2 | 48 | 0 | 24 | 50/50 | 10/10 | 5/5 | 437*243*300(mm) 13(kg) | 1200*1000*140(mm) | 0 | 1 | 1 | 100 | 0 | 0 | 1 | SAFE OFF | 0 |
| 2023-07-05 11:04:44 | 6 | 2 | 48 | 0 | 24 | 50/50 | 10/10 | 5/5 | 437*243*300(mm) 13(kg) | 1200*1000*140(mm) | 0 | 1 | 1 | 100 | 0 | 0 | 1 | EMERGENCY STOP | 0 |
| 2023-07-05 11:04:47 | 6 | 2 | 48 | 0 | 24 | 50/50 | 10/10 | 5/5 | 437*243*300(mm) 13(kg) | 1200*1000*140(mm) | 0 | 1 | 1 | 100 | 0 | 0 | 1 | SAFE OFF | 0 |
| 2023-07-05 11:06:08 | 0 | 0 | 0 | 0 | 25 | 0/0 | 0/0 | 0/0 | 0*0*0(mm) 0(kg) | 0*0*0(mm) | 0 | 1 | 0 | 100 | 0 | 0 | 1 | SAFE OFF | 0 |
| 2023-07-05 11:06:10 | 0 | 0 | 0 | 0 | 0 | 0/0 | 0/0 | 0/0 | 0*0*0(mm) 0(kg) | 0*0*0(mm) | 0 | 1 | 0 | 100 | 0 | 0 | 1 | SAFE OFF | 0 |
| 2023-07-05 11:06:11 | 0 | 0 | 0 | 0 | 0 | 0/0 | 0/0 | 0/0 | 0*0*0(mm) 0(kg) | 0*0*0(mm) | 0 | 1 | 0 | 100 | 0 | 0 | 1 | STANDALONE STANDBY | 1 |
| 2023-07-05 11:06:20 | 0 | 0 | 0 | 0 | 0 | 0/0 | 0/0 | 0/0 | 0*0*0(mm) 0(kg) | 0*0*0(mm) | 0 | 1 | 0 | 100 | 0 | 0 | 1 | STANDALONE RUNNING | 1 |
| 2023-07-05 11:06:23 | 0 | 0 | 0 | 0 | 0 | 0/0 | 0/0 | 0/0 | 0*0*0(mm) 0(kg) | 0*0*0(mm) | 0 | 0 | 0 | 100 | 0 | 0 | 1 | STANDALONE RUNNING | 1 |
| 2023-07-05 11:06:31 | 0 | 0 | 0 | 0 | 0 | 0/0 | 0/0 | 0/0 | 0*0*0(mm) 0(kg) | 0*0*0(mm) | 0 | 0 | 0 | 100 | 0 | 0 | 1 | EMERGENCY STOP | 0 |
| 2023-07-05 11:06:33 | 0 | 0 | 0 | 0 | 25 | 0/0 | 0/0 | 0/0 | 0*0*0(mm) 0(kg) | 0*0*0(mm) | 0 | 0 | 0 | 100 | 0 | 0 | 1 | EMERGENCY STOP | 0 |
| 2023-07-05 11:06:34 | 0 | 0 | 0 | 0 | 25 | 0/0 | 0/0 | 0/0 | 0*0*0(mm) 0(kg) | 0*0*0(mm) | 0 | 0 | 0 | 100 | 0 | 0 | 1 | SAFE OFF | 0 |
| 2023-07-05 11:06:37 | 0 | 0 | 0 | 0 | 25 | 0/0 | 0/0 | 0/0 | 0*0*0(mm) 0(kg) | 0*0*0(mm) | 0 | 0 | 0 | 100 | 0 | 0 | 1 | STANDALONE STANDBY | 1 |
| 2023-07-05 11:06:38 | 0 | 0 | 0 | 0 | 0 | 0/0 | 0/0 | 0/0 | 0*0*0(mm) 0(kg) | 0*0*0(mm) | 0 | 0 | 0 | 100 | 0 | 0 | 1 | STANDALONE STANDBY | 1 |
| 2023-07-05 11:06:45 | 0 | 0 | 0 | 0 | 0 | 0/0 | 0/0 | 0/0 | 0*0*0(mm) 0(kg) | 0*0*0(mm) | 0 | 0 | 0 | 100 | 0 | 0 | 1 | STANDALONE RUNNING | 1 |
| 2023-07-05 11:06:47 | 0 | 0 | 0 | 0 | 0 | 0/0 | 0/0 | 0/0 | 0*0*0(mm) 0(kg) | 0*0*0(mm) | 0 | 0 | 0 | 100 | 0 | 0 | 1 | EMERGENCY STOP | 0 |
| 2023-07-05 11:06:48 | 0 | 0 | 0 | 0 | 25 | 0/0 | 0/0 | 0/0 | 0*0*0(mm) 0(kg) | 0*0*0(mm) | 0 | 0 | 0 | 100 | 0 | 0 | 1 | EMERGENCY STOP | 0 |
| 2023-07-05 11:06:48 | 0 | 0 | 0 | 0 | 25 | 0/0 | 0/0 | 0/0 | 0*0*0(mm) 0(kg) | 0*0*0(mm) | 0 | 0 | 0 | 100 | 0 | 0 | 1 | SAFE OFF | 0 |
| 2023-07-05 11:06:52 | 0 | 0 | 0 | 0 | 25 | 0/0 | 0/0 | 0/0 | 0*0*0(mm) 0(kg) | 0*0*0(mm) | 0 | 0 | 0 | 100 | 0 | 0 | 1 | STANDALONE STANDBY | 1 |
| 2023-07-05 11:06:53 | 0 | 0 | 0 | 0 | 0 | 0/0 | 0/0 | 0/0 | 0*0*0(mm) 0(kg) | 0*0*0(mm) | 0 | 0 | 0 | 100 | 0 | 0 | 1 | STANDALONE STANDBY | 1 |
| 2023-07-05 11:06:58 | 0 | 0 | 0 | 0 | 0 | 0/0 | 0/0 | 0/0 | 0*0*0(mm) 0(kg) | 0*0*0(mm) | 0 | 0 | 0 | 100 | 0 | 0 | 1 | STANDALONE RUNNING | 1 |
| 2023-07-05 11:06:59 | 0 | 0 | 0 | 0 | 0 | 0/0 | 0/0 | 0/0 | 0*0*0(mm) 0(kg) | 0*0*0(mm) | 0 | 0 | 0 | 100 | 0 | 0 | 1 | EMERGENCY STOP | 0 |
| 2023-07-05 11:07:01 | 0 | 0 | 0 | 0 | 0 | 0/0 | 0/0 | 0/0 | 0*0*0(mm) 0(kg) | 0*0*0(mm) | 0 | 0 | 0 | 100 | 0 | 0 | 1 | SAFE OFF | 0 |
| 2023-07-05 11:07:04 | 0 | 0 | 0 | 0 | 0 | 0/0 | 0/0 | 0/0 | 0*0*0(mm) 0(kg) | 0*0*0(mm) | 0 | 0 | 0 | 100 | 0 | 0 | 1 | STANDALONE STANDBY | 1 |
| 2023-07-05 11:07:11 | 0 | 0 | 0 | 0 | 0 | 0/0 | 0/0 | 0/0 | 0*0*0(mm) 0(kg) | 0*0*0(mm) | 0 | 0 | 0 | 100 | 0 | 0 | 1 | STANDALONE RUNNING | 1 |
| 2023-07-05 11:07:18 | 0 | 0 | 0 | 0 | 0 | 0/0 | 0/0 | 0/0 | 0*0*0(mm) 0(kg) | 0*0*0(mm) | 0 | 10 | 0 | 100 | 0 | 0 | 1 | STANDALONE RUNNING | 1 |
| 2023-07-05 11:07:19 | 0 | 0 | 0 | 0 | 0 | 0/0 | 0/0 | 0/0 | 0*0*0(mm) 0(kg) | 0*0*0(mm) | 0 | 10 | 0 | 100 | 0 | 0 | 1 | EMERGENCY STOP | 0 |
| 2023-07-05 11:07:20 | 0 | 0 | 0 | 0 | 25 | 0/0 | 0/0 | 0/0 | 0*0*0(mm) 0(kg) | 0*0*0(mm) | 0 | 27 | 0 | 100 | 0 | 0 | 1 | EMERGENCY STOP | 0 |
| 2023-07-05 11:07:21 | 0 | 0 | 0 | 0 | 25 | 0/0 | 0/0 | 0/0 | 0*0*0(mm) 0(kg) | 0*0*0(mm) | 0 | 27 | 0 | 100 | 0 | 0 | 1 | SAFE OFF | 0 |
| 2023-07-05 11:07:24 | 0 | 0 | 0 | 0 | 25 | 0/0 | 0/0 | 0/0 | 0*0*0(mm) 0(kg) | 0*0*0(mm) | 0 | 27 | 0 | 100 | 0 | 0 | 1 | STANDALONE STANDBY | 1 |
| 2023-07-05 11:07:25 | 0 | 0 | 0 | 0 | 0 | 0/0 | 0/0 | 0/0 | 0*0*0(mm) 0(kg) | 0*0*0(mm) | 0 | 27 | 0 | 100 | 0 | 0 | 1 | STANDALONE STANDBY | 1 |
| 2023-07-05 11:07:30 | 0 | 0 | 0 | 0 | 0 | 0/0 | 0/0 | 0/0 | 0*0*0(mm) 0(kg) | 0*0*0(mm) | 0 | 27 | 0 | 100 | 0 | 0 | 1 | STANDALONE RUNNING | 1 |
| 2023-07-05 11:07:36 | 0 | 0 | 0 | 0 | 0 | 0/0 | 0/0 | 0/0 | 0*0*0(mm) 0(kg) | 0*0*0(mm) | 0 | 0 | 0 | 100 | 0 | 0 | 1 | STANDALONE RUNNING | 1 |
| 2023-07-05 11:07:38 | 0 | 0 | 0 | 0 | 0 | 0/0 | 0/0 | 0/0 | 0*0*0(mm) 0(kg) | 0*0*0(mm) | 0 | 0 | 0 | 100 | 0 | 0 | 1 | STANDALONE RUNNING | 0 |
| 2023-07-05 11:07:39 | 0 | 0 | 0 | 0 | 0 | 0/0 | 0/0 | 0/0 | 0*0*0(mm) 0(kg) | 0*0*0(mm) | 0 | 0 | 0 | 100 | 0 | 0 | 1 | EMERGENCY STOP | 0 |
| 2023-07-05 11:07:40 | 0 | 0 | 0 | 0 | 25 | 0/0 | 0/0 | 0/0 | 0*0*0(mm) 0(kg) | 0*0*0(mm) | 0 | 0 | 0 | 100 | 0 | 0 | 1 | SAFE OFF | 0 |
| 2023-07-05 11:07:43 | 0 | 0 | 0 | 0 | 0 | 0/0 | 0/0 | 0/0 | 0*0*0(mm) 0(kg) | 0*0*0(mm) | 0 | 0 | 0 | 100 | 0 | 0 | 1 | SAFE OFF | 0 |
| 2023-07-05 11:07:43 | 0 | 0 | 0 | 0 | 0 | 0/0 | 0/0 | 0/0 | 0*0*0(mm) 0(kg) | 0*0*0(mm) | 0 | 0 | 0 | 100 | 0 | 0 | 1 | STANDALONE STANDBY | 1 |
| 2023-07-05 11:07:47 | 0 | 0 | 0 | 0 | 0 | 0/0 | 0/0 | 0/0 | 0*0*0(mm) 0(kg) | 0*0*0(mm) | 0 | 0 | 0 | 100 | 0 | 0 | 1 | EMERGENCY STOP | 0 |
| 2023-07-05 11:07:48 | 0 | 0 | 0 | 0 | 25 | 0/0 | 0/0 | 0/0 | 0*0*0(mm) 0(kg) | 0*0*0(mm) | 0 | 0 | 0 | 100 | 0 | 0 | 1 | EMERGENCY STOP | 0 |
| 2023-07-05 11:07:49 | 0 | 0 | 0 | 0 | 25 | 0/0 | 0/0 | 0/0 | 0*0*0(mm) 0(kg) | 0*0*0(mm) | 0 | 0 | 0 | 100 | 0 | 0 | 1 | SAFE OFF | 0 |
| 2023-07-05 11:07:52 | 0 | 0 | 0 | 0 | 25 | 0/0 | 0/0 | 0/0 | 0*0*0(mm) 0(kg) | 0*0*0(mm) | 0 | 0 | 0 | 100 | 0 | 0 | 1 | STANDALONE STANDBY | 1 |
| 2023-07-05 11:07:53 | 0 | 0 | 0 | 0 | 0 | 0/0 | 0/0 | 0/0 | 0*0*0(mm) 0(kg) | 0*0*0(mm) | 0 | 0 | 0 | 100 | 0 | 0 | 1 | STANDALONE STANDBY | 1 |
| 2023-07-05 11:07:56 | 0 | 0 | 0 | 0 | 0 | 0/0 | 0/0 | 0/0 | 0*0*0(mm) 0(kg) | 0*0*0(mm) | 0 | 0 | 0 | 100 | 0 | 0 | 1 | EMERGENCY STOP | 0 |
| 2023-07-05 11:07:59 | 0 | 0 | 0 | 0 | 0 | 0/0 | 0/0 | 0/0 | 0*0*0(mm) 0(kg) | 0*0*0(mm) | 0 | 0 | 0 | 100 | 0 | 0 | 1 | SAFE OFF | 0 |
| 2023-07-05 11:08:01 | 0 | 0 | 0 | 0 | 0 | 0/0 | 0/0 | 0/0 | 0*0*0(mm) 0(kg) | 0*0*0(mm) | 0 | 0 | 0 | 100 | 0 | 0 | 1 | STANDALONE STANDBY | 1 |
| 2023-07-05 11:08:09 | 0 | 0 | 0 | 0 | 0 | 0/0 | 0/0 | 0/0 | 0*0*0(mm) 0(kg) | 0*0*0(mm) | 0 | 0 | 0 | 100 | 0 | 0 | 1 | STANDALONE RUNNING | 1 |
| 2023-07-05 11:10:38 | 0 | 1 | 48 | 0 | 0 | 0/40 | 0/8 | 1/5 | 460*266*320(mm) 16(kg) | 1100*1100*150(mm) | 0 | 0 | 1 | 100 | 0 | 0 | 1 | STANDALONE RUNNING | 1 |
| 2023-07-05 11:10:42 | 0 | 1 | 48 | 0 | 0 | 0/40 | 0/8 | 1/5 | 460*266*320(mm) 16(kg) | 1100*1100*150(mm) | 0 | 0 | 1 | 100 | 0 | 0 | 1 | STANDALONE RUNNING | 0 |
| 2023-07-05 11:10:43 | 0 | 1 | 48 | 0 | 0 | 0/40 | 0/8 | 1/5 | 460*266*320(mm) 16(kg) | 1100*1100*150(mm) | 0 | 0 | 1 | 100 | 0 | 0 | 1 | EMERGENCY STOP | 0 |
| 2023-07-05 11:10:44 | 0 | 1 | 48 | 0 | 0 | 0/40 | 0/8 | 1/5 | 460*266*320(mm) 16(kg) | 1100*1100*150(mm) | 0 | 0 | 1 | 100 | 0 | 0 | 1 | SAFE OFF | 0 |
| 2023-07-05 11:10:48 | 0 | 1 | 48 | 0 | 0 | 0/40 | 0/8 | 1/5 | 460*266*320(mm) 16(kg) | 1100*1100*150(mm) | 0 | 0 | 1 | 100 | 0 | 0 | 1 | STANDALONE STANDBY | 1 |
| 2023-07-05 11:10:53 | 0 | 1 | 48 | 0 | 0 | 0/40 | 0/8 | 1/5 | 460*266*320(mm) 16(kg) | 1100*1100*150(mm) | 0 | 0 | 1 | 100 | 0 | 0 | 1 | STANDALONE RUNNING | 1 |
| 2023-07-05 11:13:27 | 0 | 1 | 48 | 0 | 0 | 0/40 | 0/8 | 1/5 | 460*266*320(mm) 16(kg) | 1100*1100*150(mm) | 0 | 0 | 1 | 100 | 0 | 0 | 1 | STANDALONE STANDBY | 1 |
| 2023-07-05 11:19:39 | 0 | 1 | 48 | 0 | 0 | 0/40 | 0/8 | 1/5 | 460*266*320(mm) 16(kg) | 1100*1100*150(mm) | 0 | 0 | 1 | 100 | 0 | 0 | 1 | STANDALONE STANDBY | 0 |
| 2023-07-05 11:19:40 | 0 | 1 | 48 | 0 | 0 | 0/40 | 0/8 | 1/5 | 460*266*320(mm) 16(kg) | 1100*1100*150(mm) | 0 | 0 | 1 | 100 | 0 | 0 | 1 | SAFE OFF | 0 |
| 2023-07-05 11:19:40 | 0 | 1 | 48 | 0 | 25 | 0/40 | 0/8 | 1/5 | 460*266*320(mm) 16(kg) | 1100*1100*150(mm) | 0 | 0 | 1 | 100 | 0 | 0 | 1 | SAFE OFF | 0 |
| 2023-07-05 11:24:13 | 0 | 1 | 48 | 0 | 25 | 0/40 | 0/8 | 1/5 | 460*266*320(mm) 16(kg) | 1100*1100*150(mm) | 0 | 0 | 1 | 100 | 0 | 0 | 1 | SAFE OFF | 0 |
| 2023-07-05 11:24:52 | 0 | 1 | 48 | 0 | 25 | 0/40 | 0/8 | 1/5 | 460*266*320(mm) 16(kg) | 1100*1100*150(mm) | 0 | 0 | 1 | 100 | 0 | 0 | 1 | STANDALONE STANDBY | 1 |
| 2023-07-05 11:24:53 | 0 | 1 | 48 | 0 | 0 | 0/40 | 0/8 | 1/5 | 460*266*320(mm) 16(kg) | 1100*1100*150(mm) | 0 | 0 | 1 | 100 | 0 | 0 | 1 | STANDALONE STANDBY | 1 |
| 2023-07-05 11:24:59 | 0 | 1 | 48 | 0 | 0 | 0/40 | 0/8 | 1/5 | 460*266*320(mm) 16(kg) | 1100*1100*150(mm) | 0 | 0 | 1 | 100 | 0 | 0 | 1 | STANDALONE RUNNING | 1 |
| 2023-07-05 11:55:27 | 5 | 2 | 56 | 0 | 0 | 8/50 | 8/10 | 1/5 | 437*243*300(mm) 13(kg) | 1200*1000*140(mm) | 0 | 0 | 1 | 100 | 0 | 0 | 1 | STANDALONE STANDBY | 1 |
| 2023-07-05 11:55:30 | 5 | 2 | 57 | 0 | 0 | 9/50 | 9/10 | 1/5 | 437*243*300(mm) 13(kg) | 1200*1000*140(mm) | 0 | 0 | 1 | 100 | 0 | 0 | 1 | STANDALONE RUNNING | 1 |
| 2023-07-05 11:55:40 | 5 | 2 | 58 | 0 | 0 | 10/50 | 0/10 | 2/5 | 437*243*300(mm) 13(kg) | 1200*1000*140(mm) | 0 | 0 | 1 | 100 | 0 | 0 | 1 | STANDALONE RUNNING | 1 |
| 2023-07-05 11:55:50 | 5 | 2 | 59 | 0 | 0 | 11/50 | 1/10 | 2/5 | 437*243*300(mm) 13(kg) | 1200*1000*140(mm) | 0 | 0 | 1 | 100 | 0 | 0 | 1 | STANDALONE RUNNING | 1 |
| 2023-07-05 11:55:55 | 6 | 2 | 59 | 0 | 0 | 11/50 | 1/10 | 2/5 | 437*243*300(mm) 13(kg) | 1200*1000*140(mm) | 0 | 0 | 1 | 100 | 0 | 0 | 1 | STANDALONE RUNNING | 1 |
| 2023-07-05 11:56:00 | 6 | 2 | 60 | 0 | 0 | 12/50 | 2/10 | 2/5 | 437*243*300(mm) 13(kg) | 1200*1000*140(mm) | 0 | 0 | 1 | 100 | 0 | 0 | 1 | STANDALONE RUNNING | 1 |
| 2023-07-05 11:56:10 | 6 | 2 | 61 | 0 | 0 | 13/50 | 3/10 | 2/5 | 437*243*300(mm) 13(kg) | 1200*1000*140(mm) | 0 | 0 | 1 | 100 | 0 | 0 | 1 | STANDALONE RUNNING | 1 |
| 2023-07-05 11:56:20 | 6 | 2 | 62 | 0 | 0 | 14/50 | 4/10 | 2/5 | 437*243*300(mm) 13(kg) | 1200*1000*140(mm) | 0 | 0 | 1 | 100 | 0 | 0 | 1 | STANDALONE RUNNING | 1 |
| 2023-07-05 11:56:30 | 6 | 2 | 63 | 0 | 0 | 15/50 | 5/10 | 2/5 | 437*243*300(mm) 13(kg) | 1200*1000*140(mm) | 0 | 0 | 1 | 100 | 0 | 0 | 1 | STANDALONE RUNNING | 1 |
| 2023-07-05 11:56:40 | 6 | 2 | 64 | 0 | 0 | 16/50 | 6/10 | 2/5 | 437*243*300(mm) 13(kg) | 1200*1000*140(mm) | 0 | 0 | 1 | 100 | 0 | 0 | 1 | STANDALONE RUNNING | 1 |
| 2023-07-05 11:56:50 | 6 | 2 | 65 | 0 | 0 | 17/50 | 7/10 | 2/5 | 437*243*300(mm) 13(kg) | 1200*1000*140(mm) | 0 | 0 | 1 | 100 | 0 | 0 | 1 | STANDALONE RUNNING | 1 |
| 2023-07-05 11:56:58 | 7 | 2 | 66 | 0 | 0 | 18/50 | 8/10 | 2/5 | 437*243*300(mm) 13(kg) | 1200*1000*140(mm) | 0 | 0 | 1 | 100 | 0 | 0 | 1 | STANDALONE RUNNING | 1 |
| 2023-07-05 11:57:08 | 7 | 2 | 67 | 0 | 0 | 19/50 | 9/10 | 2/5 | 437*243*300(mm) 13(kg) | 1200*1000*140(mm) | 0 | 0 | 1 | 100 | 0 | 0 | 1 | STANDALONE RUNNING | 1 |
| 2023-07-05 11:57:18 | 7 | 2 | 68 | 0 | 0 | 20/50 | 0/10 | 3/5 | 437*243*300(mm) 13(kg) | 1200*1000*140(mm) | 0 | 0 | 1 | 100 | 0 | 0 | 1 | STANDALONE RUNNING | 1 |
| 2023-07-05 11:57:28 | 7 | 2 | 69 | 0 | 0 | 21/50 | 1/10 | 3/5 | 437*243*300(mm) 13(kg) | 1200*1000*140(mm) | 0 | 0 | 1 | 100 | 0 | 0 | 1 | STANDALONE RUNNING | 1 |
| 2023-07-05 11:57:35 | 7 | 2 | 70 | 0 | 0 | 22/50 | 2/10 | 3/5 | 437*243*300(mm) 13(kg) | 1200*1000*140(mm) | 0 | 0 | 1 | 100 | 0 | 0 | 1 | STANDALONE RUNNING | 1 |
| 2023-07-05 11:57:45 | 7 | 2 | 71 | 0 | 0 | 23/50 | 3/10 | 3/5 | 437*243*300(mm) 13(kg) | 1200*1000*140(mm) | 0 | 0 | 1 | 100 | 0 | 0 | 1 | STANDALONE RUNNING | 1 |
| 2023-07-05 11:57:55 | 7 | 2 | 72 | 0 | 0 | 24/50 | 4/10 | 3/5 | 437*243*300(mm) 13(kg) | 1200*1000*140(mm) | 0 | 0 | 1 | 100 | 0 | 0 | 1 | STANDALONE RUNNING | 1 |
| 2023-07-05 11:58:00 | 6 | 2 | 72 | 0 | 0 | 24/50 | 4/10 | 3/5 | 437*243*300(mm) 13(kg) | 1200*1000*140(mm) | 0 | 0 | 1 | 100 | 0 | 0 | 1 | STANDALONE RUNNING | 1 |
| 2023-07-05 11:58:05 | 6 | 2 | 73 | 0 | 0 | 25/50 | 5/10 | 3/5 | 437*243*300(mm) 13(kg) | 1200*1000*140(mm) | 0 | 0 | 1 | 100 | 0 | 0 | 1 | STANDALONE RUNNING | 1 |
| 2023-07-05 11:58:13 | 6 | 2 | 74 | 0 | 0 | 26/50 | 6/10 | 3/5 | 437*243*300(mm) 13(kg) | 1200*1000*140(mm) | 0 | 0 | 1 | 100 | 0 | 0 | 1 | STANDALONE RUNNING | 1 |
| 2023-07-05 11:58:23 | 6 | 2 | 75 | 0 | 0 | 27/50 | 7/10 | 3/5 | 437*243*300(mm) 13(kg) | 1200*1000*140(mm) | 0 | 0 | 1 | 100 | 0 | 0 | 1 | STANDALONE RUNNING | 1 |
| 2023-07-05 11:58:32 | 6 | 2 | 76 | 0 | 0 | 28/50 | 8/10 | 3/5 | 437*243*300(mm) 13(kg) | 1200*1000*140(mm) | 0 | 0 | 1 | 100 | 0 | 0 | 1 | STANDALONE RUNNING | 1 |
| 2023-07-05 11:58:40 | 6 | 2 | 77 | 0 | 0 | 29/50 | 9/10 | 3/5 | 437*243*300(mm) 13(kg) | 1200*1000*140(mm) | 0 | 0 | 1 | 100 | 0 | 0 | 1 | STANDALONE RUNNING | 1 |
| 2023-07-05 11:58:50 | 6 | 2 | 78 | 0 | 0 | 30/50 | 0/10 | 4/5 | 437*243*300(mm) 13(kg) | 1200*1000*140(mm) | 0 | 140 | 1 | 100 | 0 | 0 | 1 | STANDALONE RUNNING | 1 |
| 2023-07-05 11:59:00 | 6 | 2 | 79 | 0 | 0 | 31/50 | 1/10 | 4/5 | 437*243*300(mm) 13(kg) | 1200*1000*140(mm) | 0 | 140 | 1 | 100 | 0 | 0 | 1 | STANDALONE RUNNING | 1 |
| 2023-07-05 11:59:02 | 7 | 2 | 79 | 0 | 0 | 31/50 | 1/10 | 4/5 | 437*243*300(mm) 13(kg) | 1200*1000*140(mm) | 0 | 140 | 1 | 100 | 0 | 0 | 1 | STANDALONE RUNNING | 1 |
| 2023-07-05 11:59:10 | 7 | 2 | 80 | 0 | 0 | 32/50 | 2/10 | 4/5 | 437*243*300(mm) 13(kg) | 1200*1000*140(mm) | 0 | 140 | 1 | 100 | 0 | 0 | 1 | STANDALONE RUNNING | 1 |
| 2023-07-05 11:59:18 | 7 | 2 | 81 | 0 | 0 | 33/50 | 3/10 | 4/5 | 437*243*300(mm) 13(kg) | 1200*1000*140(mm) | 0 | 140 | 1 | 100 | 0 | 0 | 1 | STANDALONE RUNNING | 1 |
| 2023-07-05 11:59:28 | 7 | 2 | 82 | 0 | 0 | 34/50 | 4/10 | 4/5 | 437*243*300(mm) 13(kg) | 1200*1000*140(mm) | 0 | 140 | 1 | 100 | 0 | 0 | 1 | STANDALONE RUNNING | 1 |
| 2023-07-05 11:59:38 | 7 | 2 | 83 | 0 | 0 | 35/50 | 5/10 | 4/5 | 437*243*300(mm) 13(kg) | 1200*1000*140(mm) | 0 | 140 | 1 | 100 | 0 | 0 | 1 | STANDALONE RUNNING | 1 |
| 2023-07-05 11:59:48 | 7 | 2 | 84 | 0 | 0 | 36/50 | 6/10 | 4/5 | 437*243*300(mm) 13(kg) | 1200*1000*140(mm) | 0 | 140 | 1 | 100 | 0 | 0 | 1 | STANDALONE RUNNING | 1 |
| 2023-07-05 11:59:55 | 7 | 2 | 85 | 0 | 0 | 37/50 | 7/10 | 4/5 | 437*243*300(mm) 13(kg) | 1200*1000*140(mm) | 0 | 140 | 1 | 100 | 0 | 0 | 1 | STANDALONE RUNNING | 1 |
| 2023-07-05 12:00:03 | 6 | 2 | 85 | 0 | 0 | 37/50 | 7/10 | 4/5 | 437*243*300(mm) 13(kg) | 1200*1000*140(mm) | 0 | 140 | 1 | 100 | 0 | 0 | 1 | STANDALONE RUNNING | 1 |
| 2023-07-05 12:00:05 | 6 | 2 | 86 | 0 | 0 | 38/50 | 8/10 | 4/5 | 437*243*300(mm) 13(kg) | 1200*1000*140(mm) | 0 | 140 | 1 | 100 | 0 | 0 | 1 | STANDALONE RUNNING | 1 |
| 2023-07-05 12:00:13 | 6 | 2 | 87 | 0 | 0 | 39/50 | 9/10 | 4/5 | 437*243*300(mm) 13(kg) | 1200*1000*140(mm) | 0 | 140 | 1 | 100 | 0 | 0 | 1 | STANDALONE RUNNING | 1 |
| 2023-07-05 12:00:23 | 6 | 2 | 88 | 0 | 0 | 40/50 | 0/10 | 5/5 | 437*243*300(mm) 13(kg) | 1200*1000*140(mm) | 0 | 440 | 1 | 100 | 0 | 0 | 1 | STANDALONE RUNNING | 1 |
| 2023-07-05 12:00:33 | 6 | 2 | 89 | 0 | 0 | 41/50 | 1/10 | 5/5 | 437*243*300(mm) 13(kg) | 1200*1000*140(mm) | 0 | 440 | 1 | 100 | 0 | 0 | 1 | STANDALONE RUNNING | 1 |
| 2023-07-05 12:00:43 | 6 | 2 | 90 | 0 | 0 | 42/50 | 2/10 | 5/5 | 437*243*300(mm) 13(kg) | 1200*1000*140(mm) | 0 | 440 | 1 | 100 | 0 | 0 | 1 | STANDALONE RUNNING | 1 |
| 2023-07-05 12:00:52 | 6 | 2 | 91 | 0 | 0 | 43/50 | 3/10 | 5/5 | 437*243*300(mm) 13(kg) | 1200*1000*140(mm) | 0 | 440 | 1 | 100 | 0 | 0 | 1 | STANDALONE RUNNING | 1 |
| 2023-07-05 12:01:03 | 6 | 2 | 92 | 0 | 0 | 44/50 | 4/10 | 5/5 | 437*243*300(mm) 13(kg) | 1200*1000*140(mm) | 0 | 440 | 1 | 100 | 0 | 0 | 1 | STANDALONE RUNNING | 1 |
| 2023-07-05 12:01:05 | 7 | 2 | 92 | 0 | 0 | 44/50 | 4/10 | 5/5 | 437*243*300(mm) 13(kg) | 1200*1000*140(mm) | 0 | 440 | 1 | 100 | 0 | 0 | 1 | STANDALONE RUNNING | 1 |
| 2023-07-05 12:01:13 | 7 | 2 | 93 | 0 | 0 | 45/50 | 5/10 | 5/5 | 437*243*300(mm) 13(kg) | 1200*1000*140(mm) | 0 | 440 | 1 | 100 | 0 | 0 | 1 | STANDALONE RUNNING | 1 |
| 2023-07-05 12:01:23 | 7 | 2 | 94 | 0 | 0 | 46/50 | 6/10 | 5/5 | 437*243*300(mm) 13(kg) | 1200*1000*140(mm) | 0 | 440 | 1 | 100 | 0 | 0 | 1 | STANDALONE RUNNING | 1 |
| 2023-07-05 12:01:30 | 7 | 2 | 95 | 0 | 0 | 47/50 | 7/10 | 5/5 | 437*243*300(mm) 13(kg) | 1200*1000*140(mm) | 0 | 440 | 1 | 100 | 0 | 0 | 1 | STANDALONE RUNNING | 1 |
| 2023-07-05 12:01:40 | 7 | 2 | 96 | 0 | 0 | 48/50 | 8/10 | 5/5 | 437*243*300(mm) 13(kg) | 1200*1000*140(mm) | 0 | 440 | 1 | 100 | 0 | 0 | 1 | STANDALONE RUNNING | 1 |
| 2023-07-05 12:01:50 | 7 | 2 | 97 | 0 | 0 | 49/50 | 9/10 | 5/5 | 437*243*300(mm) 13(kg) | 1200*1000*140(mm) | 0 | 440 | 1 | 100 | 0 | 0 | 1 | STANDALONE RUNNING | 1 |
| 2023-07-05 12:02:05 | 7 | 2 | 98 | 0 | 0 | 50/50 | 10/10 | 5/5 | 437*243*300(mm) 13(kg) | 1200*1000*140(mm) | 0 | 0 | 1 | 100 | 0 | 0 | 1 | STANDALONE RUNNING | 1 |
| 2023-07-05 12:02:43 | 7 | 2 | 98 | 0 | 0 | 0/50 | 0/10 | 1/5 | 437*243*300(mm) 13(kg) | 1200*1000*140(mm) | 0 | 0 | 1 | 100 | 0 | 0 | 1 | STANDALONE RUNNING | 1 |
| 2023-07-05 12:02:53 | 7 | 2 | 99 | 0 | 0 | 1/50 | 1/10 | 1/5 | 437*243*300(mm) 13(kg) | 1200*1000*140(mm) | 0 | 0 | 1 | 100 | 0 | 0 | 1 | STANDALONE RUNNING | 1 |
| 2023-07-05 12:03:03 | 7 | 2 | 100 | 0 | 0 | 2/50 | 2/10 | 1/5 | 437*243*300(mm) 13(kg) | 1200*1000*140(mm) | 0 | 0 | 1 | 100 | 0 | 0 | 1 | STANDALONE RUNNING | 1 |
| 2023-07-05 12:03:13 | 7 | 2 | 101 | 0 | 0 | 3/50 | 3/10 | 1/5 | 437*243*300(mm) 13(kg) | 1200*1000*140(mm) | 0 | 0 | 1 | 100 | 0 | 0 | 1 | STANDALONE RUNNING | 1 |
| 2023-07-05 12:03:35 | 7 | 2 | 102 | 0 | 0 | 4/50 | 4/10 | 1/5 | 437*243*300(mm) 13(kg) | 1200*1000*140(mm) | 0 | 0 | 1 | 100 | 0 | 0 | 1 | STANDALONE RUNNING | 1 |
| 2023-07-05 13:24:38 | 0 | 0 | 0 | 0 | 18 | 0/0 | 0/0 | 0/0 | 0*0*0(mm) 0(kg) | 0*0*0(mm) | 0 | 0 | 0 | 100 | 0 | 0 | 1 | STANDALONE STANDBY | 1 |
| 2023-07-05 13:25:31 | 0 | 0 | 0 | 0 | 18 | 0/0 | 0/0 | 0/0 | 0*0*0(mm) 0(kg) | 0*0*0(mm) | 0 | 0 | 0 | 100 | 0 | 0 | 1 | EMERGENCY STOP | 0 |
| 2023-07-05 13:25:32 | 0 | 0 | 0 | 0 | 25 | 0/0 | 0/0 | 0/0 | 0*0*0(mm) 0(kg) | 0*0*0(mm) | 0 | 0 | 0 | 100 | 0 | 0 | 1 | EMERGENCY STOP | 0 |
| 2023-07-05 13:25:33 | 0 | 0 | 0 | 0 | 25 | 0/0 | 0/0 | 0/0 | 0*0*0(mm) 0(kg) | 0*0*0(mm) | 0 | 0 | 0 | 100 | 0 | 0 | 1 | SAFE OFF | 0 |
| 2023-07-05 13:25:36 | 0 | 0 | 0 | 0 | 25 | 0/0 | 0/0 | 0/0 | 0*0*0(mm) 0(kg) | 0*0*0(mm) | 0 | 0 | 0 | 100 | 0 | 0 | 1 | STANDALONE STANDBY | 1 |
| 2023-07-05 13:27:00 | 0 | 0 | 0 | 0 | 0 | 0/0 | 0/0 | 0/0 | 0*0*0(mm) 0(kg) | 0*0*0(mm) | 0 | 0 | 0 | 100 | 0 | 0 | 1 | STANDALONE STANDBY | 1 |
| 2023-07-05 13:27:17 | 0 | 0 | 0 | 0 | 0 | 0/0 | 0/0 | 0/0 | 0*0*0(mm) 0(kg) | 0*0*0(mm) | 0 | 0 | 0 | 100 | 0 | 0 | 1 | STANDALONE RUNNING | 1 |
| 2023-07-05 13:27:25 | 0 | 2 | 102 | 0 | 0 | 4/50 | 4/10 | 1/5 | 437*243*300(mm) 13(kg) | 1200*1000*140(mm) | 0 | 0 | 1 | 100 | 0 | 0 | 1 | STANDALONE RUNNING | 1 |
| 2023-07-05 13:29:59 | 7 | 2 | 117 | 0 | 0 | 19/50 | 9/10 | 2/5 | 437*243*300(mm) 13(kg) | 1200*1000*140(mm) | 0 | 0 | 1 | 100 | 0 | 0 | 1 | STANDALONE RUNNING | 1 |
| 2023-07-05 13:30:02 | 7 | 2 | 118 | 0 | 0 | 20/50 | 0/10 | 3/5 | 437*243*300(mm) 13(kg) | 1200*1000*140(mm) | 0 | 0 | 1 | 100 | 0 | 0 | 1 | STANDALONE RUNNING | 1 |
| 2023-07-05 13:30:04 | 7 | 2 | 118 | 0 | 0 | 20/50 | 0/10 | 3/5 | 437*243*300(mm) 13(kg) | 1200*1000*140(mm) | 0 | 0 | 1 | 100 | 0 | 0 | 1 | STANDALONE RUNNING | 0 |
| 2023-07-05 13:30:04 | 7 | 2 | 118 | 0 | 0 | 20/50 | 0/10 | 3/5 | 437*243*300(mm) 13(kg) | 1200*1000*140(mm) | 0 | 0 | 1 | 100 | 0 | 0 | 1 | SAFE OFF | 0 |
| 2023-07-05 13:30:07 | 7 | 2 | 118 | 0 | 25 | 20/50 | 0/10 | 3/5 | 437*243*300(mm) 13(kg) | 1200*1000*140(mm) | 0 | 0 | 1 | 100 | 0 | 0 | 1 | SAFE OFF | 0 |
| 2023-07-05 13:30:33 | 7 | 2 | 118 | 0 | 25 | 20/50 | 0/10 | 3/5 | 437*243*300(mm) 13(kg) | 1200*1000*140(mm) | 0 | 0 | 1 | 100 | 0 | 0 | 1 | SAFE OFF | 0 |
| 2023-07-05 13:31:01 | 7 | 2 | 118 | 0 | 25 | 20/50 | 0/10 | 3/5 | 437*243*300(mm) 13(kg) | 1200*1000*140(mm) | 0 | 0 | 1 | 100 | 0 | 0 | 1 | SAFE OFF | 0 |
| 2023-07-05 13:31:32 | 7 | 2 | 118 | 0 | 25 | 20/50 | 0/10 | 3/5 | 437*243*300(mm) 13(kg) | 1200*1000*140(mm) | 0 | 0 | 1 | 100 | 0 | 0 | 1 | SAFE OFF | 0 |
| 2023-07-05 13:31:57 | 7 | 2 | 118 | 0 | 25 | 20/50 | 0/10 | 3/5 | 437*243*300(mm) 13(kg) | 1200*1000*140(mm) | 0 | 0 | 1 | 100 | 0 | 0 | 1 | SAFE OFF | 0 |
| 2023-07-05 13:34:32 | 7 | 2 | 118 | 0 | 25 | 20/50 | 0/10 | 3/5 | 437*243*300(mm) 13(kg) | 1200*1000*140(mm) | 0 | 0 | 1 | 100 | 0 | 0 | 1 | SAFE OFF | 0 |
| 2023-07-05 13:35:12 | 7 | 2 | 118 | 0 | 25 | 20/50 | 0/10 | 3/5 | 437*243*300(mm) 13(kg) | 1200*1000*140(mm) | 0 | 0 | 1 | 100 | 0 | 0 | 1 | STANDALONE STANDBY | 1 |
| 2023-07-05 13:35:12 | 7 | 2 | 118 | 0 | 0 | 20/50 | 0/10 | 3/5 | 437*243*300(mm) 13(kg) | 1200*1000*140(mm) | 0 | 0 | 1 | 100 | 0 | 0 | 1 | STANDALONE STANDBY | 1 |
| 2023-07-05 13:35:22 | 7 | 2 | 118 | 0 | 0 | 20/50 | 0/10 | 3/5 | 437*243*300(mm) 13(kg) | 1200*1000*140(mm) | 0 | 0 | 1 | 100 | 0 | 0 | 1 | STANDALONE RUNNING | 1 |
| 2023-07-05 13:35:47 | 7 | 2 | 119 | 0 | 0 | 21/50 | 1/10 | 3/5 | 437*243*300(mm) 13(kg) | 1200*1000*140(mm) | 0 | 0 | 1 | 100 | 0 | 0 | 1 | STANDALONE RUNNING | 1 |
| 2023-07-05 13:35:57 | 7 | 2 | 120 | 0 | 0 | 22/50 | 2/10 | 3/5 | 437*243*300(mm) 13(kg) | 1200*1000*140(mm) | 0 | 0 | 1 | 100 | 0 | 0 | 1 | STANDALONE RUNNING | 1 |
| 2023-07-05 13:36:05 | 7 | 2 | 121 | 0 | 0 | 23/50 | 3/10 | 3/5 | 437*243*300(mm) 13(kg) | 1200*1000*140(mm) | 0 | 0 | 1 | 100 | 0 | 0 | 1 | STANDALONE RUNNING | 1 |
| 2023-07-05 13:36:14 | 7 | 2 | 122 | 0 | 0 | 24/50 | 4/10 | 3/5 | 437*243*300(mm) 13(kg) | 1200*1000*140(mm) | 0 | 0 | 1 | 100 | 0 | 0 | 1 | STANDALONE RUNNING | 1 |
| 2023-07-05 13:36:25 | 7 | 2 | 123 | 0 | 0 | 25/50 | 5/10 | 3/5 | 437*243*300(mm) 13(kg) | 1200*1000*140(mm) | 0 | 0 | 1 | 100 | 0 | 0 | 1 | STANDALONE RUNNING | 1 |
| 2023-07-05 13:36:35 | 7 | 2 | 124 | 0 | 0 | 26/50 | 6/10 | 3/5 | 437*243*300(mm) 13(kg) | 1200*1000*140(mm) | 0 | 0 | 1 | 100 | 0 | 0 | 1 | STANDALONE RUNNING | 1 |
| 2023-07-05 13:36:37 | 6 | 2 | 124 | 0 | 0 | 26/50 | 6/10 | 3/5 | 437*243*300(mm) 13(kg) | 1200*1000*140(mm) | 0 | 0 | 1 | 100 | 0 | 0 | 1 | STANDALONE RUNNING | 1 |
| 2023-07-05 13:36:42 | 6 | 2 | 125 | 0 | 0 | 27/50 | 7/10 | 3/5 | 437*243*300(mm) 13(kg) | 1200*1000*140(mm) | 0 | 0 | 1 | 100 | 0 | 0 | 1 | STANDALONE RUNNING | 1 |
| 2023-07-05 13:36:52 | 6 | 2 | 126 | 0 | 0 | 28/50 | 8/10 | 3/5 | 437*243*300(mm) 13(kg) | 1200*1000*140(mm) | 0 | 0 | 1 | 100 | 0 | 0 | 1 | STANDALONE RUNNING | 1 |
| 2023-07-05 13:37:02 | 6 | 2 | 127 | 0 | 0 | 29/50 | 9/10 | 3/5 | 437*243*300(mm) 13(kg) | 1200*1000*140(mm) | 0 | 0 | 1 | 100 | 0 | 0 | 1 | STANDALONE RUNNING | 1 |
| 2023-07-05 13:37:10 | 6 | 2 | 128 | 0 | 0 | 30/50 | 0/10 | 4/5 | 437*243*300(mm) 13(kg) | 1200*1000*140(mm) | 0 | 78 | 1 | 100 | 0 | 0 | 1 | STANDALONE RUNNING | 1 |
| 2023-07-05 13:37:11 | 6 | 2 | 128 | 0 | 0 | 30/50 | 0/10 | 4/5 | 437*243*300(mm) 13(kg) | 1200*1000*140(mm) | 0 | 78 | 1 | 100 | 0 | 0 | 1 | STANDALONE STANDBY | 1 |
| 2023-07-05 13:37:12 | 6 | 2 | 128 | 0 | 0 | 30/50 | 0/10 | 4/5 | 437*243*300(mm) 13(kg) | 1200*1000*140(mm) | 0 | 140 | 1 | 100 | 0 | 0 | 1 | STANDALONE STANDBY | 1 |
| 2023-07-05 13:37:16 | 6 | 2 | 128 | 0 | 0 | 30/50 | 0/10 | 4/5 | 437*243*300(mm) 13(kg) | 1200*1000*140(mm) | 0 | 140 | 1 | 100 | 0 | 0 | 1 | STANDALONE RUNNING | 1 |
| 2023-07-05 13:37:24 | 6 | 2 | 129 | 0 | 0 | 31/50 | 1/10 | 4/5 | 437*243*300(mm) 13(kg) | 1200*1000*140(mm) | 0 | 140 | 1 | 100 | 0 | 0 | 1 | STANDALONE RUNNING | 1 |
| 2023-07-05 13:37:35 | 6 | 2 | 130 | 0 | 0 | 32/50 | 2/10 | 4/5 | 437*243*300(mm) 13(kg) | 1200*1000*140(mm) | 0 | 140 | 1 | 100 | 0 | 0 | 1 | STANDALONE RUNNING | 1 |
| 2023-07-05 13:37:45 | 6 | 2 | 131 | 0 | 0 | 33/50 | 3/10 | 4/5 | 437*243*300(mm) 13(kg) | 1200*1000*140(mm) | 0 | 140 | 1 | 100 | 0 | 0 | 1 | STANDALONE RUNNING | 1 |
| 2023-07-05 13:37:55 | 6 | 2 | 132 | 0 | 0 | 34/50 | 4/10 | 4/5 | 437*243*300(mm) 13(kg) | 1200*1000*140(mm) | 0 | 140 | 1 | 100 | 0 | 0 | 1 | STANDALONE RUNNING | 1 |
| 2023-07-05 13:38:44 | 7 | 2 | 137 | 0 | 0 | 39/50 | 9/10 | 4/5 | 437*243*300(mm) 13(kg) | 1200*1000*140(mm) | 0 | 140 | 1 | 100 | 0 | 0 | 1 | STANDALONE RUNNING | 1 |
| 2023-07-05 13:38:45 | 7 | 2 | 137 | 0 | 0 | 39/50 | 9/10 | 4/5 | 437*243*300(mm) 13(kg) | 1200*1000*140(mm) | 0 | 140 | 1 | 100 | 0 | 0 | 1 | SAFE OFF | 0 |
| 2023-07-05 13:38:47 | 7 | 2 | 137 | 0 | 25 | 39/50 | 9/10 | 4/5 | 437*243*300(mm) 13(kg) | 1200*1000*140(mm) | 0 | 140 | 1 | 100 | 0 | 0 | 1 | SAFE OFF | 0 |
| 2023-07-05 13:39:07 | 7 | 2 | 137 | 0 | 25 | 39/50 | 9/10 | 4/5 | 437*243*300(mm) 13(kg) | 1200*1000*140(mm) | 0 | 140 | 1 | 100 | 0 | 0 | 1 | SAFE OFF | 0 |
| 2023-07-05 13:43:49 | 7 | 2 | 137 | 0 | 25 | 39/50 | 9/10 | 4/5 | 437*243*300(mm) 13(kg) | 1200*1000*140(mm) | 0 | 140 | 1 | 100 | 0 | 0 | 1 | SAFE OFF | 0 |
| 2023-07-05 13:53:52 | 7 | 2 | 137 | 0 | 25 | 39/50 | 9/10 | 4/5 | 437*243*300(mm) 13(kg) | 1200*1000*140(mm) | 0 | 140 | 1 | 100 | 0 | 0 | 1 | SAFE OFF | 0 |
| 2023-07-05 13:54:19 | 7 | 2 | 137 | 0 | 25 | 39/50 | 9/10 | 4/5 | 437*243*300(mm) 13(kg) | 1200*1000*140(mm) | 0 | 140 | 1 | 100 | 0 | 0 | 1 | SAFE OFF | 0 |
| 2023-07-05 13:54:35 | 7 | 2 | 137 | 0 | 25 | 39/50 | 9/10 | 4/5 | 437*243*300(mm) 13(kg) | 1200*1000*140(mm) | 0 | 140 | 1 | 100 | 0 | 0 | 1 | SAFE OFF | 0 |
| 2023-07-05 13:54:49 | 7 | 2 | 137 | 0 | 25 | 39/50 | 9/10 | 4/5 | 437*243*300(mm) 13(kg) | 1200*1000*140(mm) | 0 | 140 | 1 | 100 | 0 | 0 | 1 | SAFE OFF | 0 |
| 2023-07-05 14:10:57 | 7 | 2 | 137 | 0 | 25 | 39/50 | 9/10 | 4/5 | 437*243*300(mm) 13(kg) | 1200*1000*140(mm) | 0 | 0 | 1 | 100 | 0 | 0 | 1 | SAFE OFF | 0 |
| 2023-07-05 14:49:34 | 7 | 2 | 137 | 0 | 25 | 39/50 | 9/10 | 4/5 | 437*243*300(mm) 13(kg) | 1200*1000*140(mm) | 0 | 0 | 1 | 100 | 0 | 0 | 1 | SAFE OFF | 0 |
| 2023-07-05 14:51:27 | 7 | 2 | 137 | 0 | 25 | 39/50 | 9/10 | 4/5 | 437*243*300(mm) 13(kg) | 1200*1000*140(mm) | 0 | 0 | 1 | 100 | 0 | 0 | 1 | SAFE OFF | 0 |
| 2023-07-05 14:54:30 | 7 | 2 | 137 | 0 | 25 | 39/50 | 9/10 | 4/5 | 437*243*300(mm) 13(kg) | 1200*1000*140(mm) | 0 | 0 | 1 | 100 | 0 | 0 | 1 | SAFE OFF | 0 |
| 2023-07-05 15:02:52 | 7 | 2 | 137 | 0 | 25 | 39/50 | 9/10 | 4/5 | 437*243*300(mm) 13(kg) | 1200*1000*140(mm) | 0 | 0 | 1 | 100 | 0 | 0 | 1 | SAFE OFF | 0 |
| 2023-07-05 15:03:31 | 7 | 2 | 137 | 0 | 25 | 39/50 | 9/10 | 4/5 | 437*243*300(mm) 13(kg) | 1200*1000*140(mm) | 0 | 0 | 1 | 100 | 0 | 0 | 1 | SAFE OFF | 0 |
| 2023-07-05 15:04:16 | 7 | 2 | 137 | 0 | 25 | 39/50 | 9/10 | 4/5 | 437*243*300(mm) 13(kg) | 1200*1000*140(mm) | 0 | 0 | 1 | 100 | 0 | 0 | 1 | SAFE OFF | 0 |
| 2023-07-05 15:04:35 | 7 | 2 | 137 | 0 | 25 | 39/50 | 9/10 | 4/5 | 437*243*300(mm) 13(kg) | 1200*1000*140(mm) | 0 | 0 | 1 | 100 | 0 | 0 | 1 | SAFE OFF | 0 |
| 2023-07-05 15:07:29 | 7 | 2 | 137 | 0 | 25 | 39/50 | 9/10 | 4/5 | 437*243*300(mm) 13(kg) | 1200*1000*140(mm) | 0 | 0 | 1 | 100 | 0 | 0 | 1 | SAFE OFF | 0 |
| 2023-07-05 15:08:25 | 7 | 2 | 137 | 0 | 25 | 39/50 | 9/10 | 4/5 | 437*243*300(mm) 13(kg) | 1200*1000*140(mm) | 0 | 0 | 1 | 100 | 0 | 0 | 1 | SAFE OFF | 0 |
| 2023-07-05 15:15:32 | 7 | 2 | 137 | 0 | 25 | 39/50 | 9/10 | 4/5 | 437*243*300(mm) 13(kg) | 1200*1000*140(mm) | 0 | 0 | 1 | 100 | 0 | 0 | 1 | SAFE OFF | 0 |
| 2023-07-05 15:15:46 | 7 | 2 | 137 | 0 | 25 | 39/50 | 9/10 | 4/5 | 437*243*300(mm) 13(kg) | 1200*1000*140(mm) | 0 | 0 | 1 | 100 | 0 | 0 | 1 | SAFE OFF | 0 |
| 2023-07-05 15:16:05 | 7 | 2 | 137 | 0 | 25 | 39/50 | 9/10 | 4/5 | 437*243*300(mm) 13(kg) | 1200*1000*140(mm) | 0 | 0 | 1 | 100 | 0 | 0 | 1 | SAFE OFF | 0 |
| 2023-07-05 15:16:36 | 7 | 2 | 137 | 0 | 25 | 39/50 | 9/10 | 4/5 | 437*243*300(mm) 13(kg) | 1200*1000*140(mm) | 0 | 0 | 1 | 100 | 0 | 0 | 1 | SAFE OFF | 0 |
| 2023-07-05 15:17:28 | 7 | 2 | 137 | 0 | 25 | 39/50 | 9/10 | 4/5 | 437*243*300(mm) 13(kg) | 1200*1000*140(mm) | 0 | 0 | 1 | 100 | 0 | 0 | 1 | SAFE OFF | 0 |
| 2023-07-05 15:27:53 | 7 | 2 | 137 | 0 | 25 | 39/50 | 9/10 | 4/5 | 437*243*300(mm) 13(kg) | 1200*1000*140(mm) | 0 | 0 | 1 | 100 | 0 | 0 | 1 | SAFE OFF | 0 |
| 2023-07-05 15:28:42 | 7 | 2 | 137 | 0 | 25 | 39/50 | 9/10 | 4/5 | 437*243*300(mm) 13(kg) | 1200*1000*140(mm) | 0 | 0 | 1 | 100 | 0 | 0 | 1 | SAFE OFF | 0 |
| 2023-07-05 15:30:31 | 7 | 2 | 137 | 0 | 25 | 39/50 | 9/10 | 4/5 | 437*243*300(mm) 13(kg) | 1200*1000*140(mm) | 0 | 0 | 1 | 100 | 0 | 0 | 1 | SAFE OFF | 0 |
| 2023-07-05 15:30:42 | 7 | 2 | 137 | 0 | 25 | 39/50 | 9/10 | 4/5 | 437*243*300(mm) 13(kg) | 1200*1000*140(mm) | 0 | 0 | 1 | 100 | 0 | 0 | 1 | SAFE OFF | 0 |
| 2023-07-05 15:33:09 | 7 | 2 | 137 | 0 | 25 | 39/50 | 9/10 | 4/5 | 437*243*300(mm) 13(kg) | 1200*1000*140(mm) | 0 | 0 | 1 | 100 | 0 | 0 | 1 | SAFE OFF | 0 |
| 2023-07-05 15:33:22 | 7 | 2 | 137 | 0 | 25 | 39/50 | 9/10 | 4/5 | 437*243*300(mm) 13(kg) | 1200*1000*140(mm) | 0 | 0 | 1 | 100 | 0 | 0 | 1 | SAFE OFF | 0 |
| 2023-07-05 15:33:36 | 7 | 2 | 137 | 0 | 25 | 39/50 | 9/10 | 4/5 | 437*243*300(mm) 13(kg) | 1200*1000*140(mm) | 0 | 0 | 1 | 100 | 0 | 0 | 1 | SAFE OFF | 0 |
| 2023-07-05 15:33:53 | 7 | 2 | 137 | 0 | 25 | 39/50 | 9/10 | 4/5 | 437*243*300(mm) 13(kg) | 1200*1000*140(mm) | 0 | 0 | 1 | 100 | 0 | 0 | 1 | SAFE OFF | 0 |
| 2023-07-05 15:35:02 | 7 | 2 | 137 | 0 | 25 | 39/50 | 9/10 | 4/5 | 437*243*300(mm) 13(kg) | 1200*1000*140(mm) | 0 | 0 | 1 | 100 | 0 | 0 | 1 | SAFE OFF | 0 |
| 2023-07-05 15:36:41 | 7 | 2 | 137 | 0 | 25 | 39/50 | 9/10 | 4/5 | 437*243*300(mm) 13(kg) | 1200*1000*140(mm) | 0 | 0 | 1 | 100 | 0 | 0 | 1 | SAFE OFF | 0 |
| 2023-07-05 15:37:09 | 7 | 2 | 137 | 0 | 25 | 39/50 | 9/10 | 4/5 | 437*243*300(mm) 13(kg) | 1200*1000*140(mm) | 0 | 0 | 1 | 100 | 0 | 0 | 1 | SAFE OFF | 0 |
| 2023-07-05 16:09:30 | 7 | 2 | 137 | 0 | 25 | 39/50 | 9/10 | 4/5 | 437*243*300(mm) 13(kg) | 1200*1000*140(mm) | 0 | 0 | 1 | 100 | 0 | 0 | 1 | SAFE OFF | 0 |
| 2023-07-05 16:09:59 | 7 | 2 | 137 | 0 | 25 | 39/50 | 9/10 | 4/5 | 437*243*300(mm) 13(kg) | 1200*1000*140(mm) | 0 | 0 | 1 | 100 | 0 | 0 | 1 | SAFE OFF | 0 |
| 2023-07-05 16:12:36 | 7 | 2 | 137 | 0 | 25 | 39/50 | 9/10 | 4/5 | 437*243*300(mm) 13(kg) | 1200*1000*140(mm) | 0 | 0 | 1 | 100 | 0 | 0 | 1 | SAFE OFF | 0 |
| 2023-07-05 16:13:03 | 7 | 2 | 137 | 0 | 25 | 39/50 | 9/10 | 4/5 | 437*243*300(mm) 13(kg) | 1200*1000*140(mm) | 0 | 0 | 1 | 100 | 0 | 0 | 1 | SAFE OFF | 0 |
| 2023-07-05 16:13:35 | 7 | 2 | 137 | 0 | 25 | 39/50 | 9/10 | 4/5 | 437*243*300(mm) 13(kg) | 1200*1000*140(mm) | 0 | 0 | 1 | 100 | 0 | 0 | 1 | SAFE OFF | 0 |
| 2023-07-05 16:13:48 | 7 | 2 | 137 | 0 | 25 | 39/50 | 9/10 | 4/5 | 437*243*300(mm) 13(kg) | 1200*1000*140(mm) | 0 | 0 | 1 | 100 | 0 | 0 | 1 | SAFE OFF | 0 |
| 2023-07-05 16:17:58 | 7 | 2 | 137 | 0 | 25 | 39/50 | 9/10 | 4/5 | 437*243*300(mm) 13(kg) | 1200*1000*140(mm) | 0 | 0 | 1 | 100 | 0 | 0 | 1 | SAFE OFF | 0 |
| 2023-07-05 16:19:04 | 7 | 2 | 137 | 0 | 25 | 39/50 | 9/10 | 4/5 | 437*243*300(mm) 13(kg) | 1200*1000*140(mm) | 0 | 0 | 1 | 100 | 0 | 0 | 1 | SAFE OFF | 0 |
| 2023-07-05 16:20:39 | 7 | 2 | 137 | 0 | 25 | 39/50 | 9/10 | 4/5 | 437*243*300(mm) 13(kg) | 1200*1000*140(mm) | 0 | 0 | 1 | 100 | 0 | 0 | 1 | SAFE OFF | 0 |
| 2023-07-05 16:21:05 | 7 | 2 | 137 | 0 | 25 | 39/50 | 9/10 | 4/5 | 437*243*300(mm) 13(kg) | 1200*1000*140(mm) | 0 | 0 | 1 | 100 | 0 | 0 | 1 | SAFE OFF | 0 |
| 2023-07-05 16:34:49 | 7 | 2 | 137 | 0 | 25 | 39/50 | 9/10 | 4/5 | 437*243*300(mm) 13(kg) | 1200*1000*140(mm) | 0 | 0 | 1 | 100 | 0 | 0 | 1 | SAFE OFF | 0 |
| 2023-07-05 16:35:01 | 7 | 2 | 137 | 0 | 25 | 39/50 | 9/10 | 4/5 | 437*243*300(mm) 13(kg) | 1200*1000*140(mm) | 0 | 0 | 1 | 100 | 0 | 0 | 1 | SAFE OFF | 0 |
| 2023-07-05 16:35:56 | 7 | 2 | 137 | 0 | 25 | 39/50 | 9/10 | 4/5 | 437*243*300(mm) 13(kg) | 1200*1000*140(mm) | 0 | 0 | 1 | 100 | 0 | 0 | 1 | SAFE OFF | 0 |
| 2023-07-05 16:36:43 | 7 | 2 | 137 | 0 | 25 | 39/50 | 9/10 | 4/5 | 437*243*300(mm) 13(kg) | 1200*1000*140(mm) | 0 | 0 | 1 | 100 | 0 | 0 | 1 | SAFE OFF | 0 |
| 2023-07-05 16:37:00 | 7 | 2 | 137 | 0 | 25 | 39/50 | 9/10 | 4/5 | 437*243*300(mm) 13(kg) | 1200*1000*140(mm) | 0 | 0 | 1 | 100 | 0 | 0 | 1 | SAFE OFF | 0 |
| 2023-07-05 16:39:26 | 7 | 2 | 137 | 0 | 25 | 39/50 | 9/10 | 4/5 | 437*243*300(mm) 13(kg) | 1200*1000*140(mm) | 0 | 0 | 1 | 100 | 0 | 0 | 1 | SAFE OFF | 0 |
| 2023-07-05 16:41:14 | 7 | 2 | 137 | 0 | 25 | 39/50 | 9/10 | 4/5 | 437*243*300(mm) 13(kg) | 1200*1000*140(mm) | 0 | 0 | 1 | 100 | 0 | 0 | 1 | SAFE OFF | 0 |
| 2023-07-05 16:42:11 | 7 | 2 | 137 | 0 | 25 | 39/50 | 9/10 | 4/5 | 437*243*300(mm) 13(kg) | 1200*1000*140(mm) | 0 | 0 | 1 | 100 | 0 | 0 | 1 | SAFE OFF | 0 |
| 2023-07-05 16:42:50 | 7 | 2 | 137 | 0 | 25 | 39/50 | 9/10 | 4/5 | 437*243*300(mm) 13(kg) | 1200*1000*140(mm) | 0 | 0 | 1 | 100 | 0 | 0 | 1 | SAFE OFF | 0 |
| 2023-07-05 16:44:48 | 7 | 2 | 137 | 0 | 25 | 39/50 | 9/10 | 4/5 | 437*243*300(mm) 13(kg) | 1200*1000*140(mm) | 0 | 0 | 1 | 100 | 0 | 0 | 1 | SAFE OFF | 0 |
| 2023-07-05 16:46:58 | 7 | 2 | 137 | 0 | 25 | 39/50 | 9/10 | 4/5 | 437*243*300(mm) 13(kg) | 1200*1000*140(mm) | 0 | 0 | 1 | 100 | 0 | 0 | 1 | SAFE OFF | 0 |
| 2023-07-05 16:47:28 | 7 | 2 | 137 | 0 | 25 | 39/50 | 9/10 | 4/5 | 437*243*300(mm) 13(kg) | 1200*1000*140(mm) | 0 | 0 | 1 | 100 | 0 | 0 | 1 | SAFE OFF | 0 |
| 2023-07-05 16:47:37 | 7 | 2 | 137 | 0 | 25 | 39/50 | 9/10 | 4/5 | 437*243*300(mm) 13(kg) | 1200*1000*140(mm) | 0 | 0 | 1 | 100 | 0 | 0 | 1 | SAFE OFF | 0 |
| 2023-07-05 16:50:55 | 7 | 2 | 137 | 0 | 25 | 39/50 | 9/10 | 4/5 | 437*243*300(mm) 13(kg) | 1200*1000*140(mm) | 0 | 0 | 1 | 100 | 0 | 0 | 1 | SAFE OFF | 0 |
| 2023-07-05 16:51:12 | 7 | 2 | 137 | 0 | 25 | 39/50 | 9/10 | 4/5 | 437*243*300(mm) 13(kg) | 1200*1000*140(mm) | 0 | 0 | 1 | 100 | 0 | 0 | 1 | SAFE OFF | 0 |
| 2023-07-05 16:52:25 | 7 | 2 | 137 | 0 | 25 | 39/50 | 9/10 | 4/5 | 437*243*300(mm) 13(kg) | 1200*1000*140(mm) | 0 | 0 | 1 | 100 | 0 | 0 | 1 | SAFE OFF | 0 |
| 2023-07-05 16:52:38 | 7 | 2 | 137 | 0 | 25 | 39/50 | 9/10 | 4/5 | 437*243*300(mm) 13(kg) | 1200*1000*140(mm) | 0 | 0 | 1 | 100 | 0 | 0 | 1 | SAFE OFF | 0 |
| 2023-07-05 16:52:53 | 7 | 2 | 137 | 0 | 25 | 39/50 | 9/10 | 4/5 | 437*243*300(mm) 13(kg) | 1200*1000*140(mm) | 0 | 0 | 1 | 100 | 0 | 0 | 1 | SAFE OFF | 0 |
| 2023-07-05 16:53:14 | 7 | 2 | 137 | 0 | 25 | 39/50 | 9/10 | 4/5 | 437*243*300(mm) 13(kg) | 1200*1000*140(mm) | 0 | 0 | 1 | 100 | 0 | 0 | 1 | SAFE OFF | 0 |
| 2023-07-05 16:54:03 | 7 | 2 | 137 | 0 | 25 | 39/50 | 9/10 | 4/5 | 437*243*300(mm) 13(kg) | 1200*1000*140(mm) | 0 | 0 | 1 | 100 | 0 | 0 | 1 | SAFE OFF | 0 |
| 2023-07-05 16:54:27 | 7 | 2 | 137 | 0 | 25 | 39/50 | 9/10 | 4/5 | 437*243*300(mm) 13(kg) | 1200*1000*140(mm) | 0 | 0 | 1 | 100 | 0 | 0 | 1 | SAFE OFF | 0 |
| 2023-07-05 16:58:15 | 7 | 2 | 137 | 0 | 25 | 39/50 | 9/10 | 4/5 | 437*243*300(mm) 13(kg) | 1200*1000*140(mm) | 0 | 0 | 1 | 100 | 0 | 0 | 1 | SAFE OFF | 0 |
