|      Date Time      | 가동률 | 모델정보 | 생산수량 | 불량수량 | 알람코드 | 작업 진행 상황 | 박스 진행 상황 | 레이어 진행상황 | 박스 정보 | 팔레트 정보 | 간지 사용 유무 | 리프트 높이 | 적재방향 | 로봇 스피드 | BOX SORT CYLINDER | SAFETY LADAR SENSOR | LABEL ALINE | 로봇 상태 | 로봇 서보 온 |
| 2023-06-29 17:03:15 | 0 | 0 | 0 | 0 | 0 | 0/0 | 0/0 | 0/0 | 0*0*0(mm) 0(kg) | 0*0*0(mm) | 0 | 0 | 0 | 100 | 0 | 0 | 1 | STANDALONE STANDBY | 1 |
| 2023-06-29 17:03:31 | 0 | 0 | 0 | 0 | 0 | 0/0 | 0/0 | 0/0 | 0*0*0(mm) 0(kg) | 0*0*0(mm) | 0 | 0 | 0 | 100 | 0 | 0 | 1 | STANDALONE RUNNING | 1 |
| 2023-06-29 17:03:34 | 0 | 1 | 0 | 0 | 0 | 4/40 | 4/8 | 1/5 | 460*266*320(mm) 16(kg) | 1100*1100*150(mm) | 0 | 0 | 1 | 100 | 0 | 0 | 1 | STANDALONE RUNNING | 1 |
| 2023-06-29 17:03:47 | 0 | 1 | 1 | 0 | 0 | 5/40 | 5/8 | 1/5 | 460*266*320(mm) 16(kg) | 1100*1100*150(mm) | 0 | 0 | 1 | 100 | 0 | 0 | 1 | STANDALONE RUNNING | 1 |
| 2023-06-29 17:03:57 | 0 | 1 | 2 | 0 | 0 | 6/40 | 6/8 | 1/5 | 460*266*320(mm) 16(kg) | 1100*1100*150(mm) | 0 | 0 | 1 | 100 | 0 | 0 | 1 | STANDALONE RUNNING | 1 |
| 2023-06-29 17:04:07 | 0 | 1 | 3 | 0 | 0 | 7/40 | 7/8 | 1/5 | 460*266*320(mm) 16(kg) | 1100*1100*150(mm) | 0 | 0 | 1 | 100 | 0 | 0 | 1 | STANDALONE RUNNING | 1 |
| 2023-06-29 17:04:15 | 0 | 1 | 3 | 0 | 0 | 7/40 | 7/8 | 1/5 | 460*266*320(mm) 16(kg) | 1100*1100*150(mm) | 0 | 0 | 1 | 100 | 0 | 0 | 1 | STANDALONE RUNNING | 1 |
| 2023-06-29 17:04:17 | 0 | 1 | 4 | 0 | 0 | 8/40 | 0/8 | 2/5 | 460*266*320(mm) 16(kg) | 1100*1100*150(mm) | 0 | 0 | 1 | 100 | 0 | 0 | 1 | STANDALONE RUNNING | 1 |
| 2023-06-29 17:04:27 | 0 | 1 | 5 | 0 | 0 | 9/40 | 1/8 | 2/5 | 460*266*320(mm) 16(kg) | 1100*1100*150(mm) | 0 | 0 | 1 | 100 | 0 | 0 | 1 | STANDALONE RUNNING | 1 |
| 2023-06-29 17:04:34 | 5 | 1 | 5 | 0 | 0 | 9/40 | 1/8 | 2/5 | 460*266*320(mm) 16(kg) | 1100*1100*150(mm) | 0 | 0 | 1 | 100 | 0 | 0 | 1 | STANDALONE RUNNING | 1 |
| 2023-06-29 17:04:37 | 5 | 1 | 6 | 0 | 0 | 10/40 | 2/8 | 2/5 | 460*266*320(mm) 16(kg) | 1100*1100*150(mm) | 0 | 0 | 1 | 100 | 0 | 0 | 1 | STANDALONE RUNNING | 1 |
| 2023-06-29 17:04:50 | 5 | 1 | 7 | 0 | 0 | 11/40 | 3/8 | 2/5 | 460*266*320(mm) 16(kg) | 1100*1100*150(mm) | 0 | 0 | 1 | 100 | 0 | 0 | 1 | STANDALONE RUNNING | 1 |
| 2023-06-29 17:04:57 | 5 | 1 | 8 | 0 | 0 | 12/40 | 4/8 | 2/5 | 460*266*320(mm) 16(kg) | 1100*1100*150(mm) | 0 | 0 | 1 | 100 | 0 | 0 | 1 | STANDALONE RUNNING | 1 |
| 2023-06-29 17:05:07 | 5 | 1 | 9 | 0 | 0 | 13/40 | 5/8 | 2/5 | 460*266*320(mm) 16(kg) | 1100*1100*150(mm) | 0 | 0 | 1 | 100 | 0 | 0 | 1 | STANDALONE RUNNING | 1 |
| 2023-06-29 17:05:14 | 5 | 1 | 10 | 0 | 0 | 14/40 | 6/8 | 2/5 | 460*266*320(mm) 16(kg) | 1100*1100*150(mm) | 0 | 0 | 1 | 100 | 0 | 0 | 1 | STANDALONE RUNNING | 1 |
| 2023-06-29 17:05:24 | 5 | 1 | 11 | 0 | 0 | 15/40 | 7/8 | 2/5 | 460*266*320(mm) 16(kg) | 1100*1100*150(mm) | 0 | 0 | 1 | 100 | 0 | 0 | 1 | STANDALONE RUNNING | 1 |
| 2023-06-29 17:05:34 | 5 | 1 | 12 | 0 | 0 | 16/40 | 0/8 | 3/5 | 460*266*320(mm) 16(kg) | 1100*1100*150(mm) | 0 | 0 | 1 | 100 | 0 | 0 | 1 | STANDALONE RUNNING | 1 |
| 2023-06-29 17:05:37 | 7 | 1 | 12 | 0 | 0 | 16/40 | 0/8 | 3/5 | 460*266*320(mm) 16(kg) | 1100*1100*150(mm) | 0 | 0 | 1 | 100 | 0 | 0 | 1 | STANDALONE RUNNING | 1 |
| 2023-06-29 17:05:44 | 7 | 1 | 13 | 0 | 0 | 17/40 | 1/8 | 3/5 | 460*266*320(mm) 16(kg) | 1100*1100*150(mm) | 0 | 0 | 1 | 100 | 0 | 0 | 1 | STANDALONE RUNNING | 1 |
| 2023-06-29 17:06:14 | 7 | 1 | 16 | 0 | 0 | 20/40 | 4/8 | 3/5 | 460*266*320(mm) 16(kg) | 1100*1100*150(mm) | 0 | 0 | 1 | 100 | 0 | 0 | 1 | STANDALONE RUNNING | 1 |
| 2023-06-29 17:06:22 | 7 | 1 | 17 | 0 | 0 | 21/40 | 5/8 | 3/5 | 460*266*320(mm) 16(kg) | 1100*1100*150(mm) | 0 | 0 | 1 | 100 | 0 | 0 | 1 | STANDALONE RUNNING | 1 |
| 2023-06-29 17:06:32 | 7 | 1 | 18 | 0 | 0 | 22/40 | 6/8 | 3/5 | 460*266*320(mm) 16(kg) | 1100*1100*150(mm) | 0 | 0 | 1 | 100 | 0 | 0 | 1 | STANDALONE RUNNING | 1 |
| 2023-06-29 17:06:37 | 6 | 1 | 18 | 0 | 0 | 22/40 | 6/8 | 3/5 | 460*266*320(mm) 16(kg) | 1100*1100*150(mm) | 0 | 0 | 1 | 100 | 0 | 0 | 1 | STANDALONE RUNNING | 1 |
| 2023-06-29 17:06:39 | 6 | 1 | 19 | 0 | 0 | 23/40 | 7/8 | 3/5 | 460*266*320(mm) 16(kg) | 1100*1100*150(mm) | 0 | 0 | 1 | 100 | 0 | 0 | 1 | STANDALONE RUNNING | 1 |
| 2023-06-29 17:06:49 | 6 | 1 | 20 | 0 | 0 | 24/40 | 0/8 | 4/5 | 460*266*320(mm) 16(kg) | 1100*1100*150(mm) | 0 | 230 | 1 | 100 | 0 | 0 | 1 | STANDALONE RUNNING | 1 |
| 2023-06-29 17:06:59 | 6 | 1 | 21 | 0 | 0 | 25/40 | 1/8 | 4/5 | 460*266*320(mm) 16(kg) | 1100*1100*150(mm) | 0 | 230 | 1 | 100 | 0 | 0 | 1 | STANDALONE RUNNING | 1 |
| 2023-06-29 17:07:09 | 6 | 1 | 22 | 0 | 0 | 26/40 | 2/8 | 4/5 | 460*266*320(mm) 16(kg) | 1100*1100*150(mm) | 0 | 230 | 1 | 100 | 0 | 0 | 1 | STANDALONE RUNNING | 1 |
| 2023-06-29 17:07:19 | 6 | 1 | 23 | 0 | 0 | 27/40 | 3/8 | 4/5 | 460*266*320(mm) 16(kg) | 1100*1100*150(mm) | 0 | 230 | 1 | 100 | 0 | 0 | 1 | STANDALONE RUNNING | 1 |
| 2023-06-29 17:07:29 | 6 | 1 | 24 | 0 | 0 | 28/40 | 4/8 | 4/5 | 460*266*320(mm) 16(kg) | 1100*1100*150(mm) | 0 | 230 | 1 | 100 | 0 | 0 | 1 | STANDALONE RUNNING | 1 |
| 2023-06-29 17:07:37 | 6 | 1 | 25 | 0 | 0 | 29/40 | 5/8 | 4/5 | 460*266*320(mm) 16(kg) | 1100*1100*150(mm) | 0 | 230 | 1 | 100 | 0 | 0 | 1 | STANDALONE RUNNING | 1 |
| 2023-06-29 17:07:39 | 7 | 1 | 25 | 0 | 0 | 29/40 | 5/8 | 4/5 | 460*266*320(mm) 16(kg) | 1100*1100*150(mm) | 0 | 230 | 1 | 100 | 0 | 0 | 1 | STANDALONE RUNNING | 1 |
| 2023-06-29 17:07:47 | 7 | 1 | 26 | 0 | 0 | 30/40 | 6/8 | 4/5 | 460*266*320(mm) 16(kg) | 1100*1100*150(mm) | 0 | 230 | 1 | 100 | 0 | 0 | 1 | STANDALONE RUNNING | 1 |
| 2023-06-29 17:07:57 | 7 | 1 | 27 | 0 | 0 | 31/40 | 7/8 | 4/5 | 460*266*320(mm) 16(kg) | 1100*1100*150(mm) | 0 | 230 | 1 | 100 | 0 | 0 | 1 | STANDALONE RUNNING | 1 |
| 2023-06-29 17:08:04 | 7 | 1 | 28 | 0 | 0 | 32/40 | 0/8 | 5/5 | 460*266*320(mm) 16(kg) | 1100*1100*150(mm) | 0 | 333 | 1 | 100 | 0 | 0 | 1 | STANDALONE RUNNING | 1 |
| 2023-06-29 17:08:07 | 7 | 1 | 28 | 0 | 0 | 32/40 | 0/8 | 5/5 | 460*266*320(mm) 16(kg) | 1100*1100*150(mm) | 0 | 550 | 1 | 100 | 0 | 0 | 1 | STANDALONE RUNNING | 1 |
| 2023-06-29 17:08:23 | 7 | 1 | 29 | 0 | 0 | 33/40 | 1/8 | 5/5 | 460*266*320(mm) 16(kg) | 1100*1100*150(mm) | 0 | 550 | 1 | 100 | 0 | 0 | 1 | STANDALONE RUNNING | 1 |
| 2023-06-29 17:08:27 | 7 | 1 | 30 | 0 | 0 | 34/40 | 2/8 | 5/5 | 460*266*320(mm) 16(kg) | 1100*1100*150(mm) | 0 | 550 | 1 | 100 | 0 | 0 | 1 | STANDALONE RUNNING | 1 |
| 2023-06-29 17:08:37 | 7 | 1 | 31 | 0 | 0 | 35/40 | 3/8 | 5/5 | 460*266*320(mm) 16(kg) | 1100*1100*150(mm) | 0 | 550 | 1 | 100 | 0 | 0 | 1 | STANDALONE RUNNING | 1 |
| 2023-06-29 17:08:42 | 6 | 1 | 31 | 0 | 0 | 35/40 | 3/8 | 5/5 | 460*266*320(mm) 16(kg) | 1100*1100*150(mm) | 0 | 550 | 1 | 100 | 0 | 0 | 1 | STANDALONE RUNNING | 1 |
| 2023-06-29 17:08:47 | 6 | 1 | 32 | 0 | 0 | 36/40 | 4/8 | 5/5 | 460*266*320(mm) 16(kg) | 1100*1100*150(mm) | 0 | 550 | 1 | 100 | 0 | 0 | 1 | STANDALONE RUNNING | 1 |
| 2023-06-29 17:08:57 | 6 | 1 | 33 | 0 | 0 | 37/40 | 5/8 | 5/5 | 460*266*320(mm) 16(kg) | 1100*1100*150(mm) | 0 | 550 | 1 | 100 | 0 | 0 | 1 | STANDALONE RUNNING | 1 |
| 2023-06-29 17:09:04 | 6 | 1 | 34 | 0 | 0 | 38/40 | 6/8 | 5/5 | 460*266*320(mm) 16(kg) | 1100*1100*150(mm) | 0 | 550 | 1 | 100 | 0 | 0 | 1 | STANDALONE RUNNING | 1 |
| 2023-06-29 17:09:14 | 6 | 1 | 35 | 0 | 0 | 39/40 | 7/8 | 5/5 | 460*266*320(mm) 16(kg) | 1100*1100*150(mm) | 0 | 550 | 1 | 100 | 0 | 0 | 1 | STANDALONE RUNNING | 1 |
| 2023-06-29 17:09:29 | 6 | 1 | 36 | 0 | 0 | 40/40 | 8/8 | 5/5 | 460*266*320(mm) 16(kg) | 1100*1100*150(mm) | 0 | 0 | 1 | 100 | 0 | 0 | 1 | STANDALONE RUNNING | 1 |
| 2023-06-29 17:09:47 | 6 | 1 | 36 | 0 | 0 | 40/40 | 8/8 | 5/5 | 460*266*320(mm) 16(kg) | 1100*1100*150(mm) | 0 | 0 | 1 | 100 | 0 | 0 | 1 | STANDALONE RUNNING | 1 |
| 2023-06-29 17:09:54 | 6 | 1 | 36 | 0 | 0 | 0/40 | 0/8 | 1/5 | 460*266*320(mm) 16(kg) | 1100*1100*150(mm) | 0 | 0 | 1 | 100 | 0 | 0 | 1 | STANDALONE RUNNING | 1 |
| 2023-06-29 17:10:07 | 6 | 1 | 37 | 0 | 0 | 1/40 | 1/8 | 1/5 | 460*266*320(mm) 16(kg) | 1100*1100*150(mm) | 0 | 0 | 1 | 100 | 0 | 0 | 1 | STANDALONE RUNNING | 1 |
| 2023-06-29 17:10:17 | 6 | 1 | 38 | 0 | 0 | 2/40 | 2/8 | 1/5 | 460*266*320(mm) 16(kg) | 1100*1100*150(mm) | 0 | 0 | 1 | 100 | 0 | 0 | 1 | STANDALONE RUNNING | 1 |
| 2023-06-29 17:10:27 | 6 | 1 | 39 | 0 | 0 | 3/40 | 3/8 | 1/5 | 460*266*320(mm) 16(kg) | 1100*1100*150(mm) | 0 | 0 | 1 | 100 | 0 | 0 | 1 | STANDALONE RUNNING | 1 |
| 2023-06-29 17:13:12 | 6 | 1 | 56 | 0 | 0 | 20/40 | 4/8 | 3/5 | 460*266*320(mm) 16(kg) | 1100*1100*150(mm) | 0 | 0 | 1 | 100 | 0 | 0 | 1 | STANDALONE RUNNING | 1 |
| 2023-06-29 17:13:48 | 6 | 1 | 60 | 0 | 0 | 24/40 | 0/8 | 4/5 | 460*266*320(mm) 16(kg) | 1100*1100*150(mm) | 0 | 230 | 1 | 100 | 0 | 0 | 1 | STANDALONE RUNNING | 1 |
| 2023-06-29 17:15:18 | 7 | 1 | 69 | 0 | 0 | 33/40 | 1/8 | 5/5 | 460*266*320(mm) 16(kg) | 1100*1100*150(mm) | 0 | 550 | 1 | 100 | 0 | 0 | 1 | STANDALONE RUNNING | 1 |
| 2023-06-29 17:15:22 | 7 | 1 | 70 | 0 | 0 | 34/40 | 2/8 | 5/5 | 460*266*320(mm) 16(kg) | 1100*1100*150(mm) | 0 | 550 | 1 | 100 | 0 | 0 | 1 | STANDALONE RUNNING | 1 |
| 2023-06-29 17:16:48 | 6 | 1 | 76 | 0 | 0 | 40/40 | 8/8 | 5/5 | 460*266*320(mm) 16(kg) | 1100*1100*150(mm) | 0 | 0 | 1 | 100 | 0 | 0 | 1 | STANDALONE RUNNING | 1 |
| 2023-06-29 17:16:49 | 6 | 1 | 76 | 0 | 0 | 0/40 | 0/8 | 1/5 | 460*266*320(mm) 16(kg) | 1100*1100*150(mm) | 0 | 0 | 1 | 100 | 0 | 0 | 1 | STANDALONE RUNNING | 1 |
| 2023-06-29 17:17:29 | 6 | 1 | 79 | 0 | 0 | 3/40 | 3/8 | 1/5 | 460*266*320(mm) 16(kg) | 1100*1100*150(mm) | 0 | 0 | 1 | 100 | 0 | 0 | 1 | STANDALONE RUNNING | 1 |
| 2023-06-29 17:17:30 | 6 | 1 | 80 | 0 | 0 | 4/40 | 4/8 | 1/5 | 460*266*320(mm) 16(kg) | 1100*1100*150(mm) | 0 | 0 | 1 | 100 | 0 | 0 | 1 | STANDALONE RUNNING | 1 |
| 2023-06-29 17:17:47 | 5 | 1 | 82 | 0 | 0 | 6/40 | 6/8 | 1/5 | 460*266*320(mm) 16(kg) | 1100*1100*150(mm) | 0 | 0 | 1 | 100 | 0 | 0 | 1 | STANDALONE RUNNING | 1 |
| 2023-06-29 17:18:34 | 5 | 1 | 86 | 0 | 0 | 10/40 | 2/8 | 2/5 | 460*266*320(mm) 16(kg) | 1100*1100*150(mm) | 0 | 0 | 1 | 100 | 0 | 0 | 1 | STANDALONE RUNNING | 1 |
| 2023-06-29 17:18:35 | 5 | 1 | 87 | 0 | 0 | 11/40 | 3/8 | 2/5 | 460*266*320(mm) 16(kg) | 1100*1100*150(mm) | 0 | 0 | 1 | 100 | 0 | 0 | 1 | STANDALONE RUNNING | 1 |
| 2023-06-29 17:19:04 | 7 | 1 | 89 | 0 | 0 | 13/40 | 5/8 | 2/5 | 460*266*320(mm) 16(kg) | 1100*1100*150(mm) | 0 | 0 | 1 | 100 | 0 | 0 | 1 | STANDALONE RUNNING | 1 |
| 2023-06-29 17:19:05 | 7 | 1 | 90 | 0 | 0 | 14/40 | 6/8 | 2/5 | 460*266*320(mm) 16(kg) | 1100*1100*150(mm) | 0 | 0 | 1 | 100 | 0 | 0 | 1 | STANDALONE RUNNING | 1 |
| 2023-06-29 17:19:58 | 6 | 1 | 95 | 0 | 0 | 19/40 | 3/8 | 3/5 | 460*266*320(mm) 16(kg) | 1100*1100*150(mm) | 0 | 0 | 1 | 100 | 0 | 0 | 1 | STANDALONE RUNNING | 1 |
| 2023-06-29 17:20:00 | 6 | 1 | 96 | 0 | 0 | 20/40 | 4/8 | 3/5 | 460*266*320(mm) 16(kg) | 1100*1100*150(mm) | 0 | 0 | 1 | 100 | 0 | 0 | 1 | STANDALONE RUNNING | 1 |
| 2023-06-29 17:23:06 | 6 | 1 | 115 | 0 | 0 | 39/40 | 7/8 | 5/5 | 460*266*320(mm) 16(kg) | 1100*1100*150(mm) | 0 | 550 | 1 | 100 | 0 | 0 | 1 | STANDALONE RUNNING | 1 |
| 2023-06-29 17:23:36 | 6 | 1 | 116 | 0 | 0 | 40/40 | 8/8 | 5/5 | 460*266*320(mm) 16(kg) | 1100*1100*150(mm) | 0 | 0 | 1 | 100 | 0 | 0 | 1 | STANDALONE RUNNING | 1 |
| 2023-06-29 17:23:42 | 6 | 1 | 116 | 0 | 0 | 0/40 | 0/8 | 1/5 | 460*266*320(mm) 16(kg) | 1100*1100*150(mm) | 0 | 0 | 1 | 100 | 0 | 0 | 1 | STANDALONE RUNNING | 1 |
| 2023-06-29 17:23:55 | 6 | 1 | 117 | 0 | 0 | 1/40 | 1/8 | 1/5 | 460*266*320(mm) 16(kg) | 1100*1100*150(mm) | 0 | 0 | 1 | 100 | 0 | 0 | 1 | STANDALONE RUNNING | 1 |
| 2023-06-29 17:24:05 | 6 | 1 | 118 | 0 | 0 | 2/40 | 2/8 | 1/5 | 460*266*320(mm) 16(kg) | 1100*1100*150(mm) | 0 | 0 | 1 | 100 | 0 | 0 | 1 | STANDALONE RUNNING | 1 |
| 2023-06-29 17:24:15 | 6 | 1 | 119 | 0 | 0 | 3/40 | 3/8 | 1/5 | 460*266*320(mm) 16(kg) | 1100*1100*150(mm) | 0 | 0 | 1 | 100 | 0 | 0 | 1 | STANDALONE RUNNING | 1 |
| 2023-06-29 17:24:26 | 6 | 1 | 120 | 0 | 0 | 4/40 | 4/8 | 1/5 | 460*266*320(mm) 16(kg) | 1100*1100*150(mm) | 0 | 0 | 1 | 100 | 0 | 0 | 1 | STANDALONE RUNNING | 1 |
| 2023-06-29 17:24:35 | 6 | 1 | 121 | 0 | 0 | 5/40 | 5/8 | 1/5 | 460*266*320(mm) 16(kg) | 1100*1100*150(mm) | 0 | 0 | 1 | 100 | 0 | 0 | 1 | STANDALONE RUNNING | 1 |
| 2023-06-29 17:24:42 | 5 | 1 | 121 | 0 | 0 | 5/40 | 5/8 | 1/5 | 460*266*320(mm) 16(kg) | 1100*1100*150(mm) | 0 | 0 | 1 | 100 | 0 | 0 | 1 | STANDALONE RUNNING | 1 |
| 2023-06-29 17:24:45 | 5 | 1 | 122 | 0 | 0 | 6/40 | 6/8 | 1/5 | 460*266*320(mm) 16(kg) | 1100*1100*150(mm) | 0 | 0 | 1 | 100 | 0 | 0 | 1 | STANDALONE RUNNING | 1 |
| 2023-06-29 17:24:55 | 5 | 1 | 123 | 0 | 0 | 7/40 | 7/8 | 1/5 | 460*266*320(mm) 16(kg) | 1100*1100*150(mm) | 0 | 0 | 1 | 100 | 0 | 0 | 1 | STANDALONE RUNNING | 1 |
| 2023-06-29 17:25:05 | 5 | 1 | 124 | 0 | 0 | 8/40 | 0/8 | 2/5 | 460*266*320(mm) 16(kg) | 1100*1100*150(mm) | 0 | 0 | 1 | 100 | 0 | 0 | 1 | STANDALONE RUNNING | 1 |
| 2023-06-29 17:25:12 | 5 | 1 | 124 | 0 | 0 | 8/40 | 0/8 | 2/5 | 460*266*320(mm) 16(kg) | 1100*1100*150(mm) | 0 | 0 | 1 | 100 | 0 | 0 | 1 | STANDALONE RUNNING | 1 |
| 2023-06-29 17:25:15 | 5 | 1 | 125 | 0 | 0 | 9/40 | 1/8 | 2/5 | 460*266*320(mm) 16(kg) | 1100*1100*150(mm) | 0 | 0 | 1 | 100 | 0 | 0 | 1 | STANDALONE RUNNING | 1 |
| 2023-06-29 17:25:23 | 5 | 1 | 126 | 0 | 0 | 10/40 | 2/8 | 2/5 | 460*266*320(mm) 16(kg) | 1100*1100*150(mm) | 0 | 0 | 1 | 100 | 0 | 0 | 1 | STANDALONE RUNNING | 1 |
| 2023-06-29 17:25:37 | 5 | 1 | 127 | 0 | 0 | 11/40 | 3/8 | 2/5 | 460*266*320(mm) 16(kg) | 1100*1100*150(mm) | 0 | 0 | 1 | 100 | 0 | 0 | 1 | STANDALONE RUNNING | 1 |
| 2023-06-29 17:25:42 | 5 | 1 | 128 | 0 | 0 | 12/40 | 4/8 | 2/5 | 460*266*320(mm) 16(kg) | 1100*1100*150(mm) | 0 | 0 | 1 | 100 | 0 | 0 | 1 | STANDALONE RUNNING | 1 |
| 2023-06-29 17:25:45 | 7 | 1 | 128 | 0 | 0 | 12/40 | 4/8 | 2/5 | 460*266*320(mm) 16(kg) | 1100*1100*150(mm) | 0 | 0 | 1 | 100 | 0 | 0 | 1 | STANDALONE RUNNING | 1 |
| 2023-06-29 17:25:52 | 7 | 1 | 129 | 0 | 0 | 13/40 | 5/8 | 2/5 | 460*266*320(mm) 16(kg) | 1100*1100*150(mm) | 0 | 0 | 1 | 100 | 0 | 0 | 1 | STANDALONE RUNNING | 1 |
| 2023-06-29 17:27:25 | 6 | 1 | 139 | 0 | 0 | 23/40 | 7/8 | 3/5 | 460*266*320(mm) 16(kg) | 1100*1100*150(mm) | 0 | 0 | 1 | 100 | 0 | 0 | 1 | STANDALONE RUNNING | 1 |
| 2023-06-29 17:27:32 | 6 | 1 | 140 | 0 | 0 | 24/40 | 0/8 | 4/5 | 460*266*320(mm) 16(kg) | 1100*1100*150(mm) | 0 | 109 | 1 | 100 | 0 | 0 | 1 | STANDALONE RUNNING | 1 |
| 2023-06-29 17:27:35 | 6 | 1 | 140 | 0 | 0 | 24/40 | 0/8 | 4/5 | 460*266*320(mm) 16(kg) | 1100*1100*150(mm) | 0 | 230 | 1 | 100 | 0 | 0 | 1 | STANDALONE RUNNING | 1 |
| 2023-06-29 17:27:45 | 6 | 1 | 141 | 0 | 0 | 25/40 | 1/8 | 4/5 | 460*266*320(mm) 16(kg) | 1100*1100*150(mm) | 0 | 230 | 1 | 100 | 0 | 0 | 1 | STANDALONE RUNNING | 1 |
| 2023-06-29 17:27:47 | 7 | 1 | 141 | 0 | 0 | 25/40 | 1/8 | 4/5 | 460*266*320(mm) 16(kg) | 1100*1100*150(mm) | 0 | 230 | 1 | 100 | 0 | 0 | 1 | STANDALONE RUNNING | 1 |
| 2023-06-29 17:27:52 | 7 | 1 | 142 | 0 | 0 | 26/40 | 2/8 | 4/5 | 460*266*320(mm) 16(kg) | 1100*1100*150(mm) | 0 | 230 | 1 | 100 | 0 | 0 | 1 | STANDALONE RUNNING | 1 |
| 2023-06-29 17:28:02 | 7 | 1 | 143 | 0 | 0 | 27/40 | 3/8 | 4/5 | 460*266*320(mm) 16(kg) | 1100*1100*150(mm) | 0 | 230 | 1 | 100 | 0 | 0 | 1 | STANDALONE RUNNING | 1 |
| 2023-06-29 17:28:12 | 7 | 1 | 144 | 0 | 0 | 28/40 | 4/8 | 4/5 | 460*266*320(mm) 16(kg) | 1100*1100*150(mm) | 0 | 230 | 1 | 100 | 0 | 0 | 1 | STANDALONE RUNNING | 1 |
| 2023-06-29 17:28:20 | 7 | 1 | 145 | 0 | 0 | 29/40 | 5/8 | 4/5 | 460*266*320(mm) 16(kg) | 1100*1100*150(mm) | 0 | 230 | 1 | 100 | 0 | 0 | 1 | STANDALONE RUNNING | 1 |
| 2023-06-29 17:28:30 | 7 | 1 | 146 | 0 | 0 | 30/40 | 6/8 | 4/5 | 460*266*320(mm) 16(kg) | 1100*1100*150(mm) | 0 | 230 | 1 | 100 | 0 | 0 | 1 | STANDALONE RUNNING | 1 |
| 2023-06-29 17:28:40 | 7 | 1 | 147 | 0 | 0 | 31/40 | 7/8 | 4/5 | 460*266*320(mm) 16(kg) | 1100*1100*150(mm) | 0 | 230 | 1 | 100 | 0 | 0 | 1 | STANDALONE RUNNING | 1 |
| 2023-06-29 17:28:47 | 7 | 1 | 148 | 0 | 0 | 32/40 | 0/8 | 5/5 | 460*266*320(mm) 16(kg) | 1100*1100*150(mm) | 0 | 386 | 1 | 100 | 0 | 0 | 1 | STANDALONE RUNNING | 1 |
| 2023-06-29 17:28:50 | 7 | 1 | 148 | 0 | 0 | 32/40 | 0/8 | 5/5 | 460*266*320(mm) 16(kg) | 1100*1100*150(mm) | 0 | 550 | 1 | 100 | 0 | 0 | 1 | STANDALONE RUNNING | 1 |
| 2023-06-29 17:29:00 | 7 | 1 | 149 | 0 | 0 | 33/40 | 1/8 | 5/5 | 460*266*320(mm) 16(kg) | 1100*1100*150(mm) | 0 | 550 | 1 | 100 | 0 | 0 | 1 | STANDALONE RUNNING | 1 |
| 2023-06-29 17:29:10 | 7 | 1 | 150 | 0 | 0 | 34/40 | 2/8 | 5/5 | 460*266*320(mm) 16(kg) | 1100*1100*150(mm) | 0 | 550 | 1 | 100 | 0 | 0 | 1 | STANDALONE RUNNING | 1 |
| 2023-06-29 17:29:20 | 7 | 1 | 151 | 0 | 0 | 35/40 | 3/8 | 5/5 | 460*266*320(mm) 16(kg) | 1100*1100*150(mm) | 0 | 550 | 1 | 100 | 0 | 0 | 1 | STANDALONE RUNNING | 1 |
| 2023-06-29 17:29:27 | 7 | 1 | 152 | 0 | 0 | 36/40 | 4/8 | 5/5 | 460*266*320(mm) 16(kg) | 1100*1100*150(mm) | 0 | 550 | 1 | 100 | 0 | 0 | 1 | STANDALONE RUNNING | 1 |
| 2023-06-29 17:29:37 | 7 | 1 | 153 | 0 | 0 | 37/40 | 5/8 | 5/5 | 460*266*320(mm) 16(kg) | 1100*1100*150(mm) | 0 | 550 | 1 | 100 | 0 | 0 | 1 | STANDALONE RUNNING | 1 |
| 2023-06-29 17:29:47 | 7 | 1 | 154 | 0 | 0 | 38/40 | 6/8 | 5/5 | 460*266*320(mm) 16(kg) | 1100*1100*150(mm) | 0 | 550 | 1 | 100 | 0 | 0 | 1 | STANDALONE RUNNING | 1 |
| 2023-06-29 17:29:50 | 6 | 1 | 154 | 0 | 0 | 38/40 | 6/8 | 5/5 | 460*266*320(mm) 16(kg) | 1100*1100*150(mm) | 0 | 550 | 1 | 100 | 0 | 0 | 1 | STANDALONE RUNNING | 1 |
| 2023-06-29 17:29:57 | 6 | 1 | 155 | 0 | 0 | 39/40 | 7/8 | 5/5 | 460*266*320(mm) 16(kg) | 1100*1100*150(mm) | 0 | 550 | 1 | 100 | 0 | 0 | 1 | STANDALONE RUNNING | 1 |
| 2023-06-29 17:30:12 | 6 | 1 | 156 | 0 | 0 | 40/40 | 8/8 | 5/5 | 460*266*320(mm) 16(kg) | 1100*1100*150(mm) | 0 | 0 | 1 | 100 | 0 | 0 | 1 | STANDALONE RUNNING | 1 |
| 2023-06-29 17:30:25 | 6 | 1 | 156 | 0 | 0 | 40/40 | 8/8 | 5/5 | 460*266*320(mm) 16(kg) | 1100*1100*150(mm) | 0 | 0 | 1 | 100 | 0 | 0 | 1 | STANDALONE RUNNING | 1 |
| 2023-06-29 17:30:27 | 6 | 1 | 156 | 0 | 0 | 0/40 | 0/8 | 1/5 | 460*266*320(mm) 16(kg) | 1100*1100*150(mm) | 0 | 0 | 1 | 100 | 0 | 0 | 1 | STANDALONE RUNNING | 1 |
| 2023-06-29 17:30:40 | 6 | 1 | 157 | 0 | 0 | 1/40 | 1/8 | 1/5 | 460*266*320(mm) 16(kg) | 1100*1100*150(mm) | 0 | 0 | 1 | 100 | 0 | 0 | 1 | STANDALONE RUNNING | 1 |
| 2023-06-29 17:30:50 | 6 | 1 | 158 | 0 | 0 | 2/40 | 2/8 | 1/5 | 460*266*320(mm) 16(kg) | 1100*1100*150(mm) | 0 | 0 | 1 | 100 | 0 | 0 | 1 | STANDALONE RUNNING | 1 |
| 2023-06-29 17:31:00 | 6 | 1 | 159 | 0 | 0 | 3/40 | 3/8 | 1/5 | 460*266*320(mm) 16(kg) | 1100*1100*150(mm) | 0 | 0 | 1 | 100 | 0 | 0 | 1 | STANDALONE RUNNING | 1 |
| 2023-06-29 17:31:10 | 6 | 1 | 160 | 0 | 0 | 4/40 | 4/8 | 1/5 | 460*266*320(mm) 16(kg) | 1100*1100*150(mm) | 0 | 0 | 1 | 100 | 0 | 0 | 1 | STANDALONE RUNNING | 1 |
| 2023-06-29 17:31:20 | 6 | 1 | 161 | 0 | 0 | 5/40 | 5/8 | 1/5 | 460*266*320(mm) 16(kg) | 1100*1100*150(mm) | 0 | 0 | 1 | 100 | 0 | 0 | 1 | STANDALONE RUNNING | 1 |
| 2023-06-29 17:31:27 | 5 | 1 | 161 | 0 | 0 | 5/40 | 5/8 | 1/5 | 460*266*320(mm) 16(kg) | 1100*1100*150(mm) | 0 | 0 | 1 | 100 | 0 | 0 | 1 | STANDALONE RUNNING | 1 |
| 2023-06-29 17:31:30 | 5 | 1 | 162 | 0 | 0 | 6/40 | 6/8 | 1/5 | 460*266*320(mm) 16(kg) | 1100*1100*150(mm) | 0 | 0 | 1 | 100 | 0 | 0 | 1 | STANDALONE RUNNING | 1 |
| 2023-06-29 17:31:40 | 5 | 1 | 163 | 0 | 0 | 7/40 | 7/8 | 1/5 | 460*266*320(mm) 16(kg) | 1100*1100*150(mm) | 0 | 0 | 1 | 100 | 0 | 0 | 1 | STANDALONE RUNNING | 1 |
| 2023-06-29 17:31:50 | 5 | 1 | 164 | 0 | 0 | 8/40 | 0/8 | 2/5 | 460*266*320(mm) 16(kg) | 1100*1100*150(mm) | 0 | 0 | 1 | 100 | 0 | 0 | 1 | STANDALONE RUNNING | 1 |
| 2023-06-29 17:32:43 | 7 | 1 | 169 | 0 | 0 | 13/40 | 5/8 | 2/5 | 460*266*320(mm) 16(kg) | 1100*1100*150(mm) | 0 | 0 | 1 | 100 | 0 | 0 | 1 | STANDALONE RUNNING | 1 |
| 2023-06-29 17:32:45 | 7 | 1 | 170 | 0 | 0 | 14/40 | 6/8 | 2/5 | 460*266*320(mm) 16(kg) | 1100*1100*150(mm) | 0 | 0 | 1 | 100 | 0 | 0 | 1 | STANDALONE RUNNING | 1 |
| 2023-06-29 17:32:55 | 7 | 1 | 171 | 0 | 0 | 15/40 | 7/8 | 2/5 | 460*266*320(mm) 16(kg) | 1100*1100*150(mm) | 0 | 0 | 1 | 100 | 0 | 0 | 1 | STANDALONE RUNNING | 1 |
| 2023-06-29 17:33:05 | 7 | 1 | 172 | 0 | 0 | 16/40 | 0/8 | 3/5 | 460*266*320(mm) 16(kg) | 1100*1100*150(mm) | 0 | 0 | 1 | 100 | 0 | 0 | 1 | STANDALONE RUNNING | 1 |
| 2023-06-29 17:33:15 | 7 | 1 | 173 | 0 | 0 | 17/40 | 1/8 | 3/5 | 460*266*320(mm) 16(kg) | 1100*1100*150(mm) | 0 | 0 | 1 | 100 | 0 | 0 | 1 | STANDALONE RUNNING | 1 |
| 2023-06-29 17:34:21 | 7 | 1 | 180 | 0 | 0 | 24/40 | 0/8 | 4/5 | 460*266*320(mm) 16(kg) | 1100*1100*150(mm) | 0 | 230 | 1 | 100 | 0 | 0 | 1 | STANDALONE RUNNING | 1 |
| 2023-06-29 17:34:27 | 7 | 1 | 181 | 0 | 0 | 25/40 | 1/8 | 4/5 | 460*266*320(mm) 16(kg) | 1100*1100*150(mm) | 0 | 230 | 1 | 100 | 0 | 0 | 1 | STANDALONE RUNNING | 1 |
| 2023-06-29 17:34:32 | 6 | 1 | 181 | 0 | 0 | 25/40 | 1/8 | 4/5 | 460*266*320(mm) 16(kg) | 1100*1100*150(mm) | 0 | 230 | 1 | 100 | 0 | 0 | 1 | STANDALONE RUNNING | 1 |
| 2023-06-29 17:34:37 | 6 | 1 | 182 | 0 | 0 | 26/40 | 2/8 | 4/5 | 460*266*320(mm) 16(kg) | 1100*1100*150(mm) | 0 | 230 | 1 | 100 | 0 | 0 | 1 | STANDALONE RUNNING | 1 |
| 2023-06-29 17:34:48 | 6 | 1 | 183 | 0 | 0 | 27/40 | 3/8 | 4/5 | 460*266*320(mm) 16(kg) | 1100*1100*150(mm) | 0 | 230 | 1 | 100 | 0 | 0 | 1 | STANDALONE RUNNING | 1 |
| 2023-06-29 17:34:55 | 6 | 1 | 184 | 0 | 0 | 28/40 | 4/8 | 4/5 | 460*266*320(mm) 16(kg) | 1100*1100*150(mm) | 0 | 230 | 1 | 100 | 0 | 0 | 1 | STANDALONE RUNNING | 1 |
| 2023-06-29 17:35:05 | 6 | 1 | 185 | 0 | 0 | 29/40 | 5/8 | 4/5 | 460*266*320(mm) 16(kg) | 1100*1100*150(mm) | 0 | 230 | 1 | 100 | 0 | 0 | 1 | STANDALONE RUNNING | 1 |
| 2023-06-29 17:35:15 | 6 | 1 | 186 | 0 | 0 | 30/40 | 6/8 | 4/5 | 460*266*320(mm) 16(kg) | 1100*1100*150(mm) | 0 | 230 | 1 | 100 | 0 | 0 | 1 | STANDALONE RUNNING | 1 |
| 2023-06-29 17:35:22 | 6 | 1 | 187 | 0 | 0 | 31/40 | 7/8 | 4/5 | 460*266*320(mm) 16(kg) | 1100*1100*150(mm) | 0 | 230 | 1 | 100 | 0 | 0 | 1 | STANDALONE RUNNING | 1 |
| 2023-06-29 17:35:32 | 6 | 1 | 188 | 0 | 0 | 32/40 | 0/8 | 5/5 | 460*266*320(mm) 16(kg) | 1100*1100*150(mm) | 0 | 539 | 1 | 100 | 0 | 0 | 1 | STANDALONE RUNNING | 1 |
| 2023-06-29 17:35:35 | 7 | 1 | 188 | 0 | 0 | 32/40 | 0/8 | 5/5 | 460*266*320(mm) 16(kg) | 1100*1100*150(mm) | 0 | 550 | 1 | 100 | 0 | 0 | 1 | STANDALONE RUNNING | 1 |
| 2023-06-29 17:35:38 | 7 | 1 | 188 | 0 | 0 | 32/40 | 0/8 | 5/5 | 460*266*320(mm) 16(kg) | 1100*1100*150(mm) | 0 | 550 | 1 | 100 | 0 | 0 | 1 | STANDALONE RUNNING | 1 |
| 2023-06-29 17:36:49 | 6 | 1 | 195 | 0 | 0 | 39/40 | 7/8 | 5/5 | 460*266*320(mm) 16(kg) | 1100*1100*150(mm) | 0 | 550 | 1 | 100 | 0 | 0 | 1 | STANDALONE RUNNING | 1 |
