|      Date Time      | 가동률 | 모델정보 | 생산수량 | 불량수량 | 알람코드 | 작업 진행 상황 | 박스 진행 상황 | 레이어 진행상황 | 박스 정보 | 팔레트 정보 | 간지 사용 유무 | 리프트 높이 | 적재방향 | 로봇 스피드 | BOX SORT CYLINDER | SAFETY LADAR SENSOR | LABEL ALINE | 로봇 상태 | 로봇 서보 온 |
| 2023-07-13 10:11:47 | 0 | 0 | 0 | 0 | 0 | 0/0 | 0/0 | 0/0 | 0*0*0(mm) 0(kg) | 0*0*0(mm) | 0 | 0 | 0 | 0 | 0 | 0 | 0 | INITIALIZING | 0 |
| 2023-07-13 10:21:33 | 0 | 0 | 0 | 0 | 25 | 0/0 | 0/0 | 0/0 | 0*0*0(mm) 0(kg) | 0*0*0(mm) | 0 | 0 | 0 | 100 | 0 | 0 | 1 | SAFE OFF | 0 |
| 2023-07-13 10:22:02 | 0 | 0 | 0 | 0 | 25 | 0/0 | 0/0 | 0/0 | 0*0*0(mm) 0(kg) | 0*0*0(mm) | 0 | 0 | 0 | 100 | 0 | 0 | 1 | SAFE OFF | 0 |
| 2023-07-13 10:23:17 | 0 | 0 | 0 | 0 | 25 | 0/0 | 0/0 | 0/0 | 0*0*0(mm) 0(kg) | 0*0*0(mm) | 0 | 0 | 0 | 100 | 0 | 0 | 1 | SAFE OFF | 0 |
| 2023-07-13 10:26:08 | 0 | 0 | 0 | 0 | 25 | 0/0 | 0/0 | 0/0 | 0*0*0(mm) 0(kg) | 0*0*0(mm) | 0 | 0 | 0 | 100 | 0 | 0 | 1 | SAFE OFF | 0 |
| 2023-07-13 10:28:29 | 0 | 0 | 0 | 0 | 0 | 0/0 | 0/0 | 0/0 | 0*0*0(mm) 0(kg) | 0*0*0(mm) | 0 | 0 | 0 | 0 | 0 | 0 | 0 | INITIALIZING | 0 |
| 2023-07-13 10:31:30 | 0 | 0 | 0 | 0 | 0 | 0/0 | 0/0 | 0/0 | 0*0*0(mm) 0(kg) | 0*0*0(mm) | 0 | 0 | 0 | 0 | 0 | 0 | 0 | SAFE OFF | 0 |
| 2023-07-13 10:31:53 | 0 | 0 | 0 | 0 | 25 | 0/0 | 0/0 | 0/0 | 0*0*0(mm) 0(kg) | 0*0*0(mm) | 0 | 0 | 0 | 100 | 0 | 0 | 1 | SAFE OFF | 0 |
| 2023-07-13 10:31:56 | 0 | 0 | 0 | 0 | 25 | 0/0 | 0/0 | 0/0 | 0*0*0(mm) 0(kg) | 0*0*0(mm) | 0 | 0 | 0 | 100 | 0 | 0 | 1 | STANDALONE STANDBY | 1 |
| 2023-07-13 10:31:58 | 0 | 0 | 0 | 0 | 0 | 0/0 | 0/0 | 0/0 | 0*0*0(mm) 0(kg) | 0*0*0(mm) | 0 | 0 | 0 | 100 | 0 | 0 | 1 | STANDALONE STANDBY | 1 |
| 2023-07-13 10:32:13 | 0 | 0 | 0 | 0 | 0 | 0/0 | 0/0 | 0/0 | 0*0*0(mm) 0(kg) | 0*0*0(mm) | 0 | 0 | 0 | 100 | 0 | 0 | 1 | STANDALONE RUNNING | 1 |
| 2023-07-13 10:32:15 | 0 | 0 | 0 | 0 | 0 | 0/0 | 0/0 | 0/0 | 0*0*0(mm) 0(kg) | 0*0*0(mm) | 0 | 0 | 0 | 100 | 0 | 0 | 1 | STANDALONE RUNNING | 0 |
| 2023-07-13 10:32:15 | 0 | 0 | 0 | 0 | 0 | 0/0 | 0/0 | 0/0 | 0*0*0(mm) 0(kg) | 0*0*0(mm) | 0 | 0 | 0 | 100 | 0 | 0 | 1 | SAFE OFF | 0 |
| 2023-07-13 10:32:16 | 0 | 0 | 0 | 0 | 25 | 0/0 | 0/0 | 0/0 | 0*0*0(mm) 0(kg) | 0*0*0(mm) | 0 | 0 | 0 | 100 | 0 | 0 | 1 | SAFE OFF | 0 |
| 2023-07-13 10:32:18 | 0 | 0 | 0 | 0 | 0 | 0/0 | 0/0 | 0/0 | 0*0*0(mm) 0(kg) | 0*0*0(mm) | 0 | 0 | 0 | 100 | 0 | 0 | 1 | SAFE OFF | 0 |
| 2023-07-13 10:32:18 | 0 | 0 | 0 | 0 | 0 | 0/0 | 0/0 | 0/0 | 0*0*0(mm) 0(kg) | 0*0*0(mm) | 0 | 0 | 0 | 100 | 0 | 0 | 1 | STANDALONE STANDBY | 1 |
| 2023-07-13 10:32:27 | 0 | 0 | 0 | 0 | 0 | 0/0 | 0/0 | 0/0 | 0*0*0(mm) 0(kg) | 0*0*0(mm) | 0 | 0 | 0 | 100 | 0 | 0 | 1 | STANDALONE RUNNING | 1 |
| 2023-07-13 10:32:27 | 0 | 0 | 0 | 0 | 0 | 0/0 | 0/0 | 0/0 | 0*0*0(mm) 0(kg) | 0*0*0(mm) | 0 | 0 | 0 | 100 | 0 | 0 | 1 | STANDALONE RUNNING | 0 |
| 2023-07-13 10:32:27 | 0 | 0 | 0 | 0 | 0 | 0/0 | 0/0 | 0/0 | 0*0*0(mm) 0(kg) | 0*0*0(mm) | 0 | 0 | 0 | 100 | 0 | 0 | 1 | SAFE OFF | 0 |
| 2023-07-13 10:33:32 | 0 | 0 | 0 | 0 | 25 | 0/0 | 0/0 | 0/0 | 0*0*0(mm) 0(kg) | 0*0*0(mm) | 0 | 0 | 0 | 100 | 0 | 0 | 1 | SAFE OFF | 0 |
| 2023-07-13 10:41:59 | 0 | 0 | 0 | 0 | 0 | 0/0 | 0/0 | 0/0 | 0*0*0(mm) 0(kg) | 0*0*0(mm) | 0 | 0 | 0 | 0 | 0 | 0 | 0 | INITIALIZING | 0 |
| 2023-07-13 10:46:46 | 0 | 0 | 0 | 0 | 25 | 0/0 | 0/0 | 0/0 | 0*0*0(mm) 0(kg) | 0*0*0(mm) | 0 | 0 | 0 | 100 | 0 | 0 | 1 | SAFE OFF | 0 |
| 2023-07-13 10:48:45 | 0 | 0 | 0 | 0 | 25 | 0/0 | 0/0 | 0/0 | 0*0*0(mm) 0(kg) | 0*0*0(mm) | 0 | 0 | 0 | 100 | 0 | 0 | 1 | SAFE OFF | 0 |
| 2023-07-13 10:49:35 | 0 | 0 | 0 | 0 | 25 | 0/0 | 0/0 | 0/0 | 0*0*0(mm) 0(kg) | 0*0*0(mm) | 0 | 0 | 0 | 100 | 0 | 0 | 1 | SAFE OFF | 0 |
| 2023-07-13 10:49:52 | 0 | 0 | 0 | 0 | 25 | 0/0 | 0/0 | 0/0 | 0*0*0(mm) 0(kg) | 0*0*0(mm) | 0 | 0 | 0 | 100 | 0 | 0 | 1 | SAFE OFF | 0 |
| 2023-07-13 10:50:17 | 0 | 0 | 0 | 0 | 25 | 0/0 | 0/0 | 0/0 | 0*0*0(mm) 0(kg) | 0*0*0(mm) | 0 | 0 | 0 | 100 | 0 | 0 | 1 | SAFE OFF | 0 |
| 2023-07-13 10:50:27 | 0 | 0 | 0 | 0 | 25 | 0/0 | 0/0 | 0/0 | 0*0*0(mm) 0(kg) | 0*0*0(mm) | 0 | 0 | 0 | 100 | 0 | 0 | 1 | STANDALONE STANDBY | 1 |
| 2023-07-13 10:50:29 | 0 | 0 | 0 | 0 | 0 | 0/0 | 0/0 | 0/0 | 0*0*0(mm) 0(kg) | 0*0*0(mm) | 0 | 0 | 0 | 100 | 0 | 0 | 1 | STANDALONE STANDBY | 1 |
| 2023-07-13 10:50:45 | 0 | 0 | 0 | 0 | 0 | 0/0 | 0/0 | 0/0 | 0*0*0(mm) 0(kg) | 0*0*0(mm) | 0 | 0 | 0 | 100 | 0 | 0 | 1 | STANDALONE RUNNING | 1 |
| 2023-07-13 10:52:59 | 4 | 1 | 4 | 0 | 0 | 4/40 | 4/8 | 1/5 | 460*266*320(mm) 16(kg) | 1100*1100*150(mm) | 0 | 0 | 1 | 100 | 0 | 0 | 1 | STANDALONE STANDBY | 1 |
| 2023-07-13 10:54:47 | 0 | 1 | 4 | 0 | 0 | 4/40 | 4/8 | 1/5 | 460*266*320(mm) 16(kg) | 1100*1100*150(mm) | 0 | 0 | 1 | 100 | 0 | 0 | 1 | STANDALONE STANDBY | 1 |
| 2023-07-13 10:54:56 | 0 | 1 | 4 | 0 | 0 | 4/40 | 4/8 | 1/5 | 460*266*320(mm) 16(kg) | 1100*1100*150(mm) | 0 | 0 | 1 | 100 | 0 | 0 | 1 | STANDALONE STANDBY | 1 |
| 2023-07-13 10:55:01 | 0 | 1 | 4 | 0 | 0 | 4/40 | 4/8 | 1/5 | 460*266*320(mm) 16(kg) | 1100*1100*150(mm) | 0 | 0 | 1 | 100 | 0 | 0 | 1 | STANDALONE RUNNING | 1 |
| 2023-07-13 10:55:09 | 0 | 1 | 5 | 0 | 0 | 5/40 | 5/8 | 1/5 | 460*266*320(mm) 16(kg) | 1100*1100*150(mm) | 0 | 0 | 1 | 100 | 0 | 0 | 1 | STANDALONE RUNNING | 1 |
| 2023-07-13 10:55:32 | 0 | 1 | 7 | 0 | 0 | 7/40 | 7/8 | 1/5 | 460*266*320(mm) 16(kg) | 1100*1100*150(mm) | 0 | 0 | 1 | 100 | 0 | 0 | 1 | STANDALONE RUNNING | 1 |
| 2023-07-13 10:55:39 | 0 | 1 | 8 | 0 | 0 | 8/40 | 0/8 | 2/5 | 460*266*320(mm) 16(kg) | 1100*1100*150(mm) | 0 | 0 | 1 | 100 | 0 | 0 | 1 | STANDALONE RUNNING | 1 |
| 2023-07-13 10:55:49 | 0 | 1 | 9 | 0 | 0 | 9/40 | 1/8 | 2/5 | 460*266*320(mm) 16(kg) | 1100*1100*150(mm) | 0 | 0 | 1 | 100 | 0 | 0 | 1 | STANDALONE RUNNING | 1 |
| 2023-07-13 10:55:56 | 5 | 1 | 9 | 0 | 0 | 9/40 | 1/8 | 2/5 | 460*266*320(mm) 16(kg) | 1100*1100*150(mm) | 0 | 0 | 1 | 100 | 0 | 0 | 1 | STANDALONE RUNNING | 1 |
| 2023-07-13 10:55:59 | 5 | 1 | 10 | 0 | 0 | 10/40 | 2/8 | 2/5 | 460*266*320(mm) 16(kg) | 1100*1100*150(mm) | 0 | 0 | 1 | 100 | 0 | 0 | 1 | STANDALONE RUNNING | 1 |
| 2023-07-13 10:55:59 | 5 | 1 | 10 | 0 | 0 | 10/40 | 2/8 | 2/5 | 460*266*320(mm) 16(kg) | 1100*1100*150(mm) | 0 | 0 | 1 | 100 | 0 | 0 | 1 | STANDALONE RUNNING | 0 |
| 2023-07-13 10:56:00 | 5 | 1 | 10 | 0 | 0 | 10/40 | 2/8 | 2/5 | 460*266*320(mm) 16(kg) | 1100*1100*150(mm) | 0 | 0 | 1 | 100 | 0 | 0 | 1 | SAFE OFF | 0 |
| 2023-07-13 10:56:01 | 5 | 1 | 10 | 0 | 25 | 10/40 | 2/8 | 2/5 | 460*266*320(mm) 16(kg) | 1100*1100*150(mm) | 0 | 0 | 1 | 100 | 0 | 0 | 1 | SAFE OFF | 0 |
| 2023-07-13 10:56:06 | 5 | 1 | 10 | 0 | 0 | 10/40 | 2/8 | 2/5 | 460*266*320(mm) 16(kg) | 1100*1100*150(mm) | 0 | 0 | 1 | 100 | 0 | 0 | 1 | SAFE OFF | 0 |
| 2023-07-13 10:56:06 | 5 | 1 | 10 | 0 | 0 | 10/40 | 2/8 | 2/5 | 460*266*320(mm) 16(kg) | 1100*1100*150(mm) | 0 | 0 | 1 | 100 | 0 | 0 | 1 | STANDALONE STANDBY | 1 |
| 2023-07-13 10:57:17 | 5 | 1 | 10 | 0 | 0 | 10/40 | 2/8 | 2/5 | 460*266*320(mm) 16(kg) | 1100*1100*150(mm) | 0 | 0 | 1 | 100 | 0 | 0 | 1 | STANDALONE RUNNING | 1 |
| 2023-07-13 11:03:25 | 6 | 1 | 40 | 0 | 0 | 40/40 | 8/8 | 5/5 | 460*266*320(mm) 16(kg) | 1100*1100*150(mm) | 0 | 0 | 1 | 100 | 0 | 0 | 1 | STANDALONE RUNNING | 1 |
| 2023-07-13 11:03:53 | 6 | 1 | 40 | 0 | 0 | 0/40 | 0/8 | 1/5 | 460*266*320(mm) 16(kg) | 1100*1100*150(mm) | 0 | 0 | 1 | 100 | 0 | 0 | 1 | STANDALONE RUNNING | 1 |
| 2023-07-13 11:04:21 | 6 | 1 | 42 | 0 | 0 | 2/40 | 2/8 | 1/5 | 460*266*320(mm) 16(kg) | 1100*1100*150(mm) | 0 | 0 | 1 | 100 | 0 | 0 | 1 | STANDALONE RUNNING | 1 |
| 2023-07-13 11:04:21 | 6 | 1 | 43 | 0 | 0 | 3/40 | 3/8 | 1/5 | 460*266*320(mm) 16(kg) | 1100*1100*150(mm) | 0 | 0 | 1 | 100 | 0 | 0 | 1 | STANDALONE RUNNING | 1 |
| 2023-07-13 11:04:31 | 6 | 1 | 44 | 0 | 0 | 4/40 | 4/8 | 1/5 | 460*266*320(mm) 16(kg) | 1100*1100*150(mm) | 0 | 0 | 1 | 100 | 0 | 0 | 1 | STANDALONE RUNNING | 1 |
| 2023-07-13 11:04:41 | 6 | 1 | 45 | 0 | 0 | 5/40 | 5/8 | 1/5 | 460*266*320(mm) 16(kg) | 1100*1100*150(mm) | 0 | 0 | 1 | 100 | 0 | 0 | 1 | STANDALONE RUNNING | 1 |
| 2023-07-13 11:04:51 | 6 | 1 | 46 | 0 | 0 | 6/40 | 6/8 | 1/5 | 460*266*320(mm) 16(kg) | 1100*1100*150(mm) | 0 | 0 | 1 | 100 | 0 | 0 | 1 | STANDALONE RUNNING | 1 |
| 2023-07-13 11:05:01 | 6 | 1 | 47 | 0 | 0 | 7/40 | 7/8 | 1/5 | 460*266*320(mm) 16(kg) | 1100*1100*150(mm) | 0 | 0 | 1 | 100 | 0 | 0 | 1 | STANDALONE RUNNING | 1 |
| 2023-07-13 11:13:57 | 0 | 1 | 50 | 0 | 0 | 10/40 | 2/8 | 2/5 | 460*266*320(mm) 16(kg) | 1100*1100*150(mm) | 0 | 0 | 1 | 100 | 0 | 0 | 1 | STANDALONE STANDBY | 1 |
| 2023-07-13 11:16:19 | 0 | 1 | 50 | 0 | 0 | 10/40 | 2/8 | 2/5 | 460*266*320(mm) 16(kg) | 1100*1100*150(mm) | 0 | 0 | 1 | 100 | 0 | 0 | 1 | STANDALONE STANDBY | 1 |
| 2023-07-13 11:17:44 | 0 | 1 | 50 | 0 | 0 | 10/40 | 2/8 | 2/5 | 460*266*320(mm) 16(kg) | 1100*1100*150(mm) | 0 | 0 | 1 | 100 | 0 | 0 | 1 | STANDALONE STANDBY | 1 |
| 2023-07-13 11:19:42 | 0 | 1 | 50 | 0 | 0 | 10/40 | 2/8 | 2/5 | 460*266*320(mm) 16(kg) | 1100*1100*150(mm) | 0 | 0 | 1 | 100 | 0 | 0 | 1 | STANDALONE STANDBY | 1 |
| 2023-07-13 11:22:12 | 0 | 1 | 50 | 0 | 0 | 10/40 | 2/8 | 2/5 | 460*266*320(mm) 16(kg) | 1100*1100*150(mm) | 0 | 0 | 1 | 100 | 0 | 0 | 1 | STANDALONE STANDBY | 1 |
| 2023-07-13 11:23:56 | 0 | 1 | 50 | 0 | 0 | 10/40 | 2/8 | 2/5 | 460*266*320(mm) 16(kg) | 1100*1100*150(mm) | 0 | 0 | 1 | 100 | 0 | 0 | 1 | STANDALONE STANDBY | 1 |
| 2023-07-13 11:24:28 | 0 | 1 | 50 | 0 | 0 | 10/40 | 2/8 | 2/5 | 460*266*320(mm) 16(kg) | 1100*1100*150(mm) | 0 | 0 | 1 | 100 | 0 | 0 | 1 | STANDALONE STANDBY | 1 |
| 2023-07-13 11:27:24 | 0 | 1 | 50 | 0 | 0 | 10/40 | 2/8 | 2/5 | 460*266*320(mm) 16(kg) | 1100*1100*150(mm) | 0 | 0 | 1 | 100 | 0 | 0 | 1 | STANDALONE STANDBY | 1 |
| 2023-07-13 11:27:33 | 0 | 1 | 50 | 0 | 0 | 10/40 | 2/8 | 2/5 | 460*266*320(mm) 16(kg) | 1100*1100*150(mm) | 0 | 0 | 1 | 100 | 0 | 0 | 1 | STANDALONE STANDBY | 1 |
| 2023-07-13 11:30:17 | 0 | 1 | 50 | 0 | 0 | 10/40 | 2/8 | 2/5 | 460*266*320(mm) 16(kg) | 1100*1100*150(mm) | 0 | 0 | 1 | 100 | 0 | 0 | 1 | STANDALONE STANDBY | 1 |
| 2023-07-13 11:31:36 | 0 | 1 | 50 | 0 | 0 | 10/40 | 2/8 | 2/5 | 460*266*320(mm) 16(kg) | 1100*1100*150(mm) | 0 | 0 | 1 | 100 | 0 | 0 | 1 | STANDALONE STANDBY | 1 |
| 2023-07-13 11:32:48 | 0 | 1 | 50 | 0 | 0 | 10/40 | 2/8 | 2/5 | 460*266*320(mm) 16(kg) | 1100*1100*150(mm) | 0 | 0 | 1 | 100 | 0 | 0 | 1 | STANDALONE STANDBY | 1 |
| 2023-07-13 11:33:01 | 0 | 1 | 50 | 0 | 0 | 10/40 | 2/8 | 2/5 | 460*266*320(mm) 16(kg) | 1100*1100*150(mm) | 0 | 0 | 1 | 100 | 0 | 0 | 1 | STANDALONE RUNNING | 1 |
| 2023-07-13 11:33:08 | 0 | 1 | 50 | 0 | 0 | 10/40 | 2/8 | 2/5 | 460*266*320(mm) 16(kg) | 1100*1100*150(mm) | 0 | 0 | 1 | 100 | 0 | 0 | 1 | STANDALONE STANDBY | 1 |
| 2023-07-13 11:34:27 | 0 | 1 | 50 | 0 | 0 | 10/40 | 2/8 | 2/5 | 460*266*320(mm) 16(kg) | 1100*1100*150(mm) | 0 | 0 | 1 | 100 | 0 | 0 | 1 | STANDALONE STANDBY | 1 |
| 2023-07-13 11:35:19 | 0 | 1 | 50 | 0 | 0 | 10/40 | 2/8 | 2/5 | 460*266*320(mm) 16(kg) | 1100*1100*150(mm) | 0 | 0 | 1 | 100 | 0 | 0 | 1 | STANDALONE STANDBY | 1 |
| 2023-07-13 11:36:13 | 0 | 1 | 50 | 0 | 0 | 10/40 | 2/8 | 2/5 | 460*266*320(mm) 16(kg) | 1100*1100*150(mm) | 0 | 0 | 1 | 100 | 0 | 0 | 1 | STANDALONE STANDBY | 1 |
| 2023-07-13 11:39:23 | 0 | 1 | 50 | 0 | 0 | 10/40 | 2/8 | 2/5 | 460*266*320(mm) 16(kg) | 1100*1100*150(mm) | 0 | 0 | 1 | 100 | 0 | 0 | 1 | STANDALONE STANDBY | 1 |
| 2023-07-13 11:40:07 | 0 | 1 | 50 | 0 | 0 | 10/40 | 2/8 | 2/5 | 460*266*320(mm) 16(kg) | 1100*1100*150(mm) | 0 | 0 | 1 | 100 | 0 | 0 | 1 | STANDALONE STANDBY | 1 |
| 2023-07-13 11:41:22 | 0 | 1 | 50 | 0 | 0 | 10/40 | 2/8 | 2/5 | 460*266*320(mm) 16(kg) | 1100*1100*150(mm) | 0 | 0 | 1 | 100 | 0 | 0 | 1 | STANDALONE STANDBY | 1 |
| 2023-07-13 11:42:34 | 0 | 1 | 50 | 0 | 0 | 10/40 | 2/8 | 2/5 | 460*266*320(mm) 16(kg) | 1100*1100*150(mm) | 0 | 0 | 1 | 100 | 0 | 0 | 1 | STANDALONE STANDBY | 1 |
| 2023-07-13 11:43:22 | 0 | 1 | 50 | 0 | 0 | 10/40 | 2/8 | 2/5 | 460*266*320(mm) 16(kg) | 1100*1100*150(mm) | 0 | 0 | 1 | 100 | 0 | 0 | 1 | STANDALONE STANDBY | 1 |
| 2023-07-13 11:43:59 | 0 | 1 | 50 | 0 | 0 | 10/40 | 2/8 | 2/5 | 460*266*320(mm) 16(kg) | 1100*1100*150(mm) | 0 | 0 | 1 | 100 | 0 | 0 | 1 | STANDALONE STANDBY | 1 |
| 2023-07-13 11:45:23 | 0 | 1 | 50 | 0 | 0 | 10/40 | 2/8 | 2/5 | 460*266*320(mm) 16(kg) | 1100*1100*150(mm) | 0 | 0 | 1 | 100 | 0 | 0 | 1 | STANDALONE STANDBY | 1 |
| 2023-07-13 11:45:37 | 0 | 1 | 50 | 0 | 0 | 10/40 | 2/8 | 2/5 | 460*266*320(mm) 16(kg) | 1100*1100*150(mm) | 0 | 0 | 1 | 100 | 0 | 0 | 1 | STANDALONE STANDBY | 1 |
| 2023-07-13 11:47:17 | 0 | 1 | 50 | 0 | 0 | 10/40 | 2/8 | 2/5 | 460*266*320(mm) 16(kg) | 1100*1100*150(mm) | 0 | 0 | 1 | 100 | 0 | 0 | 1 | STANDALONE STANDBY | 1 |
| 2023-07-13 11:48:41 | 0 | 1 | 50 | 0 | 0 | 10/40 | 2/8 | 2/5 | 460*266*320(mm) 16(kg) | 1100*1100*150(mm) | 0 | 0 | 1 | 100 | 0 | 0 | 1 | STANDALONE STANDBY | 1 |
| 2023-07-13 11:49:06 | 0 | 1 | 50 | 0 | 0 | 10/40 | 2/8 | 2/5 | 460*266*320(mm) 16(kg) | 1100*1100*150(mm) | 0 | 0 | 1 | 100 | 0 | 0 | 1 | STANDALONE STANDBY | 1 |
| 2023-07-13 11:50:26 | 0 | 1 | 50 | 0 | 0 | 10/40 | 2/8 | 2/5 | 460*266*320(mm) 16(kg) | 1100*1100*150(mm) | 0 | 0 | 1 | 100 | 0 | 0 | 1 | STANDALONE STANDBY | 1 |
| 2023-07-13 17:36:22 | 0 | 0 | 0 | 0 | 25 | 0/0 | 0/0 | 0/0 | 0*0*0(mm) 0(kg) | 0*0*0(mm) | 0 | 0 | 0 | 100 | 0 | 0 | 1 | SAFE OFF | 0 |
| 2023-07-13 17:37:38 | 0 | 0 | 0 | 0 | 25 | 0/0 | 0/0 | 0/0 | 0*0*0(mm) 0(kg) | 0*0*0(mm) | 0 | 0 | 0 | 100 | 0 | 0 | 1 | SAFE OFF | 0 |
| 2023-07-13 17:38:40 | 0 | 0 | 0 | 0 | 25 | 0/0 | 0/0 | 0/0 | 0*0*0(mm) 0(kg) | 0*0*0(mm) | 0 | 0 | 0 | 100 | 0 | 0 | 1 | SAFE OFF | 0 |
| 2023-07-13 17:40:11 | 0 | 0 | 0 | 0 | 25 | 0/0 | 0/0 | 0/0 | 0*0*0(mm) 0(kg) | 0*0*0(mm) | 0 | 0 | 0 | 100 | 0 | 0 | 1 | SAFE OFF | 0 |
| 2023-07-13 17:41:42 | 0 | 0 | 0 | 0 | 25 | 0/0 | 0/0 | 0/0 | 0*0*0(mm) 0(kg) | 0*0*0(mm) | 0 | 0 | 0 | 100 | 0 | 0 | 1 | SAFE OFF | 0 |
| 2023-07-13 18:35:32 | 0 | 0 | 0 | 0 | 0 | 0/0 | 0/0 | 0/0 | 0*0*0(mm) 0(kg) | 0*0*0(mm) | 0 | 0 | 0 | 0 | 0 | 0 | 0 | INITIALIZING | 0 |
| 2023-07-13 18:37:11 | 0 | 0 | 0 | 0 | 0 | 0/0 | 0/0 | 0/0 | 0*0*0(mm) 0(kg) | 0*0*0(mm) | 0 | 0 | 0 | 0 | 0 | 0 | 0 | SAFE OFF | 0 |
| 2023-07-13 18:39:52 | 0 | 0 | 0 | 0 | 25 | 0/0 | 0/0 | 0/0 | 0*0*0(mm) 0(kg) | 0*0*0(mm) | 0 | 0 | 0 | 100 | 0 | 0 | 1 | SAFE OFF | 0 |
| 2023-07-13 18:48:00 | 0 | 0 | 0 | 0 | 25 | 0/0 | 0/0 | 0/0 | 0*0*0(mm) 0(kg) | 0*0*0(mm) | 0 | 0 | 0 | 100 | 0 | 1 | 1 | SAFE OFF | 0 |
| 2023-07-13 18:48:17 | 0 | 0 | 0 | 0 | 25 | 0/0 | 0/0 | 0/0 | 0*0*0(mm) 0(kg) | 0*0*0(mm) | 0 | 0 | 0 | 100 | 0 | 0 | 1 | SAFE OFF | 0 |
| 2023-07-13 18:52:05 | 0 | 0 | 0 | 0 | 0 | 0/0 | 0/0 | 0/0 | 0*0*0(mm) 0(kg) | 0*0*0(mm) | 0 | 2 | 0 | 100 | 0 | 0 | 1 | STANDALONE STANDBY | 1 |
| 2023-07-13 18:52:22 | 0 | 0 | 0 | 0 | 0 | 0/0 | 0/0 | 0/0 | 0*0*0(mm) 0(kg) | 0*0*0(mm) | 0 | 2 | 0 | 100 | 0 | 0 | 1 | STANDALONE STANDBY | 0 |
| 2023-07-13 18:52:23 | 0 | 0 | 0 | 0 | 0 | 0/0 | 0/0 | 0/0 | 0*0*0(mm) 0(kg) | 0*0*0(mm) | 0 | 2 | 0 | 100 | 0 | 0 | 1 | EMERGENCY STOP | 0 |
| 2023-07-13 18:52:25 | 0 | 0 | 0 | 0 | 25 | 0/0 | 0/0 | 0/0 | 0*0*0(mm) 0(kg) | 0*0*0(mm) | 0 | 2 | 0 | 100 | 0 | 0 | 1 | EMERGENCY STOP | 0 |
| 2023-07-13 18:52:33 | 0 | 0 | 0 | 0 | 25 | 0/0 | 0/0 | 0/0 | 0*0*0(mm) 0(kg) | 0*0*0(mm) | 0 | 2 | 0 | 100 | 0 | 0 | 1 | SAFE OFF | 0 |
| 2023-07-13 18:56:07 | 0 | 0 | 0 | 0 | 25 | 0/0 | 0/0 | 0/0 | 0*0*0(mm) 0(kg) | 0*0*0(mm) | 0 | 2 | 0 | 100 | 0 | 0 | 1 | STANDALONE STANDBY | 1 |
| 2023-07-13 18:56:07 | 0 | 0 | 0 | 0 | 0 | 0/0 | 0/0 | 0/0 | 0*0*0(mm) 0(kg) | 0*0*0(mm) | 0 | 2 | 0 | 100 | 0 | 0 | 1 | STANDALONE STANDBY | 1 |
| 2023-07-13 18:56:20 | 0 | 0 | 0 | 0 | 0 | 0/0 | 0/0 | 0/0 | 0*0*0(mm) 0(kg) | 0*0*0(mm) | 0 | 2 | 0 | 100 | 0 | 0 | 1 | STANDALONE RUNNING | 1 |
| 2023-07-13 18:57:37 | 0 | 0 | 0 | 0 | 0 | 0/0 | 0/0 | 0/0 | 0*0*0(mm) 0(kg) | 0*0*0(mm) | 0 | 0 | 0 | 100 | 0 | 0 | 1 | STANDALONE RUNNING | 1 |
| 2023-07-13 18:57:40 | 0 | 1 | 50 | 0 | 0 | 0/40 | 0/8 | 1/5 | 460*266*320(mm) 16(kg) | 1100*1100*150(mm) | 0 | 0 | 1 | 100 | 0 | 0 | 1 | STANDALONE RUNNING | 1 |
| 2023-07-13 18:57:50 | 0 | 1 | 51 | 0 | 0 | 1/40 | 1/8 | 1/5 | 460*266*320(mm) 16(kg) | 1100*1100*150(mm) | 0 | 0 | 1 | 100 | 0 | 0 | 1 | STANDALONE RUNNING | 1 |
| 2023-07-13 18:57:50 | 0 | 1 | 51 | 0 | 0 | 1/40 | 1/8 | 1/5 | 460*266*320(mm) 16(kg) | 1100*1100*150(mm) | 0 | 0 | 1 | 100 | 0 | 0 | 1 | STANDALONE STANDBY | 1 |
| 2023-07-13 18:58:40 | 1 | 1 | 51 | 0 | 0 | 1/40 | 1/8 | 1/5 | 460*266*320(mm) 16(kg) | 1100*1100*150(mm) | 0 | 0 | 1 | 100 | 0 | 0 | 1 | STANDALONE STANDBY | 1 |
