|      Date Time      | 가동률 | 모델정보 | 생산수량 | 불량수량 | 알람코드 | 작업 진행 상황 | 박스 진행 상황 | 레이어 진행상황 | 박스 정보 | 팔레트 정보 | 간지 사용 유무 | 리프트 높이 | 적재방향 | 로봇 스피드 | BOX SORT CYLINDER | SAFETY LADAR SENSOR | LABEL ALINE | 로봇 상태 | 로봇 서보 온 |
| 2023-07-10 14:57:10 | 0 | 0 | 0 | 0 | 0 | 0/0 | 0/0 | 0/0 | 0*0*0(mm) 0(kg) | 0*0*0(mm) | 0 | 0 | 0 | 0 | 0 | 0 | 0 | SAFE OFF | 0 |
| 2023-07-10 14:57:17 | 0 | 0 | 0 | 0 | 25 | 0/0 | 0/0 | 0/0 | 0*0*0(mm) 0(kg) | 0*0*0(mm) | 0 | 0 | 0 | 100 | 0 | 0 | 1 | SAFE OFF | 0 |
| 2023-07-10 14:59:33 | 0 | 0 | 0 | 0 | 0 | 0/0 | 0/0 | 0/0 | 0*0*0(mm) 0(kg) | 0*0*0(mm) | 0 | 0 | 0 | 100 | 0 | 0 | 1 | SAFE OFF | 0 |
| 2023-07-10 14:59:33 | 0 | 0 | 0 | 0 | 0 | 0/0 | 0/0 | 0/0 | 0*0*0(mm) 0(kg) | 0*0*0(mm) | 0 | 0 | 0 | 100 | 0 | 0 | 1 | STANDALONE STANDBY | 1 |
| 2023-07-10 15:01:23 | 0 | 0 | 0 | 0 | 0 | 0/0 | 0/0 | 0/0 | 0*0*0(mm) 0(kg) | 0*0*0(mm) | 0 | 0 | 0 | 100 | 0 | 0 | 1 | STANDALONE STANDBY | 1 |
| 2023-07-10 15:02:03 | 0 | 0 | 0 | 0 | 0 | 0/0 | 0/0 | 0/0 | 0*0*0(mm) 0(kg) | 0*0*0(mm) | 0 | 0 | 0 | 100 | 0 | 0 | 1 | STANDALONE RUNNING | 1 |
| 2023-07-10 15:02:05 | 0 | 0 | 0 | 0 | 0 | 0/0 | 0/0 | 0/0 | 0*0*0(mm) 0(kg) | 0*0*0(mm) | 0 | 0 | 0 | 100 | 0 | 0 | 1 | SAFE OFF | 0 |
| 2023-07-10 15:02:05 | 0 | 0 | 0 | 0 | 25 | 0/0 | 0/0 | 0/0 | 0*0*0(mm) 0(kg) | 0*0*0(mm) | 0 | 0 | 0 | 100 | 0 | 0 | 1 | SAFE OFF | 0 |
| 2023-07-10 15:02:10 | 0 | 0 | 0 | 0 | 0 | 0/0 | 0/0 | 0/0 | 0*0*0(mm) 0(kg) | 0*0*0(mm) | 0 | 0 | 0 | 100 | 0 | 0 | 1 | SAFE OFF | 0 |
| 2023-07-10 15:02:11 | 0 | 0 | 0 | 0 | 0 | 0/0 | 0/0 | 0/0 | 0*0*0(mm) 0(kg) | 0*0*0(mm) | 0 | 0 | 0 | 100 | 0 | 0 | 1 | STANDALONE STANDBY | 1 |
| 2023-07-10 15:02:22 | 0 | 0 | 0 | 0 | 0 | 0/0 | 0/0 | 0/0 | 0*0*0(mm) 0(kg) | 0*0*0(mm) | 0 | 0 | 0 | 100 | 0 | 0 | 1 | STANDALONE RUNNING | 1 |
| 2023-07-10 15:04:55 | 0 | 0 | 0 | 0 | 0 | 0/0 | 0/0 | 0/0 | 0*0*0(mm) 0(kg) | 0*0*0(mm) | 0 | 0 | 0 | 100 | 0 | 0 | 1 | STANDALONE RUNNING | 1 |
| 2023-07-10 15:05:08 | 0 | 0 | 0 | 0 | 0 | 0/0 | 0/0 | 0/0 | 0*0*0(mm) 0(kg) | 0*0*0(mm) | 0 | 0 | 0 | 100 | 0 | 0 | 1 | SAFE OFF | 0 |
| 2023-07-10 15:05:12 | 0 | 0 | 0 | 0 | 25 | 0/0 | 0/0 | 0/0 | 0*0*0(mm) 0(kg) | 0*0*0(mm) | 0 | 0 | 0 | 100 | 0 | 0 | 1 | SAFE OFF | 0 |
| 2023-07-10 15:05:20 | 0 | 0 | 0 | 0 | 0 | 0/0 | 0/0 | 0/0 | 0*0*0(mm) 0(kg) | 0*0*0(mm) | 0 | 0 | 0 | 100 | 0 | 0 | 1 | STANDALONE STANDBY | 1 |
| 2023-07-10 15:06:23 | 0 | 0 | 0 | 0 | 0 | 0/0 | 0/0 | 0/0 | 0*0*0(mm) 0(kg) | 0*0*0(mm) | 0 | 0 | 0 | 100 | 0 | 0 | 1 | STANDALONE STANDBY | 1 |
| 2023-07-10 15:06:35 | 0 | 0 | 0 | 0 | 0 | 0/0 | 0/0 | 0/0 | 0*0*0(mm) 0(kg) | 0*0*0(mm) | 0 | 0 | 0 | 100 | 0 | 0 | 1 | STANDALONE RUNNING | 1 |
| 2023-07-10 15:06:37 | 0 | 0 | 0 | 0 | 0 | 0/0 | 0/0 | 0/0 | 0*0*0(mm) 0(kg) | 0*0*0(mm) | 0 | 0 | 0 | 100 | 0 | 0 | 1 | SAFE OFF | 0 |
| 2023-07-10 15:06:37 | 0 | 0 | 0 | 0 | 25 | 0/0 | 0/0 | 0/0 | 0*0*0(mm) 0(kg) | 0*0*0(mm) | 0 | 0 | 0 | 100 | 0 | 0 | 1 | SAFE OFF | 0 |
| 2023-07-10 15:06:42 | 0 | 0 | 0 | 0 | 25 | 0/0 | 0/0 | 0/0 | 0*0*0(mm) 0(kg) | 0*0*0(mm) | 0 | 0 | 0 | 100 | 0 | 0 | 1 | STANDALONE STANDBY | 1 |
| 2023-07-10 15:06:43 | 0 | 0 | 0 | 0 | 0 | 0/0 | 0/0 | 0/0 | 0*0*0(mm) 0(kg) | 0*0*0(mm) | 0 | 0 | 0 | 100 | 0 | 0 | 1 | STANDALONE STANDBY | 1 |
| 2023-07-10 15:07:01 | 0 | 0 | 0 | 0 | 0 | 0/0 | 0/0 | 0/0 | 0*0*0(mm) 0(kg) | 0*0*0(mm) | 0 | 0 | 0 | 100 | 0 | 0 | 1 | STANDALONE RUNNING | 1 |
| 2023-07-10 15:07:04 | 0 | 0 | 0 | 0 | 0 | 0/0 | 0/0 | 0/0 | 0*0*0(mm) 0(kg) | 0*0*0(mm) | 0 | 0 | 0 | 100 | 0 | 0 | 1 | STANDALONE RUNNING | 0 |
| 2023-07-10 15:07:04 | 0 | 0 | 0 | 0 | 0 | 0/0 | 0/0 | 0/0 | 0*0*0(mm) 0(kg) | 0*0*0(mm) | 0 | 0 | 0 | 100 | 0 | 0 | 1 | SAFE OFF | 0 |
| 2023-07-10 15:07:13 | 0 | 0 | 0 | 0 | 25 | 0/0 | 0/0 | 0/0 | 0*0*0(mm) 0(kg) | 0*0*0(mm) | 0 | 0 | 0 | 100 | 0 | 0 | 1 | SAFE OFF | 0 |
| 2023-07-10 15:07:20 | 0 | 0 | 0 | 0 | 0 | 0/0 | 0/0 | 0/0 | 0*0*0(mm) 0(kg) | 0*0*0(mm) | 0 | 0 | 0 | 100 | 0 | 0 | 1 | STANDALONE STANDBY | 1 |
| 2023-07-10 15:08:31 | 0 | 0 | 0 | 0 | 0 | 0/0 | 0/0 | 0/0 | 0*0*0(mm) 0(kg) | 0*0*0(mm) | 0 | 0 | 0 | 100 | 0 | 0 | 1 | STANDALONE STANDBY | 1 |
| 2023-07-10 15:08:40 | 0 | 0 | 0 | 0 | 0 | 0/0 | 0/0 | 0/0 | 0*0*0(mm) 0(kg) | 0*0*0(mm) | 0 | 0 | 0 | 100 | 0 | 0 | 1 | STANDALONE STANDBY | 1 |
| 2023-07-10 15:08:46 | 0 | 0 | 0 | 0 | 0 | 0/0 | 0/0 | 0/0 | 0*0*0(mm) 0(kg) | 0*0*0(mm) | 0 | 0 | 0 | 100 | 0 | 0 | 1 | STANDALONE STANDBY | 1 |
| 2023-07-10 15:09:40 | 0 | 0 | 0 | 0 | 0 | 0/0 | 0/0 | 0/0 | 0*0*0(mm) 0(kg) | 0*0*0(mm) | 0 | 0 | 0 | 100 | 0 | 0 | 1 | STANDALONE STANDBY | 1 |
| 2023-07-10 15:09:52 | 0 | 0 | 0 | 0 | 0 | 0/0 | 0/0 | 0/0 | 0*0*0(mm) 0(kg) | 0*0*0(mm) | 0 | 0 | 0 | 100 | 0 | 0 | 1 | STANDALONE STANDBY | 1 |
| 2023-07-10 15:09:58 | 0 | 0 | 0 | 0 | 0 | 0/0 | 0/0 | 0/0 | 0*0*0(mm) 0(kg) | 0*0*0(mm) | 0 | 0 | 0 | 100 | 0 | 0 | 1 | STANDALONE STANDBY | 1 |
| 2023-07-10 15:10:07 | 0 | 0 | 0 | 0 | 0 | 0/0 | 0/0 | 0/0 | 0*0*0(mm) 0(kg) | 0*0*0(mm) | 0 | 0 | 0 | 100 | 0 | 0 | 1 | STANDALONE STANDBY | 1 |
| 2023-07-10 15:10:19 | 0 | 0 | 0 | 0 | 0 | 0/0 | 0/0 | 0/0 | 0*0*0(mm) 0(kg) | 0*0*0(mm) | 0 | 0 | 0 | 100 | 0 | 0 | 1 | STANDALONE STANDBY | 1 |
| 2023-07-10 15:11:12 | 0 | 0 | 0 | 0 | 0 | 0/0 | 0/0 | 0/0 | 0*0*0(mm) 0(kg) | 0*0*0(mm) | 0 | 0 | 0 | 100 | 0 | 0 | 1 | STANDALONE STANDBY | 1 |
| 2023-07-10 15:11:54 | 0 | 0 | 0 | 0 | 0 | 0/0 | 0/0 | 0/0 | 0*0*0(mm) 0(kg) | 0*0*0(mm) | 0 | 0 | 0 | 100 | 0 | 0 | 1 | STANDALONE STANDBY | 1 |
