|      Date Time      | 가동률 | 모델정보 | 생산수량 | 불량수량 | 알람코드 | 작업 진행 상황 | 박스 진행 상황 | 레이어 진행상황 | 박스 정보 | 팔레트 정보 | 간지 사용 유무 | 리프트 높이 | 적재방향 | 로봇 스피드 | BOX SORT CYLINDER | SAFETY LADAR SENSOR | LABEL ALINE |
| 2023-06-22 09:35:34 | 0 | 0 | 0 | 0 | 25 | 0/0 | 0/0 | 0/0 | 0*0*0(mm) 0(kg) | 0*0*0(mm) | 0 | 0 | 0 | 100 | 0 | 0 | 1 |
| 2023-06-22 09:36:41 | 0 | 0 | 0 | 0 | 25 | 0/0 | 0/0 | 0/0 | 0*0*0(mm) 0(kg) | 0*0*0(mm) | 0 | 0 | 0 | 100 | 0 | 0 | 1 |
| 2023-06-22 09:36:44 | 0 | 0 | 0 | 0 | 24 | 0/0 | 0/0 | 0/0 | 0*0*0(mm) 0(kg) | 0*0*0(mm) | 0 | 0 | 0 | 100 | 0 | 0 | 1 |
| 2023-06-22 09:37:06 | 0 | 0 | 0 | 0 | 24 | 0/0 | 0/0 | 0/0 | 0*0*0(mm) 0(kg) | 0*0*0(mm) | 0 | 0 | 0 | 100 | 0 | 0 | 1 |
| 2023-06-22 09:37:30 | 0 | 0 | 0 | 0 | 24 | 0/0 | 0/0 | 0/0 | 0*0*0(mm) 0(kg) | 0*0*0(mm) | 0 | 0 | 0 | 100 | 0 | 0 | 1 |
| 2023-06-22 09:37:31 | 0 | 0 | 0 | 0 | 0 | 0/0 | 0/0 | 0/0 | 0*0*0(mm) 0(kg) | 0*0*0(mm) | 0 | 0 | 0 | 100 | 0 | 0 | 1 |
| 2023-06-22 09:37:51 | 0 | 0 | 0 | 0 | 0 | 0/0 | 0/0 | 0/0 | 0*0*0(mm) 0(kg) | 0*0*0(mm) | 0 | 0 | 0 | 100 | 0 | 0 | 1 |
| 2023-06-22 09:37:51 | 0 | 0 | 0 | 0 | 0 | 0/0 | 0/0 | 0/0 | 0*0*0(mm) 0(kg) | 0*0*0(mm) | 0 | 0 | 0 | 100 | 0 | 0 | 1 |
| 2023-06-22 09:37:51 | 0 | 0 | 0 | 0 | 24 | 0/0 | 0/0 | 0/0 | 0*0*0(mm) 0(kg) | 0*0*0(mm) | 0 | 0 | 0 | 100 | 0 | 0 | 1 |
| 2023-06-22 09:37:54 | 0 | 0 | 0 | 0 | 25 | 0/0 | 0/0 | 0/0 | 0*0*0(mm) 0(kg) | 0*0*0(mm) | 0 | 0 | 0 | 100 | 0 | 0 | 1 |
| 2023-06-22 09:37:54 | 0 | 0 | 0 | 0 | 25 | 0/0 | 0/0 | 0/0 | 0*0*0(mm) 0(kg) | 0*0*0(mm) | 0 | 0 | 0 | 100 | 0 | 0 | 1 |
| 2023-06-22 09:39:15 | 0 | 0 | 0 | 0 | 25 | 0/0 | 0/0 | 0/0 | 0*0*0(mm) 0(kg) | 0*0*0(mm) | 0 | 0 | 0 | 100 | 0 | 0 | 1 |
| 2023-06-22 09:39:16 | 0 | 0 | 0 | 0 | 24 | 0/0 | 0/0 | 0/0 | 0*0*0(mm) 0(kg) | 0*0*0(mm) | 0 | 0 | 0 | 100 | 0 | 0 | 1 |
| 2023-06-22 09:39:32 | 0 | 0 | 0 | 0 | 24 | 0/0 | 0/0 | 0/0 | 0*0*0(mm) 0(kg) | 0*0*0(mm) | 0 | 0 | 0 | 100 | 0 | 0 | 1 |
| 2023-06-22 09:40:42 | 0 | 0 | 0 | 0 | 24 | 0/0 | 0/0 | 0/0 | 0*0*0(mm) 0(kg) | 0*0*0(mm) | 0 | 0 | 0 | 100 | 0 | 0 | 1 |
| 2023-06-22 09:40:44 | 0 | 0 | 0 | 0 | 0 | 0/0 | 0/0 | 0/0 | 0*0*0(mm) 0(kg) | 0*0*0(mm) | 0 | 0 | 0 | 100 | 0 | 0 | 1 |
| 2023-06-22 09:41:46 | 0 | 0 | 0 | 0 | 0 | 0/0 | 0/0 | 0/0 | 0*0*0(mm) 0(kg) | 0*0*0(mm) | 0 | 0 | 0 | 100 | 0 | 0 | 1 |
| 2023-06-22 09:41:46 | 0 | 0 | 0 | 0 | 0 | 0/0 | 0/0 | 0/0 | 0*0*0(mm) 0(kg) | 0*0*0(mm) | 0 | 0 | 0 | 100 | 0 | 0 | 1 |
| 2023-06-22 09:41:49 | 0 | 0 | 0 | 0 | 25 | 0/0 | 0/0 | 0/0 | 0*0*0(mm) 0(kg) | 0*0*0(mm) | 0 | 0 | 0 | 100 | 0 | 0 | 1 |
| 2023-06-22 09:41:53 | 0 | 0 | 0 | 0 | 25 | 0/0 | 0/0 | 0/0 | 0*0*0(mm) 0(kg) | 0*0*0(mm) | 0 | 0 | 0 | 100 | 0 | 0 | 1 |
| 2023-06-22 09:42:01 | 0 | 0 | 0 | 0 | 25 | 0/0 | 0/0 | 0/0 | 0*0*0(mm) 0(kg) | 0*0*0(mm) | 0 | 0 | 0 | 100 | 0 | 0 | 1 |
| 2023-06-22 09:42:01 | 0 | 0 | 0 | 0 | 0 | 0/0 | 0/0 | 0/0 | 0*0*0(mm) 0(kg) | 0*0*0(mm) | 0 | 0 | 0 | 100 | 0 | 0 | 1 |
| 2023-06-22 10:01:38 | 0 | 0 | 0 | 0 | 0 | 0/0 | 0/0 | 0/0 | 0*0*0(mm) 0(kg) | 0*0*0(mm) | 0 | 0 | 0 | 100 | 0 | 0 | 1 |
| 2023-06-22 10:02:04 | 0 | 0 | 0 | 0 | 0 | 0/0 | 0/0 | 0/0 | 0*0*0(mm) 0(kg) | 0*0*0(mm) | 0 | 0 | 0 | 100 | 0 | 0 | 1 |
| 2023-06-22 10:02:20 | 0 | 0 | 0 | 0 | 0 | 0/0 | 0/0 | 0/0 | 0*0*0(mm) 0(kg) | 0*0*0(mm) | 0 | 0 | 0 | 100 | 0 | 0 | 1 |
| 2023-06-22 10:02:27 | 0 | 0 | 0 | 0 | 0 | 0/0 | 0/0 | 0/0 | 0*0*0(mm) 0(kg) | 0*0*0(mm) | 0 | 0 | 0 | 100 | 0 | 0 | 1 |
| 2023-06-22 10:02:27 | 0 | 0 | 0 | 0 | 0 | 0/0 | 0/0 | 0/0 | 0*0*0(mm) 0(kg) | 0*0*0(mm) | 0 | 0 | 0 | 100 | 0 | 0 | 1 |
| 2023-06-22 10:04:03 | 0 | 0 | 0 | 0 | 0 | 0/0 | 0/0 | 0/0 | 0*0*0(mm) 0(kg) | 0*0*0(mm) | 0 | 0 | 0 | 100 | 0 | 0 | 1 |
| 2023-06-22 10:04:46 | 0 | 0 | 0 | 0 | 0 | 0/0 | 0/0 | 0/0 | 0*0*0(mm) 0(kg) | 0*0*0(mm) | 0 | 0 | 0 | 100 | 0 | 0 | 1 |
| 2023-06-22 10:04:54 | 0 | 0 | 0 | 0 | 0 | 0/0 | 0/0 | 0/0 | 0*0*0(mm) 0(kg) | 0*0*0(mm) | 0 | 0 | 0 | 100 | 0 | 0 | 1 |
| 2023-06-22 10:05:02 | 0 | 0 | 0 | 0 | 0 | 0/0 | 0/0 | 0/0 | 0*0*0(mm) 0(kg) | 0*0*0(mm) | 0 | 0 | 0 | 100 | 0 | 0 | 1 |
| 2023-06-22 10:05:02 | 0 | 0 | 0 | 0 | 0 | 0/0 | 0/0 | 0/0 | 0*0*0(mm) 0(kg) | 0*0*0(mm) | 0 | 0 | 0 | 100 | 0 | 0 | 1 |
| 2023-06-22 10:05:06 | 0 | 0 | 0 | 0 | 0 | 0/0 | 0/0 | 0/0 | 0*0*0(mm) 0(kg) | 0*0*0(mm) | 0 | 0 | 0 | 100 | 0 | 0 | 1 |
| 2023-06-22 10:10:09 | 0 | 0 | 0 | 0 | 0 | 0/0 | 0/0 | 0/0 | 0*0*0(mm) 0(kg) | 0*0*0(mm) | 0 | 0 | 0 | 0 | 0 | 0 | 0 |
| 2023-06-22 10:10:38 | 0 | 0 | 0 | 0 | 0 | 0/0 | 0/0 | 0/0 | 0*0*0(mm) 0(kg) | 0*0*0(mm) | 0 | 0 | 0 | 0 | 0 | 0 | 0 |
| 2023-06-22 10:10:42 | 0 | 0 | 0 | 0 | 0 | 0/0 | 0/0 | 0/0 | 0*0*0(mm) 0(kg) | 0*0*0(mm) | 0 | 0 | 0 | 0 | 0 | 0 | 0 |
| 2023-06-22 10:10:51 | 0 | 0 | 0 | 0 | 0 | 0/0 | 0/0 | 0/0 | 0*0*0(mm) 0(kg) | 0*0*0(mm) | 0 | 0 | 0 | 0 | 0 | 0 | 0 |
| 2023-06-22 10:11:30 | 0 | 0 | 0 | 0 | 0 | 0/0 | 0/0 | 0/0 | 0*0*0(mm) 0(kg) | 0*0*0(mm) | 0 | 0 | 0 | 0 | 0 | 0 | 0 |
| 2023-06-22 10:11:33 | 0 | 0 | 0 | 0 | 0 | 0/0 | 0/0 | 0/0 | 0*0*0(mm) 0(kg) | 0*0*0(mm) | 0 | 0 | 0 | 0 | 0 | 0 | 0 |
| 2023-06-22 10:11:34 | 0 | 0 | 0 | 0 | 0 | 0/0 | 0/0 | 0/0 | 0*0*0(mm) 0(kg) | 0*0*0(mm) | 0 | 0 | 0 | 0 | 0 | 0 | 0 |
| 2023-06-22 10:11:37 | 0 | 0 | 0 | 0 | 0 | 0/0 | 0/0 | 0/0 | 0*0*0(mm) 0(kg) | 0*0*0(mm) | 0 | 0 | 0 | 0 | 0 | 0 | 0 |
| 2023-06-22 10:11:41 | 0 | 0 | 0 | 0 | 0 | 0/0 | 0/0 | 0/0 | 0*0*0(mm) 0(kg) | 0*0*0(mm) | 0 | 0 | 0 | 0 | 0 | 0 | 0 |
| 2023-06-22 10:12:00 | 0 | 0 | 0 | 0 | 0 | 0/0 | 0/0 | 0/0 | 0*0*0(mm) 0(kg) | 0*0*0(mm) | 0 | 0 | 0 | 0 | 0 | 0 | 0 |
| 2023-06-22 10:12:28 | 0 | 0 | 0 | 0 | 0 | 0/0 | 0/0 | 0/0 | 0*0*0(mm) 0(kg) | 0*0*0(mm) | 0 | 0 | 0 | 100 | 0 | 0 | 1 |
| 2023-06-22 10:12:33 | 0 | 2 | 0 | 0 | 0 | 0/50 | 0/10 | 1/5 | 437*243*300(mm) 13(kg) | 1200*1000*140(mm) | 0 | 0 | 1 | 100 | 0 | 0 | 1 |
| 2023-06-22 10:12:40 | 0 | 2 | 0 | 0 | 0 | 0/50 | 0/10 | 1/5 | 437*243*300(mm) 13(kg) | 1200*1000*140(mm) | 0 | 0 | 1 | 100 | 0 | 0 | 1 |
| 2023-06-22 10:12:40 | 0 | 2 | 0 | 0 | 0 | 0/50 | 0/10 | 1/5 | 437*243*300(mm) 13(kg) | 1200*1000*140(mm) | 0 | 0 | 1 | 100 | 0 | 0 | 1 |
| 2023-06-22 10:12:41 | 0 | 2 | 0 | 0 | 25 | 0/50 | 0/10 | 1/5 | 437*243*300(mm) 13(kg) | 1200*1000*140(mm) | 0 | 0 | 1 | 100 | 0 | 0 | 1 |
| 2023-06-22 10:13:36 | 0 | 2 | 0 | 0 | 0 | 0/50 | 0/10 | 1/5 | 437*243*300(mm) 13(kg) | 1200*1000*140(mm) | 0 | 0 | 1 | 100 | 0 | 0 | 1 |
| 2023-06-22 10:13:36 | 0 | 2 | 0 | 0 | 0 | 0/50 | 0/10 | 1/5 | 437*243*300(mm) 13(kg) | 1200*1000*140(mm) | 0 | 0 | 1 | 100 | 0 | 0 | 1 |
| 2023-06-22 10:13:47 | 0 | 2 | 0 | 0 | 0 | 0/50 | 0/10 | 1/5 | 437*243*300(mm) 13(kg) | 1200*1000*140(mm) | 0 | 0 | 1 | 100 | 0 | 0 | 1 |
| 2023-06-22 10:14:26 | 0 | 2 | 1 | 0 | 0 | 1/50 | 1/10 | 1/5 | 437*243*300(mm) 13(kg) | 1200*1000*140(mm) | 0 | 0 | 1 | 100 | 0 | 0 | 1 |
| 2023-06-22 10:14:36 | 0 | 2 | 2 | 0 | 0 | 2/50 | 2/10 | 1/5 | 437*243*300(mm) 13(kg) | 1200*1000*140(mm) | 0 | 0 | 1 | 100 | 0 | 0 | 1 |
| 2023-06-22 10:15:04 | 0 | 2 | 4 | 0 | 0 | 4/50 | 4/10 | 1/5 | 437*243*300(mm) 13(kg) | 1200*1000*140(mm) | 0 | 0 | 1 | 100 | 0 | 0 | 1 |
| 2023-06-22 10:15:08 | 0 | 2 | 5 | 0 | 0 | 5/50 | 5/10 | 1/5 | 437*243*300(mm) 13(kg) | 1200*1000*140(mm) | 0 | 0 | 1 | 100 | 0 | 0 | 1 |
| 2023-06-22 10:15:17 | 5 | 2 | 5 | 0 | 0 | 5/50 | 5/10 | 1/5 | 437*243*300(mm) 13(kg) | 1200*1000*140(mm) | 0 | 0 | 1 | 100 | 0 | 0 | 1 |
| 2023-06-22 10:15:18 | 5 | 2 | 6 | 0 | 0 | 6/50 | 6/10 | 1/5 | 437*243*300(mm) 13(kg) | 1200*1000*140(mm) | 0 | 0 | 1 | 100 | 0 | 0 | 1 |
| 2023-06-22 10:15:28 | 5 | 2 | 7 | 0 | 0 | 7/50 | 7/10 | 1/5 | 437*243*300(mm) 13(kg) | 1200*1000*140(mm) | 0 | 0 | 1 | 100 | 0 | 0 | 1 |
| 2023-06-22 10:15:38 | 5 | 2 | 8 | 0 | 0 | 8/50 | 8/10 | 1/5 | 437*243*300(mm) 13(kg) | 1200*1000*140(mm) | 0 | 0 | 1 | 100 | 0 | 0 | 1 |
| 2023-06-22 10:15:48 | 5 | 2 | 9 | 0 | 0 | 9/50 | 9/10 | 1/5 | 437*243*300(mm) 13(kg) | 1200*1000*140(mm) | 0 | 0 | 1 | 100 | 0 | 0 | 1 |
| 2023-06-22 10:15:58 | 5 | 2 | 10 | 0 | 0 | 10/50 | 0/10 | 2/5 | 437*243*300(mm) 13(kg) | 1200*1000*140(mm) | 0 | 0 | 1 | 100 | 0 | 0 | 1 |
| 2023-06-22 10:16:08 | 5 | 2 | 11 | 0 | 0 | 11/50 | 1/10 | 2/5 | 437*243*300(mm) 13(kg) | 1200*1000*140(mm) | 0 | 0 | 1 | 100 | 0 | 0 | 1 |
| 2023-06-22 10:16:16 | 6 | 2 | 11 | 0 | 0 | 11/50 | 1/10 | 2/5 | 437*243*300(mm) 13(kg) | 1200*1000*140(mm) | 0 | 0 | 1 | 100 | 0 | 0 | 1 |
| 2023-06-22 10:16:18 | 6 | 2 | 12 | 0 | 0 | 12/50 | 2/10 | 2/5 | 437*243*300(mm) 13(kg) | 1200*1000*140(mm) | 0 | 0 | 1 | 100 | 0 | 0 | 1 |
| 2023-06-22 10:16:28 | 6 | 2 | 13 | 0 | 0 | 13/50 | 3/10 | 2/5 | 437*243*300(mm) 13(kg) | 1200*1000*140(mm) | 0 | 0 | 1 | 100 | 0 | 0 | 1 |
| 2023-06-22 10:16:38 | 6 | 2 | 14 | 0 | 0 | 14/50 | 4/10 | 2/5 | 437*243*300(mm) 13(kg) | 1200*1000*140(mm) | 0 | 0 | 1 | 100 | 0 | 0 | 1 |
| 2023-06-22 10:16:48 | 6 | 2 | 15 | 0 | 0 | 15/50 | 5/10 | 2/5 | 437*243*300(mm) 13(kg) | 1200*1000*140(mm) | 0 | 0 | 1 | 100 | 0 | 0 | 1 |
| 2023-06-22 10:16:58 | 6 | 2 | 16 | 0 | 0 | 16/50 | 6/10 | 2/5 | 437*243*300(mm) 13(kg) | 1200*1000*140(mm) | 0 | 0 | 1 | 100 | 0 | 0 | 1 |
| 2023-06-22 10:17:08 | 6 | 2 | 17 | 0 | 0 | 17/50 | 7/10 | 2/5 | 437*243*300(mm) 13(kg) | 1200*1000*140(mm) | 0 | 0 | 1 | 100 | 0 | 0 | 1 |
| 2023-06-22 10:17:16 | 6 | 2 | 18 | 0 | 0 | 18/50 | 8/10 | 2/5 | 437*243*300(mm) 13(kg) | 1200*1000*140(mm) | 0 | 0 | 1 | 100 | 0 | 0 | 1 |
| 2023-06-22 10:17:18 | 7 | 2 | 18 | 0 | 0 | 18/50 | 8/10 | 2/5 | 437*243*300(mm) 13(kg) | 1200*1000*140(mm) | 0 | 0 | 1 | 100 | 0 | 0 | 1 |
| 2023-06-22 10:17:26 | 7 | 2 | 19 | 0 | 0 | 19/50 | 9/10 | 2/5 | 437*243*300(mm) 13(kg) | 1200*1000*140(mm) | 0 | 0 | 1 | 100 | 0 | 0 | 1 |
| 2023-06-22 10:17:36 | 7 | 2 | 20 | 0 | 0 | 20/50 | 0/10 | 3/5 | 437*243*300(mm) 13(kg) | 1200*1000*140(mm) | 0 | 0 | 1 | 100 | 0 | 0 | 1 |
| 2023-06-22 10:17:46 | 7 | 2 | 21 | 0 | 0 | 21/50 | 1/10 | 3/5 | 437*243*300(mm) 13(kg) | 1200*1000*140(mm) | 0 | 0 | 1 | 100 | 0 | 0 | 1 |
| 2023-06-22 10:17:56 | 7 | 2 | 22 | 0 | 0 | 22/50 | 2/10 | 3/5 | 437*243*300(mm) 13(kg) | 1200*1000*140(mm) | 0 | 0 | 1 | 100 | 0 | 0 | 1 |
| 2023-06-22 10:18:03 | 7 | 2 | 23 | 0 | 0 | 23/50 | 3/10 | 3/5 | 437*243*300(mm) 13(kg) | 1200*1000*140(mm) | 0 | 0 | 1 | 100 | 0 | 0 | 1 |
| 2023-06-22 10:18:13 | 7 | 2 | 24 | 0 | 0 | 24/50 | 4/10 | 3/5 | 437*243*300(mm) 13(kg) | 1200*1000*140(mm) | 0 | 0 | 1 | 100 | 0 | 0 | 1 |
| 2023-06-22 10:18:20 | 7 | 2 | 24 | 0 | 0 | 24/50 | 4/10 | 3/5 | 437*243*300(mm) 13(kg) | 1200*1000*140(mm) | 0 | 0 | 1 | 100 | 0 | 0 | 1 |
| 2023-06-22 10:18:21 | 6 | 2 | 24 | 0 | 0 | 24/50 | 4/10 | 3/5 | 437*243*300(mm) 13(kg) | 1200*1000*140(mm) | 0 | 0 | 1 | 100 | 0 | 0 | 1 |
| 2023-06-22 10:18:26 | 6 | 2 | 24 | 0 | 0 | 24/50 | 4/10 | 3/5 | 437*243*300(mm) 13(kg) | 1200*1000*140(mm) | 0 | 0 | 1 | 100 | 0 | 0 | 1 |
| 2023-06-22 10:18:33 | 6 | 2 | 25 | 0 | 0 | 25/50 | 5/10 | 3/5 | 437*243*300(mm) 13(kg) | 1200*1000*140(mm) | 0 | 0 | 1 | 100 | 0 | 0 | 1 |
| 2023-06-22 10:18:38 | 6 | 2 | 25 | 0 | 0 | 25/50 | 5/10 | 3/5 | 437*243*300(mm) 13(kg) | 1200*1000*140(mm) | 0 | 0 | 1 | 100 | 0 | 0 | 1 |
| 2023-06-22 10:19:49 | 6 | 2 | 25 | 0 | 0 | 25/50 | 5/10 | 3/5 | 437*243*300(mm) 13(kg) | 1200*1000*140(mm) | 0 | 0 | 1 | 100 | 0 | 0 | 1 |
| 2023-06-22 10:19:49 | 6 | 2 | 25 | 0 | 0 | 25/50 | 5/10 | 3/5 | 437*243*300(mm) 13(kg) | 1200*1000*140(mm) | 0 | 0 | 1 | 100 | 0 | 0 | 1 |
| 2023-06-22 10:19:59 | 6 | 2 | 25 | 0 | 0 | 25/50 | 5/10 | 3/5 | 437*243*300(mm) 13(kg) | 1200*1000*140(mm) | 0 | 0 | 1 | 100 | 0 | 0 | 1 |
| 2023-06-22 10:20:06 | 6 | 2 | 25 | 0 | 0 | 25/50 | 5/10 | 3/5 | 437*243*300(mm) 13(kg) | 1200*1000*140(mm) | 0 | 0 | 1 | 100 | 0 | 0 | 1 |
| 2023-06-22 10:20:09 | 6 | 2 | 25 | 0 | 0 | 25/50 | 5/10 | 3/5 | 437*243*300(mm) 13(kg) | 1200*1000*140(mm) | 0 | 0 | 1 | 100 | 0 | 0 | 1 |
| 2023-06-22 10:20:37 | 6 | 2 | 25 | 0 | 0 | 25/50 | 5/10 | 3/5 | 437*243*300(mm) 13(kg) | 1200*1000*140(mm) | 0 | 0 | 1 | 100 | 0 | 0 | 1 |
| 2023-06-22 10:20:43 | 6 | 2 | 25 | 0 | 0 | 25/50 | 5/10 | 3/5 | 437*243*300(mm) 13(kg) | 1200*1000*140(mm) | 0 | 0 | 1 | 100 | 0 | 0 | 1 |
| 2023-06-22 10:21:31 | 6 | 2 | 25 | 0 | 0 | 1/50 | 1/10 | 1/5 | 437*243*300(mm) 13(kg) | 1200*1000*140(mm) | 0 | 0 | 1 | 100 | 0 | 0 | 1 |
| 2023-06-22 10:21:35 | 6 | 2 | 25 | 0 | 0 | 1/50 | 1/10 | 1/5 | 437*243*300(mm) 13(kg) | 1200*1000*140(mm) | 0 | 0 | 1 | 100 | 0 | 0 | 1 |
| 2023-06-22 10:22:00 | 6 | 2 | 25 | 0 | 0 | 1/50 | 1/10 | 1/5 | 437*243*300(mm) 13(kg) | 1200*1000*140(mm) | 0 | 0 | 1 | 100 | 0 | 0 | 1 |
| 2023-06-22 10:22:33 | 6 | 2 | 26 | 0 | 0 | 2/50 | 2/10 | 1/5 | 437*243*300(mm) 13(kg) | 1200*1000*140(mm) | 0 | 0 | 1 | 100 | 0 | 0 | 1 |
| 2023-06-22 10:22:43 | 6 | 2 | 27 | 0 | 0 | 3/50 | 3/10 | 1/5 | 437*243*300(mm) 13(kg) | 1200*1000*140(mm) | 0 | 0 | 1 | 100 | 0 | 0 | 1 |
| 2023-06-22 10:22:45 | 6 | 2 | 27 | 0 | 0 | 3/50 | 3/10 | 1/5 | 437*243*300(mm) 13(kg) | 1200*1000*140(mm) | 0 | 0 | 1 | 100 | 0 | 0 | 1 |
| 2023-06-22 10:22:46 | 6 | 2 | 27 | 0 | 0 | 3/50 | 3/10 | 1/5 | 437*243*300(mm) 13(kg) | 1200*1000*140(mm) | 0 | 0 | 1 | 100 | 0 | 0 | 1 |
| 2023-06-22 10:22:53 | 6 | 2 | 27 | 0 | 0 | 3/50 | 3/10 | 1/5 | 437*243*300(mm) 13(kg) | 1200*1000*140(mm) | 0 | 0 | 1 | 100 | 0 | 0 | 1 |
| 2023-06-22 10:23:03 | 6 | 2 | 27 | 0 | 0 | 3/50 | 3/10 | 1/5 | 437*243*300(mm) 13(kg) | 1200*1000*140(mm) | 0 | 0 | 1 | 100 | 0 | 0 | 1 |
| 2023-06-22 10:23:41 | 6 | 2 | 27 | 0 | 0 | 3/50 | 3/10 | 1/5 | 437*243*300(mm) 13(kg) | 1200*1000*140(mm) | 0 | 0 | 1 | 100 | 0 | 0 | 1 |
| 2023-06-22 10:24:07 | 6 | 2 | 27 | 0 | 0 | 3/50 | 3/10 | 1/5 | 437*243*300(mm) 13(kg) | 1200*1000*140(mm) | 0 | 0 | 1 | 100 | 0 | 0 | 1 |
| 2023-06-22 10:24:07 | 6 | 2 | 27 | 0 | 0 | 3/50 | 3/10 | 1/5 | 437*243*300(mm) 13(kg) | 1200*1000*140(mm) | 0 | 0 | 1 | 100 | 0 | 0 | 1 |
| 2023-06-22 10:24:16 | 6 | 2 | 27 | 0 | 0 | 3/50 | 3/10 | 1/5 | 437*243*300(mm) 13(kg) | 1200*1000*140(mm) | 0 | 0 | 1 | 100 | 0 | 0 | 1 |
| 2023-06-22 10:24:30 | 6 | 2 | 27 | 0 | 0 | 3/50 | 3/10 | 1/5 | 437*243*300(mm) 13(kg) | 1200*1000*140(mm) | 0 | 0 | 1 | 100 | 0 | 0 | 1 |
| 2023-06-22 10:29:35 | 0 | 0 | 0 | 0 | 0 | 0/0 | 0/0 | 0/0 | 0*0*0(mm) 0(kg) | 0*0*0(mm) | 0 | 0 | 0 | 0 | 0 | 0 | 0 |
| 2023-06-22 10:29:56 | 0 | 0 | 0 | 0 | 0 | 0/0 | 0/0 | 0/0 | 0*0*0(mm) 0(kg) | 0*0*0(mm) | 0 | 0 | 0 | 0 | 0 | 0 | 0 |
| 2023-06-22 10:30:17 | 0 | 0 | 0 | 0 | 0 | 0/0 | 0/0 | 0/0 | 0*0*0(mm) 0(kg) | 0*0*0(mm) | 0 | 0 | 0 | 0 | 0 | 0 | 0 |
| 2023-06-22 10:31:01 | 0 | 0 | 0 | 0 | 0 | 0/0 | 0/0 | 0/0 | 0*0*0(mm) 0(kg) | 0*0*0(mm) | 0 | 0 | 0 | 0 | 0 | 0 | 0 |
| 2023-06-22 10:31:19 | 0 | 0 | 0 | 0 | 0 | 0/0 | 0/0 | 0/0 | 0*0*0(mm) 0(kg) | 0*0*0(mm) | 0 | 0 | 0 | 0 | 0 | 0 | 0 |
| 2023-06-22 10:31:23 | 0 | 0 | 0 | 0 | 0 | 0/0 | 0/0 | 0/0 | 0*0*0(mm) 0(kg) | 0*0*0(mm) | 0 | 0 | 0 | 100 | 0 | 0 | 1 |
| 2023-06-22 10:31:28 | 0 | 2 | 27 | 1 | 0 | 3/50 | 3/10 | 1/5 | 437*243*300(mm) 13(kg) | 1200*1000*140(mm) | 0 | 0 | 1 | 100 | 0 | 0 | 1 |
| 2023-06-22 10:31:37 | 0 | 2 | 27 | 1 | 0 | 3/50 | 3/10 | 1/5 | 437*243*300(mm) 13(kg) | 1200*1000*140(mm) | 0 | 0 | 1 | 100 | 0 | 0 | 1 |
| 2023-06-22 10:31:37 | 0 | 2 | 27 | 1 | 0 | 3/50 | 3/10 | 1/5 | 437*243*300(mm) 13(kg) | 1200*1000*140(mm) | 0 | 0 | 1 | 100 | 0 | 0 | 1 |
| 2023-06-22 10:31:40 | 0 | 2 | 27 | 1 | 25 | 3/50 | 3/10 | 1/5 | 437*243*300(mm) 13(kg) | 1200*1000*140(mm) | 0 | 0 | 1 | 100 | 0 | 0 | 1 |
| 2023-06-22 10:31:56 | 0 | 2 | 27 | 1 | 25 | 3/50 | 3/10 | 1/5 | 437*243*300(mm) 13(kg) | 1200*1000*140(mm) | 0 | 0 | 1 | 100 | 0 | 0 | 1 |
| 2023-06-22 10:31:58 | 0 | 2 | 27 | 1 | 0 | 3/50 | 3/10 | 1/5 | 437*243*300(mm) 13(kg) | 1200*1000*140(mm) | 0 | 0 | 1 | 100 | 0 | 0 | 1 |
| 2023-06-22 10:32:08 | 0 | 2 | 27 | 1 | 0 | 3/50 | 3/10 | 1/5 | 437*243*300(mm) 13(kg) | 1200*1000*140(mm) | 0 | 0 | 1 | 100 | 0 | 0 | 1 |
| 2023-06-22 10:32:18 | 0 | 2 | 28 | 1 | 0 | 4/50 | 4/10 | 1/5 | 437*243*300(mm) 13(kg) | 1200*1000*140(mm) | 0 | 0 | 1 | 100 | 0 | 0 | 1 |
| 2023-06-22 10:32:19 | 0 | 2 | 28 | 1 | 0 | 4/50 | 4/10 | 1/5 | 437*243*300(mm) 13(kg) | 1200*1000*140(mm) | 0 | 0 | 1 | 100 | 0 | 0 | 1 |
| 2023-06-22 10:32:20 | 0 | 2 | 28 | 1 | 0 | 4/50 | 4/10 | 1/5 | 437*243*300(mm) 13(kg) | 1200*1000*140(mm) | 0 | 0 | 1 | 100 | 0 | 0 | 1 |
| 2023-06-22 10:32:30 | 0 | 2 | 28 | 1 | 0 | 4/50 | 4/10 | 1/5 | 437*243*300(mm) 13(kg) | 1200*1000*140(mm) | 0 | 0 | 1 | 100 | 0 | 0 | 1 |
| 2023-06-22 10:32:34 | 0 | 2 | 28 | 1 | 0 | 4/50 | 4/10 | 1/5 | 437*243*300(mm) 13(kg) | 1200*1000*140(mm) | 0 | 0 | 1 | 100 | 0 | 0 | 1 |
| 2023-06-22 10:33:58 | 0 | 2 | 28 | 1 | 0 | 4/50 | 4/10 | 1/5 | 437*243*300(mm) 13(kg) | 1200*1000*140(mm) | 0 | 0 | 1 | 100 | 0 | 0 | 1 |
| 2023-06-22 10:36:15 | 0 | 2 | 28 | 1 | 0 | 4/50 | 4/10 | 1/5 | 437*243*300(mm) 13(kg) | 1200*1000*140(mm) | 0 | 0 | 1 | 100 | 0 | 0 | 1 |
| 2023-06-22 10:37:05 | 0 | 2 | 28 | 1 | 0 | 4/50 | 4/10 | 1/5 | 437*243*300(mm) 13(kg) | 1200*1000*140(mm) | 0 | 0 | 1 | 100 | 0 | 0 | 1 |
| 2023-06-22 10:37:31 | 0 | 2 | 28 | 1 | 0 | 4/50 | 4/10 | 1/5 | 437*243*300(mm) 13(kg) | 1200*1000*140(mm) | 0 | 0 | 1 | 100 | 0 | 0 | 1 |
| 2023-06-22 10:38:24 | 0 | 2 | 28 | 1 | 0 | 4/50 | 4/10 | 1/5 | 437*243*300(mm) 13(kg) | 1200*1000*140(mm) | 0 | 0 | 1 | 100 | 0 | 0 | 1 |
| 2023-06-22 10:40:23 | 0 | 2 | 28 | 1 | 0 | 4/50 | 4/10 | 1/5 | 437*243*300(mm) 13(kg) | 1200*1000*140(mm) | 0 | 0 | 1 | 100 | 0 | 0 | 1 |
| 2023-06-22 10:41:18 | 0 | 2 | 28 | 1 | 0 | 4/50 | 4/10 | 1/5 | 437*243*300(mm) 13(kg) | 1200*1000*140(mm) | 0 | 0 | 1 | 100 | 0 | 0 | 1 |
| 2023-06-22 10:41:42 | 0 | 2 | 28 | 1 | 0 | 4/50 | 4/10 | 1/5 | 437*243*300(mm) 13(kg) | 1200*1000*140(mm) | 0 | 0 | 1 | 100 | 0 | 0 | 1 |
| 2023-06-22 10:42:18 | 0 | 2 | 28 | 1 | 0 | 4/50 | 4/10 | 1/5 | 437*243*300(mm) 13(kg) | 1200*1000*140(mm) | 0 | 0 | 1 | 100 | 0 | 0 | 1 |
| 2023-06-22 10:42:27 | 0 | 2 | 28 | 1 | 0 | 4/50 | 4/10 | 1/5 | 437*243*300(mm) 13(kg) | 1200*1000*140(mm) | 0 | 0 | 1 | 100 | 0 | 0 | 1 |
| 2023-06-22 10:42:40 | 0 | 2 | 28 | 1 | 0 | 4/50 | 4/10 | 1/5 | 437*243*300(mm) 13(kg) | 1200*1000*140(mm) | 0 | 0 | 1 | 100 | 0 | 0 | 1 |
| 2023-06-22 10:42:47 | 0 | 2 | 28 | 1 | 0 | 4/50 | 4/10 | 1/5 | 437*243*300(mm) 13(kg) | 1200*1000*140(mm) | 0 | 0 | 1 | 100 | 0 | 0 | 1 |
| 2023-06-22 10:44:35 | 0 | 2 | 28 | 1 | 0 | 4/50 | 4/10 | 1/5 | 437*243*300(mm) 13(kg) | 1200*1000*140(mm) | 0 | 0 | 1 | 100 | 0 | 0 | 1 |
| 2023-06-22 10:44:35 | 0 | 2 | 28 | 1 | 0 | 4/50 | 4/10 | 1/5 | 437*243*300(mm) 13(kg) | 1200*1000*140(mm) | 0 | 0 | 1 | 100 | 0 | 0 | 1 |
| 2023-06-22 10:44:35 | 0 | 2 | 28 | 1 | 25 | 4/50 | 4/10 | 1/5 | 437*243*300(mm) 13(kg) | 1200*1000*140(mm) | 0 | 0 | 1 | 100 | 0 | 0 | 1 |
| 2023-06-22 10:45:43 | 0 | 2 | 28 | 1 | 25 | 4/50 | 4/10 | 1/5 | 437*243*300(mm) 13(kg) | 1200*1000*140(mm) | 0 | 0 | 1 | 100 | 0 | 0 | 1 |
| 2023-06-22 10:45:59 | 0 | 2 | 28 | 1 | 25 | 4/50 | 4/10 | 1/5 | 437*243*300(mm) 13(kg) | 1200*1000*140(mm) | 0 | 0 | 1 | 100 | 0 | 0 | 1 |
| 2023-06-22 10:46:01 | 0 | 2 | 28 | 1 | 25 | 4/50 | 4/10 | 1/5 | 437*243*300(mm) 13(kg) | 1200*1000*140(mm) | 0 | 0 | 1 | 100 | 0 | 0 | 1 |
| 2023-06-22 10:46:10 | 0 | 2 | 28 | 1 | 25 | 4/50 | 4/10 | 1/5 | 437*243*300(mm) 13(kg) | 1200*1000*140(mm) | 0 | 0 | 1 | 100 | 0 | 0 | 1 |
| 2023-06-22 10:46:19 | 0 | 2 | 28 | 1 | 25 | 4/50 | 4/10 | 1/5 | 437*243*300(mm) 13(kg) | 1200*1000*140(mm) | 0 | 0 | 1 | 100 | 0 | 0 | 1 |
| 2023-06-22 10:46:32 | 0 | 2 | 28 | 1 | 25 | 4/50 | 4/10 | 1/5 | 437*243*300(mm) 13(kg) | 1200*1000*140(mm) | 0 | 0 | 1 | 100 | 0 | 0 | 1 |
| 2023-06-22 10:46:35 | 0 | 2 | 28 | 1 | 0 | 4/50 | 4/10 | 1/5 | 437*243*300(mm) 13(kg) | 1200*1000*140(mm) | 0 | 0 | 1 | 100 | 0 | 0 | 1 |
| 2023-06-22 10:46:41 | 0 | 2 | 28 | 1 | 0 | 4/50 | 4/10 | 1/5 | 437*243*300(mm) 13(kg) | 1200*1000*140(mm) | 0 | 0 | 1 | 100 | 0 | 0 | 1 |
| 2023-06-22 10:46:41 | 0 | 2 | 28 | 1 | 0 | 4/50 | 4/10 | 1/5 | 437*243*300(mm) 13(kg) | 1200*1000*140(mm) | 0 | 0 | 1 | 100 | 0 | 0 | 1 |
| 2023-06-22 10:46:43 | 0 | 2 | 28 | 1 | 25 | 4/50 | 4/10 | 1/5 | 437*243*300(mm) 13(kg) | 1200*1000*140(mm) | 0 | 0 | 1 | 100 | 0 | 0 | 1 |
| 2023-06-22 10:54:02 | 0 | 0 | 0 | 0 | 25 | 0/0 | 0/0 | 0/0 | 0*0*0(mm) 0(kg) | 0*0*0(mm) | 0 | 0 | 0 | 100 | 0 | 0 | 1 |
| 2023-06-22 10:54:17 | 0 | 0 | 0 | 0 | 25 | 0/0 | 0/0 | 0/0 | 0*0*0(mm) 0(kg) | 0*0*0(mm) | 0 | 0 | 0 | 100 | 0 | 0 | 1 |
| 2023-06-22 10:54:21 | 0 | 0 | 0 | 0 | 25 | 0/0 | 0/0 | 0/0 | 0*0*0(mm) 0(kg) | 0*0*0(mm) | 0 | 0 | 0 | 100 | 0 | 0 | 1 |
| 2023-06-22 10:54:26 | 0 | 0 | 0 | 0 | 25 | 0/0 | 0/0 | 0/0 | 0*0*0(mm) 0(kg) | 0*0*0(mm) | 0 | 0 | 0 | 100 | 0 | 0 | 1 |
| 2023-06-22 10:55:08 | 0 | 0 | 0 | 0 | 25 | 0/0 | 0/0 | 0/0 | 0*0*0(mm) 0(kg) | 0*0*0(mm) | 0 | 0 | 0 | 100 | 0 | 0 | 1 |
| 2023-06-22 10:55:31 | 0 | 0 | 0 | 0 | 0 | 0/0 | 0/0 | 0/0 | 0*0*0(mm) 0(kg) | 0*0*0(mm) | 0 | 0 | 0 | 100 | 0 | 0 | 1 |
| 2023-06-22 10:55:33 | 0 | 2 | 28 | 1 | 0 | 4/50 | 4/10 | 1/5 | 437*243*300(mm) 13(kg) | 1200*1000*140(mm) | 0 | 0 | 1 | 100 | 0 | 0 | 1 |
| 2023-06-22 10:55:35 | 0 | 2 | 28 | 1 | 0 | 4/50 | 4/10 | 1/5 | 437*243*300(mm) 13(kg) | 1200*1000*140(mm) | 0 | 0 | 1 | 100 | 0 | 0 | 1 |
| 2023-06-22 10:55:36 | 0 | 2 | 28 | 1 | 0 | 4/50 | 4/10 | 1/5 | 437*243*300(mm) 13(kg) | 1200*1000*140(mm) | 0 | 0 | 1 | 100 | 0 | 0 | 1 |
| 2023-06-22 10:55:38 | 0 | 2 | 28 | 1 | 25 | 4/50 | 4/10 | 1/5 | 437*243*300(mm) 13(kg) | 1200*1000*140(mm) | 0 | 0 | 1 | 100 | 0 | 0 | 1 |
| 2023-06-22 10:55:50 | 0 | 2 | 28 | 1 | 25 | 4/50 | 4/10 | 1/5 | 437*243*300(mm) 13(kg) | 1200*1000*140(mm) | 0 | 0 | 1 | 100 | 0 | 0 | 1 |
| 2023-06-22 10:55:51 | 0 | 2 | 28 | 1 | 0 | 4/50 | 4/10 | 1/5 | 437*243*300(mm) 13(kg) | 1200*1000*140(mm) | 0 | 0 | 1 | 100 | 0 | 0 | 1 |
| 2023-06-22 10:57:21 | 0 | 2 | 28 | 1 | 0 | 4/50 | 4/10 | 1/5 | 437*243*300(mm) 13(kg) | 1200*1000*140(mm) | 0 | 0 | 1 | 100 | 0 | 0 | 1 |
| 2023-06-22 11:00:17 | 0 | 2 | 28 | 1 | 0 | 4/50 | 4/10 | 1/5 | 437*243*300(mm) 13(kg) | 1200*1000*140(mm) | 0 | 0 | 1 | 100 | 0 | 0 | 1 |
| 2023-06-22 11:00:38 | 0 | 2 | 28 | 1 | 0 | 4/50 | 4/10 | 1/5 | 437*243*300(mm) 13(kg) | 1200*1000*140(mm) | 0 | 0 | 1 | 100 | 0 | 0 | 1 |
| 2023-06-22 11:01:20 | 0 | 2 | 28 | 1 | 0 | 4/50 | 4/10 | 1/5 | 437*243*300(mm) 13(kg) | 1200*1000*140(mm) | 0 | 0 | 1 | 100 | 0 | 0 | 1 |
| 2023-06-22 11:01:20 | 0 | 2 | 28 | 1 | 0 | 4/50 | 4/10 | 1/5 | 437*243*300(mm) 13(kg) | 1200*1000*140(mm) | 0 | 0 | 1 | 100 | 0 | 0 | 1 |
| 2023-06-22 11:02:07 | 0 | 2 | 28 | 1 | 0 | 4/50 | 4/10 | 1/5 | 437*243*300(mm) 13(kg) | 1200*1000*140(mm) | 0 | 0 | 1 | 100 | 0 | 0 | 1 |
| 2023-06-22 11:03:47 | 0 | 2 | 28 | 1 | 0 | 4/50 | 4/10 | 1/5 | 437*243*300(mm) 13(kg) | 1200*1000*140(mm) | 0 | 0 | 1 | 100 | 0 | 0 | 1 |
| 2023-06-22 11:04:10 | 0 | 2 | 28 | 1 | 0 | 4/50 | 4/10 | 1/5 | 437*243*300(mm) 13(kg) | 1200*1000*140(mm) | 0 | 0 | 1 | 100 | 0 | 0 | 1 |
| 2023-06-22 11:04:19 | 0 | 2 | 28 | 1 | 0 | 4/50 | 4/10 | 1/5 | 437*243*300(mm) 13(kg) | 1200*1000*140(mm) | 0 | 0 | 1 | 100 | 0 | 0 | 1 |
| 2023-06-22 11:04:37 | 0 | 2 | 28 | 1 | 0 | 4/50 | 4/10 | 1/5 | 437*243*300(mm) 13(kg) | 1200*1000*140(mm) | 0 | 0 | 1 | 100 | 0 | 0 | 1 |
| 2023-06-22 11:06:06 | 0 | 0 | 0 | 0 | 0 | 0/0 | 0/0 | 0/0 | 0*0*0(mm) 0(kg) | 0*0*0(mm) | 0 | 0 | 0 | 100 | 0 | 0 | 1 |
| 2023-06-22 11:06:35 | 0 | 0 | 0 | 0 | 0 | 0/0 | 0/0 | 0/0 | 0*0*0(mm) 0(kg) | 0*0*0(mm) | 0 | 0 | 0 | 100 | 0 | 0 | 1 |
| 2023-06-22 11:06:41 | 0 | 2 | 28 | 1 | 0 | 4/50 | 4/10 | 1/5 | 437*243*300(mm) 13(kg) | 1200*1000*140(mm) | 0 | 0 | 1 | 100 | 0 | 0 | 1 |
| 2023-06-22 11:06:44 | 0 | 2 | 28 | 1 | 0 | 4/50 | 4/10 | 1/5 | 437*243*300(mm) 13(kg) | 1200*1000*140(mm) | 0 | 0 | 1 | 100 | 0 | 0 | 1 |
| 2023-06-22 11:06:45 | 0 | 2 | 28 | 1 | 0 | 4/50 | 4/10 | 1/5 | 437*243*300(mm) 13(kg) | 1200*1000*140(mm) | 0 | 0 | 1 | 100 | 0 | 0 | 1 |
| 2023-06-22 11:06:55 | 0 | 2 | 28 | 1 | 0 | 4/50 | 4/10 | 1/5 | 437*243*300(mm) 13(kg) | 1200*1000*140(mm) | 0 | 0 | 1 | 100 | 0 | 0 | 1 |
| 2023-06-22 11:07:11 | 0 | 2 | 28 | 1 | 0 | 4/50 | 4/10 | 1/5 | 437*243*300(mm) 13(kg) | 1200*1000*140(mm) | 0 | 0 | 1 | 100 | 0 | 0 | 1 |
| 2023-06-22 11:07:14 | 0 | 2 | 28 | 1 | 0 | 4/50 | 4/10 | 1/5 | 437*243*300(mm) 13(kg) | 1200*1000*140(mm) | 0 | 0 | 1 | 100 | 0 | 0 | 1 |
| 2023-06-22 11:07:19 | 0 | 2 | 28 | 1 | 0 | 4/50 | 4/10 | 1/5 | 437*243*300(mm) 13(kg) | 1200*1000*140(mm) | 0 | 0 | 1 | 100 | 0 | 0 | 1 |
| 2023-06-22 11:07:31 | 0 | 2 | 28 | 1 | 0 | 4/50 | 4/10 | 1/5 | 437*243*300(mm) 13(kg) | 1200*1000*140(mm) | 0 | 0 | 1 | 100 | 0 | 0 | 1 |
| 2023-06-22 13:06:56 | 0 | 0 | 0 | 0 | 25 | 0/0 | 0/0 | 0/0 | 0*0*0(mm) 0(kg) | 0*0*0(mm) | 0 | 0 | 0 | 100 | 0 | 0 | 1 |
| 2023-06-22 13:07:02 | 0 | 0 | 0 | 0 | 25 | 0/0 | 0/0 | 0/0 | 0*0*0(mm) 0(kg) | 0*0*0(mm) | 0 | 0 | 0 | 100 | 0 | 0 | 1 |
| 2023-06-22 13:07:02 | 0 | 0 | 0 | 0 | 0 | 0/0 | 0/0 | 0/0 | 0*0*0(mm) 0(kg) | 0*0*0(mm) | 0 | 0 | 0 | 100 | 0 | 0 | 1 |
| 2023-06-22 13:07:25 | 0 | 0 | 0 | 0 | 0 | 0/0 | 0/0 | 0/0 | 0*0*0(mm) 0(kg) | 0*0*0(mm) | 0 | 0 | 0 | 100 | 0 | 0 | 1 |
| 2023-06-22 13:07:32 | 0 | 2 | 28 | 2 | 0 | 4/50 | 4/10 | 1/5 | 437*243*300(mm) 13(kg) | 1200*1000*140(mm) | 0 | 0 | 1 | 100 | 0 | 0 | 1 |
| 2023-06-22 13:07:44 | 0 | 2 | 28 | 2 | 0 | 4/50 | 4/10 | 1/5 | 437*243*300(mm) 13(kg) | 1200*1000*140(mm) | 0 | 0 | 1 | 100 | 0 | 0 | 1 |
| 2023-06-22 13:07:44 | 0 | 2 | 28 | 2 | 0 | 4/50 | 4/10 | 1/5 | 437*243*300(mm) 13(kg) | 1200*1000*140(mm) | 0 | 0 | 1 | 100 | 0 | 0 | 1 |
| 2023-06-22 13:07:45 | 0 | 2 | 28 | 2 | 25 | 4/50 | 4/10 | 1/5 | 437*243*300(mm) 13(kg) | 1200*1000*140(mm) | 0 | 0 | 1 | 100 | 0 | 0 | 1 |
| 2023-06-22 13:07:49 | 0 | 2 | 28 | 2 | 25 | 4/50 | 4/10 | 1/5 | 437*243*300(mm) 13(kg) | 1200*1000*140(mm) | 0 | 0 | 1 | 100 | 0 | 0 | 1 |
| 2023-06-22 13:07:53 | 0 | 2 | 28 | 2 | 25 | 4/50 | 4/10 | 1/5 | 437*243*300(mm) 13(kg) | 1200*1000*140(mm) | 0 | 0 | 1 | 100 | 0 | 0 | 1 |
| 2023-06-22 13:07:58 | 0 | 2 | 28 | 2 | 25 | 4/50 | 4/10 | 1/5 | 437*243*300(mm) 13(kg) | 1200*1000*140(mm) | 0 | 0 | 1 | 100 | 0 | 0 | 1 |
| 2023-06-22 13:08:11 | 0 | 2 | 28 | 2 | 25 | 4/50 | 4/10 | 1/5 | 437*243*300(mm) 13(kg) | 1200*1000*140(mm) | 0 | 0 | 1 | 100 | 0 | 0 | 1 |
| 2023-06-22 13:08:25 | 0 | 2 | 28 | 2 | 0 | 4/50 | 4/10 | 1/5 | 437*243*300(mm) 13(kg) | 1200*1000*140(mm) | 0 | 0 | 1 | 100 | 0 | 0 | 1 |
| 2023-06-22 13:08:35 | 0 | 2 | 29 | 2 | 0 | 5/50 | 5/10 | 1/5 | 437*243*300(mm) 13(kg) | 1200*1000*140(mm) | 0 | 0 | 1 | 100 | 0 | 0 | 1 |
| 2023-06-22 13:08:45 | 0 | 2 | 30 | 2 | 0 | 6/50 | 6/10 | 1/5 | 437*243*300(mm) 13(kg) | 1200*1000*140(mm) | 0 | 0 | 1 | 100 | 0 | 0 | 1 |
| 2023-06-22 13:08:55 | 0 | 2 | 31 | 2 | 0 | 7/50 | 7/10 | 1/5 | 437*243*300(mm) 13(kg) | 1200*1000*140(mm) | 0 | 0 | 1 | 100 | 0 | 0 | 1 |
| 2023-06-22 13:09:05 | 0 | 2 | 32 | 2 | 0 | 8/50 | 8/10 | 1/5 | 437*243*300(mm) 13(kg) | 1200*1000*140(mm) | 0 | 0 | 1 | 100 | 0 | 0 | 1 |
| 2023-06-22 13:09:15 | 0 | 2 | 33 | 2 | 0 | 9/50 | 9/10 | 1/5 | 437*243*300(mm) 13(kg) | 1200*1000*140(mm) | 0 | 0 | 1 | 100 | 0 | 0 | 1 |
| 2023-06-22 13:09:25 | 0 | 2 | 33 | 2 | 0 | 9/50 | 0/10 | 2/5 | 437*243*300(mm) 13(kg) | 1200*1000*140(mm) | 0 | 0 | 1 | 100 | 0 | 0 | 1 |
| 2023-06-22 13:09:25 | 0 | 2 | 34 | 2 | 0 | 10/50 | 0/10 | 2/5 | 437*243*300(mm) 13(kg) | 1200*1000*140(mm) | 0 | 0 | 1 | 100 | 0 | 0 | 1 |
| 2023-06-22 13:09:35 | 6 | 2 | 35 | 2 | 0 | 11/50 | 1/10 | 2/5 | 437*243*300(mm) 13(kg) | 1200*1000*140(mm) | 0 | 0 | 1 | 100 | 0 | 0 | 1 |
| 2023-06-22 13:09:45 | 6 | 2 | 36 | 2 | 0 | 12/50 | 2/10 | 2/5 | 437*243*300(mm) 13(kg) | 1200*1000*140(mm) | 0 | 0 | 1 | 100 | 0 | 0 | 1 |
| 2023-06-22 13:09:55 | 6 | 2 | 37 | 2 | 0 | 13/50 | 3/10 | 2/5 | 437*243*300(mm) 13(kg) | 1200*1000*140(mm) | 0 | 0 | 1 | 100 | 0 | 0 | 1 |
| 2023-06-22 13:10:46 | 6 | 2 | 42 | 2 | 0 | 18/50 | 8/10 | 2/5 | 437*243*300(mm) 13(kg) | 1200*1000*140(mm) | 0 | 0 | 1 | 100 | 0 | 0 | 1 |
| 2023-06-22 13:10:52 | 6 | 2 | 43 | 2 | 0 | 19/50 | 9/10 | 2/5 | 437*243*300(mm) 13(kg) | 1200*1000*140(mm) | 0 | 0 | 1 | 100 | 0 | 0 | 1 |
| 2023-06-22 13:11:02 | 6 | 2 | 44 | 2 | 0 | 20/50 | 0/10 | 3/5 | 437*243*300(mm) 13(kg) | 1200*1000*140(mm) | 0 | 0 | 1 | 100 | 0 | 0 | 1 |
| 2023-06-22 13:11:12 | 6 | 2 | 45 | 2 | 0 | 21/50 | 1/10 | 3/5 | 437*243*300(mm) 13(kg) | 1200*1000*140(mm) | 0 | 0 | 1 | 100 | 0 | 0 | 1 |
| 2023-06-22 13:11:22 | 6 | 2 | 46 | 2 | 0 | 22/50 | 2/10 | 3/5 | 437*243*300(mm) 13(kg) | 1200*1000*140(mm) | 0 | 0 | 1 | 100 | 0 | 0 | 1 |
| 2023-06-22 13:11:32 | 6 | 2 | 47 | 2 | 0 | 23/50 | 3/10 | 3/5 | 437*243*300(mm) 13(kg) | 1200*1000*140(mm) | 0 | 0 | 1 | 100 | 0 | 0 | 1 |
| 2023-06-22 13:11:42 | 6 | 2 | 48 | 2 | 0 | 24/50 | 4/10 | 3/5 | 437*243*300(mm) 13(kg) | 1200*1000*140(mm) | 0 | 0 | 1 | 100 | 0 | 0 | 1 |
| 2023-06-22 13:11:50 | 6 | 2 | 49 | 2 | 0 | 25/50 | 5/10 | 3/5 | 437*243*300(mm) 13(kg) | 1200*1000*140(mm) | 0 | 0 | 1 | 100 | 0 | 0 | 1 |
| 2023-06-22 13:12:00 | 6 | 2 | 50 | 2 | 0 | 26/50 | 6/10 | 3/5 | 437*243*300(mm) 13(kg) | 1200*1000*140(mm) | 0 | 0 | 1 | 100 | 0 | 0 | 1 |
| 2023-06-22 13:12:10 | 6 | 2 | 51 | 2 | 0 | 27/50 | 7/10 | 3/5 | 437*243*300(mm) 13(kg) | 1200*1000*140(mm) | 0 | 0 | 1 | 100 | 0 | 0 | 1 |
| 2023-06-22 13:12:17 | 6 | 2 | 52 | 2 | 0 | 28/50 | 8/10 | 3/5 | 437*243*300(mm) 13(kg) | 1200*1000*140(mm) | 0 | 0 | 1 | 100 | 0 | 0 | 1 |
| 2023-06-22 13:13:57 | 7 | 2 | 62 | 2 | 0 | 38/50 | 8/10 | 4/5 | 437*243*300(mm) 13(kg) | 1200*1000*140(mm) | 0 | 140 | 1 | 100 | 0 | 0 | 1 |
| 2023-06-22 13:14:00 | 7 | 2 | 63 | 2 | 0 | 39/50 | 9/10 | 4/5 | 437*243*300(mm) 13(kg) | 1200*1000*140(mm) | 0 | 140 | 1 | 100 | 0 | 0 | 1 |
| 2023-06-22 13:14:10 | 7 | 2 | 64 | 2 | 0 | 40/50 | 0/10 | 5/5 | 437*243*300(mm) 13(kg) | 1200*1000*140(mm) | 0 | 387 | 1 | 100 | 0 | 0 | 1 |
| 2023-06-22 13:14:12 | 7 | 2 | 64 | 2 | 0 | 40/50 | 0/10 | 5/5 | 437*243*300(mm) 13(kg) | 1200*1000*140(mm) | 0 | 440 | 1 | 100 | 0 | 0 | 1 |
| 2023-06-22 13:14:23 | 7 | 2 | 65 | 2 | 0 | 41/50 | 1/10 | 5/5 | 437*243*300(mm) 13(kg) | 1200*1000*140(mm) | 0 | 440 | 1 | 100 | 0 | 0 | 1 |
| 2023-06-22 13:14:32 | 7 | 2 | 66 | 2 | 0 | 42/50 | 2/10 | 5/5 | 437*243*300(mm) 13(kg) | 1200*1000*140(mm) | 0 | 440 | 1 | 100 | 0 | 0 | 1 |
| 2023-06-22 13:14:40 | 7 | 2 | 67 | 2 | 0 | 43/50 | 3/10 | 5/5 | 437*243*300(mm) 13(kg) | 1200*1000*140(mm) | 0 | 440 | 1 | 100 | 0 | 0 | 1 |
| 2023-06-22 13:14:45 | 6 | 2 | 67 | 2 | 0 | 43/50 | 3/10 | 5/5 | 437*243*300(mm) 13(kg) | 1200*1000*140(mm) | 0 | 440 | 1 | 100 | 0 | 0 | 1 |
| 2023-06-22 13:14:50 | 6 | 2 | 68 | 2 | 0 | 44/50 | 4/10 | 5/5 | 437*243*300(mm) 13(kg) | 1200*1000*140(mm) | 0 | 440 | 1 | 100 | 0 | 0 | 1 |
| 2023-06-22 13:15:00 | 6 | 2 | 69 | 2 | 0 | 45/50 | 5/10 | 5/5 | 437*243*300(mm) 13(kg) | 1200*1000*140(mm) | 0 | 440 | 1 | 100 | 0 | 0 | 1 |
| 2023-06-22 13:15:10 | 6 | 2 | 70 | 2 | 0 | 46/50 | 6/10 | 5/5 | 437*243*300(mm) 13(kg) | 1200*1000*140(mm) | 0 | 440 | 1 | 100 | 0 | 0 | 1 |
| 2023-06-22 13:15:20 | 6 | 2 | 71 | 2 | 0 | 47/50 | 7/10 | 5/5 | 437*243*300(mm) 13(kg) | 1200*1000*140(mm) | 0 | 440 | 1 | 100 | 0 | 0 | 1 |
| 2023-06-22 13:15:27 | 6 | 2 | 72 | 2 | 0 | 48/50 | 8/10 | 5/5 | 437*243*300(mm) 13(kg) | 1200*1000*140(mm) | 0 | 440 | 1 | 100 | 0 | 0 | 1 |
| 2023-06-22 13:15:32 | 6 | 2 | 72 | 2 | 0 | 48/50 | 8/10 | 5/5 | 437*243*300(mm) 13(kg) | 1200*1000*140(mm) | 0 | 440 | 1 | 100 | 0 | 0 | 1 |
| 2023-06-22 13:15:32 | 6 | 2 | 72 | 2 | 0 | 48/50 | 8/10 | 5/5 | 437*243*300(mm) 13(kg) | 1200*1000*140(mm) | 0 | 440 | 1 | 100 | 0 | 0 | 1 |
| 2023-06-22 13:15:35 | 6 | 2 | 72 | 2 | 25 | 48/50 | 8/10 | 5/5 | 437*243*300(mm) 13(kg) | 1200*1000*140(mm) | 0 | 440 | 1 | 100 | 0 | 0 | 1 |
| 2023-06-22 13:15:45 | 6 | 2 | 72 | 2 | 0 | 48/50 | 8/10 | 5/5 | 437*243*300(mm) 13(kg) | 1200*1000*140(mm) | 0 | 440 | 1 | 100 | 0 | 0 | 1 |
| 2023-06-22 13:15:46 | 6 | 2 | 72 | 2 | 0 | 48/50 | 8/10 | 5/5 | 437*243*300(mm) 13(kg) | 1200*1000*140(mm) | 0 | 440 | 1 | 100 | 0 | 0 | 1 |
| 2023-06-22 13:15:54 | 6 | 2 | 72 | 2 | 0 | 48/50 | 8/10 | 5/5 | 437*243*300(mm) 13(kg) | 1200*1000*140(mm) | 0 | 440 | 1 | 100 | 0 | 0 | 1 |
| 2023-06-22 13:16:00 | 6 | 2 | 72 | 2 | 0 | 48/50 | 8/10 | 5/5 | 437*243*300(mm) 13(kg) | 1200*1000*140(mm) | 0 | 231 | 1 | 100 | 0 | 0 | 1 |
| 2023-06-22 13:16:02 | 6 | 2 | 72 | 2 | 0 | 48/50 | 8/10 | 5/5 | 437*243*300(mm) 13(kg) | 1200*1000*140(mm) | 0 | 0 | 1 | 100 | 0 | 0 | 1 |
| 2023-06-22 13:16:07 | 6 | 2 | 72 | 2 | 0 | 48/50 | 8/10 | 5/5 | 437*243*300(mm) 13(kg) | 1200*1000*140(mm) | 0 | 28 | 1 | 100 | 0 | 0 | 1 |
| 2023-06-22 13:16:10 | 6 | 2 | 72 | 2 | 0 | 48/50 | 8/10 | 5/5 | 437*243*300(mm) 13(kg) | 1200*1000*140(mm) | 0 | 440 | 1 | 100 | 0 | 0 | 1 |
| 2023-06-22 13:16:20 | 6 | 2 | 73 | 2 | 0 | 49/50 | 9/10 | 5/5 | 437*243*300(mm) 13(kg) | 1200*1000*140(mm) | 0 | 440 | 1 | 100 | 0 | 0 | 1 |
| 2023-06-22 13:16:35 | 6 | 2 | 74 | 2 | 0 | 50/50 | 10/10 | 5/5 | 437*243*300(mm) 13(kg) | 1200*1000*140(mm) | 0 | 0 | 1 | 100 | 0 | 0 | 1 |
| 2023-06-22 13:16:40 | 6 | 2 | 74 | 2 | 0 | 0/50 | 0/10 | 1/5 | 437*243*300(mm) 13(kg) | 1200*1000*140(mm) | 0 | 0 | 1 | 100 | 0 | 0 | 1 |
| 2023-06-22 13:16:42 | 6 | 2 | 74 | 2 | 0 | 0/50 | 0/10 | 1/5 | 437*243*300(mm) 13(kg) | 1200*1000*140(mm) | 0 | 0 | 1 | 100 | 0 | 0 | 1 |
| 2023-06-22 13:16:43 | 6 | 2 | 74 | 2 | 0 | 0/50 | 0/10 | 1/5 | 437*243*300(mm) 13(kg) | 1200*1000*140(mm) | 0 | 0 | 1 | 100 | 0 | 0 | 1 |
| 2023-06-22 13:16:45 | 6 | 2 | 74 | 2 | 25 | 0/50 | 0/10 | 1/5 | 437*243*300(mm) 13(kg) | 1200*1000*140(mm) | 0 | 0 | 1 | 100 | 0 | 0 | 1 |
| 2023-06-22 13:16:47 | 6 | 2 | 74 | 2 | 25 | 0/50 | 0/10 | 1/5 | 437*243*300(mm) 13(kg) | 1200*1000*140(mm) | 0 | 0 | 1 | 100 | 0 | 0 | 1 |
| 2023-06-22 13:16:59 | 6 | 2 | 74 | 2 | 25 | 0/50 | 0/10 | 1/5 | 437*243*300(mm) 13(kg) | 1200*1000*140(mm) | 0 | 0 | 1 | 100 | 0 | 0 | 1 |
| 2023-06-22 13:17:00 | 6 | 2 | 74 | 2 | 0 | 0/50 | 0/10 | 1/5 | 437*243*300(mm) 13(kg) | 1200*1000*140(mm) | 0 | 0 | 1 | 100 | 0 | 0 | 1 |
| 2023-06-22 13:17:13 | 6 | 2 | 74 | 2 | 0 | 0/50 | 0/10 | 1/5 | 437*243*300(mm) 13(kg) | 1200*1000*140(mm) | 0 | 0 | 1 | 100 | 0 | 0 | 1 |
| 2023-06-22 13:17:22 | 6 | 2 | 74 | 2 | 0 | 0/50 | 0/10 | 1/5 | 437*243*300(mm) 13(kg) | 1200*1000*140(mm) | 0 | 0 | 1 | 100 | 0 | 0 | 1 |
| 2023-06-22 13:17:22 | 6 | 2 | 74 | 2 | 0 | 0/50 | 0/10 | 1/5 | 437*243*300(mm) 13(kg) | 1200*1000*140(mm) | 0 | 0 | 1 | 100 | 0 | 0 | 1 |
| 2023-06-22 13:17:46 | 6 | 2 | 74 | 2 | 0 | 0/50 | 0/10 | 1/5 | 437*243*300(mm) 13(kg) | 1200*1000*140(mm) | 0 | 0 | 1 | 100 | 0 | 0 | 1 |
| 2023-06-22 13:17:53 | 6 | 2 | 74 | 2 | 0 | 0/50 | 0/10 | 1/5 | 437*243*300(mm) 13(kg) | 1200*1000*140(mm) | 0 | 0 | 1 | 100 | 0 | 0 | 1 |
| 2023-06-22 13:18:07 | 6 | 2 | 74 | 2 | 0 | 0/50 | 0/10 | 1/5 | 437*243*300(mm) 13(kg) | 1200*1000*140(mm) | 0 | 0 | 1 | 100 | 0 | 0 | 1 |
| 2023-06-22 13:18:27 | 6 | 2 | 74 | 2 | 0 | 0/50 | 0/10 | 1/5 | 437*243*300(mm) 13(kg) | 1200*1000*140(mm) | 0 | 0 | 1 | 100 | 0 | 0 | 1 |
| 2023-06-22 13:18:28 | 6 | 2 | 74 | 2 | 0 | 0/50 | 0/10 | 1/5 | 437*243*300(mm) 13(kg) | 1200*1000*140(mm) | 0 | 0 | 1 | 100 | 0 | 0 | 1 |
| 2023-06-22 13:18:57 | 6 | 2 | 74 | 2 | 0 | 0/50 | 0/10 | 1/5 | 437*243*300(mm) 13(kg) | 1200*1000*140(mm) | 0 | 0 | 1 | 100 | 0 | 0 | 1 |
| 2023-06-22 13:19:02 | 6 | 2 | 74 | 2 | 0 | 0/50 | 0/10 | 1/5 | 437*243*300(mm) 13(kg) | 1200*1000*140(mm) | 0 | 0 | 1 | 100 | 0 | 0 | 1 |
| 2023-06-22 13:19:17 | 6 | 2 | 74 | 2 | 0 | 0/50 | 0/10 | 1/5 | 437*243*300(mm) 13(kg) | 1200*1000*140(mm) | 0 | 0 | 1 | 100 | 0 | 0 | 1 |
| 2023-06-22 13:19:34 | 6 | 2 | 74 | 2 | 0 | 0/50 | 0/10 | 1/5 | 437*243*300(mm) 13(kg) | 1200*1000*140(mm) | 0 | 0 | 1 | 100 | 0 | 0 | 1 |
| 2023-06-22 13:19:34 | 6 | 2 | 74 | 2 | 0 | 0/50 | 0/10 | 1/5 | 437*243*300(mm) 13(kg) | 1200*1000*140(mm) | 0 | 0 | 1 | 100 | 0 | 0 | 1 |
| 2023-06-22 13:20:07 | 6 | 2 | 74 | 2 | 0 | 0/50 | 0/10 | 1/5 | 437*243*300(mm) 13(kg) | 1200*1000*140(mm) | 0 | 0 | 1 | 100 | 0 | 0 | 1 |
| 2023-06-22 13:20:11 | 6 | 2 | 74 | 2 | 0 | 0/50 | 0/10 | 1/5 | 437*243*300(mm) 13(kg) | 1200*1000*140(mm) | 0 | 0 | 1 | 100 | 0 | 0 | 1 |
| 2023-06-22 13:20:23 | 6 | 2 | 74 | 2 | 0 | 0/50 | 0/10 | 1/5 | 437*243*300(mm) 13(kg) | 1200*1000*140(mm) | 0 | 0 | 1 | 100 | 0 | 0 | 1 |
| 2023-06-22 13:20:32 | 6 | 2 | 74 | 2 | 0 | 0/50 | 0/10 | 1/5 | 437*243*300(mm) 13(kg) | 1200*1000*140(mm) | 0 | 0 | 1 | 100 | 0 | 0 | 1 |
| 2023-06-22 13:20:32 | 6 | 2 | 74 | 2 | 0 | 0/50 | 0/10 | 1/5 | 437*243*300(mm) 13(kg) | 1200*1000*140(mm) | 0 | 0 | 1 | 100 | 0 | 0 | 1 |
| 2023-06-22 13:20:35 | 6 | 2 | 74 | 2 | 25 | 0/50 | 0/10 | 1/5 | 437*243*300(mm) 13(kg) | 1200*1000*140(mm) | 0 | 0 | 1 | 100 | 0 | 0 | 1 |
| 2023-06-22 13:20:37 | 6 | 2 | 74 | 2 | 25 | 0/50 | 0/10 | 1/5 | 437*243*300(mm) 13(kg) | 1200*1000*140(mm) | 0 | 0 | 1 | 100 | 0 | 0 | 1 |
| 2023-06-22 13:20:55 | 6 | 2 | 74 | 2 | 25 | 0/50 | 0/10 | 1/5 | 437*243*300(mm) 13(kg) | 1200*1000*140(mm) | 0 | 0 | 1 | 100 | 0 | 0 | 1 |
| 2023-06-22 13:21:06 | 6 | 2 | 74 | 2 | 25 | 0/50 | 0/10 | 1/5 | 437*243*300(mm) 13(kg) | 1200*1000*140(mm) | 0 | 0 | 1 | 100 | 0 | 0 | 1 |
| 2023-06-22 13:21:15 | 6 | 2 | 74 | 2 | 25 | 0/50 | 0/10 | 1/5 | 437*243*300(mm) 13(kg) | 1200*1000*140(mm) | 0 | 0 | 1 | 100 | 0 | 0 | 1 |
| 2023-06-22 13:21:23 | 6 | 2 | 74 | 2 | 25 | 0/50 | 0/10 | 1/5 | 437*243*300(mm) 13(kg) | 1200*1000*140(mm) | 0 | 0 | 1 | 100 | 0 | 0 | 1 |
| 2023-06-22 13:21:23 | 6 | 2 | 74 | 2 | 25 | 0/50 | 0/10 | 1/5 | 437*243*300(mm) 13(kg) | 1200*1000*140(mm) | 0 | 0 | 1 | 100 | 0 | 0 | 1 |
| 2023-06-22 13:21:43 | 6 | 2 | 74 | 2 | 25 | 0/50 | 0/10 | 1/5 | 437*243*300(mm) 13(kg) | 1200*1000*140(mm) | 0 | 0 | 1 | 100 | 0 | 0 | 1 |
| 2023-06-22 13:22:29 | 6 | 2 | 74 | 2 | 25 | 0/50 | 0/10 | 1/5 | 437*243*300(mm) 13(kg) | 1200*1000*140(mm) | 0 | 0 | 1 | 100 | 0 | 0 | 1 |
| 2023-06-22 13:23:00 | 6 | 2 | 74 | 2 | 25 | 0/50 | 0/10 | 1/5 | 437*243*300(mm) 13(kg) | 1200*1000*140(mm) | 0 | 0 | 1 | 100 | 0 | 0 | 1 |
| 2023-06-22 13:23:06 | 6 | 2 | 74 | 2 | 25 | 0/50 | 0/10 | 1/5 | 437*243*300(mm) 13(kg) | 1200*1000*140(mm) | 0 | 0 | 1 | 100 | 0 | 0 | 1 |
| 2023-06-22 13:23:17 | 6 | 2 | 74 | 2 | 25 | 0/50 | 0/10 | 1/5 | 437*243*300(mm) 13(kg) | 1200*1000*140(mm) | 0 | 0 | 1 | 100 | 0 | 0 | 1 |
| 2023-06-22 13:24:12 | 6 | 2 | 74 | 2 | 25 | 0/50 | 0/10 | 1/5 | 437*243*300(mm) 13(kg) | 1200*1000*140(mm) | 0 | 0 | 1 | 100 | 0 | 0 | 1 |
| 2023-06-22 13:24:40 | 6 | 2 | 75 | 2 | 0 | 1/50 | 1/10 | 1/5 | 437*243*300(mm) 13(kg) | 1200*1000*140(mm) | 0 | 0 | 1 | 100 | 0 | 0 | 1 |
| 2023-06-22 13:24:52 | 6 | 2 | 75 | 2 | 0 | 1/50 | 1/10 | 1/5 | 437*243*300(mm) 13(kg) | 1200*1000*140(mm) | 0 | 0 | 1 | 100 | 0 | 0 | 1 |
| 2023-06-22 13:24:52 | 6 | 2 | 76 | 2 | 0 | 2/50 | 2/10 | 1/5 | 437*243*300(mm) 13(kg) | 1200*1000*140(mm) | 0 | 0 | 1 | 100 | 0 | 0 | 1 |
| 2023-06-22 13:24:53 | 6 | 2 | 76 | 2 | 0 | 2/50 | 2/10 | 1/5 | 437*243*300(mm) 13(kg) | 1200*1000*140(mm) | 0 | 0 | 1 | 100 | 0 | 0 | 1 |
| 2023-06-22 13:25:04 | 6 | 2 | 76 | 2 | 0 | 2/50 | 2/10 | 1/5 | 437*243*300(mm) 13(kg) | 1200*1000*140(mm) | 0 | 0 | 1 | 100 | 0 | 0 | 1 |
| 2023-06-22 13:25:16 | 6 | 2 | 76 | 2 | 0 | 2/50 | 2/10 | 1/5 | 437*243*300(mm) 13(kg) | 1200*1000*140(mm) | 0 | 0 | 1 | 100 | 0 | 0 | 1 |
| 2023-06-22 13:25:29 | 6 | 2 | 76 | 2 | 0 | 2/50 | 2/10 | 1/5 | 437*243*300(mm) 13(kg) | 1200*1000*140(mm) | 0 | 0 | 1 | 100 | 0 | 0 | 1 |
| 2023-06-22 13:25:44 | 6 | 2 | 76 | 2 | 0 | 2/50 | 2/10 | 1/5 | 437*243*300(mm) 13(kg) | 1200*1000*140(mm) | 0 | 0 | 1 | 100 | 0 | 0 | 1 |
| 2023-06-22 13:25:48 | 6 | 2 | 76 | 2 | 0 | 2/50 | 2/10 | 1/5 | 437*243*300(mm) 13(kg) | 1200*1000*140(mm) | 0 | 0 | 1 | 100 | 0 | 0 | 1 |
| 2023-06-22 13:25:48 | 6 | 2 | 76 | 2 | 0 | 2/50 | 2/10 | 1/5 | 437*243*300(mm) 13(kg) | 1200*1000*140(mm) | 0 | 0 | 1 | 100 | 0 | 0 | 1 |
| 2023-06-22 13:27:00 | 6 | 2 | 76 | 2 | 0 | 2/50 | 2/10 | 1/5 | 437*243*300(mm) 13(kg) | 1200*1000*140(mm) | 0 | 0 | 1 | 100 | 0 | 0 | 1 |
| 2023-06-22 13:27:06 | 6 | 2 | 76 | 2 | 0 | 2/50 | 2/10 | 1/5 | 437*243*300(mm) 13(kg) | 1200*1000*140(mm) | 0 | 0 | 1 | 100 | 0 | 0 | 1 |
| 2023-06-22 13:27:16 | 6 | 2 | 76 | 2 | 0 | 2/50 | 2/10 | 1/5 | 437*243*300(mm) 13(kg) | 1200*1000*140(mm) | 0 | 0 | 1 | 100 | 0 | 0 | 1 |
| 2023-06-22 13:27:37 | 6 | 2 | 77 | 2 | 0 | 3/50 | 3/10 | 1/5 | 437*243*300(mm) 13(kg) | 1200*1000*140(mm) | 0 | 0 | 1 | 100 | 0 | 0 | 1 |
| 2023-06-22 13:27:47 | 6 | 2 | 78 | 2 | 0 | 4/50 | 4/10 | 1/5 | 437*243*300(mm) 13(kg) | 1200*1000*140(mm) | 0 | 0 | 1 | 100 | 0 | 0 | 1 |
| 2023-06-22 13:27:52 | 6 | 2 | 78 | 2 | 0 | 4/50 | 4/10 | 1/5 | 437*243*300(mm) 13(kg) | 1200*1000*140(mm) | 0 | 0 | 1 | 100 | 0 | 0 | 1 |
| 2023-06-22 13:27:52 | 6 | 2 | 78 | 2 | 0 | 4/50 | 4/10 | 1/5 | 437*243*300(mm) 13(kg) | 1200*1000*140(mm) | 0 | 0 | 1 | 100 | 0 | 0 | 1 |
| 2023-06-22 13:27:55 | 6 | 2 | 78 | 2 | 25 | 4/50 | 4/10 | 1/5 | 437*243*300(mm) 13(kg) | 1200*1000*140(mm) | 0 | 0 | 1 | 100 | 0 | 0 | 1 |
| 2023-06-22 13:28:14 | 6 | 2 | 78 | 2 | 25 | 4/50 | 4/10 | 1/5 | 437*243*300(mm) 13(kg) | 1200*1000*140(mm) | 0 | 0 | 1 | 100 | 0 | 0 | 1 |
| 2023-06-22 13:28:15 | 6 | 2 | 78 | 2 | 24 | 4/50 | 4/10 | 1/5 | 437*243*300(mm) 13(kg) | 1200*1000*140(mm) | 0 | 0 | 1 | 100 | 0 | 0 | 1 |
| 2023-06-22 13:28:40 | 6 | 2 | 78 | 2 | 24 | 4/50 | 4/10 | 1/5 | 437*243*300(mm) 13(kg) | 1200*1000*140(mm) | 0 | 0 | 1 | 100 | 0 | 0 | 1 |
| 2023-06-22 13:28:57 | 6 | 2 | 78 | 2 | 24 | 4/50 | 4/10 | 1/5 | 437*243*300(mm) 13(kg) | 1200*1000*140(mm) | 0 | 0 | 1 | 100 | 0 | 0 | 1 |
| 2023-06-22 13:28:57 | 6 | 2 | 78 | 2 | 0 | 4/50 | 4/10 | 1/5 | 437*243*300(mm) 13(kg) | 1200*1000*140(mm) | 0 | 0 | 1 | 100 | 0 | 0 | 1 |
| 2023-06-22 13:29:00 | 6 | 2 | 78 | 2 | 0 | 4/50 | 4/10 | 1/5 | 437*243*300(mm) 13(kg) | 1200*1000*140(mm) | 0 | 0 | 1 | 100 | 0 | 0 | 1 |
| 2023-06-22 13:29:01 | 6 | 2 | 78 | 2 | 0 | 4/50 | 4/10 | 1/5 | 437*243*300(mm) 13(kg) | 1200*1000*140(mm) | 0 | 0 | 1 | 100 | 0 | 0 | 1 |
| 2023-06-22 13:29:02 | 6 | 2 | 78 | 2 | 25 | 4/50 | 4/10 | 1/5 | 437*243*300(mm) 13(kg) | 1200*1000*140(mm) | 0 | 0 | 1 | 100 | 0 | 0 | 1 |
| 2023-06-22 13:29:13 | 6 | 2 | 78 | 2 | 25 | 4/50 | 4/10 | 1/5 | 437*243*300(mm) 13(kg) | 1200*1000*140(mm) | 0 | 0 | 1 | 100 | 0 | 0 | 1 |
| 2023-06-22 13:29:22 | 6 | 2 | 78 | 2 | 0 | 4/50 | 4/10 | 1/5 | 437*243*300(mm) 13(kg) | 1200*1000*140(mm) | 0 | 0 | 1 | 100 | 0 | 0 | 1 |
| 2023-06-22 13:29:23 | 6 | 2 | 78 | 2 | 0 | 4/50 | 4/10 | 1/5 | 437*243*300(mm) 13(kg) | 1200*1000*140(mm) | 0 | 0 | 1 | 100 | 0 | 0 | 1 |
| 2023-06-22 13:29:29 | 6 | 2 | 78 | 2 | 0 | 4/50 | 4/10 | 1/5 | 437*243*300(mm) 13(kg) | 1200*1000*140(mm) | 0 | 0 | 1 | 100 | 0 | 0 | 1 |
| 2023-06-22 13:29:30 | 6 | 2 | 78 | 2 | 0 | 4/50 | 4/10 | 1/5 | 437*243*300(mm) 13(kg) | 1200*1000*140(mm) | 0 | 0 | 1 | 100 | 0 | 0 | 1 |
| 2023-06-22 13:29:32 | 6 | 2 | 78 | 2 | 25 | 4/50 | 4/10 | 1/5 | 437*243*300(mm) 13(kg) | 1200*1000*140(mm) | 0 | 0 | 1 | 100 | 0 | 0 | 1 |
| 2023-06-22 13:29:38 | 6 | 2 | 78 | 2 | 25 | 4/50 | 4/10 | 1/5 | 437*243*300(mm) 13(kg) | 1200*1000*140(mm) | 0 | 0 | 1 | 100 | 0 | 0 | 1 |
| 2023-06-22 13:29:47 | 6 | 2 | 78 | 2 | 0 | 4/50 | 4/10 | 1/5 | 437*243*300(mm) 13(kg) | 1200*1000*140(mm) | 0 | 0 | 1 | 100 | 0 | 0 | 1 |
| 2023-06-22 13:29:48 | 6 | 2 | 78 | 2 | 0 | 4/50 | 4/10 | 1/5 | 437*243*300(mm) 13(kg) | 1200*1000*140(mm) | 0 | 0 | 1 | 100 | 0 | 0 | 1 |
| 2023-06-22 13:29:52 | 6 | 2 | 78 | 2 | 0 | 4/50 | 4/10 | 1/5 | 437*243*300(mm) 13(kg) | 1200*1000*140(mm) | 0 | 0 | 1 | 100 | 0 | 0 | 1 |
| 2023-06-22 13:29:52 | 6 | 2 | 78 | 2 | 0 | 4/50 | 4/10 | 1/5 | 437*243*300(mm) 13(kg) | 1200*1000*140(mm) | 0 | 0 | 1 | 100 | 0 | 0 | 1 |
| 2023-06-22 13:30:06 | 6 | 2 | 78 | 2 | 0 | 4/50 | 4/10 | 1/5 | 437*243*300(mm) 13(kg) | 1200*1000*140(mm) | 0 | 0 | 1 | 100 | 0 | 0 | 1 |
| 2023-06-22 13:30:13 | 6 | 2 | 78 | 2 | 0 | 4/50 | 4/10 | 1/5 | 437*243*300(mm) 13(kg) | 1200*1000*140(mm) | 0 | 0 | 1 | 100 | 0 | 0 | 1 |
| 2023-06-22 13:30:17 | 6 | 2 | 78 | 2 | 0 | 4/50 | 4/10 | 1/5 | 437*243*300(mm) 13(kg) | 1200*1000*140(mm) | 0 | 0 | 1 | 100 | 0 | 0 | 1 |
| 2023-06-22 13:30:21 | 6 | 2 | 78 | 2 | 0 | 4/50 | 4/10 | 1/5 | 437*243*300(mm) 13(kg) | 1200*1000*140(mm) | 0 | 0 | 1 | 100 | 0 | 0 | 1 |
| 2023-06-22 13:30:32 | 6 | 2 | 78 | 2 | 0 | 4/50 | 4/10 | 1/5 | 437*243*300(mm) 13(kg) | 1200*1000*140(mm) | 0 | 0 | 1 | 100 | 0 | 0 | 1 |
| 2023-06-22 13:30:43 | 6 | 2 | 78 | 2 | 0 | 4/50 | 4/10 | 1/5 | 437*243*300(mm) 13(kg) | 1200*1000*140(mm) | 0 | 0 | 1 | 100 | 0 | 0 | 1 |
| 2023-06-22 13:30:46 | 6 | 2 | 78 | 2 | 0 | 4/50 | 4/10 | 1/5 | 437*243*300(mm) 13(kg) | 1200*1000*140(mm) | 0 | 0 | 1 | 100 | 0 | 0 | 1 |
| 2023-06-22 13:30:46 | 6 | 2 | 78 | 2 | 0 | 4/50 | 4/10 | 1/5 | 437*243*300(mm) 13(kg) | 1200*1000*140(mm) | 0 | 0 | 1 | 100 | 0 | 0 | 1 |
| 2023-06-22 13:30:57 | 6 | 2 | 78 | 2 | 0 | 4/50 | 4/10 | 1/5 | 437*243*300(mm) 13(kg) | 1200*1000*140(mm) | 0 | 0 | 1 | 100 | 0 | 0 | 1 |
| 2023-06-22 13:30:59 | 6 | 2 | 78 | 2 | 0 | 4/50 | 4/10 | 1/5 | 437*243*300(mm) 13(kg) | 1200*1000*140(mm) | 0 | 0 | 1 | 100 | 0 | 0 | 1 |
| 2023-06-22 13:31:04 | 6 | 2 | 78 | 2 | 0 | 4/50 | 4/10 | 1/5 | 437*243*300(mm) 13(kg) | 1200*1000*140(mm) | 0 | 0 | 1 | 100 | 0 | 0 | 1 |
| 2023-06-22 13:31:09 | 6 | 2 | 78 | 2 | 0 | 4/50 | 4/10 | 1/5 | 437*243*300(mm) 13(kg) | 1200*1000*140(mm) | 0 | 0 | 1 | 100 | 0 | 0 | 1 |
| 2023-06-22 13:31:18 | 6 | 2 | 78 | 2 | 0 | 4/50 | 4/10 | 1/5 | 437*243*300(mm) 13(kg) | 1200*1000*140(mm) | 0 | 0 | 1 | 100 | 0 | 0 | 1 |
| 2023-06-22 13:31:25 | 6 | 2 | 78 | 2 | 0 | 4/50 | 4/10 | 1/5 | 437*243*300(mm) 13(kg) | 1200*1000*140(mm) | 0 | 0 | 1 | 100 | 0 | 0 | 1 |
| 2023-06-22 13:31:25 | 6 | 2 | 78 | 2 | 0 | 4/50 | 4/10 | 1/5 | 437*243*300(mm) 13(kg) | 1200*1000*140(mm) | 0 | 0 | 1 | 100 | 0 | 0 | 1 |
| 2023-06-22 13:31:27 | 6 | 2 | 78 | 2 | 25 | 4/50 | 4/10 | 1/5 | 437*243*300(mm) 13(kg) | 1200*1000*140(mm) | 0 | 0 | 1 | 100 | 0 | 0 | 1 |
| 2023-06-22 13:31:34 | 6 | 2 | 78 | 2 | 25 | 4/50 | 4/10 | 1/5 | 437*243*300(mm) 13(kg) | 1200*1000*140(mm) | 0 | 0 | 1 | 100 | 0 | 0 | 1 |
| 2023-06-22 13:31:42 | 6 | 2 | 78 | 2 | 25 | 4/50 | 4/10 | 1/5 | 437*243*300(mm) 13(kg) | 1200*1000*140(mm) | 0 | 0 | 1 | 100 | 0 | 0 | 1 |
| 2023-06-22 13:31:42 | 6 | 2 | 78 | 2 | 0 | 4/50 | 4/10 | 1/5 | 437*243*300(mm) 13(kg) | 1200*1000*140(mm) | 0 | 0 | 1 | 100 | 0 | 0 | 1 |
| 2023-06-22 13:31:49 | 6 | 2 | 78 | 2 | 0 | 4/50 | 4/10 | 1/5 | 437*243*300(mm) 13(kg) | 1200*1000*140(mm) | 0 | 0 | 1 | 100 | 0 | 0 | 1 |
| 2023-06-22 13:31:49 | 6 | 2 | 78 | 2 | 0 | 4/50 | 4/10 | 1/5 | 437*243*300(mm) 13(kg) | 1200*1000*140(mm) | 0 | 0 | 1 | 100 | 0 | 0 | 1 |
| 2023-06-22 13:31:52 | 6 | 2 | 78 | 2 | 25 | 4/50 | 4/10 | 1/5 | 437*243*300(mm) 13(kg) | 1200*1000*140(mm) | 0 | 0 | 1 | 100 | 0 | 0 | 1 |
| 2023-06-22 13:31:54 | 6 | 2 | 78 | 2 | 25 | 4/50 | 4/10 | 1/5 | 437*243*300(mm) 13(kg) | 1200*1000*140(mm) | 0 | 0 | 1 | 100 | 0 | 0 | 1 |
| 2023-06-22 13:31:59 | 6 | 2 | 78 | 2 | 25 | 4/50 | 4/10 | 1/5 | 437*243*300(mm) 13(kg) | 1200*1000*140(mm) | 0 | 0 | 1 | 100 | 0 | 0 | 1 |
| 2023-06-22 13:32:00 | 6 | 2 | 78 | 2 | 0 | 4/50 | 4/10 | 1/5 | 437*243*300(mm) 13(kg) | 1200*1000*140(mm) | 0 | 0 | 1 | 100 | 0 | 0 | 1 |
| 2023-06-22 13:32:03 | 6 | 2 | 78 | 2 | 0 | 4/50 | 4/10 | 1/5 | 437*243*300(mm) 13(kg) | 1200*1000*140(mm) | 0 | 0 | 1 | 100 | 0 | 0 | 1 |
| 2023-06-22 13:32:03 | 6 | 2 | 78 | 2 | 0 | 4/50 | 4/10 | 1/5 | 437*243*300(mm) 13(kg) | 1200*1000*140(mm) | 0 | 0 | 1 | 100 | 0 | 0 | 1 |
| 2023-06-22 13:32:11 | 6 | 2 | 78 | 2 | 0 | 4/50 | 4/10 | 1/5 | 437*243*300(mm) 13(kg) | 1200*1000*140(mm) | 0 | 0 | 1 | 100 | 0 | 0 | 1 |
| 2023-06-22 13:32:21 | 6 | 2 | 78 | 2 | 0 | 4/50 | 4/10 | 1/5 | 437*243*300(mm) 13(kg) | 1200*1000*140(mm) | 0 | 0 | 1 | 100 | 0 | 0 | 1 |
| 2023-06-22 13:32:48 | 6 | 2 | 78 | 2 | 0 | 4/50 | 4/10 | 1/5 | 437*243*300(mm) 13(kg) | 1200*1000*140(mm) | 0 | 0 | 1 | 100 | 0 | 0 | 1 |
| 2023-06-22 13:33:05 | 6 | 2 | 78 | 2 | 0 | 4/50 | 4/10 | 1/5 | 437*243*300(mm) 13(kg) | 1200*1000*140(mm) | 0 | 0 | 1 | 100 | 0 | 0 | 1 |
| 2023-06-22 13:33:05 | 6 | 2 | 78 | 2 | 0 | 4/50 | 4/10 | 1/5 | 437*243*300(mm) 13(kg) | 1200*1000*140(mm) | 0 | 0 | 1 | 100 | 0 | 0 | 1 |
| 2023-06-22 13:33:07 | 6 | 2 | 78 | 2 | 25 | 4/50 | 4/10 | 1/5 | 437*243*300(mm) 13(kg) | 1200*1000*140(mm) | 0 | 0 | 1 | 100 | 0 | 0 | 1 |
| 2023-06-22 13:33:14 | 6 | 2 | 78 | 2 | 25 | 4/50 | 4/10 | 1/5 | 437*243*300(mm) 13(kg) | 1200*1000*140(mm) | 0 | 0 | 1 | 100 | 0 | 0 | 1 |
| 2023-06-22 13:33:24 | 6 | 2 | 78 | 2 | 25 | 4/50 | 4/10 | 1/5 | 437*243*300(mm) 13(kg) | 1200*1000*140(mm) | 0 | 0 | 1 | 100 | 0 | 0 | 1 |
| 2023-06-22 13:33:25 | 6 | 2 | 78 | 2 | 0 | 4/50 | 4/10 | 1/5 | 437*243*300(mm) 13(kg) | 1200*1000*140(mm) | 0 | 0 | 1 | 100 | 0 | 0 | 1 |
| 2023-06-22 13:33:35 | 6 | 2 | 78 | 2 | 0 | 4/50 | 4/10 | 1/5 | 437*243*300(mm) 13(kg) | 1200*1000*140(mm) | 0 | 0 | 1 | 100 | 0 | 0 | 1 |
| 2023-06-22 16:32:15 | 0 | 2 | 80 | 2 | 0 | 6/50 | 6/10 | 1/5 | 437*243*300(mm) 13(kg) | 1200*1000*140(mm) | 0 | 0 | 1 | 100 | 0 | 0 | 1 |
| 2023-06-22 16:32:20 | 0 | 2 | 80 | 2 | 0 | 6/50 | 6/10 | 1/5 | 437*243*300(mm) 13(kg) | 1200*1000*140(mm) | 0 | 0 | 1 | 100 | 0 | 0 | 1 |
| 2023-06-22 16:32:22 | 0 | 2 | 81 | 2 | 0 | 7/50 | 7/10 | 1/5 | 437*243*300(mm) 13(kg) | 1200*1000*140(mm) | 0 | 0 | 1 | 100 | 0 | 0 | 1 |
| 2023-06-22 16:32:31 | 0 | 2 | 82 | 2 | 0 | 8/50 | 8/10 | 1/5 | 437*243*300(mm) 13(kg) | 1200*1000*140(mm) | 0 | 0 | 1 | 100 | 0 | 0 | 1 |
| 2023-06-22 16:32:41 | 0 | 2 | 83 | 2 | 0 | 9/50 | 9/10 | 1/5 | 437*243*300(mm) 13(kg) | 1200*1000*140(mm) | 0 | 0 | 1 | 100 | 0 | 0 | 1 |
| 2023-06-22 16:32:49 | 5 | 2 | 83 | 2 | 0 | 9/50 | 9/10 | 1/5 | 437*243*300(mm) 13(kg) | 1200*1000*140(mm) | 0 | 0 | 1 | 100 | 0 | 0 | 1 |
| 2023-06-22 16:32:52 | 5 | 2 | 84 | 2 | 0 | 10/50 | 0/10 | 2/5 | 437*243*300(mm) 13(kg) | 1200*1000*140(mm) | 0 | 0 | 1 | 100 | 0 | 0 | 1 |
| 2023-06-22 16:33:01 | 5 | 2 | 85 | 2 | 0 | 11/50 | 1/10 | 2/5 | 437*243*300(mm) 13(kg) | 1200*1000*140(mm) | 0 | 0 | 1 | 100 | 0 | 0 | 1 |
| 2023-06-22 16:33:12 | 5 | 2 | 86 | 2 | 0 | 12/50 | 2/10 | 2/5 | 437*243*300(mm) 13(kg) | 1200*1000*140(mm) | 0 | 0 | 1 | 100 | 0 | 0 | 1 |
| 2023-06-22 16:33:22 | 5 | 2 | 87 | 2 | 0 | 13/50 | 3/10 | 2/5 | 437*243*300(mm) 13(kg) | 1200*1000*140(mm) | 0 | 0 | 1 | 100 | 0 | 0 | 1 |
| 2023-06-22 16:33:45 | 5 | 2 | 89 | 2 | 0 | 15/50 | 5/10 | 2/5 | 437*243*300(mm) 13(kg) | 1200*1000*140(mm) | 0 | 0 | 1 | 100 | 0 | 0 | 1 |
| 2023-06-22 16:33:57 | 6 | 2 | 90 | 2 | 0 | 16/50 | 6/10 | 2/5 | 437*243*300(mm) 13(kg) | 1200*1000*140(mm) | 0 | 0 | 1 | 100 | 0 | 0 | 1 |
| 2023-06-22 16:35:09 | 7 | 2 | 98 | 2 | 0 | 23/50 | 3/10 | 3/5 | 437*243*300(mm) 13(kg) | 1200*1000*140(mm) | 0 | 0 | 1 | 100 | 0 | 0 | 1 |
| 2023-06-22 16:35:59 | 7 | 2 | 98 | 2 | 0 | 24/50 | 4/10 | 3/5 | 437*243*300(mm) 13(kg) | 1200*1000*140(mm) | 0 | 0 | 1 | 100 | 0 | 0 | 1 |
| 2023-06-22 16:35:59 | 7 | 2 | 103 | 2 | 0 | 29/50 | 9/10 | 3/5 | 437*243*300(mm) 13(kg) | 1200*1000*140(mm) | 0 | 0 | 1 | 100 | 0 | 0 | 1 |
| 2023-06-22 16:36:12 | 7 | 2 | 104 | 2 | 0 | 30/50 | 0/10 | 4/5 | 437*243*300(mm) 13(kg) | 1200*1000*140(mm) | 0 | 140 | 1 | 100 | 0 | 0 | 1 |
| 2023-06-22 16:36:19 | 7 | 2 | 105 | 2 | 0 | 31/50 | 1/10 | 4/5 | 437*243*300(mm) 13(kg) | 1200*1000*140(mm) | 0 | 140 | 1 | 100 | 0 | 0 | 1 |
| 2023-06-22 16:36:24 | 7 | 2 | 106 | 2 | 0 | 32/50 | 2/10 | 4/5 | 437*243*300(mm) 13(kg) | 1200*1000*140(mm) | 0 | 140 | 1 | 100 | 0 | 0 | 1 |
| 2023-06-22 16:36:32 | 7 | 2 | 107 | 2 | 0 | 33/50 | 3/10 | 4/5 | 437*243*300(mm) 13(kg) | 1200*1000*140(mm) | 0 | 140 | 1 | 100 | 0 | 0 | 1 |
| 2023-06-22 16:39:06 | 7 | 2 | 123 | 2 | 0 | 49/50 | 9/10 | 5/5 | 437*243*300(mm) 13(kg) | 1200*1000*140(mm) | 0 | 440 | 1 | 100 | 0 | 0 | 1 |
| 2023-06-22 16:40:31 | 7 | 2 | 124 | 2 | 0 | 50/50 | 10/10 | 5/5 | 437*243*300(mm) 13(kg) | 1200*1000*140(mm) | 0 | 0 | 1 | 100 | 0 | 0 | 1 |
| 2023-06-22 16:41:19 | 7 | 2 | 124 | 2 | 0 | 0/50 | 0/10 | 1/5 | 437*243*300(mm) 13(kg) | 1200*1000*140(mm) | 0 | 0 | 1 | 100 | 0 | 0 | 1 |
| 2023-06-22 16:41:29 | 7 | 2 | 125 | 2 | 0 | 1/50 | 1/10 | 1/5 | 437*243*300(mm) 13(kg) | 1200*1000*140(mm) | 0 | 0 | 1 | 100 | 0 | 0 | 1 |
| 2023-06-22 16:41:39 | 7 | 2 | 126 | 2 | 0 | 2/50 | 2/10 | 1/5 | 437*243*300(mm) 13(kg) | 1200*1000*140(mm) | 0 | 0 | 1 | 100 | 0 | 0 | 1 |
| 2023-06-22 16:41:49 | 7 | 2 | 127 | 2 | 0 | 3/50 | 3/10 | 1/5 | 437*243*300(mm) 13(kg) | 1200*1000*140(mm) | 0 | 0 | 1 | 100 | 0 | 0 | 1 |
| 2023-06-22 16:44:31 | 6 | 2 | 143 | 2 | 0 | 19/50 | 9/10 | 2/5 | 437*243*300(mm) 13(kg) | 1200*1000*140(mm) | 0 | 0 | 1 | 100 | 0 | 0 | 1 |
| 2023-06-22 16:44:36 | 6 | 2 | 144 | 2 | 0 | 20/50 | 0/10 | 3/5 | 437*243*300(mm) 13(kg) | 1200*1000*140(mm) | 0 | 0 | 1 | 100 | 0 | 0 | 1 |
| 2023-06-22 16:44:44 | 6 | 2 | 145 | 2 | 0 | 21/50 | 1/10 | 3/5 | 437*243*300(mm) 13(kg) | 1200*1000*140(mm) | 0 | 0 | 1 | 100 | 0 | 0 | 1 |
| 2023-06-22 16:44:56 | 6 | 2 | 146 | 2 | 0 | 22/50 | 2/10 | 3/5 | 437*243*300(mm) 13(kg) | 1200*1000*140(mm) | 0 | 0 | 1 | 100 | 0 | 0 | 1 |
| 2023-06-22 16:45:04 | 6 | 2 | 147 | 2 | 0 | 23/50 | 3/10 | 3/5 | 437*243*300(mm) 13(kg) | 1200*1000*140(mm) | 0 | 0 | 1 | 100 | 0 | 0 | 1 |
| 2023-06-22 16:45:14 | 6 | 2 | 148 | 2 | 0 | 24/50 | 4/10 | 3/5 | 437*243*300(mm) 13(kg) | 1200*1000*140(mm) | 0 | 0 | 1 | 100 | 0 | 0 | 1 |
| 2023-06-22 16:45:24 | 7 | 2 | 149 | 2 | 0 | 25/50 | 5/10 | 3/5 | 437*243*300(mm) 13(kg) | 1200*1000*140(mm) | 0 | 0 | 1 | 100 | 0 | 0 | 1 |
| 2023-06-22 16:45:32 | 7 | 2 | 150 | 2 | 0 | 26/50 | 6/10 | 3/5 | 437*243*300(mm) 13(kg) | 1200*1000*140(mm) | 0 | 0 | 1 | 100 | 0 | 0 | 1 |
| 2023-06-22 16:45:42 | 7 | 2 | 151 | 2 | 0 | 27/50 | 7/10 | 3/5 | 437*243*300(mm) 13(kg) | 1200*1000*140(mm) | 0 | 0 | 1 | 100 | 0 | 0 | 1 |
| 2023-06-22 16:45:49 | 7 | 2 | 152 | 2 | 0 | 28/50 | 8/10 | 3/5 | 437*243*300(mm) 13(kg) | 1200*1000*140(mm) | 0 | 0 | 1 | 100 | 0 | 0 | 1 |
| 2023-06-22 16:45:59 | 7 | 2 | 153 | 2 | 0 | 29/50 | 9/10 | 3/5 | 437*243*300(mm) 13(kg) | 1200*1000*140(mm) | 0 | 0 | 1 | 100 | 0 | 0 | 1 |
| 2023-06-22 16:46:07 | 7 | 2 | 154 | 2 | 0 | 30/50 | 0/10 | 4/5 | 437*243*300(mm) 13(kg) | 1200*1000*140(mm) | 0 | 0 | 1 | 100 | 0 | 0 | 1 |
| 2023-06-22 16:46:09 | 7 | 2 | 154 | 2 | 0 | 30/50 | 0/10 | 4/5 | 437*243*300(mm) 13(kg) | 1200*1000*140(mm) | 0 | 140 | 1 | 100 | 0 | 0 | 1 |
| 2023-06-22 16:46:13 | 7 | 2 | 154 | 2 | 0 | 30/50 | 0/10 | 4/5 | 437*243*300(mm) 13(kg) | 1200*1000*140(mm) | 0 | 140 | 1 | 100 | 0 | 0 | 1 |
| 2023-06-22 16:46:19 | 7 | 2 | 155 | 2 | 0 | 31/50 | 1/10 | 4/5 | 437*243*300(mm) 13(kg) | 1200*1000*140(mm) | 0 | 140 | 1 | 100 | 0 | 0 | 1 |
| 2023-06-22 16:46:26 | 6 | 2 | 155 | 2 | 0 | 31/50 | 1/10 | 4/5 | 437*243*300(mm) 13(kg) | 1200*1000*140(mm) | 0 | 140 | 1 | 100 | 0 | 0 | 1 |
| 2023-06-22 16:46:29 | 6 | 2 | 156 | 2 | 0 | 32/50 | 2/10 | 4/5 | 437*243*300(mm) 13(kg) | 1200*1000*140(mm) | 0 | 140 | 1 | 100 | 0 | 0 | 1 |
| 2023-06-22 16:46:37 | 6 | 2 | 157 | 2 | 0 | 33/50 | 3/10 | 4/5 | 437*243*300(mm) 13(kg) | 1200*1000*140(mm) | 0 | 140 | 1 | 100 | 0 | 0 | 1 |
| 2023-06-22 16:46:46 | 6 | 2 | 158 | 2 | 0 | 34/50 | 4/10 | 4/5 | 437*243*300(mm) 13(kg) | 1200*1000*140(mm) | 0 | 140 | 1 | 100 | 0 | 0 | 1 |
| 2023-06-22 16:46:56 | 6 | 2 | 159 | 2 | 0 | 35/50 | 5/10 | 4/5 | 437*243*300(mm) 13(kg) | 1200*1000*140(mm) | 0 | 140 | 1 | 100 | 0 | 0 | 1 |
| 2023-06-22 16:47:04 | 6 | 2 | 160 | 2 | 0 | 36/50 | 6/10 | 4/5 | 437*243*300(mm) 13(kg) | 1200*1000*140(mm) | 0 | 140 | 1 | 100 | 0 | 0 | 1 |
| 2023-06-22 16:47:14 | 6 | 2 | 161 | 2 | 0 | 37/50 | 7/10 | 4/5 | 437*243*300(mm) 13(kg) | 1200*1000*140(mm) | 0 | 140 | 1 | 100 | 0 | 0 | 1 |
| 2023-06-22 16:47:21 | 6 | 2 | 162 | 2 | 0 | 38/50 | 8/10 | 4/5 | 437*243*300(mm) 13(kg) | 1200*1000*140(mm) | 0 | 140 | 1 | 100 | 0 | 0 | 1 |
| 2023-06-22 16:47:29 | 7 | 2 | 162 | 2 | 0 | 38/50 | 8/10 | 4/5 | 437*243*300(mm) 13(kg) | 1200*1000*140(mm) | 0 | 140 | 1 | 100 | 0 | 0 | 1 |
| 2023-06-22 16:47:32 | 7 | 2 | 163 | 2 | 0 | 39/50 | 9/10 | 4/5 | 437*243*300(mm) 13(kg) | 1200*1000*140(mm) | 0 | 140 | 1 | 100 | 0 | 0 | 1 |
| 2023-06-22 16:47:39 | 7 | 2 | 164 | 2 | 0 | 40/50 | 0/10 | 5/5 | 437*243*300(mm) 13(kg) | 1200*1000*140(mm) | 0 | 140 | 1 | 100 | 0 | 0 | 1 |
| 2023-06-22 16:47:42 | 7 | 2 | 164 | 2 | 0 | 40/50 | 0/10 | 5/5 | 437*243*300(mm) 13(kg) | 1200*1000*140(mm) | 0 | 440 | 1 | 100 | 0 | 0 | 1 |
| 2023-06-22 16:47:51 | 7 | 2 | 165 | 2 | 0 | 41/50 | 1/10 | 5/5 | 437*243*300(mm) 13(kg) | 1200*1000*140(mm) | 0 | 440 | 1 | 100 | 0 | 0 | 1 |
| 2023-06-22 16:48:02 | 7 | 2 | 166 | 2 | 0 | 42/50 | 2/10 | 5/5 | 437*243*300(mm) 13(kg) | 1200*1000*140(mm) | 0 | 440 | 1 | 100 | 0 | 0 | 1 |
| 2023-06-22 16:48:11 | 7 | 2 | 167 | 2 | 0 | 43/50 | 3/10 | 5/5 | 437*243*300(mm) 13(kg) | 1200*1000*140(mm) | 0 | 440 | 1 | 100 | 0 | 0 | 1 |
| 2023-06-22 16:48:21 | 7 | 2 | 168 | 2 | 0 | 44/50 | 4/10 | 5/5 | 437*243*300(mm) 13(kg) | 1200*1000*140(mm) | 0 | 440 | 1 | 100 | 0 | 0 | 1 |
| 2023-06-22 16:48:32 | 7 | 2 | 169 | 2 | 0 | 45/50 | 5/10 | 5/5 | 437*243*300(mm) 13(kg) | 1200*1000*140(mm) | 0 | 440 | 1 | 100 | 0 | 0 | 1 |
| 2023-06-22 16:48:39 | 7 | 2 | 170 | 2 | 0 | 46/50 | 6/10 | 5/5 | 437*243*300(mm) 13(kg) | 1200*1000*140(mm) | 0 | 440 | 1 | 100 | 0 | 0 | 1 |
| 2023-06-22 16:48:49 | 7 | 2 | 171 | 2 | 0 | 47/50 | 7/10 | 5/5 | 437*243*300(mm) 13(kg) | 1200*1000*140(mm) | 0 | 440 | 1 | 100 | 0 | 0 | 1 |
| 2023-06-22 16:48:59 | 7 | 2 | 172 | 2 | 0 | 48/50 | 8/10 | 5/5 | 437*243*300(mm) 13(kg) | 1200*1000*140(mm) | 0 | 440 | 1 | 100 | 0 | 0 | 1 |
| 2023-06-22 16:49:06 | 7 | 2 | 173 | 2 | 0 | 49/50 | 9/10 | 5/5 | 437*243*300(mm) 13(kg) | 1200*1000*140(mm) | 0 | 440 | 1 | 100 | 0 | 0 | 1 |
| 2023-06-22 16:49:25 | 7 | 2 | 174 | 2 | 0 | 50/50 | 10/10 | 5/5 | 437*243*300(mm) 13(kg) | 1200*1000*140(mm) | 0 | 0 | 1 | 100 | 0 | 0 | 1 |
| 2023-06-22 16:49:45 | 7 | 2 | 174 | 2 | 0 | 50/50 | 10/10 | 5/5 | 437*243*300(mm) 13(kg) | 1200*1000*140(mm) | 0 | 0 | 1 | 100 | 0 | 0 | 1 |
| 2023-06-22 16:50:09 | 7 | 2 | 174 | 2 | 0 | 0/50 | 0/10 | 1/5 | 437*243*300(mm) 13(kg) | 1200*1000*140(mm) | 0 | 0 | 1 | 100 | 0 | 0 | 1 |
| 2023-06-22 16:50:22 | 7 | 2 | 175 | 2 | 0 | 1/50 | 1/10 | 1/5 | 437*243*300(mm) 13(kg) | 1200*1000*140(mm) | 0 | 0 | 1 | 100 | 0 | 0 | 1 |
| 2023-06-22 16:50:27 | 7 | 0 | 0 | 0 | 0 | 0/0 | 0/0 | 0/0 | 0*0*0(mm) 0(kg) | 0*0*0(mm) | 0 | 0 | 0 | 0 | 0 | 0 | 0 |
| 2023-06-22 16:50:27 | 7 | 2 | 175 | 2 | 0 | 1/50 | 1/10 | 1/5 | 437*243*300(mm) 13(kg) | 1200*1000*140(mm) | 0 | 0 | 1 | 100 | 0 | 0 | 1 |
| 2023-06-22 16:56:12 | 0 | 2 | 176 | 2 | 0 | 2/50 | 2/10 | 1/5 | 437*243*300(mm) 13(kg) | 1200*1000*140(mm) | 0 | 0 | 1 | 100 | 0 | 0 | 1 |
| 2023-06-22 16:56:21 | 0 | 2 | 177 | 2 | 0 | 3/50 | 3/10 | 1/5 | 437*243*300(mm) 13(kg) | 1200*1000*140(mm) | 0 | 0 | 1 | 100 | 0 | 0 | 1 |
| 2023-06-22 16:56:31 | 0 | 2 | 178 | 2 | 0 | 4/50 | 4/10 | 1/5 | 437*243*300(mm) 13(kg) | 1200*1000*140(mm) | 0 | 0 | 1 | 100 | 0 | 0 | 1 |
| 2023-06-22 16:56:41 | 0 | 2 | 179 | 2 | 0 | 5/50 | 5/10 | 1/5 | 437*243*300(mm) 13(kg) | 1200*1000*140(mm) | 0 | 0 | 1 | 100 | 0 | 0 | 1 |
| 2023-06-22 16:56:51 | 0 | 2 | 180 | 2 | 0 | 6/50 | 6/10 | 1/5 | 437*243*300(mm) 13(kg) | 1200*1000*140(mm) | 0 | 0 | 1 | 100 | 0 | 0 | 1 |
| 2023-06-22 16:57:01 | 0 | 2 | 180 | 2 | 0 | 6/50 | 6/10 | 1/5 | 437*243*300(mm) 13(kg) | 1200*1000*140(mm) | 0 | 0 | 1 | 100 | 0 | 0 | 1 |
| 2023-06-22 16:57:02 | 0 | 2 | 180 | 2 | 0 | 6/50 | 6/10 | 1/5 | 437*243*300(mm) 13(kg) | 1200*1000*140(mm) | 0 | 0 | 1 | 100 | 0 | 0 | 1 |
| 2023-06-22 16:57:04 | 0 | 2 | 180 | 2 | 25 | 6/50 | 6/10 | 1/5 | 437*243*300(mm) 13(kg) | 1200*1000*140(mm) | 0 | 0 | 1 | 100 | 0 | 0 | 1 |
| 2023-06-22 16:57:15 | 0 | 2 | 180 | 2 | 25 | 6/50 | 6/10 | 1/5 | 437*243*300(mm) 13(kg) | 1200*1000*140(mm) | 0 | 0 | 1 | 100 | 0 | 0 | 1 |
| 2023-06-22 16:57:16 | 0 | 2 | 180 | 2 | 0 | 6/50 | 6/10 | 1/5 | 437*243*300(mm) 13(kg) | 1200*1000*140(mm) | 0 | 0 | 1 | 100 | 0 | 0 | 1 |
| 2023-06-22 16:57:20 | 0 | 2 | 180 | 2 | 0 | 6/50 | 6/10 | 1/5 | 437*243*300(mm) 13(kg) | 1200*1000*140(mm) | 0 | 0 | 1 | 100 | 0 | 0 | 1 |
| 2023-06-22 16:57:21 | 0 | 2 | 180 | 2 | 25 | 6/50 | 6/10 | 1/5 | 437*243*300(mm) 13(kg) | 1200*1000*140(mm) | 0 | 0 | 1 | 100 | 0 | 0 | 1 |
| 2023-06-22 16:57:26 | 0 | 2 | 180 | 2 | 25 | 6/50 | 6/10 | 1/5 | 437*243*300(mm) 13(kg) | 1200*1000*140(mm) | 0 | 0 | 1 | 100 | 0 | 0 | 1 |
| 2023-06-22 16:57:30 | 0 | 2 | 180 | 2 | 25 | 6/50 | 6/10 | 1/5 | 437*243*300(mm) 13(kg) | 1200*1000*140(mm) | 0 | 0 | 1 | 100 | 0 | 0 | 1 |
| 2023-06-22 16:57:32 | 0 | 2 | 180 | 2 | 0 | 6/50 | 6/10 | 1/5 | 437*243*300(mm) 13(kg) | 1200*1000*140(mm) | 0 | 0 | 1 | 100 | 0 | 0 | 1 |
| 2023-06-22 16:57:34 | 0 | 2 | 180 | 2 | 0 | 6/50 | 6/10 | 1/5 | 437*243*300(mm) 13(kg) | 1200*1000*140(mm) | 0 | 0 | 1 | 100 | 0 | 0 | 1 |
| 2023-06-22 16:57:36 | 0 | 2 | 180 | 2 | 25 | 6/50 | 6/10 | 1/5 | 437*243*300(mm) 13(kg) | 1200*1000*140(mm) | 0 | 0 | 1 | 100 | 0 | 0 | 1 |
| 2023-06-22 16:57:45 | 0 | 2 | 180 | 2 | 25 | 6/50 | 6/10 | 1/5 | 437*243*300(mm) 13(kg) | 1200*1000*140(mm) | 0 | 0 | 1 | 100 | 0 | 0 | 1 |
| 2023-06-22 16:57:53 | 0 | 2 | 180 | 2 | 0 | 6/50 | 6/10 | 1/5 | 437*243*300(mm) 13(kg) | 1200*1000*140(mm) | 0 | 0 | 1 | 100 | 0 | 0 | 1 |
| 2023-06-22 16:57:54 | 0 | 2 | 180 | 2 | 0 | 6/50 | 6/10 | 1/5 | 437*243*300(mm) 13(kg) | 1200*1000*140(mm) | 0 | 0 | 1 | 100 | 0 | 0 | 1 |
| 2023-06-22 16:57:58 | 0 | 2 | 180 | 2 | 0 | 6/50 | 6/10 | 1/5 | 437*243*300(mm) 13(kg) | 1200*1000*140(mm) | 0 | 0 | 1 | 100 | 0 | 0 | 1 |
| 2023-06-22 16:58:11 | 0 | 2 | 180 | 2 | 0 | 6/50 | 6/10 | 1/5 | 437*243*300(mm) 13(kg) | 1200*1000*140(mm) | 0 | 0 | 1 | 100 | 0 | 0 | 1 |
| 2023-06-22 16:58:15 | 0 | 2 | 180 | 2 | 0 | 6/50 | 6/10 | 1/5 | 437*243*300(mm) 13(kg) | 1200*1000*140(mm) | 0 | 0 | 1 | 100 | 0 | 0 | 1 |
| 2023-06-22 16:58:18 | 0 | 2 | 180 | 2 | 0 | 6/50 | 6/10 | 1/5 | 437*243*300(mm) 13(kg) | 1200*1000*140(mm) | 0 | 0 | 1 | 100 | 0 | 0 | 1 |
| 2023-06-22 16:58:24 | 0 | 2 | 180 | 2 | 0 | 6/50 | 6/10 | 1/5 | 437*243*300(mm) 13(kg) | 1200*1000*140(mm) | 0 | 0 | 1 | 100 | 0 | 0 | 1 |
| 2023-06-22 16:58:30 | 0 | 2 | 180 | 2 | 0 | 6/50 | 6/10 | 1/5 | 437*243*300(mm) 13(kg) | 1200*1000*140(mm) | 0 | 0 | 1 | 100 | 0 | 0 | 1 |
| 2023-06-22 16:58:32 | 0 | 2 | 180 | 2 | 0 | 6/50 | 6/10 | 1/5 | 437*243*300(mm) 13(kg) | 1200*1000*140(mm) | 0 | 0 | 1 | 100 | 0 | 0 | 1 |
| 2023-06-22 16:58:33 | 0 | 2 | 180 | 2 | 0 | 6/50 | 6/10 | 1/5 | 437*243*300(mm) 13(kg) | 1200*1000*140(mm) | 0 | 0 | 1 | 100 | 0 | 0 | 1 |
| 2023-06-22 16:58:39 | 0 | 2 | 180 | 2 | 0 | 6/50 | 6/10 | 1/5 | 437*243*300(mm) 13(kg) | 1200*1000*140(mm) | 0 | 0 | 1 | 100 | 0 | 0 | 1 |
| 2023-06-22 16:58:43 | 0 | 2 | 180 | 2 | 0 | 6/50 | 6/10 | 1/5 | 437*243*300(mm) 13(kg) | 1200*1000*140(mm) | 0 | 0 | 1 | 100 | 0 | 0 | 1 |
| 2023-06-22 16:58:51 | 0 | 2 | 180 | 2 | 0 | 6/50 | 6/10 | 1/5 | 437*243*300(mm) 13(kg) | 1200*1000*140(mm) | 0 | 0 | 1 | 100 | 0 | 0 | 1 |
| 2023-06-22 16:58:59 | 0 | 2 | 180 | 2 | 0 | 6/50 | 6/10 | 1/5 | 437*243*300(mm) 13(kg) | 1200*1000*140(mm) | 0 | 0 | 1 | 100 | 0 | 0 | 1 |
| 2023-06-22 16:59:06 | 0 | 2 | 180 | 2 | 0 | 6/50 | 6/10 | 1/5 | 437*243*300(mm) 13(kg) | 1200*1000*140(mm) | 0 | 0 | 1 | 100 | 0 | 0 | 1 |
| 2023-06-22 16:59:12 | 0 | 2 | 180 | 2 | 0 | 6/50 | 6/10 | 1/5 | 437*243*300(mm) 13(kg) | 1200*1000*140(mm) | 0 | 0 | 1 | 100 | 0 | 0 | 1 |
| 2023-06-22 16:59:14 | 0 | 2 | 180 | 2 | 0 | 6/50 | 6/10 | 1/5 | 437*243*300(mm) 13(kg) | 1200*1000*140(mm) | 0 | 0 | 1 | 100 | 0 | 0 | 1 |
| 2023-06-22 16:59:25 | 0 | 2 | 180 | 2 | 0 | 6/50 | 6/10 | 1/5 | 437*243*300(mm) 13(kg) | 1200*1000*140(mm) | 0 | 0 | 1 | 100 | 0 | 0 | 1 |
| 2023-06-22 16:59:31 | 0 | 2 | 180 | 2 | 0 | 6/50 | 6/10 | 1/5 | 437*243*300(mm) 13(kg) | 1200*1000*140(mm) | 0 | 0 | 1 | 100 | 0 | 0 | 1 |
| 2023-06-22 16:59:39 | 0 | 2 | 180 | 2 | 0 | 6/50 | 6/10 | 1/5 | 437*243*300(mm) 13(kg) | 1200*1000*140(mm) | 0 | 0 | 1 | 100 | 0 | 0 | 1 |
| 2023-06-22 17:00:04 | 0 | 2 | 181 | 2 | 0 | 7/50 | 7/10 | 1/5 | 437*243*300(mm) 13(kg) | 1200*1000*140(mm) | 0 | 0 | 1 | 100 | 0 | 0 | 1 |
| 2023-06-22 17:00:07 | 0 | 2 | 181 | 2 | 0 | 7/50 | 7/10 | 1/5 | 437*243*300(mm) 13(kg) | 1200*1000*140(mm) | 0 | 0 | 1 | 100 | 0 | 0 | 1 |
| 2023-06-22 17:00:08 | 0 | 2 | 181 | 2 | 0 | 7/50 | 7/10 | 1/5 | 437*243*300(mm) 13(kg) | 1200*1000*140(mm) | 0 | 0 | 1 | 100 | 0 | 0 | 1 |
| 2023-06-22 17:00:14 | 0 | 2 | 181 | 2 | 0 | 7/50 | 7/10 | 1/5 | 437*243*300(mm) 13(kg) | 1200*1000*140(mm) | 0 | 0 | 1 | 100 | 0 | 0 | 1 |
| 2023-06-22 17:00:18 | 0 | 2 | 181 | 2 | 0 | 7/50 | 7/10 | 1/5 | 437*243*300(mm) 13(kg) | 1200*1000*140(mm) | 0 | 0 | 1 | 100 | 0 | 0 | 1 |
| 2023-06-22 17:00:27 | 0 | 2 | 181 | 2 | 0 | 7/50 | 7/10 | 1/5 | 437*243*300(mm) 13(kg) | 1200*1000*140(mm) | 0 | 0 | 1 | 100 | 0 | 0 | 1 |
| 2023-06-22 17:00:36 | 0 | 2 | 181 | 2 | 0 | 7/50 | 7/10 | 1/5 | 437*243*300(mm) 13(kg) | 1200*1000*140(mm) | 0 | 0 | 1 | 100 | 0 | 0 | 1 |
| 2023-06-22 17:00:39 | 0 | 2 | 181 | 2 | 25 | 7/50 | 7/10 | 1/5 | 437*243*300(mm) 13(kg) | 1200*1000*140(mm) | 0 | 0 | 1 | 100 | 0 | 0 | 1 |
| 2023-06-22 17:00:43 | 0 | 2 | 181 | 2 | 0 | 7/50 | 7/10 | 1/5 | 437*243*300(mm) 13(kg) | 1200*1000*140(mm) | 0 | 0 | 1 | 100 | 0 | 0 | 1 |
| 2023-06-22 17:00:45 | 0 | 2 | 181 | 2 | 0 | 7/50 | 7/10 | 1/5 | 437*243*300(mm) 13(kg) | 1200*1000*140(mm) | 0 | 0 | 1 | 100 | 0 | 0 | 1 |
| 2023-06-22 17:00:50 | 0 | 2 | 181 | 2 | 0 | 7/50 | 7/10 | 1/5 | 437*243*300(mm) 13(kg) | 1200*1000*140(mm) | 0 | 0 | 1 | 100 | 0 | 0 | 1 |
| 2023-06-22 17:00:52 | 0 | 2 | 181 | 2 | 25 | 7/50 | 7/10 | 1/5 | 437*243*300(mm) 13(kg) | 1200*1000*140(mm) | 0 | 0 | 1 | 100 | 0 | 0 | 1 |
| 2023-06-22 17:00:53 | 0 | 2 | 181 | 2 | 25 | 7/50 | 7/10 | 1/5 | 437*243*300(mm) 13(kg) | 1200*1000*140(mm) | 0 | 0 | 1 | 100 | 0 | 0 | 1 |
| 2023-06-22 17:00:59 | 0 | 2 | 181 | 2 | 0 | 7/50 | 7/10 | 1/5 | 437*243*300(mm) 13(kg) | 1200*1000*140(mm) | 0 | 0 | 1 | 100 | 0 | 0 | 1 |
| 2023-06-22 17:01:03 | 0 | 2 | 181 | 2 | 0 | 7/50 | 7/10 | 1/5 | 437*243*300(mm) 13(kg) | 1200*1000*140(mm) | 0 | 0 | 1 | 100 | 0 | 0 | 1 |
| 2023-06-22 17:01:13 | 0 | 2 | 181 | 2 | 0 | 7/50 | 7/10 | 1/5 | 437*243*300(mm) 13(kg) | 1200*1000*140(mm) | 0 | 0 | 1 | 100 | 0 | 0 | 1 |
| 2023-06-22 17:01:18 | 0 | 2 | 181 | 2 | 0 | 7/50 | 7/10 | 1/5 | 437*243*300(mm) 13(kg) | 1200*1000*140(mm) | 0 | 0 | 1 | 100 | 0 | 0 | 1 |
| 2023-06-22 17:01:21 | 0 | 2 | 181 | 2 | 0 | 7/50 | 7/10 | 1/5 | 437*243*300(mm) 13(kg) | 1200*1000*140(mm) | 0 | 0 | 1 | 100 | 0 | 0 | 1 |
| 2023-06-22 17:01:27 | 0 | 2 | 181 | 2 | 0 | 7/50 | 7/10 | 1/5 | 437*243*300(mm) 13(kg) | 1200*1000*140(mm) | 0 | 0 | 1 | 100 | 0 | 0 | 1 |
| 2023-06-22 17:01:31 | 0 | 2 | 181 | 2 | 0 | 7/50 | 7/10 | 1/5 | 437*243*300(mm) 13(kg) | 1200*1000*140(mm) | 0 | 0 | 1 | 100 | 0 | 0 | 1 |
| 2023-06-22 17:01:41 | 0 | 2 | 181 | 2 | 0 | 7/50 | 7/10 | 1/5 | 437*243*300(mm) 13(kg) | 1200*1000*140(mm) | 0 | 0 | 1 | 100 | 0 | 0 | 1 |
| 2023-06-22 17:02:08 | 0 | 2 | 181 | 2 | 0 | 7/50 | 7/10 | 1/5 | 437*243*300(mm) 13(kg) | 1200*1000*140(mm) | 0 | 0 | 1 | 100 | 0 | 0 | 1 |
| 2023-06-22 17:02:15 | 0 | 2 | 181 | 2 | 0 | 7/50 | 7/10 | 1/5 | 437*243*300(mm) 13(kg) | 1200*1000*140(mm) | 0 | 0 | 1 | 100 | 0 | 0 | 1 |
| 2023-06-22 17:02:27 | 0 | 2 | 181 | 2 | 0 | 7/50 | 7/10 | 1/5 | 437*243*300(mm) 13(kg) | 1200*1000*140(mm) | 0 | 0 | 1 | 100 | 0 | 0 | 1 |
| 2023-06-22 17:02:34 | 0 | 2 | 181 | 3 | 0 | 0/50 | 0/10 | 1/5 | 437*243*300(mm) 13(kg) | 1200*1000*140(mm) | 0 | 0 | 1 | 100 | 0 | 0 | 1 |
| 2023-06-22 17:02:44 | 0 | 2 | 182 | 3 | 0 | 1/50 | 1/10 | 1/5 | 437*243*300(mm) 13(kg) | 1200*1000*140(mm) | 0 | 0 | 1 | 100 | 0 | 0 | 1 |
| 2023-06-22 17:02:54 | 0 | 2 | 183 | 3 | 0 | 2/50 | 2/10 | 1/5 | 437*243*300(mm) 13(kg) | 1200*1000*140(mm) | 0 | 0 | 1 | 100 | 0 | 0 | 1 |
| 2023-06-22 17:03:04 | 0 | 2 | 184 | 3 | 0 | 3/50 | 3/10 | 1/5 | 437*243*300(mm) 13(kg) | 1200*1000*140(mm) | 0 | 0 | 1 | 100 | 0 | 0 | 1 |
| 2023-06-22 17:03:13 | 0 | 2 | 185 | 3 | 0 | 4/50 | 4/10 | 1/5 | 437*243*300(mm) 13(kg) | 1200*1000*140(mm) | 0 | 0 | 1 | 100 | 0 | 0 | 1 |
| 2023-06-22 17:03:24 | 0 | 2 | 186 | 3 | 0 | 5/50 | 5/10 | 1/5 | 437*243*300(mm) 13(kg) | 1200*1000*140(mm) | 0 | 0 | 1 | 100 | 0 | 0 | 1 |
| 2023-06-22 17:03:34 | 6 | 2 | 187 | 3 | 0 | 6/50 | 6/10 | 1/5 | 437*243*300(mm) 13(kg) | 1200*1000*140(mm) | 0 | 0 | 1 | 100 | 0 | 0 | 1 |
| 2023-06-22 17:03:44 | 6 | 2 | 188 | 3 | 0 | 7/50 | 7/10 | 1/5 | 437*243*300(mm) 13(kg) | 1200*1000*140(mm) | 0 | 0 | 1 | 100 | 0 | 0 | 1 |
| 2023-06-22 17:03:54 | 6 | 2 | 189 | 3 | 0 | 8/50 | 8/10 | 1/5 | 437*243*300(mm) 13(kg) | 1200*1000*140(mm) | 0 | 0 | 1 | 100 | 0 | 0 | 1 |
| 2023-06-22 17:04:03 | 6 | 2 | 190 | 3 | 0 | 9/50 | 9/10 | 1/5 | 437*243*300(mm) 13(kg) | 1200*1000*140(mm) | 0 | 0 | 1 | 100 | 0 | 0 | 1 |
| 2023-06-22 17:05:52 | 6 | 2 | 201 | 3 | 0 | 20/50 | 0/10 | 3/5 | 437*243*300(mm) 13(kg) | 1200*1000*140(mm) | 0 | 0 | 1 | 100 | 0 | 0 | 1 |
| 2023-06-22 17:05:59 | 6 | 2 | 202 | 3 | 0 | 21/50 | 1/10 | 3/5 | 437*243*300(mm) 13(kg) | 1200*1000*140(mm) | 0 | 0 | 1 | 100 | 0 | 0 | 1 |
| 2023-06-22 17:06:09 | 6 | 2 | 203 | 3 | 0 | 22/50 | 2/10 | 3/5 | 437*243*300(mm) 13(kg) | 1200*1000*140(mm) | 0 | 0 | 1 | 100 | 0 | 0 | 1 |
| 2023-06-22 17:06:19 | 6 | 2 | 204 | 3 | 0 | 23/50 | 3/10 | 3/5 | 437*243*300(mm) 13(kg) | 1200*1000*140(mm) | 0 | 0 | 1 | 100 | 0 | 0 | 1 |
| 2023-06-22 17:06:26 | 6 | 2 | 205 | 3 | 0 | 24/50 | 4/10 | 3/5 | 437*243*300(mm) 13(kg) | 1200*1000*140(mm) | 0 | 0 | 1 | 100 | 0 | 0 | 1 |
| 2023-06-22 17:06:36 | 6 | 2 | 206 | 3 | 0 | 25/50 | 5/10 | 3/5 | 437*243*300(mm) 13(kg) | 1200*1000*140(mm) | 0 | 0 | 1 | 100 | 0 | 0 | 1 |
| 2023-06-22 17:06:39 | 7 | 2 | 206 | 3 | 0 | 25/50 | 5/10 | 3/5 | 437*243*300(mm) 13(kg) | 1200*1000*140(mm) | 0 | 0 | 1 | 100 | 0 | 0 | 1 |
| 2023-06-22 17:06:46 | 7 | 2 | 207 | 3 | 0 | 26/50 | 6/10 | 3/5 | 437*243*300(mm) 13(kg) | 1200*1000*140(mm) | 0 | 0 | 1 | 100 | 0 | 0 | 1 |
| 2023-06-22 17:06:53 | 7 | 2 | 208 | 3 | 0 | 27/50 | 7/10 | 3/5 | 437*243*300(mm) 13(kg) | 1200*1000*140(mm) | 0 | 0 | 1 | 100 | 0 | 0 | 1 |
| 2023-06-22 17:07:04 | 7 | 2 | 209 | 3 | 0 | 28/50 | 8/10 | 3/5 | 437*243*300(mm) 13(kg) | 1200*1000*140(mm) | 0 | 0 | 1 | 100 | 0 | 0 | 1 |
| 2023-06-22 17:07:11 | 7 | 2 | 210 | 3 | 0 | 29/50 | 9/10 | 3/5 | 437*243*300(mm) 13(kg) | 1200*1000*140(mm) | 0 | 0 | 1 | 100 | 0 | 0 | 1 |
| 2023-06-22 17:07:21 | 7 | 2 | 211 | 3 | 0 | 30/50 | 0/10 | 4/5 | 437*243*300(mm) 13(kg) | 1200*1000*140(mm) | 0 | 135 | 1 | 100 | 0 | 0 | 1 |
| 2023-06-22 17:07:24 | 7 | 2 | 211 | 3 | 0 | 30/50 | 0/10 | 4/5 | 437*243*300(mm) 13(kg) | 1200*1000*140(mm) | 0 | 140 | 1 | 100 | 0 | 0 | 1 |
| 2023-06-22 17:07:31 | 7 | 2 | 212 | 3 | 0 | 31/50 | 1/10 | 4/5 | 437*243*300(mm) 13(kg) | 1200*1000*140(mm) | 0 | 140 | 1 | 100 | 0 | 0 | 1 |
| 2023-06-22 17:07:39 | 6 | 2 | 212 | 3 | 0 | 31/50 | 1/10 | 4/5 | 437*243*300(mm) 13(kg) | 1200*1000*140(mm) | 0 | 140 | 1 | 100 | 0 | 0 | 1 |
| 2023-06-22 17:07:41 | 6 | 2 | 213 | 3 | 0 | 32/50 | 2/10 | 4/5 | 437*243*300(mm) 13(kg) | 1200*1000*140(mm) | 0 | 140 | 1 | 100 | 0 | 0 | 1 |
| 2023-06-22 17:07:51 | 6 | 2 | 214 | 3 | 0 | 33/50 | 3/10 | 4/5 | 437*243*300(mm) 13(kg) | 1200*1000*140(mm) | 0 | 140 | 1 | 100 | 0 | 0 | 1 |
| 2023-06-22 17:08:01 | 6 | 2 | 215 | 3 | 0 | 34/50 | 4/10 | 4/5 | 437*243*300(mm) 13(kg) | 1200*1000*140(mm) | 0 | 140 | 1 | 100 | 0 | 0 | 1 |
| 2023-06-22 17:08:09 | 6 | 2 | 216 | 3 | 0 | 35/50 | 5/10 | 4/5 | 437*243*300(mm) 13(kg) | 1200*1000*140(mm) | 0 | 140 | 1 | 100 | 0 | 0 | 1 |
| 2023-06-22 17:08:19 | 6 | 2 | 217 | 3 | 0 | 36/50 | 6/10 | 4/5 | 437*243*300(mm) 13(kg) | 1200*1000*140(mm) | 0 | 140 | 1 | 100 | 0 | 0 | 1 |
| 2023-06-22 17:08:28 | 6 | 2 | 218 | 3 | 0 | 37/50 | 7/10 | 4/5 | 437*243*300(mm) 13(kg) | 1200*1000*140(mm) | 0 | 140 | 1 | 100 | 0 | 0 | 1 |
| 2023-06-22 17:08:36 | 6 | 2 | 219 | 3 | 0 | 38/50 | 8/10 | 4/5 | 437*243*300(mm) 13(kg) | 1200*1000*140(mm) | 0 | 140 | 1 | 100 | 0 | 0 | 1 |
| 2023-06-22 17:08:41 | 7 | 2 | 219 | 3 | 0 | 38/50 | 8/10 | 4/5 | 437*243*300(mm) 13(kg) | 1200*1000*140(mm) | 0 | 140 | 1 | 100 | 0 | 0 | 1 |
| 2023-06-22 17:08:46 | 7 | 2 | 220 | 3 | 0 | 39/50 | 9/10 | 4/5 | 437*243*300(mm) 13(kg) | 1200*1000*140(mm) | 0 | 140 | 1 | 100 | 0 | 0 | 1 |
| 2023-06-22 17:08:54 | 7 | 2 | 221 | 3 | 0 | 40/50 | 0/10 | 5/5 | 437*243*300(mm) 13(kg) | 1200*1000*140(mm) | 0 | 321 | 1 | 100 | 0 | 0 | 1 |
| 2023-06-22 17:08:56 | 7 | 2 | 221 | 3 | 0 | 40/50 | 0/10 | 5/5 | 437*243*300(mm) 13(kg) | 1200*1000*140(mm) | 0 | 440 | 1 | 100 | 0 | 0 | 1 |
| 2023-06-22 17:09:06 | 7 | 2 | 222 | 3 | 0 | 41/50 | 1/10 | 5/5 | 437*243*300(mm) 13(kg) | 1200*1000*140(mm) | 0 | 440 | 1 | 100 | 0 | 0 | 1 |
| 2023-06-22 17:09:16 | 7 | 2 | 223 | 3 | 0 | 42/50 | 2/10 | 5/5 | 437*243*300(mm) 13(kg) | 1200*1000*140(mm) | 0 | 440 | 1 | 100 | 0 | 0 | 1 |
| 2023-06-22 17:09:26 | 7 | 2 | 224 | 3 | 0 | 43/50 | 3/10 | 5/5 | 437*243*300(mm) 13(kg) | 1200*1000*140(mm) | 0 | 440 | 1 | 100 | 0 | 0 | 1 |
| 2023-06-22 17:09:34 | 7 | 2 | 225 | 3 | 0 | 44/50 | 4/10 | 5/5 | 437*243*300(mm) 13(kg) | 1200*1000*140(mm) | 0 | 440 | 1 | 100 | 0 | 0 | 1 |
| 2023-06-22 17:09:44 | 7 | 2 | 226 | 3 | 0 | 45/50 | 5/10 | 5/5 | 437*243*300(mm) 13(kg) | 1200*1000*140(mm) | 0 | 440 | 1 | 100 | 0 | 0 | 1 |
| 2023-06-22 17:09:53 | 7 | 2 | 227 | 3 | 0 | 46/50 | 6/10 | 5/5 | 437*243*300(mm) 13(kg) | 1200*1000*140(mm) | 0 | 440 | 1 | 100 | 0 | 0 | 1 |
| 2023-06-22 17:10:04 | 7 | 2 | 228 | 3 | 0 | 47/50 | 7/10 | 5/5 | 437*243*300(mm) 13(kg) | 1200*1000*140(mm) | 0 | 440 | 1 | 100 | 0 | 0 | 1 |
| 2023-06-22 17:10:11 | 7 | 2 | 229 | 3 | 0 | 48/50 | 8/10 | 5/5 | 437*243*300(mm) 13(kg) | 1200*1000*140(mm) | 0 | 440 | 1 | 100 | 0 | 0 | 1 |
| 2023-06-22 17:10:21 | 7 | 2 | 230 | 3 | 0 | 49/50 | 9/10 | 5/5 | 437*243*300(mm) 13(kg) | 1200*1000*140(mm) | 0 | 440 | 1 | 100 | 0 | 0 | 1 |
| 2023-06-22 17:10:36 | 7 | 2 | 231 | 3 | 0 | 50/50 | 10/10 | 5/5 | 437*243*300(mm) 13(kg) | 1200*1000*140(mm) | 0 | 0 | 1 | 100 | 0 | 0 | 1 |
| 2023-06-22 17:10:46 | 7 | 2 | 231 | 3 | 0 | 0/50 | 0/10 | 1/5 | 437*243*300(mm) 13(kg) | 1200*1000*140(mm) | 0 | 0 | 1 | 100 | 0 | 0 | 1 |
| 2023-06-22 17:10:56 | 7 | 2 | 232 | 3 | 0 | 1/50 | 1/10 | 1/5 | 437*243*300(mm) 13(kg) | 1200*1000*140(mm) | 0 | 0 | 1 | 100 | 0 | 0 | 1 |
| 2023-06-22 17:11:06 | 7 | 2 | 233 | 3 | 0 | 2/50 | 2/10 | 1/5 | 437*243*300(mm) 13(kg) | 1200*1000*140(mm) | 0 | 0 | 1 | 100 | 0 | 0 | 1 |
| 2023-06-22 17:11:16 | 7 | 2 | 234 | 3 | 0 | 3/50 | 3/10 | 1/5 | 437*243*300(mm) 13(kg) | 1200*1000*140(mm) | 0 | 0 | 1 | 100 | 0 | 0 | 1 |
| 2023-06-22 17:11:26 | 7 | 2 | 235 | 3 | 0 | 4/50 | 4/10 | 1/5 | 437*243*300(mm) 13(kg) | 1200*1000*140(mm) | 0 | 0 | 1 | 100 | 0 | 0 | 1 |
| 2023-06-22 17:11:36 | 7 | 2 | 236 | 3 | 0 | 5/50 | 5/10 | 1/5 | 437*243*300(mm) 13(kg) | 1200*1000*140(mm) | 0 | 0 | 1 | 100 | 0 | 0 | 1 |
| 2023-06-22 17:11:46 | 6 | 2 | 237 | 3 | 0 | 6/50 | 6/10 | 1/5 | 437*243*300(mm) 13(kg) | 1200*1000*140(mm) | 0 | 0 | 1 | 100 | 0 | 0 | 1 |
| 2023-06-22 17:11:56 | 6 | 2 | 238 | 3 | 0 | 7/50 | 7/10 | 1/5 | 437*243*300(mm) 13(kg) | 1200*1000*140(mm) | 0 | 0 | 1 | 100 | 0 | 0 | 1 |
| 2023-06-22 17:12:07 | 6 | 2 | 239 | 3 | 0 | 8/50 | 8/10 | 1/5 | 437*243*300(mm) 13(kg) | 1200*1000*140(mm) | 0 | 0 | 1 | 100 | 0 | 0 | 1 |
| 2023-06-22 17:12:13 | 6 | 2 | 239 | 3 | 0 | 8/50 | 8/10 | 1/5 | 437*243*300(mm) 13(kg) | 1200*1000*140(mm) | 0 | 0 | 1 | 100 | 0 | 0 | 1 |
| 2023-06-22 17:12:14 | 6 | 2 | 239 | 3 | 0 | 8/50 | 8/10 | 1/5 | 437*243*300(mm) 13(kg) | 1200*1000*140(mm) | 0 | 0 | 1 | 100 | 0 | 0 | 1 |
| 2023-06-22 17:12:16 | 6 | 2 | 239 | 3 | 25 | 8/50 | 8/10 | 1/5 | 437*243*300(mm) 13(kg) | 1200*1000*140(mm) | 0 | 0 | 1 | 100 | 0 | 0 | 1 |
| 2023-06-22 17:12:26 | 6 | 2 | 239 | 3 | 0 | 8/50 | 8/10 | 1/5 | 437*243*300(mm) 13(kg) | 1200*1000*140(mm) | 0 | 0 | 1 | 100 | 0 | 0 | 1 |
| 2023-06-22 17:12:27 | 6 | 2 | 239 | 3 | 0 | 8/50 | 8/10 | 1/5 | 437*243*300(mm) 13(kg) | 1200*1000*140(mm) | 0 | 0 | 1 | 100 | 0 | 0 | 1 |
| 2023-06-22 17:12:35 | 6 | 2 | 239 | 3 | 0 | 8/50 | 8/10 | 1/5 | 437*243*300(mm) 13(kg) | 1200*1000*140(mm) | 0 | 0 | 1 | 100 | 0 | 0 | 1 |
| 2023-06-22 17:12:45 | 6 | 2 | 239 | 3 | 0 | 8/50 | 8/10 | 1/5 | 437*243*300(mm) 13(kg) | 1200*1000*140(mm) | 0 | 0 | 1 | 100 | 0 | 0 | 1 |
| 2023-06-22 17:12:46 | 6 | 2 | 239 | 3 | 24 | 8/50 | 8/10 | 1/5 | 437*243*300(mm) 13(kg) | 1200*1000*140(mm) | 0 | 0 | 1 | 100 | 0 | 0 | 1 |
| 2023-06-22 17:12:49 | 6 | 2 | 239 | 3 | 25 | 8/50 | 8/10 | 1/5 | 437*243*300(mm) 13(kg) | 1200*1000*140(mm) | 0 | 0 | 1 | 100 | 0 | 0 | 1 |
| 2023-06-22 17:12:53 | 6 | 2 | 239 | 3 | 25 | 8/50 | 8/10 | 1/5 | 437*243*300(mm) 13(kg) | 1200*1000*140(mm) | 0 | 0 | 1 | 100 | 0 | 0 | 1 |
| 2023-06-22 17:12:58 | 6 | 2 | 239 | 3 | 25 | 8/50 | 8/10 | 1/5 | 437*243*300(mm) 13(kg) | 1200*1000*140(mm) | 0 | 0 | 1 | 100 | 0 | 0 | 1 |
| 2023-06-22 17:12:59 | 6 | 2 | 239 | 3 | 0 | 8/50 | 8/10 | 1/5 | 437*243*300(mm) 13(kg) | 1200*1000*140(mm) | 0 | 0 | 1 | 100 | 0 | 0 | 1 |
| 2023-06-22 17:13:08 | 6 | 2 | 239 | 3 | 0 | 8/50 | 8/10 | 1/5 | 437*243*300(mm) 13(kg) | 1200*1000*140(mm) | 0 | 0 | 1 | 100 | 0 | 0 | 1 |
| 2023-06-22 17:13:23 | 6 | 2 | 239 | 3 | 0 | 8/50 | 8/10 | 1/5 | 437*243*300(mm) 13(kg) | 1200*1000*140(mm) | 0 | 0 | 1 | 100 | 0 | 0 | 1 |
| 2023-06-22 17:13:23 | 6 | 2 | 239 | 3 | 25 | 8/50 | 8/10 | 1/5 | 437*243*300(mm) 13(kg) | 1200*1000*140(mm) | 0 | 0 | 1 | 100 | 0 | 0 | 1 |
| 2023-06-22 17:13:28 | 6 | 2 | 239 | 3 | 25 | 8/50 | 8/10 | 1/5 | 437*243*300(mm) 13(kg) | 1200*1000*140(mm) | 0 | 0 | 1 | 100 | 0 | 0 | 1 |
| 2023-06-22 17:13:29 | 6 | 2 | 239 | 3 | 0 | 8/50 | 8/10 | 1/5 | 437*243*300(mm) 13(kg) | 1200*1000*140(mm) | 0 | 0 | 1 | 100 | 0 | 0 | 1 |
| 2023-06-22 17:13:41 | 6 | 2 | 239 | 3 | 0 | 8/50 | 8/10 | 1/5 | 437*243*300(mm) 13(kg) | 1200*1000*140(mm) | 0 | 0 | 1 | 100 | 0 | 0 | 1 |
