|      Date Time      | 가동률 | 모델정보 | 생산수량 | 불량수량 | 알람코드 | 작업 진행 상황 | 박스 진행 상황 | 레이어 진행상황 | 박스 정보 | 팔레트 정보 | 간지 사용 유무 | 리프트 높이 | 적재방향 | 로봇 스피드 | BOX SORT CYLINDER | SAFETY LADAR SENSOR | LABEL ALINE |
2023-07-21 오후 5:23:18
0
0
0
0
0
0
0
0
0
0
0
0
0
0
0
0
0
0
0
0
0
0
0
0
0
3
0
-32737
1728
5
-16352
0
0
0
0
2023-07-21 오후 5:23:18
0
0
0
0
0
0
0
0
0
0
0
0
0
0
0
0
0
0
0
0
0
0
0
0
0
3
0
-32737
1728
5
-16352
384
0
0
0
2023-07-21 오후 5:23:19
0
0
0
0
0
0
0
0
0
0
0
0
0
0
0
0
0
0
0
0
0
0
0
0
0
3
0
-32737
1728
5
-16352
1408
0
0
0
2023-07-21 오후 5:23:19
0
0
0
0
0
0
25
0
0
0
0
0
0
0
0
0
0
0
0
0
0
90
0
0
0
3
0
-32737
1728
0
-16352
1408
0
0
0
2023-07-21 오후 5:23:21
0
0
0
0
0
0
25
0
0
0
0
0
0
0
0
0
0
0
0
0
0
90
0
0
0
3
0
-31713
1728
0
-14240
1408
0
0
0
2023-07-21 오후 5:23:22
0
0
0
0
0
0
25
0
0
0
0
0
0
0
0
0
0
0
0
0
0
90
0
0
0
3
0
-31713
960
0
-16288
1408
0
0
0
2023-07-21 오후 5:23:23
0
0
0
0
0
0
25
0
0
0
0
0
0
0
0
0
0
0
0
0
0
90
0
0
0
3
0
-32737
960
0
-14240
1408
0
0
0
2023-07-21 오후 5:23:24
0
0
0
0
0
0
25
0
0
0
0
0
0
0
0
0
0
0
0
0
0
90
0
0
0
15
1
-32737
960
0
-16288
1408
0
0
0
2023-07-21 오후 5:23:24
0
0
0
0
0
0
0
0
0
0
0
0
0
0
0
0
0
0
0
0
0
90
0
0
0
15
1
-32737
960
0
-16288
1408
0
0
0
2023-07-21 오후 5:23:28
0
0
0
0
0
0
0
0
0
0
0
0
0
0
0
0
0
0
0
0
0
90
0
0
0
15
1
-32481
960
0
-16156
1408
0
0
0
2023-07-21 오후 5:23:31
0
0
0
0
0
0
0
0
0
0
0
0
0
0
0
0
0
0
0
0
0
90
0
0
0
15
1
-32225
960
0
-16284
1408
0
0
0
2023-07-21 오후 5:23:31
0
0
0
0
0
0
0
0
0
0
0
0
0
0
0
0
0
0
0
0
0
90
0
0
0
15
1
-32225
960
0
-16284
5504
0
0
0
2023-07-21 오후 5:23:32
0
0
0
0
0
0
0
0
0
0
0
0
0
0
0
0
0
0
0
0
0
90
0
0
0
15
1
-32225
960
0
-12188
5504
0
0
0
2023-07-21 오후 5:23:33
0
0
0
0
0
0
0
0
0
0
0
0
0
0
0
0
0
0
0
0
0
90
0
0
0
15
1
-32225
960
0
-16284
5504
0
0
0
2023-07-21 오후 5:23:34
0
0
0
0
0
0
0
0
0
0
0
0
0
0
0
0
0
0
0
0
0
90
0
0
0
15
1
-32225
960
0
-12188
5504
0
0
0
2023-07-21 오후 5:23:35
0
0
0
0
0
0
0
0
0
0
0
0
0
0
0
0
0
0
0
0
0
90
0
0
0
16
1
-32737
1984
0
-16283
5504
0
0
0
2023-07-21 오후 5:23:46
0
0
0
0
0
0
0
0
0
0
0
0
0
0
0
0
0
0
0
0
0
90
0
0
0
16
1
-32737
1984
0
-16275
13696
0
0
0
2023-07-21 오후 5:23:47
0
2
50
0
0
0
0
437
243
300
13
1200
1000
140
10
5
0
1
0
0
1
90
0
0
0
16
1
-32737
1984
0
-16283
13712
1
0
1
2023-07-21 오후 5:23:47
0
2
50
0
0
0
0
437
243
300
13
1200
1000
140
10
5
0
1
0
0
1
90
0
0
0
16
1
-32737
1984
0
-8091
13696
1
0
1
2023-07-21 오후 5:23:48
0
2
50
0
0
0
0
437
243
300
13
1200
1000
140
10
5
0
1
0
0
1
90
0
0
0
16
1
-32737
1792
0
-8092
13696
1
0
1
2023-07-21 오후 5:23:56
0
2
50
0
0
0
0
437
243
300
13
1200
1000
140
10
5
0
1
0
0
1
90
0
0
0
16
1
-16353
1792
0
-8092
13698
1
8
9
2023-07-21 오후 5:23:57
0
2
50
0
0
0
0
437
243
300
13
1200
1000
140
10
5
0
1
0
0
1
90
0
0
0
16
1
-32737
1792
0
-8092
13696
1
10
11
2023-07-21 오후 5:23:58
0
2
50
0
0
0
0
437
243
300
13
1200
1000
140
10
5
0
1
0
0
1
90
0
0
0
16
1
-28641
1792
0
-16284
13696
1
10
11
2023-07-21 오후 5:23:59
0
2
50
0
0
0
0
437
243
300
13
1200
1000
140
10
5
0
1
0
0
1
90
0
0
0
16
1
-32737
1792
0
-8092
13696
1
10
11
2023-07-21 오후 5:23:59
0
2
50
1
1
0
0
437
243
300
13
1200
1000
140
10
5
1
1
0
0
1
90
0
0
0
16
1
-32737
1792
0
-8092
13696
1
1
14
2023-07-21 오후 5:24:07
0
2
50
1
1
0
0
437
243
300
13
1200
1000
140
10
5
1
1
0
0
1
90
0
0
0
16
1
-16353
1920
0
-8092
13698
1
9
21
2023-07-21 오후 5:24:08
0
2
50
1
1
0
0
437
243
300
13
1200
1000
140
10
5
1
1
0
0
1
90
0
0
0
16
1
-32737
1792
0
-8092
13696
1
9
21
2023-07-21 오후 5:24:12
0
2
50
2
2
0
0
437
243
300
13
1200
1000
140
10
5
2
1
0
0
1
90
0
0
0
16
1
-32737
1792
0
-8092
13696
1
2
26
2023-07-21 오후 5:24:18
0
2
50
2
2
0
0
437
243
300
13
1200
1000
140
10
5
2
1
0
0
1
90
0
0
0
16
1
-16353
1792
0
-8092
13698
1
7
31
2023-07-21 오후 5:24:19
0
2
50
2
2
0
0
437
243
300
13
1200
1000
140
10
5
2
1
0
0
1
90
0
0
0
16
1
-32737
1792
0
-8092
13696
1
10
34
2023-07-21 오후 5:24:22
0
2
50
3
3
0
0
437
243
300
13
1200
1000
140
10
5
3
1
0
0
1
90
0
0
0
16
1
-32737
1792
0
-8092
13696
1
1
36
2023-07-21 오후 5:24:29
0
2
50
3
3
0
0
437
243
300
13
1200
1000
140
10
5
3
1
0
0
1
90
0
0
0
16
1
-16353
1792
0
-8092
13698
1
9
44
2023-07-21 오후 5:24:30
0
2
50
3
3
0
0
437
243
300
13
1200
1000
140
10
5
3
1
0
0
1
90
0
0
0
16
1
-32737
1792
0
-8092
13696
1
9
44
2023-07-21 오후 5:24:32
0
2
50
4
4
0
0
437
243
300
13
1200
1000
140
10
5
4
1
0
0
1
90
0
0
0
16
1
-28641
1792
0
-16284
13696
1
0
46
2023-07-21 오후 5:24:32
0
2
50
4
4
0
0
437
243
300
13
1200
1000
140
10
5
4
1
0
0
1
90
0
0
0
16
1
-32737
1792
0
-8092
13696
1
0
46
2023-07-21 오후 5:24:40
0
2
50
4
4
0
0
437
243
300
13
1200
1000
140
10
5
4
1
0
0
1
90
0
0
0
16
1
-16353
1792
0
-8092
13698
1
8
54
2023-07-21 오후 5:24:41
0
2
50
4
4
0
0
437
243
300
13
1200
1000
140
10
5
4
1
0
0
1
90
0
0
0
16
1
-32737
1792
0
-8092
13696
1
8
54
2023-07-21 오후 5:24:44
0
2
50
5
5
0
0
437
243
300
13
1200
1000
140
10
5
5
1
0
0
1
90
0
0
0
16
1
-32737
1792
0
-8092
13696
1
2
59
2023-07-21 오후 5:24:47
5
2
50
5
5
0
0
437
243
300
13
1200
1000
140
10
5
5
1
0
0
1
90
0
0
0
16
1
-32737
1792
0
-8092
13696
1
4
61
2023-07-21 오후 5:24:51
5
2
50
5
5
0
0
437
243
300
13
1200
1000
140
10
5
5
1
0
0
1
90
0
0
0
16
1
-16353
1792
0
-8092
13698
1
7
64
2023-07-21 오후 5:24:52
5
2
50
5
5
0
0
437
243
300
13
1200
1000
140
10
5
5
1
0
0
1
90
0
0
0
16
1
-32737
1792
0
-8092
13696
1
9
66
2023-07-21 오후 5:24:54
5
2
50
6
6
0
0
437
243
300
13
1200
1000
140
10
5
6
1
0
0
1
90
0
0
0
16
1
-32737
1792
0
-8092
13696
1
1
69
2023-07-21 오후 5:25:29
5
2
50
9
9
0
0
437
243
300
13
1200
1000
140
10
5
9
1
0
0
1
90
0
0
0
16
1
-32737
1792
0
-8092
13696
1
1
101
2023-07-21 오후 5:25:35
5
2
50
9
9
0
0
437
243
300
13
1200
1000
140
10
5
9
1
0
0
1
90
0
0
0
16
1
-16353
1920
0
-8092
13698
1
8
109
2023-07-21 오후 5:25:35
5
2
50
9
9
0
0
437
243
300
13
1200
1000
140
10
5
9
1
0
0
1
90
0
0
0
16
1
-32737
1792
0
-8092
13696
1
8
109
2023-07-21 오후 5:27:03
5
2
50
17
17
0
0
437
243
300
13
1200
1000
140
10
5
7
2
0
0
1
90
0
0
0
16
1
-32737
1792
0
-8092
13696
1
10
196
2023-07-21 오후 5:27:04
5
2
50
18
18
0
0
437
243
300
13
1200
1000
140
10
5
8
2
0
0
1
90
0
0
0
16
1
-32737
1792
0
-8092
13696
1
2
199
2023-07-21 오후 5:28:40
6
2
50
27
27
0
0
437
243
300
13
1200
1000
140
10
5
7
3
0
0
1
90
0
0
0
16
1
-32737
1792
0
-8092
13696
1
4
294
2023-07-21 오후 5:28:43
6
2
50
27
27
0
0
437
243
300
13
1200
1000
140
10
5
7
3
0
0
1
90
0
0
0
16
1
-16353
1920
5
-8092
13698
1
7
296
2023-07-21 오후 5:28:44
6
2
50
27
27
0
0
437
243
300
13
1200
1000
140
10
5
7
3
0
0
1
90
0
0
0
16
1
-32737
1792
5
-8092
13696
1
7
296
2023-07-21 오후 5:28:45
6
2
50
27
27
0
0
437
243
300
13
1200
1000
140
10
5
7
3
0
0
1
90
0
0
0
16
1
-28641
1792
0
-16284
13696
1
9
299
2023-07-21 오후 5:28:45
6
2
50
27
27
0
0
437
243
300
13
1200
1000
140
10
5
7
3
0
0
1
90
0
0
0
16
1
-32737
1792
0
-8092
13696
1
9
299
2023-07-21 오후 5:28:47
6
2
50
28
28
0
0
437
243
300
13
1200
1000
140
10
5
8
3
0
0
1
90
0
0
0
16
1
-32737
1792
0
-8092
13696
1
2
301
2023-07-21 오후 5:28:53
6
2
50
28
28
0
0
437
243
300
13
1200
1000
140
10
5
8
3
0
0
1
90
0
0
0
16
1
-16353
1792
0
-8092
13698
1
7
306
2023-07-21 오후 5:28:53
6
2
50
28
28
0
0
437
243
300
13
1200
1000
140
10
5
8
3
0
0
1
90
0
0
0
16
1
-32737
1792
5
-8092
13696
1
7
306
2023-07-21 오후 5:28:54
7
2
50
29
29
0
0
437
243
300
13
1200
1000
140
10
5
9
3
0
0
1
90
0
0
0
16
1
-32737
1792
0
-16284
13696
1
10
309
2023-07-21 오후 5:28:55
7
2
50
29
29
0
0
437
243
300
13
1200
1000
140
10
5
9
3
0
0
1
90
0
0
0
16
1
-32737
1792
0
-8092
13696
1
10
309
2023-07-21 오후 5:31:25
6
2
50
43
43
0
0
437
243
300
13
1200
1000
140
10
5
3
5
0
440
1
90
0
0
0
16
1
-32737
1792
0
-8092
13696
1
3
459
2023-07-21 오후 5:31:30
6
2
50
43
43
0
0
437
243
300
13
1200
1000
140
10
5
3
5
0
440
1
90
0
0
0
16
1
-16353
1920
0
-8092
13698
1
8
464
2023-07-21 오후 5:31:31
6
2
50
43
43
0
0
437
243
300
13
1200
1000
140
10
5
3
5
0
440
1
90
0
0
0
16
1
-32737
1792
5
-8092
13696
1
8
464
2023-07-21 오후 5:31:34
6
2
50
44
44
0
0
437
243
300
13
1200
1000
140
10
5
4
5
0
440
1
90
0
0
0
16
1
-32737
1792
0
-8092
13696
1
2
469
2023-07-21 오후 5:34:33
6
2
50
50
50
0
0
437
243
300
13
1200
1000
140
10
5
10
5
0
0
1
90
0
0
0
16
1
-32737
1984
0
-16283
13696
0
10
539
2023-07-21 오후 5:34:34
6
2
50
50
50
0
0
437
243
300
13
1200
1000
140
10
5
10
5
0
0
1
90
0
0
0
16
1
-32673
1984
0
-16275
13696
0
10
539
2023-07-21 오후 5:34:34
6
2
50
0
50
0
0
437
243
300
13
1200
1000
140
10
5
0
1
0
0
1
90
0
0
0
16
1
-32737
1984
0
-16275
13696
1
0
1
2023-07-21 오후 5:34:35
6
2
50
0
50
0
0
437
243
300
13
1200
1000
140
10
5
0
1
0
0
1
90
0
0
0
16
1
-32737
1984
0
-16283
13712
1
0
1
2023-07-21 오후 5:34:35
6
2
50
0
50
0
0
437
243
300
13
1200
1000
140
10
5
0
1
0
0
1
90
0
0
0
16
1
-32737
1856
0
-8091
13696
1
0
1
2023-07-21 오후 5:34:36
6
2
50
0
50
0
0
437
243
300
13
1200
1000
140
10
5
0
1
0
0
1
90
0
0
0
16
1
-32737
1792
0
-8092
13696
1
0
1
2023-07-21 오후 5:34:44
6
2
50
0
50
0
0
437
243
300
13
1200
1000
140
10
5
0
1
0
0
1
90
0
0
0
16
1
-16353
1920
0
-8092
13698
1
7
8
2023-07-21 오후 5:34:44
6
2
50
0
50
0
0
437
243
300
13
1200
1000
140
10
5
0
1
0
0
1
90
0
0
0
16
1
-32737
1792
0
-8092
13696
1
9
11
2023-07-21 오후 5:34:47
6
2
50
1
51
0
0
437
243
300
13
1200
1000
140
10
5
1
1
0
0
1
90
0
0
0
16
1
-32737
1792
0
-8092
13696
1
1
13
2023-07-21 오후 5:34:55
6
2
50
1
51
0
0
437
243
300
13
1200
1000
140
10
5
1
1
0
0
1
90
0
0
0
16
1
-16353
1792
5
-8092
13698
1
8
21
2023-07-21 오후 5:34:55
6
2
50
1
51
0
0
437
243
300
13
1200
1000
140
10
5
1
1
0
0
1
90
0
0
0
16
1
-32737
1792
5
-8092
13696
1
8
21
2023-07-21 오후 5:34:57
6
2
50
2
52
0
0
437
243
300
13
1200
1000
140
10
5
2
1
0
0
1
90
0
0
0
16
1
-32737
1792
0
-16284
13696
1
0
23
2023-07-21 오후 5:34:57
6
2
50
2
52
0
0
437
243
300
13
1200
1000
140
10
5
2
1
0
0
1
90
0
0
0
16
1
-32737
1792
0
-8092
13696
1
0
23
2023-07-21 오후 5:37:05
6
2
50
13
63
0
0
437
243
300
13
1200
1000
140
10
5
3
2
0
0
1
90
0
0
0
16
1
-32737
1792
0
-8092
13696
1
9
151
2023-07-21 오후 5:37:07
6
2
50
14
64
0
0
437
243
300
13
1200
1000
140
10
5
4
2
0
0
1
90
0
0
0
16
1
-32737
1792
0
-8092
13696
1
1
153
2023-07-21 오후 5:37:15
6
2
50
14
64
0
0
437
243
300
13
1200
1000
140
10
5
4
2
0
0
1
90
0
0
0
16
1
-16353
1792
0
-8092
13698
1
8
161
2023-07-21 오후 5:37:15
6
2
50
14
64
0
0
437
243
300
13
1200
1000
140
10
5
4
2
0
0
1
90
0
0
0
16
1
-32737
1792
0
-8092
13696
1
8
161
2023-07-21 오후 5:37:17
6
2
50
15
65
0
0
437
243
300
13
1200
1000
140
10
5
5
2
0
0
1
90
0
0
0
16
1
-32737
1792
0
-8092
13696
1
0
163
2023-07-21 오후 5:37:25
6
2
50
15
65
0
0
437
243
300
13
1200
1000
140
10
5
5
2
0
0
1
90
0
0
0
16
1
-16353
1792
0
-8092
13698
1
8
171
2023-07-21 오후 5:37:26
6
2
50
15
65
0
0
437
243
300
13
1200
1000
140
10
5
5
2
0
0
1
90
0
0
0
16
1
-32737
1792
0
-8092
13696
1
8
171
2023-07-21 오후 5:37:29
6
2
50
16
66
0
0
437
243
300
13
1200
1000
140
10
5
6
2
0
0
1
90
0
0
0
16
1
-32737
1792
0
-8092
13696
1
2
176
2023-07-21 오후 5:37:35
6
2
50
16
66
0
0
437
243
300
13
1200
1000
140
10
5
6
2
0
0
1
90
0
0
0
16
1
-16353
1792
0
-8092
13698
1
7
181
2023-07-21 오후 5:37:36
6
2
50
16
66
0
0
437
243
300
13
1200
1000
140
10
5
6
2
0
0
1
90
0
0
0
16
1
-32737
1792
0
-8092
13696
1
7
181
2023-07-21 오후 5:37:37
5
2
50
16
66
0
0
437
243
300
13
1200
1000
140
10
5
6
2
0
0
1
90
0
0
0
16
1
-32737
1792
0
-8092
13696
1
10
183
2023-07-21 오후 5:37:40
5
2
50
17
67
0
0
437
243
300
13
1200
1000
140
10
5
7
2
0
0
1
90
0
0
0
16
1
-32737
1792
0
-8092
13696
1
2
186
2023-07-21 오후 5:38:20
5
2
50
21
71
0
0
437
243
300
13
1200
1000
140
10
5
1
3
0
0
1
90
0
0
0
16
1
-32737
1792
0
-8092
13696
1
1
226
2023-07-21 오후 5:38:27
5
2
50
21
71
0
0
437
243
300
13
1200
1000
140
10
5
1
3
0
0
1
90
0
0
0
16
1
-16353
1792
0
-8092
13698
1
8
233
2023-07-21 오후 5:38:28
5
2
50
21
71
0
0
437
243
300
13
1200
1000
140
10
5
1
3
0
0
1
90
0
0
0
16
1
-32737
1792
0
-8092
13696
1
8
233
2023-07-21 오후 5:38:54
7
2
50
24
74
0
0
437
243
300
13
1200
1000
140
10
5
4
3
0
0
1
90
0
0
0
16
1
-32737
1792
5
-8092
13696
1
2
258
2023-07-21 오후 5:38:58
7
2
50
24
74
0
0
437
243
300
13
1200
1000
140
10
5
4
3
0
0
1
90
0
0
0
16
1
-16353
1792
0
-8092
13698
1
7
263
2023-07-21 오후 5:38:59
7
2
50
24
74
0
0
437
243
300
13
1200
1000
140
10
5
4
3
0
0
1
90
0
0
0
16
1
-32737
1792
5
-8092
13696
1
7
263
2023-07-21 오후 5:39:02
7
2
50
25
75
0
0
437
243
300
13
1200
1000
140
10
5
5
3
0
0
1
90
0
0
0
16
1
-32737
1792
0
-8092
13696
1
2
268
2023-07-21 오후 5:39:08
7
2
50
25
75
0
0
437
243
300
13
1200
1000
140
10
5
5
3
0
0
1
90
0
0
0
16
1
-16353
1792
0
-8092
13698
1
7
273
2023-07-21 오후 5:39:08
7
2
50
25
75
0
0
437
243
300
13
1200
1000
140
10
5
5
3
0
0
1
90
0
0
0
16
1
-32737
1792
5
-8092
13696
1
7
273
2023-07-21 오후 5:39:12
7
2
50
26
76
0
0
437
243
300
13
1200
1000
140
10
5
6
3
0
0
1
90
0
0
0
16
1
-32737
1792
0
-8092
13696
1
2
278
2023-07-21 오후 5:39:18
7
2
50
26
76
0
0
437
243
300
13
1200
1000
140
10
5
6
3
0
0
1
90
0
0
0
16
1
-16353
1792
0
-8092
13698
1
7
283
2023-07-21 오후 5:39:18
7
2
50
26
76
0
0
437
243
300
13
1200
1000
140
10
5
6
3
0
0
1
90
0
0
0
16
1
-32737
1792
5
-8092
13696
1
7
283
2023-07-21 오후 5:39:22
7
2
50
27
77
0
0
437
243
300
13
1200
1000
140
10
5
7
3
0
0
1
90
0
0
0
16
1
-32737
1792
0
-8092
13696
1
2
288
2023-07-21 오후 5:39:28
7
2
50
27
77
0
0
437
243
300
13
1200
1000
140
10
5
7
3
0
0
1
90
0
0
0
16
1
-16353
1920
0
-8092
13698
1
7
293
2023-07-21 오후 5:39:28
7
2
50
27
77
0
0
437
243
300
13
1200
1000
140
10
5
7
3
0
0
1
90
0
0
0
16
1
-32737
1792
5
-8092
13696
1
7
293
2023-07-21 오후 5:39:30
7
2
50
28
78
0
0
437
243
300
13
1200
1000
140
10
5
8
3
0
0
1
90
0
0
0
16
1
-28641
1792
0
-16284
13696
1
0
296
2023-07-21 오후 5:39:30
7
2
50
28
78
0
0
437
243
300
13
1200
1000
140
10
5
8
3
0
0
1
90
0
0
0
16
1
-32737
1792
0
-8092
13696
1
0
296
2023-07-21 오후 5:39:37
7
2
50
28
78
0
0
437
243
300
13
1200
1000
140
10
5
8
3
0
0
1
90
0
0
0
16
1
-16353
1792
4
-8092
13698
1
8
303
2023-07-21 오후 5:39:38
7
2
50
28
78
0
0
437
243
300
13
1200
1000
140
10
5
8
3
0
0
1
90
0
0
0
16
1
-32737
1792
0
-8092
13696
1
8
303
2023-07-21 오후 5:39:39
7
2
50
28
78
0
0
437
243
300
13
1200
1000
140
10
5
8
3
0
0
1
90
0
0
0
16
1
-32737
1792
0
-16284
13696
1
8
303
2023-07-21 오후 5:39:39
7
2
50
29
79
0
0
437
243
300
13
1200
1000
140
10
5
9
3
0
0
1
90
0
0
0
16
1
-32737
1792
0
-8092
13696
1
1
306
2023-07-21 오후 5:39:42
6
2
50
29
79
0
0
437
243
300
13
1200
1000
140
10
5
9
3
0
0
1
90
0
0
0
16
1
-32737
1792
0
-8092
13696
1
3
308
2023-07-21 오후 5:39:47
6
2
50
29
79
0
0
437
243
300
13
1200
1000
140
10
5
9
3
0
0
1
90
0
0
0
16
1
-16353
1792
0
-8092
13698
1
8
313
2023-07-21 오후 5:39:47
6
2
50
29
79
0
0
437
243
300
13
1200
1000
140
10
5
9
3
0
0
1
90
0
0
0
16
1
-32737
1792
5
-8092
13696
1
8
313
2023-07-21 오후 5:39:49
6
2
50
29
79
0
0
437
243
300
13
1200
1000
140
10
5
9
3
0
0
1
90
0
0
0
16
1
-28641
1792
0
-16284
13696
1
8
313
2023-07-21 오후 5:39:49
6
2
50
30
80
0
0
437
243
300
13
1200
1000
140
10
5
0
4
0
55
1
90
0
0
0
16
1
-28641
1792
0
-16284
13696
1
1
316
2023-07-21 오후 5:40:43
6
2
50
35
85
0
0
437
243
300
13
1200
1000
140
10
5
5
4
0
140
1
90
0
0
0
16
1
-32737
1792
0
-8092
13696
1
0
368
2023-07-21 오후 5:40:50
6
2
50
35
85
0
0
437
243
300
13
1200
1000
140
10
5
5
4
0
140
1
90
0
0
0
16
1
-16353
1792
0
-8092
13698
1
8
376
2023-07-21 오후 5:40:50
6
2
50
35
85
0
0
437
243
300
13
1200
1000
140
10
5
5
4
0
140
1
90
0
0
0
16
1
-32737
1792
0
-8092
13696
1
8
376
2023-07-21 오후 5:40:51
6
2
50
35
85
0
0
437
243
300
13
1200
1000
140
10
5
5
4
0
140
1
90
0
0
0
16
1
-32737
1792
0
-16284
13696
1
8
376
2023-07-21 오후 5:40:52
6
2
50
36
86
0
0
437
243
300
13
1200
1000
140
10
5
6
4
0
140
1
90
0
0
0
16
1
-32737
1792
0
-8092
13696
1
1
378
2023-07-21 오후 5:41:00
6
2
50
36
86
0
0
437
243
300
13
1200
1000
140
10
5
6
4
0
140
1
90
0
0
0
16
1
-16353
1792
0
-8092
13698
1
8
386
2023-07-21 오후 5:41:00
6
2
50
36
86
0
0
437
243
300
13
1200
1000
140
10
5
6
4
0
140
1
90
0
0
0
16
1
-32737
1792
0
-8092
13696
1
8
386
2023-07-21 오후 5:41:01
6
2
50
36
86
0
0
437
243
300
13
1200
1000
140
10
5
6
4
0
140
1
90
0
0
0
16
1
-32737
1792
0
-16284
13696
1
8
386
2023-07-21 오후 5:41:02
6
2
50
37
87
0
0
437
243
300
13
1200
1000
140
10
5
7
4
0
140
1
90
0
0
0
16
1
-32737
1792
0
-8092
13696
1
1
388
2023-07-21 오후 5:41:09
6
2
50
37
87
0
0
437
243
300
13
1200
1000
140
10
5
7
4
0
140
1
90
0
0
0
16
1
-16353
1792
0
-8092
13698
1
8
396
2023-07-21 오후 5:41:10
6
2
50
37
87
0
0
437
243
300
13
1200
1000
140
10
5
7
4
0
140
1
90
0
0
0
16
1
-32737
1792
0
-8092
13696
1
8
396
2023-07-21 오후 5:41:11
6
2
50
37
87
0
0
437
243
300
13
1200
1000
140
10
5
7
4
0
140
1
90
0
0
0
16
1
-32737
1792
0
-16284
13696
1
8
396
2023-07-21 오후 5:41:11
6
2
50
37
87
0
0
437
243
300
13
1200
1000
140
10
5
7
4
0
140
1
90
0
0
0
16
1
-32737
1792
0
-8092
13696
1
8
396
2023-07-21 오후 5:41:12
6
2
50
38
88
0
0
437
243
300
13
1200
1000
140
10
5
8
4
0
140
1
90
0
0
0
16
1
-32737
1792
0
-8092
13696
1
1
398
2023-07-21 오후 5:41:19
6
2
50
38
88
0
0
437
243
300
13
1200
1000
140
10
5
8
4
0
140
1
90
0
0
0
16
1
-16353
1792
0
-8092
13698
1
6
403
2023-07-21 오후 5:41:19
6
2
50
38
88
0
0
437
243
300
13
1200
1000
140
10
5
8
4
0
140
1
90
0
0
0
16
1
-32737
1792
0
-8092
13696
1
8
406
2023-07-21 오후 5:41:20
6
2
50
38
88
0
0
437
243
300
13
1200
1000
140
10
5
8
4
0
140
1
90
0
0
0
16
1
-28641
1792
0
-16284
13696
1
8
406
2023-07-21 오후 5:41:21
6
2
50
38
88
0
0
437
243
300
13
1200
1000
140
10
5
8
4
0
140
1
90
0
0
0
16
1
-32737
1792
0
-8092
13696
1
8
406
2023-07-21 오후 5:41:22
6
2
50
39
89
0
0
437
243
300
13
1200
1000
140
10
5
9
4
0
140
1
90
0
0
0
16
1
-32737
1792
0
-8092
13696
1
2
408
2023-07-21 오후 5:41:28
6
2
50
39
89
0
0
437
243
300
13
1200
1000
140
10
5
9
4
0
140
1
90
0
0
0
16
1
-16353
1792
0
-8092
13698
1
7
413
2023-07-21 오후 5:41:29
6
2
50
39
89
0
0
437
243
300
13
1200
1000
140
10
5
9
4
0
140
1
90
0
0
0
16
1
-32737
1792
0
-8092
13696
1
7
413
2023-07-21 오후 5:41:30
6
2
50
39
89
0
0
437
243
300
13
1200
1000
140
10
5
9
4
0
140
1
90
0
0
0
16
1
-28641
1792
0
-16284
13696
1
9
416
2023-07-21 오후 5:41:32
6
2
50
40
90
0
0
437
243
300
13
1200
1000
140
10
5
0
5
0
339
1
90
0
0
0
16
1
-28641
1920
5
-16284
13696
1
2
418
2023-07-21 오후 5:41:33
6
2
50
40
90
0
0
437
243
300
13
1200
1000
140
10
5
0
5
0
339
1
90
0
0
0
16
1
-32737
1792
0
-8092
13696
1
2
418
2023-07-21 오후 5:41:34
6
2
50
40
90
0
0
437
243
300
13
1200
1000
140
10
5
0
5
0
440
1
90
0
0
0
16
1
-32737
1792
0
-8092
13696
1
5
421
2023-07-21 오후 5:41:42
6
2
50
40
90
0
0
437
243
300
13
1200
1000
140
10
5
0
5
0
440
1
90
0
0
0
16
1
-16353
1792
0
-8092
13698
1
12
428
2023-07-21 오후 5:41:43
6
2
50
40
90
0
0
437
243
300
13
1200
1000
140
10
5
0
5
0
440
1
90
0
0
0
16
1
-32737
1792
0
-8092
13696
1
12
428
2023-07-21 오후 5:41:44
6
2
50
40
90
0
0
437
243
300
13
1200
1000
140
10
5
0
5
0
440
1
90
0
0
0
16
1
-28641
1792
0
-16284
13696
1
12
428
2023-07-21 오후 5:41:44
6
2
50
41
91
0
0
437
243
300
13
1200
1000
140
10
5
1
5
0
440
1
90
0
0
0
16
1
-32737
1792
0
-8092
13696
1
1
431
2023-07-21 오후 5:41:52
6
2
50
41
91
0
0
437
243
300
13
1200
1000
140
10
5
1
5
0
440
1
90
0
0
0
16
1
-16353
1792
0
-8092
13698
1
8
438
2023-07-21 오후 5:41:53
6
2
50
41
91
0
0
437
243
300
13
1200
1000
140
10
5
1
5
0
440
1
90
0
0
0
16
1
-32737
1792
0
-8092
13696
1
8
438
2023-07-21 오후 5:41:54
6
2
50
42
92
0
0
437
243
300
13
1200
1000
140
10
5
2
5
0
440
1
90
0
0
0
16
1
-32737
1792
0
-16284
13696
1
11
441
2023-07-21 오후 5:41:55
6
2
50
42
92
0
0
437
243
300
13
1200
1000
140
10
5
2
5
0
440
1
90
0
0
0
16
1
-32737
1792
0
-8092
13696
1
11
441
2023-07-21 오후 5:43:30
6
2
50
50
100
0
0
437
243
300
13
1200
1000
140
10
5
10
5
0
0
1
90
0
0
0
16
1
-32737
1984
0
-16275
13696
0
10
533
2023-07-21 오후 5:43:32
6
2
50
0
100
0
0
437
243
300
13
1200
1000
140
10
5
0
1
0
0
1
90
0
0
0
16
1
-32737
1984
0
-16275
13696
1
0
1
2023-07-21 오후 5:43:32
6
2
50
0
100
0
0
437
243
300
13
1200
1000
140
10
5
0
1
0
0
1
90
0
0
0
16
1
-28641
1984
0
-16283
13712
1
0
1
2023-07-21 오후 5:43:33
6
2
50
0
100
0
0
437
243
300
13
1200
1000
140
10
5
0
1
0
0
1
90
0
0
0
16
1
-32737
1792
0
-8092
13696
1
0
1
2023-07-21 오후 5:43:41
6
2
50
0
100
0
0
437
243
300
13
1200
1000
140
10
5
0
1
0
0
1
90
0
0
0
16
1
-16353
1920
0
-8092
13698
1
7
8
2023-07-21 오후 5:43:42
6
2
50
0
100
0
0
437
243
300
13
1200
1000
140
10
5
0
1
0
0
1
90
0
0
0
16
1
-32737
1792
0
-8092
13696
1
10
11
2023-07-21 오후 5:43:44
6
2
50
1
101
0
0
437
243
300
13
1200
1000
140
10
5
1
1
0
0
1
90
0
0
0
16
1
-32737
1792
0
-8092
13696
1
1
13
2023-07-21 오후 5:43:52
6
2
50
1
101
0
0
437
243
300
13
1200
1000
140
10
5
1
1
0
0
1
90
0
0
0
16
1
-16353
1792
0
-8092
13698
1
9
21
2023-07-21 오후 5:43:53
6
2
50
1
101
0
0
437
243
300
13
1200
1000
140
10
5
1
1
0
0
1
90
0
0
0
16
1
-32737
1792
0
-8092
13696
1
9
21
2023-07-21 오후 5:43:54
6
2
50
2
102
0
0
437
243
300
13
1200
1000
140
10
5
2
1
0
0
1
90
0
0
0
16
1
-32737
1792
0
-8092
13696
1
0
23
2023-07-21 오후 5:44:03
6
2
50
2
102
0
0
437
243
300
13
1200
1000
140
10
5
2
1
0
0
1
90
0
0
0
16
1
-16353
1792
0
-8092
13698
1
8
31
2023-07-21 오후 5:44:03
6
2
50
2
102
0
0
437
243
300
13
1200
1000
140
10
5
2
1
0
0
1
90
0
0
0
16
1
-32737
1792
0
-8092
13696
1
8
31
2023-07-21 오후 5:44:05
6
2
50
2
102
0
0
437
243
300
13
1200
1000
140
10
5
2
1
0
0
1
90
0
0
0
16
1
-32737
1792
0
-16284
13696
1
10
33
2023-07-21 오후 5:44:05
6
2
50
2
102
0
0
437
243
300
13
1200
1000
140
10
5
2
1
0
0
1
90
0
0
0
16
1
-32737
1792
0
-8092
13696
1
10
33
2023-07-21 오후 5:44:07
6
2
50
3
103
0
0
437
243
300
13
1200
1000
140
10
5
3
1
0
0
1
90
0
0
0
16
1
-32737
1792
0
-8092
13696
1
2
36
2023-07-21 오후 5:44:14
6
2
50
3
103
0
0
437
243
300
13
1200
1000
140
10
5
3
1
0
0
1
90
0
0
0
16
1
-16353
1792
0
-8092
13698
1
7
41
2023-07-21 오후 5:44:14
6
2
50
3
103
0
0
437
243
300
13
1200
1000
140
10
5
3
1
0
0
1
90
0
0
0
16
1
-32737
1792
0
-8092
13696
1
10
43
2023-07-21 오후 5:44:16
6
2
50
3
103
0
0
437
243
300
13
1200
1000
140
10
5
3
1
0
0
1
90
0
0
0
16
1
-32737
1792
0
-16284
13696
1
10
43
2023-07-21 오후 5:44:16
6
2
50
3
103
0
0
437
243
300
13
1200
1000
140
10
5
3
1
0
0
1
90
0
0
0
16
1
-32737
1792
0
-8092
13696
1
10
43
2023-07-21 오후 5:44:17
6
2
50
4
104
0
0
437
243
300
13
1200
1000
140
10
5
4
1
0
0
1
90
0
0
0
16
1
-32737
1792
0
-8092
13696
1
1
46
2023-07-21 오후 5:50:51
6
2
50
41
141
0
0
437
243
300
13
1200
1000
140
10
5
1
5
0
440
1
90
0
0
0
16
1
-32737
1792
0
-8092
13696
1
9
438
2023-07-21 오후 5:50:52
6
2
50
42
142
0
0
437
243
300
13
1200
1000
140
10
5
2
5
0
440
1
90
0
0
0
16
1
-32737
1792
0
-8092
13696
1
1
441
2023-07-21 오후 5:57:16
6
2
50
25
175
0
0
437
243
300
13
1200
1000
140
10
5
5
3
0
0
1
90
0
0
0
16
1
-32737
1792
0
-8092
13696
1
8
273
2023-07-21 오후 5:57:16
6
2
50
25
175
0
0
437
243
300
13
1200
1000
140
10
5
5
3
0
0
1
90
0
0
0
16
1
-32737
1792
0
-16284
13696
1
8
273
2023-07-21 오후 5:57:17
6
2
50
26
176
0
0
437
243
300
13
1200
1000
140
10
5
6
3
0
0
1
90
0
0
0
16
1
-32737
1792
0
-8092
13696
1
1
275
2023-07-21 오후 5:57:25
6
2
50
26
176
0
0
437
243
300
13
1200
1000
140
10
5
6
3
0
0
1
90
0
0
0
16
1
-16353
1792
0
-8092
13698
1
8
283
2023-07-21 오후 5:57:25
6
2
50
26
176
0
0
437
243
300
13
1200
1000
140
10
5
6
3
0
0
1
90
0
0
0
16
1
-32737
1792
0
-8092
13696
1
8
283
2023-07-21 오후 5:57:26
6
2
50
26
176
0
0
437
243
300
13
1200
1000
140
10
5
6
3
0
0
1
90
0
0
0
16
1
-32737
1792
0
-16284
13696
1
8
283
2023-07-21 오후 5:57:27
6
2
50
27
177
0
0
437
243
300
13
1200
1000
140
10
5
7
3
0
0
1
90
0
0
0
16
1
-32737
1792
0
-8092
13696
1
0
285
2023-07-21 오후 5:57:29
6
2
50
27
177
0
0
437
243
300
13
1200
1000
140
10
5
7
3
0
0
1
90
0
0
0
16
1
-32737
1792
0
-8124
13696
1
3
288
2023-07-21 오후 5:57:30
6
2
50
27
177
0
0
437
243
300
13
1200
1000
140
10
5
7
3
0
0
1
90
0
0
0
3
0
-32721
1664
0
-32756
13696
1
3
288
2023-07-21 오후 5:57:31
6
2
50
27
177
0
0
437
243
300
13
1200
1000
140
10
5
7
3
0
0
1
90
0
0
0
3
0
-31697
1664
0
-14228
13696
1
3
288
2023-07-21 오후 5:57:32
6
2
50
27
177
0
25
437
243
300
13
1200
1000
140
10
5
7
3
0
0
1
90
0
0
0
3
0
-31697
1664
0
-14228
13696
0
3
288
2023-07-21 오후 5:57:33
6
2
50
27
177
0
25
437
243
300
13
1200
1000
140
10
5
7
3
0
0
1
90
0
0
0
15
1
-31697
896
5
-14236
13696
0
3
288
2023-07-21 오후 5:57:34
6
2
50
27
177
0
0
437
243
300
13
1200
1000
140
10
5
7
3
0
0
1
90
0
0
0
15
1
-32465
896
0
-16156
13696
0
3
288
2023-07-21 오후 5:57:38
6
2
50
27
177
0
0
437
243
300
13
1200
1000
140
10
5
7
3
0
0
1
90
0
0
0
15
1
-32209
896
0
-16284
13696
0
3
288
2023-07-21 오후 5:57:39
6
2
50
27
177
0
0
437
243
300
13
1200
1000
140
10
5
7
3
0
0
1
90
0
0
0
15
1
-32209
896
1
-12188
13696
0
3
288
2023-07-21 오후 5:57:40
6
2
50
27
177
0
0
437
243
300
13
1200
1000
140
10
5
7
3
0
0
1
90
0
0
0
15
1
-32209
896
0
-16284
13696
0
3
288
2023-07-21 오후 5:57:41
6
2
50
27
177
0
0
437
243
300
13
1200
1000
140
10
5
7
3
0
0
1
90
0
0
0
16
1
-32209
1920
5
-12188
13696
0
3
288
2023-07-21 오후 5:57:42
6
2
50
27
177
0
0
437
243
300
13
1200
1000
140
10
5
7
3
0
0
1
90
0
0
0
16
1
-32209
1920
0
-16284
13696
0
3
288
2023-07-21 오후 5:57:46
6
2
50
27
177
0
0
437
243
300
13
1200
1000
140
10
5
7
3
0
0
1
90
0
0
0
16
1
-32737
1856
0
-16283
13696
0
3
288
2023-07-21 오후 5:57:47
6
2
50
27
177
0
0
437
243
300
13
1200
1000
140
10
5
7
3
0
0
1
90
0
0
0
16
1
-32481
1984
0
-16155
13696
0
3
288
2023-07-21 오후 5:57:48
6
2
50
27
177
0
0
437
243
300
13
1200
1000
140
10
5
7
3
0
0
1
90
0
0
0
16
1
-32481
1984
0
-16283
13696
0
3
288
2023-07-21 오후 5:57:50
6
2
50
27
177
0
0
437
243
300
13
1200
1000
140
10
5
7
3
0
0
1
90
0
0
0
3
0
-32721
1600
0
-12252
13696
0
3
288
2023-07-21 오후 5:57:51
6
2
50
27
177
0
0
437
243
300
13
1200
1000
140
10
5
7
3
0
0
1
90
0
0
0
3
0
-32721
1728
0
-16348
13696
0
3
288
2023-07-21 오후 5:57:52
6
2
50
27
177
0
25
437
243
300
13
1200
1000
140
10
5
7
3
0
0
1
90
0
0
0
3
0
-32721
1728
0
-16348
13696
0
3
288
