|      Date Time      | 가동률 | 모델정보 | 생산수량 | 불량수량 | 알람코드 | 작업 진행 상황 | 박스 진행 상황 | 레이어 진행상황 | 박스 정보 | 팔레트 정보 | 간지 사용 유무 | 리프트 높이 | 적재방향 | 로봇 스피드 | BOX SORT CYLINDER | SAFETY LADAR SENSOR | LABEL ALINE |
2023-07-19 오후 4:21:37
7
3
68
54
305
0
0
295
210
340
9
1200
1000
146
17
4
3
4
0
306
1
100
0
0
1
16
1
-28641
1792
0
-16284
13696
2023-07-19 오후 4:21:39
7
3
68
54
305
0
0
295
210
340
9
1200
1000
146
17
4
3
4
0
306
1
100
0
0
1
16
1
-32737
1792
0
-8092
13696
2023-07-19 오후 4:21:44
7
3
68
54
305
0
0
295
210
340
9
1200
1000
146
17
4
3
4
0
306
1
100
0
0
1
16
1
-16353
1792
0
-8092
13698
2023-07-19 오후 4:21:47
7
3
68
55
306
0
0
295
210
340
9
1200
1000
146
17
4
4
4
0
306
1
100
0
0
1
16
1
-32737
1792
0
-8092
13696
2023-07-19 오후 4:23:51
7
3
68
68
319
0
0
295
210
340
9
1200
1000
146
17
4
17
4
0
0
1
100
0
0
1
16
1
-32737
1984
0
-16275
13696
2023-07-19 오후 4:23:54
7
3
68
68
319
0
0
295
210
340
9
1200
1000
146
17
4
17
4
0
0
1
100
0
0
1
16
1
-32737
1984
0
-16283
13696
2023-07-19 오후 4:24:12
7
3
68
0
319
0
0
295
210
340
9
1200
1000
146
17
4
0
1
0
0
1
100
0
0
1
16
1
-32737
1984
0
-16283
13712
2023-07-19 오후 4:24:14
7
3
68
0
319
0
0
295
210
340
9
1200
1000
146
17
4
0
1
0
0
1
100
0
0
1
16
1
-32737
1792
0
-8092
13696
2023-07-19 오후 4:24:22
7
3
68
1
320
0
0
295
210
340
9
1200
1000
146
17
4
1
1
0
0
1
100
0
0
1
16
1
-28641
1792
0
-16284
13696
2023-07-19 오후 4:24:24
7
3
68
1
320
0
0
295
210
340
9
1200
1000
146
17
4
1
1
0
0
1
100
0
0
1
16
1
-32737
1792
0
-8092
13696
2023-07-19 오후 4:24:32
7
3
68
2
321
0
0
295
210
340
9
1200
1000
146
17
4
2
1
0
0
1
100
0
0
1
16
1
-28641
1792
0
-16284
13696
2023-07-19 오후 4:24:34
7
3
68
2
321
0
0
295
210
340
9
1200
1000
146
17
4
2
1
0
0
1
100
0
0
1
16
1
-32737
1792
0
-8092
13696
2023-07-19 오후 4:24:42
7
3
68
3
322
0
0
295
210
340
9
1200
1000
146
17
4
3
1
0
0
1
100
0
0
1
16
1
-32737
1792
0
-8092
13696
2023-07-19 오후 4:24:44
7
3
68
3
322
0
0
295
210
340
9
1200
1000
146
17
4
3
1
0
0
1
100
0
0
1
15
1
-32753
896
0
-16276
13696
2023-07-19 오후 4:24:47
7
3
68
3
322
0
0
295
210
340
9
1200
1000
146
17
4
3
1
0
0
1
100
0
0
1
15
1
-32737
896
0
-14108
13696
2023-07-19 오후 4:24:49
7
3
68
3
322
0
0
295
210
340
9
1200
1000
146
17
4
3
1
0
0
1
100
0
0
1
15
1
-32225
896
0
-16284
13696
2023-07-19 오후 4:24:57
7
3
68
3
322
0
0
295
210
340
9
1200
1000
146
17
4
3
1
0
0
1
100
0
0
1
16
1
-32737
1984
0
-16283
13696
2023-07-19 오후 4:24:59
7
3
68
3
322
0
0
295
210
340
9
1200
1000
146
17
4
3
1
0
0
1
100
0
1
1
15
1
-32737
1984
0
16709
13696
2023-07-19 오후 4:25:01
7
3
68
3
322
0
0
295
210
340
9
1200
1000
146
17
4
3
1
0
0
1
100
0
1
1
15
1
-32737
960
0
16708
13696
2023-07-19 오후 4:25:14
7
3
68
3
322
0
0
295
210
340
9
1200
1000
146
17
4
3
1
0
0
1
100
0
1
1
15
1
-32737
960
5
17252
13696
2023-07-19 오후 4:25:17
7
3
68
3
322
0
0
295
210
340
9
1200
1000
146
17
4
3
1
0
0
1
100
0
1
1
15
1
-32737
960
0
16708
13696
2023-07-19 오후 4:26:49
7
3
68
3
322
0
0
295
210
340
9
1200
1000
146
17
4
3
1
0
0
1
100
0
1
1
15
1
-31713
960
0
16740
13696
2023-07-19 오후 4:27:19
7
3
68
3
322
0
0
295
210
340
9
1200
1000
146
17
4
3
1
0
0
1
100
0
1
1
16
1
-32737
960
0
17252
13712
2023-07-19 오후 4:27:21
7
3
68
3
322
0
0
295
210
340
9
1200
1000
146
17
4
3
1
0
0
1
100
0
1
1
15
1
-32737
960
0
16708
13696
2023-07-19 오후 4:28:12
7
3
68
3
322
0
0
295
210
340
9
1200
1000
146
17
4
3
1
0
0
1
100
0
0
1
15
1
-32737
960
0
-16316
13696
2023-07-19 오후 5:17:24
5
1
40
9
10
0
9
460
266
320
16
1100
1100
150
8
5
1
2
0
0
1
90
0
0
0
16
1
-32737
2016
0
-16284
13696
0
10
108
2023-07-19 오후 5:17:35
5
1
40
9
10
0
9
460
266
320
16
1100
1100
150
8
5
1
2
0
0
1
90
0
0
0
16
1
-32481
2016
0
-16156
13696
0
10
108
2023-07-19 오후 5:17:37
5
1
40
9
10
0
9
460
266
320
16
1100
1100
150
8
5
1
2
0
0
1
90
0
0
0
16
1
-32737
2016
0
-16284
13696
0
10
108
2023-07-19 오후 5:17:38
5
1
40
9
10
0
9
460
266
320
16
1100
1100
150
8
5
1
2
0
0
1
90
0
0
0
16
1
-32481
2016
0
-16156
13696
0
10
108
2023-07-19 오후 5:17:38
5
1
40
9
10
0
9
460
266
320
16
1100
1100
150
8
5
1
2
0
0
1
90
0
0
0
16
1
-32737
2016
0
-16284
13696
0
10
108
2023-07-19 오후 5:17:39
5
1
40
9
10
0
9
460
266
320
16
1100
1100
150
8
5
1
2
0
0
1
90
0
0
0
16
1
-32481
2016
0
-16156
13696
0
10
108
2023-07-19 오후 5:17:40
5
1
40
9
10
0
9
460
266
320
16
1100
1100
150
8
5
1
2
0
0
1
90
0
0
0
16
1
-32737
2016
0
-16284
13696
0
10
108
2023-07-19 오후 5:17:41
5
1
40
9
10
0
9
460
266
320
16
1100
1100
150
8
5
1
2
0
0
1
90
0
0
0
16
1
-32481
2016
0
-16156
13696
0
10
108
2023-07-19 오후 5:17:42
5
1
40
9
10
0
9
460
266
320
16
1100
1100
150
8
5
1
2
0
0
1
90
0
0
0
16
1
-32737
2016
0
-16284
13696
0
10
108
2023-07-19 오후 5:17:44
5
1
40
9
10
0
9
460
266
320
16
1100
1100
150
8
5
1
2
0
0
1
90
0
0
0
16
1
-32481
2016
0
-16156
13696
0
10
108
2023-07-19 오후 5:17:45
5
1
40
9
10
0
9
460
266
320
16
1100
1100
150
8
5
1
2
0
0
1
90
0
0
0
16
1
-32737
2016
0
-16284
13696
0
10
108
2023-07-19 오후 5:17:47
5
1
40
9
10
0
9
460
266
320
16
1100
1100
150
8
5
1
2
0
0
1
90
0
0
0
16
1
-32481
2016
0
-16156
13696
0
10
108
2023-07-19 오후 5:17:48
5
1
40
9
10
0
9
460
266
320
16
1100
1100
150
8
5
1
2
0
0
1
90
0
0
0
16
1
-32737
2016
0
-16284
13696
0
10
108
2023-07-19 오후 5:24:14
6
1
40
40
41
0
0
460
266
320
16
1100
1100
150
8
5
8
5
0
0
1
90
0
0
0
16
1
-32737
1984
0
-16283
13696
0
9
343
2023-07-19 오후 5:24:23
6
1
40
0
41
0
0
460
266
320
16
1100
1100
150
8
5
0
1
0
0
1
90
0
0
0
16
1
-32673
1984
0
-16275
13696
1
0
0
2023-07-19 오후 5:24:24
6
1
40
0
41
0
0
460
266
320
16
1100
1100
150
8
5
0
1
0
0
1
90
0
0
0
16
1
-28641
1984
0
-16283
13712
1
0
0
2023-07-19 오후 5:24:25
6
1
40
0
41
0
0
460
266
320
16
1100
1100
150
8
5
0
1
0
0
1
90
0
0
0
16
1
-32737
1792
0
-8092
13696
1
0
0
2023-07-19 오후 5:24:33
6
1
40
0
41
0
0
460
266
320
16
1100
1100
150
8
5
0
1
0
0
1
90
0
0
0
16
1
-16353
1920
0
-8092
13698
1
7
8
2023-07-19 오후 5:24:34
6
1
40
0
41
0
0
460
266
320
16
1100
1100
150
8
5
0
1
0
0
1
90
0
0
0
16
1
-32737
1792
0
-8092
13696
1
9
10
2023-07-19 오후 5:24:36
6
1
40
1
42
0
0
460
266
320
16
1100
1100
150
8
5
1
1
0
0
1
90
0
0
0
16
1
-32737
1792
0
-8092
13696
1
1
13
2023-07-19 오후 5:24:37
6
1
40
1
42
0
0
460
266
320
16
1100
1100
150
8
5
1
1
0
0
1
90
0
0
0
15
1
-32737
1792
0
-8124
13696
1
1
13
2023-07-19 오후 5:24:43
6
1
40
1
42
0
0
460
266
320
16
1100
1100
150
8
5
1
1
0
0
1
90
0
0
0
15
1
-32753
896
0
-32692
13696
1
6
18
2023-07-19 오후 5:24:44
6
1
40
1
42
0
0
460
266
320
16
1100
1100
150
8
5
1
1
0
0
1
90
0
0
0
15
1
-32753
896
0
-16308
13696
0
6
18
2023-07-19 오후 5:24:46
6
1
40
1
42
0
0
460
266
320
16
1100
1100
150
8
5
1
1
0
0
1
90
0
0
0
15
1
-32753
896
0
-16316
13696
0
6
18
2023-07-19 오후 5:24:53
6
1
40
1
42
0
9
460
266
320
16
1100
1100
150
8
5
1
1
0
0
1
90
0
0
0
15
1
-32753
928
0
-16316
13696
0
6
18
2023-07-19 오후 5:24:59
6
1
40
1
42
0
9
460
266
320
16
1100
1100
150
8
5
1
1
0
0
1
90
0
0
0
15
1
-32737
928
0
-14108
13696
0
6
18
2023-07-19 오후 5:24:59
6
1
40
1
42
0
9
460
266
320
16
1100
1100
150
8
5
1
1
0
0
1
90
0
0
0
15
1
-32737
928
0
-14236
13696
0
6
18
2023-07-19 오후 5:25:00
6
1
40
1
42
0
9
460
266
320
16
1100
1100
150
8
5
1
1
0
0
1
90
0
0
0
15
1
-32225
928
0
-16284
13696
0
6
18
2023-07-19 오후 5:25:01
6
1
40
1
42
0
9
460
266
320
16
1100
1100
150
8
5
1
1
0
0
1
90
0
0
0
15
1
-32225
928
0
-12188
13696
0
6
18
2023-07-19 오후 5:25:02
6
1
40
1
42
0
9
460
266
320
16
1100
1100
150
8
5
1
1
0
0
1
90
0
0
0
15
1
-32225
928
0
-16284
13696
0
6
18
2023-07-19 오후 5:25:04
6
1
40
1
42
0
9
460
266
320
16
1100
1100
150
8
5
1
1
0
0
1
90
0
0
0
15
1
-32225
992
0
-12188
13696
0
6
18
2023-07-19 오후 5:25:05
6
1
40
1
42
0
9
460
266
320
16
1100
1100
150
8
5
1
1
0
0
1
90
0
0
0
15
1
-32225
928
0
-16284
13696
0
6
18
2023-07-19 오후 5:25:05
6
1
40
1
42
0
9
460
266
320
16
1100
1100
150
8
5
1
1
0
0
1
90
0
0
0
15
1
-32225
928
0
-12188
13696
0
6
18
2023-07-19 오후 5:25:06
6
1
40
1
42
0
9
460
266
320
16
1100
1100
150
8
5
1
1
0
0
1
90
0
0
0
16
1
-32225
1952
0
-16284
13696
0
6
18
2023-07-19 오후 5:25:12
6
1
40
1
42
0
9
460
266
320
16
1100
1100
150
8
5
1
1
0
0
1
90
0
0
0
16
1
-32737
1984
0
-16283
13696
0
6
18
2023-07-19 오후 5:25:13
6
1
40
1
42
0
0
460
266
320
16
1100
1100
150
8
5
1
1
0
0
1
90
0
0
0
16
1
-32737
1984
0
-16283
13696
0
6
18
2023-07-19 오후 5:29:09
6
1
40
40
43
0
0
460
266
320
16
1100
1100
150
8
5
8
5
0
0
1
90
0
0
0
16
1
-32737
1984
0
-16283
13696
0
14
26
2023-07-19 오후 5:29:14
6
1
40
40
43
0
0
460
266
320
16
1100
1100
150
8
5
8
5
0
0
1
90
0
0
0
16
1
-32737
1984
0
-16275
13696
0
14
26
2023-07-19 오후 5:29:15
6
1
40
40
43
0
0
460
266
320
16
1100
1100
150
8
5
8
5
0
0
1
90
0
0
0
16
1
-28641
1984
0
-16283
13712
0
14
26
2023-07-19 오후 5:29:15
6
1
40
40
43
0
0
460
266
320
16
1100
1100
150
8
5
8
5
0
0
1
90
0
0
0
16
1
-32737
1792
0
-8092
13696
0
14
26
2023-07-19 오후 5:29:15
6
1
40
0
43
0
0
460
266
320
16
1100
1100
150
8
5
0
1
0
0
1
90
0
0
0
16
1
-32737
1792
0
-8092
13696
1
1
2
2023-07-19 오후 5:29:23
6
1
40
0
43
0
0
460
266
320
16
1100
1100
150
8
5
0
1
0
0
1
90
0
0
0
16
1
-16353
1920
0
-8092
13698
1
9
10
2023-07-19 오후 5:29:24
6
1
40
0
43
0
0
460
266
320
16
1100
1100
150
8
5
0
1
0
0
1
90
0
0
0
16
1
-32737
1792
0
-8092
13696
1
9
10
2023-07-19 오후 5:29:26
6
1
40
1
44
0
0
460
266
320
16
1100
1100
150
8
5
1
1
0
0
1
90
0
0
0
16
1
-32737
1792
0
-8092
13696
1
0
12
2023-07-19 오후 5:29:34
6
1
40
1
44
0
0
460
266
320
16
1100
1100
150
8
5
1
1
0
0
1
90
0
0
0
16
1
-16353
1792
0
-8092
13698
1
8
20
2023-07-19 오후 5:29:35
6
1
40
1
44
0
0
460
266
320
16
1100
1100
150
8
5
1
1
0
0
1
90
0
0
0
16
1
-32737
1792
0
-8092
13696
1
8
20
2023-07-19 오후 5:29:38
6
1
40
2
45
0
0
460
266
320
16
1100
1100
150
8
5
2
1
0
0
1
90
0
0
0
16
1
-32753
1792
0
-8092
13696
1
2
25
2023-07-19 오후 5:29:38
6
1
40
2
45
0
0
460
266
320
16
1100
1100
150
8
5
2
1
0
0
1
90
0
0
0
16
1
-32753
1792
0
-32660
13696
1
2
25
2023-07-19 오후 5:29:40
6
1
40
2
45
0
0
460
266
320
16
1100
1100
150
8
5
2
1
0
0
1
90
0
0
0
15
1
-32737
896
0
-16276
13696
1
2
25
2023-07-19 오후 5:29:42
6
1
40
2
45
0
0
460
266
320
16
1100
1100
150
8
5
2
1
0
0
1
90
0
0
0
15
1
-32737
896
0
-16284
13696
0
2
25
2023-07-19 오후 5:29:43
6
1
40
2
45
0
9
460
266
320
16
1100
1100
150
8
5
2
1
0
0
1
90
0
0
0
15
1
-32737
928
0
-16284
13696
0
2
25
2023-07-19 오후 5:29:46
6
1
40
2
45
0
9
460
266
320
16
1100
1100
150
8
5
2
1
0
0
1
90
0
0
0
15
1
-32737
928
0
-14108
13696
0
2
25
2023-07-19 오후 5:29:46
6
1
40
2
45
0
9
460
266
320
16
1100
1100
150
8
5
2
1
0
0
1
90
0
0
0
15
1
-32225
928
0
-14236
13696
0
2
25
2023-07-19 오후 5:29:46
6
1
40
2
45
0
9
460
266
320
16
1100
1100
150
8
5
2
1
0
0
1
90
0
0
0
15
1
-32225
928
0
-16284
13696
0
2
25
2023-07-19 오후 5:29:48
6
1
40
2
45
0
9
460
266
320
16
1100
1100
150
8
5
2
1
0
0
1
90
0
0
0
15
1
-32225
928
0
-12188
13696
0
2
25
2023-07-19 오후 5:29:49
6
1
40
2
45
0
9
460
266
320
16
1100
1100
150
8
5
2
1
0
0
1
90
0
0
0
15
1
-32225
928
0
-16284
13696
0
2
25
2023-07-19 오후 5:29:50
6
1
40
2
45
0
9
460
266
320
16
1100
1100
150
8
5
2
1
0
0
1
90
0
0
0
15
1
-32225
928
0
-12188
13696
0
2
25
2023-07-19 오후 5:29:50
6
1
40
2
45
0
9
460
266
320
16
1100
1100
150
8
5
2
1
0
0
1
90
0
0
0
15
1
-32225
928
0
-16284
13696
0
2
25
2023-07-19 오후 5:29:51
6
1
40
2
45
0
9
460
266
320
16
1100
1100
150
8
5
2
1
0
0
1
90
0
0
0
16
1
-32225
1952
0
-12188
13696
0
2
25
2023-07-19 오후 5:29:53
6
1
40
2
45
0
9
460
266
320
16
1100
1100
150
8
5
2
1
0
0
1
90
0
0
0
16
1
-32225
1952
0
-16284
13696
0
2
25
2023-07-19 오후 5:29:58
6
1
40
2
45
0
9
460
266
320
16
1100
1100
150
8
5
2
1
0
0
1
90
0
0
0
16
1
-32737
1984
0
-16283
13696
0
2
25
2023-07-19 오후 5:30:01
6
1
40
2
45
0
0
460
266
320
16
1100
1100
150
8
5
2
1
0
0
1
90
0
0
0
16
1
-32737
1984
0
-16283
13696
0
2
25
2023-07-19 오후 5:30:08
6
1
40
6
45
0
0
460
266
320
16
1100
1100
150
8
5
6
1
0
0
1
90
0
0
0
16
1
-32673
1984
0
-16275
13696
1
0
0
2023-07-19 오후 5:30:09
6
1
40
6
45
0
0
460
266
320
16
1100
1100
150
8
5
6
1
0
0
1
90
0
0
0
16
1
-32737
1984
0
-16283
13712
1
0
0
2023-07-19 오후 5:30:10
6
1
40
6
45
0
0
460
266
320
16
1100
1100
150
8
5
6
1
0
0
1
90
0
0
0
16
1
-32737
1856
0
-8091
13696
1
0
0
2023-07-19 오후 5:30:10
6
1
40
6
45
0
0
460
266
320
16
1100
1100
150
8
5
6
1
0
0
1
90
0
0
0
16
1
-32737
1792
0
-8092
13696
1
0
0
2023-07-19 오후 5:30:17
6
1
40
6
45
0
0
460
266
320
16
1100
1100
150
8
5
6
1
0
0
1
90
0
0
0
16
1
-16353
1792
0
-8092
13698
1
6
8
2023-07-19 오후 5:30:18
6
1
40
6
45
0
0
460
266
320
16
1100
1100
150
8
5
6
1
0
0
1
90
0
0
0
16
1
-32737
1792
0
-8092
13696
1
9
10
2023-07-19 오후 5:30:21
6
1
40
7
46
0
0
460
266
320
16
1100
1100
150
8
5
7
1
0
0
1
90
0
0
0
16
1
-32737
1792
0
-8092
13696
1
1
13
2023-07-19 오후 5:30:25
6
1
40
7
46
0
0
460
266
320
16
1100
1100
150
8
5
7
1
0
0
1
90
0
0
0
16
1
-32753
1792
0
-32660
13696
1
4
15
2023-07-19 오후 5:30:26
6
1
40
7
46
0
0
460
266
320
16
1100
1100
150
8
5
7
1
0
0
1
90
0
0
0
15
1
-32753
768
0
-16276
13696
0
4
15
2023-07-19 오후 5:30:28
6
1
40
7
46
0
0
460
266
320
16
1100
1100
150
8
5
7
1
0
0
1
90
0
0
0
15
1
-32737
896
0
-16284
13696
0
4
15
2023-07-19 오후 5:30:36
6
1
40
7
46
0
0
460
266
320
16
1100
1100
150
8
5
7
1
0
0
1
90
0
0
0
15
1
-32225
896
0
-12188
13696
0
4
15
2023-07-19 오후 5:30:37
6
1
40
7
46
0
0
460
266
320
16
1100
1100
150
8
5
7
1
0
0
1
90
0
0
0
15
1
-32225
896
0
-16284
13696
0
4
15
2023-07-19 오후 5:30:38
6
1
40
7
46
0
0
460
266
320
16
1100
1100
150
8
5
7
1
0
0
1
90
0
0
0
15
1
-32225
896
0
-12188
13696
0
4
15
2023-07-19 오후 5:30:38
6
1
40
7
46
0
0
460
266
320
16
1100
1100
150
8
5
7
1
0
0
1
90
0
0
0
15
1
-32225
896
0
-16284
13696
0
4
15
2023-07-19 오후 5:30:39
6
1
40
7
46
0
0
460
266
320
16
1100
1100
150
8
5
7
1
0
0
1
90
0
0
0
16
1
-32225
1920
0
-12188
13696
0
4
15
2023-07-19 오후 5:30:40
6
1
40
7
46
0
0
460
266
320
16
1100
1100
150
8
5
7
1
0
0
1
90
0
0
0
16
1
-32225
1920
0
-16284
13696
0
4
15
2023-07-19 오후 5:30:46
6
1
40
7
46
0
0
460
266
320
16
1100
1100
150
8
5
7
1
0
0
1
90
0
0
0
16
1
-32737
1856
0
-16283
13696
0
4
15
2023-07-19 오후 5:30:52
6
1
40
7
46
0
0
460
266
320
16
1100
1100
150
8
5
7
1
0
0
1
90
0
0
0
16
1
-32737
1984
0
-16283
13712
0
4
15
2023-07-19 오후 5:30:52
6
1
40
7
46
0
0
460
266
320
16
1100
1100
150
8
5
7
1
0
0
1
90
0
0
0
16
1
-32737
1984
0
-16283
13696
0
4
15
2023-07-19 오후 5:30:56
6
1
40
7
46
0
0
460
266
320
16
1100
1100
150
8
5
7
1
0
0
1
90
0
0
0
16
1
-32673
1984
0
-16275
13696
0
4
15
2023-07-19 오후 5:30:57
6
1
40
7
46
0
0
460
266
320
16
1100
1100
150
8
5
7
1
0
0
1
90
0
0
0
16
1
-32737
1984
0
-16283
13712
0
4
15
2023-07-19 오후 5:30:58
6
1
40
7
46
0
0
460
266
320
16
1100
1100
150
8
5
7
1
0
0
1
90
0
0
0
16
1
-28641
2000
0
-16284
13696
0
4
15
2023-07-19 오후 5:30:58
6
1
40
38
46
0
0
460
266
320
16
1100
1100
150
8
5
6
5
0
69
1
90
0
0
0
16
1
-28641
1984
0
-16284
13696
1
1
2
2023-07-19 오후 5:31:00
6
1
40
38
46
0
0
460
266
320
16
1100
1100
150
8
5
6
5
0
321
1
90
0
0
0
16
1
-28641
1984
0
-16284
13696
1
3
5
2023-07-19 오후 5:31:02
6
1
40
38
46
0
0
460
266
320
16
1100
1100
150
8
5
6
5
0
321
1
90
0
0
0
16
1
-32737
1792
0
-8092
13696
1
3
5
2023-07-19 오후 5:31:03
6
1
40
38
46
0
0
460
266
320
16
1100
1100
150
8
5
6
5
0
450
1
90
0
0
0
16
1
-32737
1792
0
-8092
13696
1
6
7
2023-07-19 오후 5:31:10
6
1
40
38
46
0
0
460
266
320
16
1100
1100
150
8
5
6
5
0
450
1
90
0
0
0
16
1
-16353
1792
0
-8092
13698
1
11
12
2023-07-19 오후 5:31:11
6
1
40
38
46
0
0
460
266
320
16
1100
1100
150
8
5
6
5
0
450
1
90
0
0
0
16
1
-32737
1792
0
-8092
13696
1
13
15
2023-07-19 오후 5:31:13
6
1
40
39
47
0
0
460
266
320
16
1100
1100
150
8
5
7
5
0
450
1
90
0
0
0
16
1
-32737
1792
0
-8092
13696
1
1
17
2023-07-19 오후 5:31:20
6
1
40
39
47
0
0
460
266
320
16
1100
1100
150
8
5
7
5
0
450
1
90
0
0
0
16
1
-16353
1792
0
-8092
13698
1
6
22
2023-07-19 오후 5:31:21
6
1
40
39
47
0
0
460
266
320
16
1100
1100
150
8
5
7
5
0
450
1
90
0
0
0
16
1
-32737
1792
0
-8092
13696
1
9
25
2023-07-19 오후 5:31:21
6
1
40
39
47
0
0
460
266
320
16
1100
1100
150
8
5
7
5
0
450
1
90
0
0
0
16
1
-32737
1792
0
-16284
13696
1
9
25
2023-07-19 오후 5:31:23
6
1
40
40
48
0
0
460
266
320
16
1100
1100
150
8
5
8
5
0
450
1
90
0
0
0
16
1
-32737
1792
0
-16284
13696
1
9
27
2023-07-19 오후 5:31:26
6
1
40
40
48
0
0
460
266
320
16
1100
1100
150
8
5
8
5
0
426
1
90
0
0
0
16
1
-32737
1984
0
-16284
13696
1
9
30
2023-07-19 오후 5:31:28
6
1
40
40
48
0
0
460
266
320
16
1100
1100
150
8
5
8
5
0
300
1
90
0
0
0
16
1
-32737
1984
0
-16284
13696
1
9
32
2023-07-19 오후 5:31:30
6
1
40
40
48
0
0
460
266
320
16
1100
1100
150
8
5
8
5
0
174
1
90
0
0
0
16
1
-32737
1984
0
-16284
13696
1
9
35
2023-07-19 오후 5:31:33
6
1
40
40
48
0
0
460
266
320
16
1100
1100
150
8
5
8
5
0
49
1
90
0
0
0
16
1
-32737
1984
0
-16284
13696
1
9
35
2023-07-19 오후 5:31:35
6
1
40
40
48
0
0
460
266
320
16
1100
1100
150
8
5
8
5
0
49
1
90
0
0
0
16
1
-32737
1984
0
-16275
13696
1
9
37
2023-07-19 오후 5:31:35
6
1
40
40
48
0
0
460
266
320
16
1100
1100
150
8
5
8
5
0
0
1
90
0
0
0
16
1
-32737
1984
0
-16275
13696
0
9
37
2023-07-19 오후 5:31:38
6
1
40
40
48
0
0
460
266
320
16
1100
1100
150
8
5
8
5
0
0
1
90
0
0
0
16
1
-32737
1984
0
-16283
13696
0
9
37
2023-07-19 오후 5:31:38
6
1
40
0
48
0
0
460
266
320
16
1100
1100
150
8
5
0
1
0
0
1
90
0
0
0
16
1
-32673
1984
0
-16275
13696
1
0
0
2023-07-19 오후 5:31:39
6
1
40
0
48
0
0
460
266
320
16
1100
1100
150
8
5
0
1
0
0
1
90
0
0
0
16
1
-32737
1984
0
-16283
13696
1
0
0
2023-07-19 오후 5:31:40
6
1
40
0
48
0
0
460
266
320
16
1100
1100
150
8
5
0
1
0
0
1
90
0
0
0
16
1
-32737
1856
0
-8091
13696
1
0
0
2023-07-19 오후 5:31:40
6
1
40
0
48
0
0
460
266
320
16
1100
1100
150
8
5
0
1
0
0
1
90
0
0
0
16
1
-32737
1792
0
-8092
13696
1
0
0
2023-07-19 오후 5:31:42
6
1
40
0
48
0
0
460
266
320
16
1100
1100
150
8
5
0
1
0
0
1
90
0
0
0
15
1
-32609
1792
0
-8124
13696
1
1
3
2023-07-19 오후 5:31:44
6
1
40
0
48
0
0
460
266
320
16
1100
1100
150
8
5
0
1
0
0
1
90
0
0
0
15
1
-32673
896
0
-8092
13696
1
4
5
2023-07-19 오후 5:31:45
6
1
40
0
48
0
0
460
266
320
16
1100
1100
150
8
5
0
1
0
0
1
90
0
0
0
16
1
-32737
896
0
-8092
13712
1
4
5
2023-07-19 오후 5:31:46
6
1
40
0
48
0
0
460
266
320
16
1100
1100
150
8
5
0
1
0
0
1
90
0
0
0
16
1
-32737
1792
0
-8092
13696
1
6
8
2023-07-19 오후 5:31:51
6
1
40
0
48
0
0
460
266
320
16
1100
1100
150
8
5
0
1
0
0
1
90
0
0
0
16
1
-16353
1920
0
-8092
13698
1
11
13
2023-07-19 오후 5:31:52
6
1
40
0
48
0
0
460
266
320
16
1100
1100
150
8
5
0
1
0
0
1
90
0
0
0
16
1
-32737
1792
0
-8092
13696
1
11
13
2023-07-19 오후 5:31:56
6
1
40
1
49
0
0
460
266
320
16
1100
1100
150
8
5
1
1
0
0
1
90
0
0
0
16
1
-32737
1792
0
-8092
13696
1
2
18
2023-07-19 오후 5:31:57
6
1
40
1
49
0
0
460
266
320
16
1100
1100
150
8
5
1
1
0
0
1
90
0
0
0
16
1
-32609
1792
0
-8124
13696
1
2
18
2023-07-19 오후 5:31:58
6
1
40
1
49
0
0
460
266
320
16
1100
1100
150
8
5
1
1
0
0
1
90
0
0
0
15
1
-32673
768
0
-8092
13696
1
5
20
2023-07-19 오후 5:31:59
6
1
40
1
49
0
0
460
266
320
16
1100
1100
150
8
5
1
1
0
0
1
90
0
0
0
16
1
-32737
896
0
-8092
13712
1
5
20
2023-07-19 오후 5:32:00
6
1
40
1
49
0
0
460
266
320
16
1100
1100
150
8
5
1
1
0
0
1
90
0
0
0
16
1
-32737
1792
0
-8092
13696
1
5
20
2023-07-19 오후 5:32:04
6
1
40
1
49
0
0
460
266
320
16
1100
1100
150
8
5
1
1
0
0
1
90
0
0
0
16
1
-16353
1792
0
-8092
13698
1
10
25
2023-07-19 오후 5:32:05
6
1
40
1
49
0
0
460
266
320
16
1100
1100
150
8
5
1
1
0
0
1
90
0
0
0
16
1
-32737
1792
0
-8092
13696
1
10
25
2023-07-19 오후 5:32:06
6
1
40
1
49
0
0
460
266
320
16
1100
1100
150
8
5
1
1
0
0
1
90
0
0
0
16
1
-32737
1792
0
-16284
13696
1
12
28
2023-07-19 오후 5:32:07
6
1
40
1
49
0
0
460
266
320
16
1100
1100
150
8
5
1
1
0
0
1
90
0
0
0
16
1
-32753
1792
0
-8092
13696
1
12
28
2023-07-19 오후 5:32:07
6
1
40
1
49
0
0
460
266
320
16
1100
1100
150
8
5
1
1
0
0
1
90
0
0
0
16
0
-32721
1792
0
-32724
13696
1
12
28
2023-07-19 오후 5:32:09
6
1
40
1
49
0
0
460
266
320
16
1100
1100
150
8
5
1
1
0
0
1
90
0
0
0
3
0
-32753
1664
0
-16340
13696
0
12
28
2023-07-19 오후 5:32:10
6
1
40
1
49
0
0
460
266
320
16
1100
1100
150
8
5
1
1
0
0
1
90
0
0
0
3
0
-32481
1664
0
-14236
13696
0
12
28
2023-07-19 오후 5:32:10
6
1
40
1
49
0
25
460
266
320
16
1100
1100
150
8
5
1
1
0
0
1
90
0
0
0
3
0
-32737
1664
0
-14108
13696
0
12
28
2023-07-19 오후 5:32:11
6
1
40
1
49
0
25
460
266
320
16
1100
1100
150
8
5
1
1
0
0
1
90
0
0
0
3
0
-32737
896
0
-16284
13696
0
12
28
2023-07-19 오후 5:32:13
6
1
40
1
49
0
25
460
266
320
16
1100
1100
150
8
5
1
1
0
0
1
90
0
0
0
15
1
-32225
896
0
-12188
13696
0
12
28
2023-07-19 오후 5:32:13
6
1
40
1
49
0
0
460
266
320
16
1100
1100
150
8
5
1
1
0
0
1
90
0
0
0
15
1
-32225
896
0
-12188
13696
0
12
28
2023-07-19 오후 5:32:14
6
1
40
1
49
0
0
460
266
320
16
1100
1100
150
8
5
1
1
0
0
1
90
0
0
0
15
1
-32225
896
0
-16284
13696
0
12
28
2023-07-19 오후 5:32:15
6
1
40
1
49
0
0
460
266
320
16
1100
1100
150
8
5
1
1
0
0
1
90
0
0
0
15
1
-32225
896
0
-12188
13696
0
12
28
2023-07-19 오후 5:32:16
6
1
40
1
49
0
0
460
266
320
16
1100
1100
150
8
5
1
1
0
0
1
90
0
0
0
16
1
-32225
1920
0
-16284
13696
0
12
28
2023-07-19 오후 5:32:19
6
1
40
1
49
0
0
460
266
320
16
1100
1100
150
8
5
1
1
0
0
1
90
0
0
0
16
1
-32737
1856
0
-16283
13696
0
12
28
2023-07-19 오후 5:32:23
6
1
40
2
50
0
0
460
266
320
16
1100
1100
150
8
5
2
1
0
0
1
90
0
0
0
16
1
-32673
1984
0
-16275
13696
1
0
0
2023-07-19 오후 5:32:24
6
1
40
2
50
0
0
460
266
320
16
1100
1100
150
8
5
2
1
0
0
1
90
0
0
0
16
1
-32737
1984
0
-16283
13712
1
0
0
2023-07-19 오후 5:32:25
6
1
40
2
50
0
0
460
266
320
16
1100
1100
150
8
5
2
1
0
0
1
90
0
0
0
16
1
-32737
1856
0
-8091
13696
1
0
0
2023-07-19 오후 5:32:25
6
1
40
2
50
0
0
460
266
320
16
1100
1100
150
8
5
2
1
0
0
1
90
0
0
0
16
1
-32737
1792
0
-8092
13696
1
0
0
2023-07-19 오후 5:32:32
6
1
40
2
50
0
0
460
266
320
16
1100
1100
150
8
5
2
1
0
0
1
90
0
0
0
16
1
-16353
1792
0
-8092
13698
1
6
8
2023-07-19 오후 5:32:33
6
1
40
2
50
0
0
460
266
320
16
1100
1100
150
8
5
2
1
0
0
1
90
0
0
0
16
1
-32737
1792
0
-8092
13696
1
9
10
2023-07-19 오후 5:32:35
6
1
40
2
50
0
0
460
266
320
16
1100
1100
150
8
5
2
1
0
0
1
90
0
0
0
16
1
-28641
1792
0
-16284
13696
1
9
10
2023-07-19 오후 5:32:35
6
1
40
2
50
0
0
460
266
320
16
1100
1100
150
8
5
2
1
0
0
1
90
0
0
0
16
1
-32737
1792
0
-8092
13696
1
9
10
2023-07-19 오후 5:32:36
6
1
40
3
51
0
0
460
266
320
16
1100
1100
150
8
5
3
1
0
0
1
90
0
0
0
16
1
-32737
1792
0
-8092
13696
1
1
13
2023-07-19 오후 5:32:43
6
1
40
3
51
0
0
460
266
320
16
1100
1100
150
8
5
3
1
0
0
1
90
0
0
0
16
1
-16353
1792
0
-8092
13698
1
9
20
2023-07-19 오후 5:32:44
6
1
40
3
51
0
0
460
266
320
16
1100
1100
150
8
5
3
1
0
0
1
90
0
0
0
16
1
-32737
1792
0
-8092
13696
1
9
20
2023-07-19 오후 5:32:45
6
1
40
4
52
0
0
460
266
320
16
1100
1100
150
8
5
4
1
0
0
1
90
0
0
0
16
1
-32737
1792
0
-8092
13696
1
0
23
2023-07-19 오후 5:32:54
6
1
40
4
52
0
0
460
266
320
16
1100
1100
150
8
5
4
1
0
0
1
90
0
0
0
16
1
-16353
1792
0
-8092
13698
1
8
30
2023-07-19 오후 5:32:55
6
1
40
4
52
0
0
460
266
320
16
1100
1100
150
8
5
4
1
0
0
1
90
0
0
0
16
1
-32737
1792
0
-8092
13696
1
8
30
2023-07-19 오후 5:32:56
6
1
40
4
52
0
0
460
266
320
16
1100
1100
150
8
5
4
1
0
0
1
90
0
0
0
16
1
-32737
1792
0
-16284
13696
1
10
33
2023-07-19 오후 5:32:57
6
1
40
4
52
0
0
460
266
320
16
1100
1100
150
8
5
4
1
0
0
1
90
0
0
0
16
1
-32737
1792
0
-8092
13696
1
10
33
2023-07-19 오후 5:32:58
6
1
40
5
53
0
0
460
266
320
16
1100
1100
150
8
5
5
1
0
0
1
90
0
0
0
16
1
-32737
1792
0
-8092
13696
1
2
35
2023-07-19 오후 5:36:41
6
1
40
26
74
0
0
460
266
320
16
1100
1100
150
8
5
2
4
0
230
1
90
0
0
0
16
1
-32737
1792
0
-8092
13696
1
7
258
2023-07-19 오후 5:36:42
6
1
40
26
74
0
0
460
266
320
16
1100
1100
150
8
5
2
4
0
230
1
90
0
0
0
16
1
-16353
1792
0
-8092
13698
1
7
258
2023-07-19 오후 5:36:43
6
1
40
26
74
0
0
460
266
320
16
1100
1100
150
8
5
2
4
0
230
1
90
0
0
0
16
1
-32737
1792
0
-8092
13696
1
9
260
2023-07-19 오후 5:36:44
6
1
40
26
74
0
0
460
266
320
16
1100
1100
150
8
5
2
4
0
230
1
90
0
0
0
16
1
-32737
1792
0
-16284
13696
1
9
260
2023-07-19 오후 5:36:45
6
1
40
26
74
0
0
460
266
320
16
1100
1100
150
8
5
2
4
0
230
1
90
0
0
0
16
1
-32737
1792
0
-8092
13696
1
9
260
2023-07-19 오후 5:36:46
6
1
40
27
75
0
0
460
266
320
16
1100
1100
150
8
5
3
4
0
230
1
90
0
0
0
16
1
-32737
1792
0
-8092
13696
1
2
263
2023-07-19 오후 5:36:53
6
1
40
27
75
0
0
460
266
320
16
1100
1100
150
8
5
3
4
0
230
1
90
0
0
0
16
1
-16353
1792
0
-8092
13698
1
7
268
2023-07-19 오후 5:36:53
6
1
40
27
75
0
0
460
266
320
16
1100
1100
150
8
5
3
4
0
230
1
90
0
0
0
16
1
-32737
1792
0
-8092
13696
1
9
270
2023-07-19 오후 5:37:16
6
1
40
30
78
0
0
460
266
320
16
1100
1100
150
8
5
6
4
0
230
1
90
0
0
0
16
1
-32737
1792
0
-8092
13696
1
2
293
2023-07-19 오후 5:37:22
6
1
40
30
78
0
0
460
266
320
16
1100
1100
150
8
5
6
4
0
230
1
90
0
0
0
16
1
-16353
1792
0
-8092
13698
1
7
298
2023-07-19 오후 5:37:22
6
1
40
30
78
0
0
460
266
320
16
1100
1100
150
8
5
6
4
0
230
1
90
0
0
0
16
1
-32737
1792
0
-8092
13696
1
7
298
2023-07-19 오후 5:37:25
6
1
40
31
79
0
0
460
266
320
16
1100
1100
150
8
5
7
4
0
230
1
90
0
0
0
16
1
-32737
1792
0
-8092
13696
1
2
303
2023-07-19 오후 5:37:31
6
1
40
31
79
0
0
460
266
320
16
1100
1100
150
8
5
7
4
0
230
1
90
0
0
0
16
1
-16353
1792
0
-8092
13698
1
7
308
2023-07-19 오후 5:37:32
6
1
40
31
79
0
0
460
266
320
16
1100
1100
150
8
5
7
4
0
230
1
90
0
0
0
16
1
-32737
1792
0
-8092
13696
1
7
308
2023-07-19 오후 5:37:33
6
1
40
32
80
0
0
460
266
320
16
1100
1100
150
8
5
0
5
0
236
1
90
0
0
0
16
1
-28641
1792
0
-16284
13696
1
0
310
2023-07-19 오후 5:37:36
6
1
40
32
80
0
0
460
266
320
16
1100
1100
150
8
5
0
5
0
450
1
90
0
0
0
16
1
-32737
1920
0
-8092
13696
1
3
313
2023-07-19 오후 5:37:44
6
1
40
32
80
0
0
460
266
320
16
1100
1100
150
8
5
0
5
0
450
1
90
0
0
0
16
1
-16353
1792
0
-8092
13698
1
10
320
2023-07-19 오후 5:37:45
6
1
40
32
80
0
0
460
266
320
16
1100
1100
150
8
5
0
5
0
450
1
90
0
0
0
16
1
-32737
1792
0
-8092
13696
1
10
320
2023-07-19 오후 5:38:36
6
1
40
33
81
0
0
460
266
320
16
1100
1100
150
8
5
1
5
0
450
1
90
0
0
0
15
1
-32721
896
0
-16284
13696
0
17
340
2023-07-19 오후 5:38:45
6
1
40
33
81
0
0
460
266
320
16
1100
1100
150
8
5
1
5
0
450
1
90
0
0
0
15
1
-31713
896
0
-14236
13696
0
17
340
2023-07-19 오후 5:38:46
6
1
40
33
81
0
0
460
266
320
16
1100
1100
150
8
5
1
5
0
450
1
90
0
0
0
15
1
-32481
896
0
-14108
13696
0
17
340
2023-07-19 오후 5:38:46
6
1
40
33
81
0
0
460
266
320
16
1100
1100
150
8
5
1
5
0
450
1
90
0
0
0
15
1
-32481
896
0
-16156
13696
0
17
340
2023-07-19 오후 5:38:47
6
1
40
33
81
0
0
460
266
320
16
1100
1100
150
8
5
1
5
0
450
1
90
0
0
0
15
1
-32225
896
0
-16284
13696
0
17
340
2023-07-19 오후 5:38:49
6
1
40
33
81
0
0
460
266
320
16
1100
1100
150
8
5
1
5
0
450
1
90
0
0
0
15
1
-32225
896
0
-12188
13696
0
17
340
2023-07-19 오후 5:38:50
6
1
40
33
81
0
0
460
266
320
16
1100
1100
150
8
5
1
5
0
450
1
90
0
0
0
15
1
-32225
896
0
-16284
13696
0
17
340
2023-07-19 오후 5:38:51
6
1
40
33
81
0
0
460
266
320
16
1100
1100
150
8
5
1
5
0
450
1
90
0
0
0
15
1
-32225
896
0
-12188
13696
0
17
340
2023-07-19 오후 5:38:52
6
1
40
33
81
0
0
460
266
320
16
1100
1100
150
8
5
1
5
0
450
1
90
0
0
0
15
1
-32225
896
0
-16284
13696
0
17
340
2023-07-19 오후 5:38:53
6
1
40
33
81
0
0
460
266
320
16
1100
1100
150
8
5
1
5
0
450
1
90
0
0
0
16
1
-32225
1920
0
-12188
13696
0
17
340
2023-07-19 오후 5:38:54
6
1
40
33
81
0
0
460
266
320
16
1100
1100
150
8
5
1
5
0
450
1
90
0
0
0
16
1
-32225
1920
0
-16284
13696
0
17
340
2023-07-19 오후 5:39:00
6
1
40
33
81
0
0
460
266
320
16
1100
1100
150
8
5
1
5
0
404
1
90
0
0
0
16
1
-32737
1984
0
-16284
13696
0
17
340
2023-07-19 오후 5:39:03
6
1
40
33
81
0
0
460
266
320
16
1100
1100
150
8
5
1
5
0
278
1
90
0
0
0
16
1
-32737
1984
0
-16284
13696
0
17
340
2023-07-19 오후 5:39:06
6
1
40
33
81
0
0
460
266
320
16
1100
1100
150
8
5
1
5
0
153
1
90
0
0
0
16
1
-32737
1984
5
-16284
13696
0
17
340
2023-07-19 오후 5:39:08
6
1
40
33
81
0
0
460
266
320
16
1100
1100
150
8
5
1
5
0
27
1
90
0
0
0
16
1
-32737
2000
0
-16284
13696
0
17
340
2023-07-19 오후 5:39:09
6
1
40
33
81
0
0
460
266
320
16
1100
1100
150
8
5
1
5
0
27
1
90
0
0
0
16
1
-32737
1984
0
-16283
13696
0
17
340
2023-07-19 오후 5:39:11
6
1
40
33
81
0
0
460
266
320
16
1100
1100
150
8
5
1
5
0
0
1
90
0
0
0
16
1
-32737
1984
0
-16283
13696
0
17
340
2023-07-19 오후 5:39:11
6
1
40
33
81
0
0
460
266
320
16
1100
1100
150
8
5
1
5
0
0
1
90
0
0
0
16
1
-32673
1984
0
-16275
13696
0
17
340
2023-07-19 오후 5:39:12
6
1
40
33
81
0
0
460
266
320
16
1100
1100
150
8
5
1
5
0
0
1
90
0
0
0
16
1
-32737
1984
0
-16283
13712
0
17
340
2023-07-19 오후 5:39:12
6
1
40
33
81
0
0
460
266
320
16
1100
1100
150
8
5
1
5
0
0
1
90
0
0
0
16
1
-28641
1872
0
-16284
13696
0
17
340
2023-07-19 오후 5:39:13
6
1
40
33
81
0
0
460
266
320
16
1100
1100
150
8
5
1
5
0
71
1
90
0
0
0
16
1
-28641
1984
0
-16284
13696
1
1
2
2023-07-19 오후 5:39:16
6
1
40
33
81
0
0
460
266
320
16
1100
1100
150
8
5
1
5
0
322
1
90
0
0
0
16
1
-28641
1984
0
-16284
13696
1
4
5
2023-07-19 오후 5:39:17
6
1
40
33
81
0
0
460
266
320
16
1100
1100
150
8
5
1
5
0
322
1
90
0
0
0
16
1
-28641
1984
0
-8092
13696
1
4
5
2023-07-19 오후 5:39:18
6
1
40
33
81
0
0
460
266
320
16
1100
1100
150
8
5
1
5
0
450
1
90
0
0
0
16
1
-32737
1792
0
-8092
13696
1
6
7
2023-07-19 오후 5:39:20
6
1
40
33
81
0
0
460
266
320
16
1100
1100
150
8
5
1
5
0
450
1
90
0
0
0
16
0
-32721
768
0
-8156
13696
1
6
7
2023-07-19 오후 5:39:21
6
1
40
33
81
0
25
460
266
320
16
1100
1100
150
8
5
1
5
0
450
1
90
0
0
0
3
0
-32721
1664
0
-32724
13696
0
6
7
2023-07-19 오후 5:39:21
6
1
40
33
81
0
25
460
266
320
16
1100
1100
150
8
5
1
5
0
450
1
90
0
0
0
3
0
-32721
1664
0
-16340
13696
0
6
7
2023-07-19 오후 5:39:24
6
1
40
33
81
0
25
460
266
320
16
1100
1100
150
8
5
1
5
0
450
1
90
0
0
0
3
0
-32721
1664
0
-16348
13696
0
6
7
2023-07-19 오후 5:39:31
6
1
40
33
81
0
25
460
266
320
16
1100
1100
150
8
5
1
5
0
450
1
90
0
0
0
3
0
-31697
1664
0
-14236
13696
0
6
7
2023-07-19 오후 5:39:32
6
1
40
33
81
0
25
460
266
320
16
1100
1100
150
8
5
1
5
0
450
1
90
0
0
0
15
1
-32721
896
0
-16284
13696
0
6
7
2023-07-19 오후 5:39:33
6
1
40
33
81
0
0
460
266
320
16
1100
1100
150
8
5
1
5
0
450
1
90
0
0
0
15
1
-32721
896
0
-16284
13696
0
6
7
2023-07-19 오후 5:39:35
6
1
40
33
81
0
0
460
266
320
16
1100
1100
150
8
5
1
5
0
450
1
90
0
0
0
15
1
-32465
896
0
-16156
13696
0
6
7
2023-07-19 오후 5:39:36
6
1
40
33
81
0
0
460
266
320
16
1100
1100
150
8
5
1
5
0
450
1
90
0
0
0
15
1
-32721
896
0
-16284
13696
0
6
7
2023-07-19 오후 5:39:38
6
1
40
33
81
0
0
460
266
320
16
1100
1100
150
8
5
1
5
0
450
1
90
0
0
0
15
1
-32209
896
0
-12188
13696
0
6
7
2023-07-19 오후 5:39:39
6
1
40
33
81
0
0
460
266
320
16
1100
1100
150
8
5
1
5
0
450
1
90
0
0
0
15
1
-32209
896
0
-16284
13696
0
6
7
2023-07-19 오후 5:39:40
6
1
40
33
81
0
0
460
266
320
16
1100
1100
150
8
5
1
5
0
450
1
90
0
0
0
15
1
-32209
896
0
-12188
13696
0
6
7
2023-07-19 오후 5:39:41
6
1
40
33
81
0
0
460
266
320
16
1100
1100
150
8
5
1
5
0
450
1
90
0
0
0
16
1
-32209
1920
0
-16284
13696
0
6
7
2023-07-19 오후 5:39:48
6
1
40
33
81
0
0
460
266
320
16
1100
1100
150
8
5
1
5
0
374
1
90
0
0
0
16
1
-32721
1984
0
-16284
13696
0
6
7
2023-07-19 오후 5:39:51
6
1
40
33
81
0
0
460
266
320
16
1100
1100
150
8
5
1
5
0
249
1
90
0
0
0
16
1
-32721
1984
0
-16284
13696
0
6
7
2023-07-19 오후 5:39:53
6
1
40
33
81
0
0
460
266
320
16
1100
1100
150
8
5
1
5
0
123
1
90
0
0
0
16
1
-32721
1984
0
-16284
13696
0
6
7
2023-07-19 오후 5:39:56
6
1
40
33
81
0
0
460
266
320
16
1100
1100
150
8
5
1
5
0
0
1
90
0
0
0
16
1
-32721
1984
0
-16284
13696
0
6
7
2023-07-19 오후 5:39:56
6
1
40
33
81
0
0
460
266
320
16
1100
1100
150
8
5
1
5
0
0
1
90
0
0
0
16
1
-32721
1984
0
-16283
13696
0
6
7
2023-07-19 오후 5:40:00
6
1
40
33
81
0
0
460
266
320
16
1100
1100
150
8
5
1
5
0
0
1
90
0
0
0
16
1
-32673
1984
0
-16275
13696
0
6
7
2023-07-19 오후 5:40:01
6
1
40
33
81
0
0
460
266
320
16
1100
1100
150
8
5
1
5
0
0
1
90
0
0
0
16
1
-32737
1984
0
-16275
13712
1
0
1
2023-07-19 오후 5:40:01
6
1
40
33
81
0
0
460
266
320
16
1100
1100
150
8
5
1
5
0
0
1
90
0
0
0
16
1
-28641
1984
0
-16284
13696
1
0
1
2023-07-19 오후 5:40:03
6
1
40
33
81
0
0
460
266
320
16
1100
1100
150
8
5
1
5
0
199
1
90
0
0
0
16
1
-28641
1984
0
-16284
13696
1
2
4
2023-07-19 오후 5:40:06
6
1
40
33
81
0
0
460
266
320
16
1100
1100
150
8
5
1
5
0
439
1
90
0
0
0
16
1
-28641
1984
0
-16284
13696
1
5
6
2023-07-19 오후 5:40:06
6
1
40
33
81
0
0
460
266
320
16
1100
1100
150
8
5
1
5
0
439
1
90
0
0
0
16
1
-32737
1856
0
-8092
13696
1
5
6
2023-07-19 오후 5:40:07
6
1
40
33
81
0
0
460
266
320
16
1100
1100
150
8
5
1
5
0
439
1
90
0
0
0
16
1
-32609
1792
0
-8124
13696
1
5
6
2023-07-19 오후 5:40:08
6
1
40
33
81
0
0
460
266
320
16
1100
1100
150
8
5
1
5
0
450
1
90
0
0
0
15
1
-32737
896
0
-8124
13696
1
7
9
2023-07-19 오후 5:40:17
6
1
40
33
81
0
0
460
266
320
16
1100
1100
150
8
5
1
5
0
450
1
90
0
0
0
15
1
-32737
896
0
-8092
13696
1
15
16
2023-07-19 오후 5:40:18
6
1
40
33
81
0
0
460
266
320
16
1100
1100
150
8
5
1
5
0
450
1
90
0
0
0
16
1
-32737
1792
0
-8092
13712
1
17
19
2023-07-19 오후 5:40:19
6
1
40
33
81
0
0
460
266
320
16
1100
1100
150
8
5
1
5
0
450
1
90
0
0
0
16
1
-32737
1792
0
-8092
13696
1
17
19
2023-07-19 오후 5:40:25
6
1
40
33
81
0
0
460
266
320
16
1100
1100
150
8
5
1
5
0
450
1
90
0
0
0
16
1
-16353
1792
0
-8092
13698
1
22
24
2023-07-19 오후 5:40:26
6
1
40
33
81
0
0
460
266
320
16
1100
1100
150
8
5
1
5
0
450
1
90
0
0
0
16
1
-32737
1792
0
-8092
13696
1
25
26
2023-07-19 오후 5:40:27
6
1
40
33
81
0
0
460
266
320
16
1100
1100
150
8
5
1
5
0
450
1
90
0
0
0
16
1
-32737
1792
0
-16284
13696
1
25
26
2023-07-19 오후 5:40:27
6
1
40
33
81
0
0
460
266
320
16
1100
1100
150
8
5
1
5
0
450
1
90
0
0
0
16
1
-32737
1792
0
-8092
13696
1
25
26
2023-07-19 오후 5:40:28
6
1
40
34
82
0
0
460
266
320
16
1100
1100
150
8
5
2
5
0
450
1
90
0
0
0
16
1
-32737
1792
0
-8092
13696
1
1
29
2023-07-19 오후 5:40:31
6
1
40
34
82
0
25
460
266
320
16
1100
1100
150
8
5
2
5
0
450
1
90
0
0
0
3
0
-32721
1536
0
-32724
13696
0
1
29
2023-07-19 오후 5:40:32
6
1
40
34
82
0
25
460
266
320
16
1100
1100
150
8
5
2
5
0
450
1
90
0
0
0
3
0
-32721
1664
0
-16340
13696
0
1
29
2023-07-19 오후 5:40:34
6
1
40
34
82
0
25
460
266
320
16
1100
1100
150
8
5
2
5
0
450
1
90
0
0
0
3
0
-32721
1664
0
-16348
13696
0
1
29
2023-07-19 오후 5:40:35
6
1
40
34
82
0
25
460
266
320
16
1100
1100
150
8
5
2
5
0
450
1
90
0
0
0
3
0
-31697
1664
0
-14236
13696
0
1
29
2023-07-19 오후 5:40:37
6
1
40
34
82
0
25
460
266
320
16
1100
1100
150
8
5
2
5
0
450
1
90
0
0
0
15
1
-32721
896
0
-16284
13696
0
1
29
2023-07-19 오후 5:40:38
6
1
40
34
82
0
0
460
266
320
16
1100
1100
150
8
5
2
5
0
450
1
90
0
0
0
15
1
-32721
896
0
-16284
13696
0
1
29
2023-07-19 오후 5:40:42
6
1
40
34
82
0
0
460
266
320
16
1100
1100
150
8
5
2
5
0
450
1
90
0
0
0
15
1
-32465
896
0
-16156
13696
0
1
29
2023-07-19 오후 5:40:48
6
1
40
34
82
0
0
460
266
320
16
1100
1100
150
8
5
2
5
0
450
1
90
0
0
0
15
1
-32209
896
0
-16284
13696
0
1
29
2023-07-19 오후 5:40:49
6
1
40
34
82
0
0
460
266
320
16
1100
1100
150
8
5
2
5
0
450
1
90
0
0
0
15
1
-32209
896
0
-12188
13696
0
1
29
2023-07-19 오후 5:40:50
6
1
40
34
82
0
0
460
266
320
16
1100
1100
150
8
5
2
5
0
450
1
90
0
0
0
15
1
-32209
896
0
-16284
13696
0
1
29
2023-07-19 오후 5:40:51
6
1
40
34
82
0
0
460
266
320
16
1100
1100
150
8
5
2
5
0
450
1
90
0
0
0
15
1
-32209
896
0
-12188
13696
0
1
29
2023-07-19 오후 5:40:52
6
1
40
34
82
0
0
460
266
320
16
1100
1100
150
8
5
2
5
0
450
1
90
0
0
0
15
1
-32721
896
0
-16284
13696
0
1
29
2023-07-19 오후 5:40:53
6
1
40
34
82
0
0
460
266
320
16
1100
1100
150
8
5
2
5
0
450
1
90
0
0
0
15
1
-32721
896
0
-12188
13696
0
1
29
2023-07-19 오후 5:40:54
6
1
40
34
82
0
0
460
266
320
16
1100
1100
150
8
5
2
5
0
450
1
90
0
0
0
15
1
-32721
896
0
-16284
13696
0
1
29
2023-07-19 오후 5:40:57
6
1
40
34
82
0
0
460
266
320
16
1100
1100
150
8
5
2
5
0
450
1
90
0
0
0
16
1
-32209
1920
0
-12188
13696
0
1
29
2023-07-19 오후 5:40:58
6
1
40
34
82
0
0
460
266
320
16
1100
1100
150
8
5
2
5
0
450
1
90
0
0
0
16
1
-32209
1920
0
-16284
13696
0
1
29
2023-07-19 오후 5:41:06
6
1
40
34
82
0
0
460
266
320
16
1100
1100
150
8
5
2
5
0
342
1
90
0
0
0
16
1
-32721
1984
0
-16284
13696
0
1
29
2023-07-19 오후 5:41:08
6
1
40
34
82
0
0
460
266
320
16
1100
1100
150
8
5
2
5
0
216
1
90
0
0
0
16
1
-32721
1984
0
-16284
13696
0
1
29
2023-07-19 오후 5:41:11
6
1
40
34
82
0
0
460
266
320
16
1100
1100
150
8
5
2
5
0
90
1
90
0
0
0
16
1
-32721
1984
0
-16284
13696
0
1
29
2023-07-19 오후 5:41:12
6
1
40
34
82
0
0
460
266
320
16
1100
1100
150
8
5
2
5
0
90
1
90
0
0
0
16
1
-32721
1984
0
-16283
13696
0
1
29
2023-07-19 오후 5:41:13
6
1
40
34
82
0
0
460
266
320
16
1100
1100
150
8
5
2
5
0
0
1
90
0
0
0
16
1
-32721
1984
0
-16283
13696
0
1
29
